{"/Users/Adrienne/Desktop/MERN/mern-client/src/App.js": {"path":"/Users/Adrienne/Desktop/MERN/mern-client/src/App.js","statementMap":{"0":{"start":{"line":24,"column":21},"end":{"line":39,"column":1}},"1":{"start":{"line":25,"column":21},"end":{"line":25,"column":34}},"2":{"start":{"line":27,"column":2},"end":{"line":38,"column":4}},"3":{"start":{"line":31,"column":8},"end":{"line":35,"column":9}},"4":{"start":{"line":41,"column":12},"end":{"line":111,"column":1}},"5":{"start":{"line":42,"column":2},"end":{"line":51,"column":9}},"6":{"start":{"line":43,"column":4},"end":{"line":48,"column":5}},"7":{"start":{"line":44,"column":6},"end":{"line":44,"column":35}},"8":{"start":{"line":46,"column":6},"end":{"line":46,"column":20}},"9":{"start":{"line":47,"column":6},"end":{"line":47,"column":23}},"10":{"start":{"line":50,"column":4},"end":{"line":50,"column":20}},"11":{"start":{"line":53,"column":2},"end":{"line":110,"column":4}},"12":{"start":{"line":113,"column":24},"end":{"line":115,"column":2}},"13":{"start":{"line":113,"column":36},"end":{"line":115,"column":1}},"14":{"start":{"line":117,"column":27},"end":{"line":123,"column":2}},"15":{"start":{"line":117,"column":42},"end":{"line":123,"column":1}},"16":{"start":{"line":119,"column":25},"end":{"line":119,"column":71}},"17":{"start":{"line":120,"column":23},"end":{"line":120,"column":64}},"18":{"start":{"line":121,"column":18},"end":{"line":121,"column":46}}},"fnMap":{"0":{"name":"(anonymous_0)","decl":{"start":{"line":24,"column":21},"end":{"line":24,"column":22}},"loc":{"start":{"line":24,"column":60},"end":{"line":39,"column":1}},"line":24},"1":{"name":"(anonymous_1)","decl":{"start":{"line":30,"column":14},"end":{"line":30,"column":15}},"loc":{"start":{"line":31,"column":8},"end":{"line":35,"column":9}},"line":31},"2":{"name":"(anonymous_2)","decl":{"start":{"line":41,"column":12},"end":{"line":41,"column":13}},"loc":{"start":{"line":41,"column":29},"end":{"line":111,"column":1}},"line":41},"3":{"name":"(anonymous_3)","decl":{"start":{"line":42,"column":12},"end":{"line":42,"column":13}},"loc":{"start":{"line":42,"column":18},"end":{"line":51,"column":3}},"line":42},"4":{"name":"(anonymous_4)","decl":{"start":{"line":50,"column":11},"end":{"line":50,"column":12}},"loc":{"start":{"line":50,"column":17},"end":{"line":50,"column":19}},"line":50},"5":{"name":"(anonymous_5)","decl":{"start":{"line":113,"column":24},"end":{"line":113,"column":25}},"loc":{"start":{"line":113,"column":36},"end":{"line":115,"column":1}},"line":113},"6":{"name":"(anonymous_6)","decl":{"start":{"line":117,"column":27},"end":{"line":117,"column":28}},"loc":{"start":{"line":117,"column":42},"end":{"line":123,"column":1}},"line":117},"7":{"name":"(anonymous_7)","decl":{"start":{"line":119,"column":11},"end":{"line":119,"column":12}},"loc":{"start":{"line":119,"column":25},"end":{"line":119,"column":71}},"line":119},"8":{"name":"(anonymous_8)","decl":{"start":{"line":120,"column":14},"end":{"line":120,"column":15}},"loc":{"start":{"line":120,"column":23},"end":{"line":120,"column":64}},"line":120},"9":{"name":"(anonymous_9)","decl":{"start":{"line":121,"column":12},"end":{"line":121,"column":13}},"loc":{"start":{"line":121,"column":18},"end":{"line":121,"column":46}},"line":121}},"branchMap":{"0":{"loc":{"start":{"line":31,"column":8},"end":{"line":35,"column":9}},"type":"cond-expr","locations":[{"start":{"line":32,"column":10},"end":{"line":32,"column":34}},{"start":{"line":34,"column":10},"end":{"line":34,"column":78}}],"line":31}},"s":{"0":11,"1":0,"2":0,"3":0,"4":11,"5":22,"6":11,"7":11,"8":0,"9":0,"10":11,"11":22,"12":11,"13":40,"14":11,"15":22,"16":11,"17":0,"18":0},"f":{"0":0,"1":0,"2":22,"3":11,"4":0,"5":40,"6":22,"7":11,"8":0,"9":0},"b":{"0":[0,0]},"_coverageSchema":"1a1c01bbd47fc00a2c39e90264f33305004495a9","hash":"539b198504c2336304bb01c5beaf14252ab1bd8b"}
,"/Users/Adrienne/Desktop/MERN/mern-client/src/index.js": {"path":"/Users/Adrienne/Desktop/MERN/mern-client/src/index.js","statementMap":{"0":{"start":{"line":8,"column":0},"end":{"line":15,"column":2}},"1":{"start":{"line":18,"column":0},"end":{"line":20,"column":1}},"2":{"start":{"line":19,"column":2},"end":{"line":19,"column":23}},"3":{"start":{"line":25,"column":0},"end":{"line":25,"column":18}}},"fnMap":{},"branchMap":{"0":{"loc":{"start":{"line":18,"column":0},"end":{"line":20,"column":1}},"type":"if","locations":[{"start":{"line":18,"column":0},"end":{"line":20,"column":1}},{"start":{"line":18,"column":0},"end":{"line":20,"column":1}}],"line":18}},"s":{"0":11,"1":11,"2":11,"3":11},"f":{},"b":{"0":[11,0]},"_coverageSchema":"1a1c01bbd47fc00a2c39e90264f33305004495a9","hash":"072eac831f830cf2ca6e3cec444549b19c0766d4"}
,"/Users/Adrienne/Desktop/MERN/mern-client/src/reducers.js": {"path":"/Users/Adrienne/Desktop/MERN/mern-client/src/reducers.js","statementMap":{},"fnMap":{},"branchMap":{},"s":{},"f":{},"b":{},"_coverageSchema":"1a1c01bbd47fc00a2c39e90264f33305004495a9","hash":"8102cc201e9d4141264866c1e2d95d27c8aa88ef"}
,"/Users/Adrienne/Desktop/MERN/mern-client/src/reportWebVitals.js": {"path":"/Users/Adrienne/Desktop/MERN/mern-client/src/reportWebVitals.js","statementMap":{"0":{"start":{"line":1,"column":24},"end":{"line":11,"column":1}},"1":{"start":{"line":2,"column":2},"end":{"line":10,"column":3}},"2":{"start":{"line":3,"column":4},"end":{"line":9,"column":7}},"3":{"start":{"line":4,"column":6},"end":{"line":4,"column":26}},"4":{"start":{"line":5,"column":6},"end":{"line":5,"column":26}},"5":{"start":{"line":6,"column":6},"end":{"line":6,"column":26}},"6":{"start":{"line":7,"column":6},"end":{"line":7,"column":26}},"7":{"start":{"line":8,"column":6},"end":{"line":8,"column":27}}},"fnMap":{"0":{"name":"(anonymous_0)","decl":{"start":{"line":1,"column":24},"end":{"line":1,"column":25}},"loc":{"start":{"line":1,"column":39},"end":{"line":11,"column":1}},"line":1},"1":{"name":"(anonymous_1)","decl":{"start":{"line":3,"column":30},"end":{"line":3,"column":31}},"loc":{"start":{"line":3,"column":79},"end":{"line":9,"column":5}},"line":3}},"branchMap":{"0":{"loc":{"start":{"line":2,"column":2},"end":{"line":10,"column":3}},"type":"if","locations":[{"start":{"line":2,"column":2},"end":{"line":10,"column":3}},{"start":{"line":2,"column":2},"end":{"line":10,"column":3}}],"line":2},"1":{"loc":{"start":{"line":2,"column":6},"end":{"line":2,"column":52}},"type":"binary-expr","locations":[{"start":{"line":2,"column":6},"end":{"line":2,"column":17}},{"start":{"line":2,"column":21},"end":{"line":2,"column":52}}],"line":2}},"s":{"0":11,"1":11,"2":0,"3":0,"4":0,"5":0,"6":0,"7":0},"f":{"0":11,"1":0},"b":{"0":[0,11],"1":[11,0]},"_coverageSchema":"1a1c01bbd47fc00a2c39e90264f33305004495a9","hash":"a9832c45a238f74624df99d3a13169d00118a691"}
,"/Users/Adrienne/Desktop/MERN/mern-client/src/store.js": {"path":"/Users/Adrienne/Desktop/MERN/mern-client/src/store.js","statementMap":{"0":{"start":{"line":4,"column":14},"end":{"line":7,"column":1}}},"fnMap":{},"branchMap":{"0":{"loc":{"start":{"line":6,"column":2},"end":{"line":6,"column":78}},"type":"binary-expr","locations":[{"start":{"line":6,"column":2},"end":{"line":6,"column":37}},{"start":{"line":6,"column":41},"end":{"line":6,"column":78}}],"line":6}},"s":{"0":11},"f":{},"b":{"0":[11,0]},"_coverageSchema":"1a1c01bbd47fc00a2c39e90264f33305004495a9","hash":"8916c1b147b53a78a2385597a3cf473b5100e7d7"}
,"/Users/Adrienne/Desktop/MERN/mern-client/src/components/AuthenticationModal/index.js": {"path":"/Users/Adrienne/Desktop/MERN/mern-client/src/components/AuthenticationModal/index.js","statementMap":{"0":{"start":{"line":9,"column":28},"end":{"line":42,"column":1}},"1":{"start":{"line":10,"column":25},"end":{"line":10,"column":32}},"2":{"start":{"line":12,"column":30},"end":{"line":17,"column":3}},"3":{"start":{"line":19,"column":23},"end":{"line":29,"column":3}},"4":{"start":{"line":31,"column":2},"end":{"line":41,"column":4}},"5":{"start":{"line":44,"column":24},"end":{"line":46,"column":2}},"6":{"start":{"line":44,"column":36},"end":{"line":46,"column":1}},"7":{"start":{"line":48,"column":27},"end":{"line":53,"column":2}},"8":{"start":{"line":48,"column":42},"end":{"line":53,"column":1}},"9":{"start":{"line":50,"column":28},"end":{"line":50,"column":77}},"10":{"start":{"line":51,"column":22},"end":{"line":51,"column":54}}},"fnMap":{"0":{"name":"(anonymous_0)","decl":{"start":{"line":9,"column":28},"end":{"line":9,"column":29}},"loc":{"start":{"line":9,"column":54},"end":{"line":42,"column":1}},"line":9},"1":{"name":"(anonymous_1)","decl":{"start":{"line":44,"column":24},"end":{"line":44,"column":25}},"loc":{"start":{"line":44,"column":36},"end":{"line":46,"column":1}},"line":44},"2":{"name":"(anonymous_2)","decl":{"start":{"line":48,"column":27},"end":{"line":48,"column":28}},"loc":{"start":{"line":48,"column":42},"end":{"line":53,"column":1}},"line":48},"3":{"name":"(anonymous_3)","decl":{"start":{"line":50,"column":15},"end":{"line":50,"column":16}},"loc":{"start":{"line":50,"column":28},"end":{"line":50,"column":77}},"line":50},"4":{"name":"(anonymous_4)","decl":{"start":{"line":51,"column":16},"end":{"line":51,"column":17}},"loc":{"start":{"line":51,"column":22},"end":{"line":51,"column":54}},"line":51}},"branchMap":{"0":{"loc":{"start":{"line":39,"column":7},"end":{"line":39,"column":46}},"type":"binary-expr","locations":[{"start":{"line":39,"column":7},"end":{"line":39,"column":14}},{"start":{"line":39,"column":18},"end":{"line":39,"column":46}}],"line":39}},"s":{"0":11,"1":58,"2":58,"3":58,"4":58,"5":11,"6":40,"7":11,"8":22,"9":0,"10":0},"f":{"0":58,"1":40,"2":22,"3":0,"4":0},"b":{"0":[58,30]},"_coverageSchema":"1a1c01bbd47fc00a2c39e90264f33305004495a9","hash":"b40642e2fd5bad485a40da5e8c13fe626ae19a7d"}
,"/Users/Adrienne/Desktop/MERN/mern-client/src/components/browseRecipes/index.js": {"path":"/Users/Adrienne/Desktop/MERN/mern-client/src/components/browseRecipes/index.js","statementMap":{"0":{"start":{"line":30,"column":22},"end":{"line":191,"column":1}},"1":{"start":{"line":31,"column":18},"end":{"line":31,"column":29}},"2":{"start":{"line":32,"column":16},"end":{"line":32,"column":28}},"3":{"start":{"line":33,"column":44},"end":{"line":33,"column":56}},"4":{"start":{"line":34,"column":44},"end":{"line":34,"column":56}},"5":{"start":{"line":35,"column":32},"end":{"line":35,"column":47}},"6":{"start":{"line":36,"column":42},"end":{"line":36,"column":56}},"7":{"start":{"line":37,"column":30},"end":{"line":37,"column":44}},"8":{"start":{"line":41,"column":24},"end":{"line":41,"column":35}},"9":{"start":{"line":42,"column":4},"end":{"line":46,"column":5}},"10":{"start":{"line":43,"column":6},"end":{"line":43,"column":26}},"11":{"start":{"line":44,"column":6},"end":{"line":44,"column":38}},"12":{"start":{"line":52,"column":4},"end":{"line":52,"column":32}},"13":{"start":{"line":53,"column":4},"end":{"line":83,"column":5}},"14":{"start":{"line":55,"column":6},"end":{"line":55,"column":24}},"15":{"start":{"line":56,"column":6},"end":{"line":76,"column":11}},"16":{"start":{"line":58,"column":10},"end":{"line":58,"column":35}},"17":{"start":{"line":59,"column":10},"end":{"line":59,"column":37}},"18":{"start":{"line":60,"column":10},"end":{"line":60,"column":48}},"19":{"start":{"line":61,"column":10},"end":{"line":61,"column":50}},"20":{"start":{"line":62,"column":10},"end":{"line":62,"column":26}},"21":{"start":{"line":66,"column":12},"end":{"line":66,"column":29}},"22":{"start":{"line":70,"column":10},"end":{"line":75,"column":14}},"23":{"start":{"line":71,"column":12},"end":{"line":71,"column":62}},"24":{"start":{"line":73,"column":12},"end":{"line":75,"column":14}},"25":{"start":{"line":78,"column":6},"end":{"line":78,"column":55}},"26":{"start":{"line":79,"column":6},"end":{"line":79,"column":68}},"27":{"start":{"line":80,"column":6},"end":{"line":82,"column":16}},"28":{"start":{"line":81,"column":8},"end":{"line":81,"column":25}},"29":{"start":{"line":86,"column":2},"end":{"line":91,"column":9}},"30":{"start":{"line":88,"column":4},"end":{"line":88,"column":26}},"31":{"start":{"line":89,"column":4},"end":{"line":89,"column":34}},"32":{"start":{"line":90,"column":4},"end":{"line":90,"column":34}},"33":{"start":{"line":95,"column":4},"end":{"line":95,"column":22}},"34":{"start":{"line":96,"column":4},"end":{"line":96,"column":24}},"35":{"start":{"line":97,"column":4},"end":{"line":97,"column":26}},"36":{"start":{"line":98,"column":4},"end":{"line":98,"column":36}},"37":{"start":{"line":104,"column":4},"end":{"line":124,"column":9}},"38":{"start":{"line":107,"column":8},"end":{"line":107,"column":39}},"39":{"start":{"line":109,"column":8},"end":{"line":109,"column":29}},"40":{"start":{"line":110,"column":8},"end":{"line":110,"column":22}},"41":{"start":{"line":111,"column":8},"end":{"line":111,"column":54}},"42":{"start":{"line":114,"column":8},"end":{"line":122,"column":9}},"43":{"start":{"line":115,"column":10},"end":{"line":115,"column":62}},"44":{"start":{"line":116,"column":15},"end":{"line":122,"column":9}},"45":{"start":{"line":117,"column":10},"end":{"line":117,"column":66}},"46":{"start":{"line":119,"column":10},"end":{"line":121,"column":12}},"47":{"start":{"line":123,"column":8},"end":{"line":123,"column":40}},"48":{"start":{"line":128,"column":4},"end":{"line":128,"column":76}},"49":{"start":{"line":130,"column":2},"end":{"line":190,"column":4}},"50":{"start":{"line":173,"column":28},"end":{"line":178,"column":30}},"51":{"start":{"line":193,"column":24},"end":{"line":195,"column":2}},"52":{"start":{"line":193,"column":36},"end":{"line":195,"column":1}},"53":{"start":{"line":197,"column":27},"end":{"line":208,"column":2}},"54":{"start":{"line":197,"column":42},"end":{"line":208,"column":1}},"55":{"start":{"line":200,"column":6},"end":{"line":200,"column":75}},"56":{"start":{"line":202,"column":6},"end":{"line":202,"column":61}},"57":{"start":{"line":204,"column":6},"end":{"line":204,"column":59}},"58":{"start":{"line":206,"column":6},"end":{"line":206,"column":58}}},"fnMap":{"0":{"name":"(anonymous_0)","decl":{"start":{"line":30,"column":22},"end":{"line":30,"column":23}},"loc":{"start":{"line":30,"column":54},"end":{"line":191,"column":1}},"line":30},"1":{"name":"handleNewIngredientsAdded","decl":{"start":{"line":40,"column":11},"end":{"line":40,"column":36}},"loc":{"start":{"line":40,"column":39},"end":{"line":47,"column":3}},"line":40},"2":{"name":"recipeSearchHandler","decl":{"start":{"line":50,"column":11},"end":{"line":50,"column":30}},"loc":{"start":{"line":50,"column":33},"end":{"line":84,"column":3}},"line":50},"3":{"name":"(anonymous_3)","decl":{"start":{"line":57,"column":14},"end":{"line":57,"column":15}},"loc":{"start":{"line":57,"column":27},"end":{"line":63,"column":9}},"line":57},"4":{"name":"(anonymous_4)","decl":{"start":{"line":65,"column":21},"end":{"line":65,"column":22}},"loc":{"start":{"line":65,"column":27},"end":{"line":67,"column":11}},"line":65},"5":{"name":"(anonymous_5)","decl":{"start":{"line":69,"column":15},"end":{"line":69,"column":16}},"loc":{"start":{"line":69,"column":26},"end":{"line":76,"column":9}},"line":69},"6":{"name":"(anonymous_6)","decl":{"start":{"line":80,"column":17},"end":{"line":80,"column":18}},"loc":{"start":{"line":80,"column":23},"end":{"line":82,"column":7}},"line":80},"7":{"name":"(anonymous_7)","decl":{"start":{"line":86,"column":12},"end":{"line":86,"column":13}},"loc":{"start":{"line":86,"column":18},"end":{"line":91,"column":3}},"line":86},"8":{"name":"handleSearchAgain","decl":{"start":{"line":94,"column":11},"end":{"line":94,"column":28}},"loc":{"start":{"line":94,"column":31},"end":{"line":99,"column":3}},"line":94},"9":{"name":"saveRecipeHandler","decl":{"start":{"line":102,"column":17},"end":{"line":102,"column":34}},"loc":{"start":{"line":102,"column":46},"end":{"line":125,"column":3}},"line":102},"10":{"name":"(anonymous_10)","decl":{"start":{"line":105,"column":12},"end":{"line":105,"column":13}},"loc":{"start":{"line":105,"column":21},"end":{"line":112,"column":7}},"line":105},"11":{"name":"(anonymous_11)","decl":{"start":{"line":113,"column":13},"end":{"line":113,"column":14}},"loc":{"start":{"line":113,"column":24},"end":{"line":124,"column":7}},"line":113},"12":{"name":"(anonymous_12)","decl":{"start":{"line":172,"column":44},"end":{"line":172,"column":45}},"loc":{"start":{"line":173,"column":28},"end":{"line":178,"column":30}},"line":173},"13":{"name":"(anonymous_13)","decl":{"start":{"line":193,"column":24},"end":{"line":193,"column":25}},"loc":{"start":{"line":193,"column":36},"end":{"line":195,"column":1}},"line":193},"14":{"name":"(anonymous_14)","decl":{"start":{"line":197,"column":27},"end":{"line":197,"column":28}},"loc":{"start":{"line":197,"column":42},"end":{"line":208,"column":1}},"line":197},"15":{"name":"(anonymous_15)","decl":{"start":{"line":199,"column":14},"end":{"line":199,"column":15}},"loc":{"start":{"line":200,"column":6},"end":{"line":200,"column":75}},"line":200},"16":{"name":"(anonymous_16)","decl":{"start":{"line":201,"column":20},"end":{"line":201,"column":21}},"loc":{"start":{"line":202,"column":6},"end":{"line":202,"column":61}},"line":202},"17":{"name":"(anonymous_17)","decl":{"start":{"line":203,"column":26},"end":{"line":203,"column":27}},"loc":{"start":{"line":204,"column":6},"end":{"line":204,"column":59}},"line":204},"18":{"name":"(anonymous_18)","decl":{"start":{"line":205,"column":23},"end":{"line":205,"column":24}},"loc":{"start":{"line":206,"column":6},"end":{"line":206,"column":58}},"line":206}},"branchMap":{"0":{"loc":{"start":{"line":42,"column":4},"end":{"line":46,"column":5}},"type":"if","locations":[{"start":{"line":42,"column":4},"end":{"line":46,"column":5}},{"start":{"line":42,"column":4},"end":{"line":46,"column":5}}],"line":42},"1":{"loc":{"start":{"line":53,"column":4},"end":{"line":83,"column":5}},"type":"if","locations":[{"start":{"line":53,"column":4},"end":{"line":83,"column":5}},{"start":{"line":53,"column":4},"end":{"line":83,"column":5}}],"line":53},"2":{"loc":{"start":{"line":70,"column":10},"end":{"line":75,"column":14}},"type":"if","locations":[{"start":{"line":70,"column":10},"end":{"line":75,"column":14}},{"start":{"line":70,"column":10},"end":{"line":75,"column":14}}],"line":70},"3":{"loc":{"start":{"line":70,"column":14},"end":{"line":70,"column":61}},"type":"binary-expr","locations":[{"start":{"line":70,"column":14},"end":{"line":70,"column":28}},{"start":{"line":70,"column":32},"end":{"line":70,"column":61}}],"line":70},"4":{"loc":{"start":{"line":114,"column":8},"end":{"line":122,"column":9}},"type":"if","locations":[{"start":{"line":114,"column":8},"end":{"line":122,"column":9}},{"start":{"line":114,"column":8},"end":{"line":122,"column":9}}],"line":114},"5":{"loc":{"start":{"line":116,"column":15},"end":{"line":122,"column":9}},"type":"if","locations":[{"start":{"line":116,"column":15},"end":{"line":122,"column":9}},{"start":{"line":116,"column":15},"end":{"line":122,"column":9}}],"line":116},"6":{"loc":{"start":{"line":146,"column":17},"end":{"line":146,"column":53}},"type":"binary-expr","locations":[{"start":{"line":146,"column":17},"end":{"line":146,"column":23}},{"start":{"line":146,"column":27},"end":{"line":146,"column":53}}],"line":146},"7":{"loc":{"start":{"line":147,"column":17},"end":{"line":183,"column":17}},"type":"cond-expr","locations":[{"start":{"line":148,"column":18},"end":{"line":148,"column":29}},{"start":{"line":150,"column":18},"end":{"line":182,"column":24}}],"line":147},"8":{"loc":{"start":{"line":151,"column":21},"end":{"line":163,"column":21}},"type":"cond-expr","locations":[{"start":{"line":152,"column":22},"end":{"line":160,"column":28}},{"start":{"line":162,"column":22},"end":{"line":162,"column":80}}],"line":151},"9":{"loc":{"start":{"line":151,"column":21},"end":{"line":151,"column":51}},"type":"binary-expr","locations":[{"start":{"line":151,"column":21},"end":{"line":151,"column":34}},{"start":{"line":151,"column":38},"end":{"line":151,"column":51}}],"line":151},"10":{"loc":{"start":{"line":171,"column":25},"end":{"line":179,"column":28}},"type":"binary-expr","locations":[{"start":{"line":171,"column":25},"end":{"line":171,"column":38}},{"start":{"line":172,"column":26},"end":{"line":179,"column":28}}],"line":171}},"s":{"0":11,"1":0,"2":0,"3":0,"4":0,"5":0,"6":0,"7":0,"8":0,"9":0,"10":0,"11":0,"12":0,"13":0,"14":0,"15":0,"16":0,"17":0,"18":0,"19":0,"20":0,"21":0,"22":0,"23":0,"24":0,"25":0,"26":0,"27":0,"28":0,"29":0,"30":0,"31":0,"32":0,"33":0,"34":0,"35":0,"36":0,"37":0,"38":0,"39":0,"40":0,"41":0,"42":0,"43":0,"44":0,"45":0,"46":0,"47":0,"48":0,"49":0,"50":0,"51":11,"52":0,"53":11,"54":0,"55":0,"56":0,"57":0,"58":0},"f":{"0":0,"1":0,"2":0,"3":0,"4":0,"5":0,"6":0,"7":0,"8":0,"9":0,"10":0,"11":0,"12":0,"13":0,"14":0,"15":0,"16":0,"17":0,"18":0},"b":{"0":[0,0],"1":[0,0],"2":[0,0],"3":[0,0],"4":[0,0],"5":[0,0],"6":[0,0],"7":[0,0],"8":[0,0],"9":[0,0],"10":[0,0]},"_coverageSchema":"1a1c01bbd47fc00a2c39e90264f33305004495a9","hash":"587814b179539f68d8b32fd91928b8ec010aa6b1"}
,"/Users/Adrienne/Desktop/MERN/mern-client/src/components/carousel/index.js": {"path":"/Users/Adrienne/Desktop/MERN/mern-client/src/components/carousel/index.js","statementMap":{"0":{"start":{"line":15,"column":23},"end":{"line":15,"column":58}},"1":{"start":{"line":16,"column":15},"end":{"line":16,"column":58}},"2":{"start":{"line":18,"column":17},"end":{"line":102,"column":1}},"3":{"start":{"line":19,"column":28},"end":{"line":19,"column":53}},"4":{"start":{"line":21,"column":25},"end":{"line":24,"column":3}},"5":{"start":{"line":22,"column":4},"end":{"line":22,"column":30}},"6":{"start":{"line":23,"column":4},"end":{"line":23,"column":37}},"7":{"start":{"line":26,"column":2},"end":{"line":101,"column":4}},"8":{"start":{"line":30,"column":23},"end":{"line":30,"column":47}},"9":{"start":{"line":38,"column":23},"end":{"line":38,"column":48}},"10":{"start":{"line":104,"column":24},"end":{"line":106,"column":2}},"11":{"start":{"line":104,"column":36},"end":{"line":106,"column":1}},"12":{"start":{"line":108,"column":27},"end":{"line":114,"column":2}},"13":{"start":{"line":108,"column":42},"end":{"line":114,"column":1}},"14":{"start":{"line":111,"column":6},"end":{"line":111,"column":56}}},"fnMap":{"0":{"name":"(anonymous_0)","decl":{"start":{"line":18,"column":17},"end":{"line":18,"column":18}},"loc":{"start":{"line":18,"column":34},"end":{"line":102,"column":1}},"line":18},"1":{"name":"(anonymous_1)","decl":{"start":{"line":21,"column":25},"end":{"line":21,"column":26}},"loc":{"start":{"line":21,"column":31},"end":{"line":24,"column":3}},"line":21},"2":{"name":"(anonymous_2)","decl":{"start":{"line":30,"column":17},"end":{"line":30,"column":18}},"loc":{"start":{"line":30,"column":23},"end":{"line":30,"column":47}},"line":30},"3":{"name":"(anonymous_3)","decl":{"start":{"line":38,"column":17},"end":{"line":38,"column":18}},"loc":{"start":{"line":38,"column":23},"end":{"line":38,"column":48}},"line":38},"4":{"name":"(anonymous_4)","decl":{"start":{"line":104,"column":24},"end":{"line":104,"column":25}},"loc":{"start":{"line":104,"column":36},"end":{"line":106,"column":1}},"line":104},"5":{"name":"(anonymous_5)","decl":{"start":{"line":108,"column":27},"end":{"line":108,"column":28}},"loc":{"start":{"line":108,"column":42},"end":{"line":114,"column":1}},"line":108},"6":{"name":"(anonymous_6)","decl":{"start":{"line":110,"column":18},"end":{"line":110,"column":19}},"loc":{"start":{"line":110,"column":31},"end":{"line":112,"column":5}},"line":110}},"branchMap":{},"s":{"0":11,"1":11,"2":11,"3":22,"4":22,"5":0,"6":0,"7":22,"8":0,"9":0,"10":11,"11":40,"12":11,"13":22,"14":0},"f":{"0":22,"1":0,"2":0,"3":0,"4":40,"5":22,"6":0},"b":{},"_coverageSchema":"1a1c01bbd47fc00a2c39e90264f33305004495a9","hash":"5c0a73b66aefceb649e3f902b2c41f3b6ffa1ccf"}
,"/Users/Adrienne/Desktop/MERN/mern-client/src/components/footer/index.js": {"path":"/Users/Adrienne/Desktop/MERN/mern-client/src/components/footer/index.js","statementMap":{"0":{"start":{"line":4,"column":15},"end":{"line":8,"column":1}},"1":{"start":{"line":5,"column":2},"end":{"line":7,"column":8}}},"fnMap":{"0":{"name":"(anonymous_0)","decl":{"start":{"line":4,"column":15},"end":{"line":4,"column":16}},"loc":{"start":{"line":5,"column":2},"end":{"line":7,"column":8}},"line":5}},"branchMap":{},"s":{"0":11,"1":22},"f":{"0":22},"b":{},"_coverageSchema":"1a1c01bbd47fc00a2c39e90264f33305004495a9","hash":"f5bd38f832c42c941e7ac4c975e235c1c95aa0fd"}
,"/Users/Adrienne/Desktop/MERN/mern-client/src/components/forgotPassword/index.js": {"path":"/Users/Adrienne/Desktop/MERN/mern-client/src/components/forgotPassword/index.js","statementMap":{"0":{"start":{"line":17,"column":17},"end":{"line":26,"column":1}},"1":{"start":{"line":18,"column":17},"end":{"line":18,"column":19}},"2":{"start":{"line":20,"column":2},"end":{"line":24,"column":3}},"3":{"start":{"line":21,"column":4},"end":{"line":21,"column":30}},"4":{"start":{"line":22,"column":9},"end":{"line":24,"column":3}},"5":{"start":{"line":23,"column":4},"end":{"line":23,"column":43}},"6":{"start":{"line":25,"column":2},"end":{"line":25,"column":16}},"7":{"start":{"line":28,"column":23},"end":{"line":131,"column":1}},"8":{"start":{"line":29,"column":16},"end":{"line":29,"column":28}},"9":{"start":{"line":30,"column":32},"end":{"line":30,"column":56}},"10":{"start":{"line":31,"column":15},"end":{"line":33,"column":3}},"11":{"start":{"line":35,"column":17},"end":{"line":63,"column":4}},"12":{"start":{"line":42,"column":6},"end":{"line":42,"column":34}},"13":{"start":{"line":43,"column":6},"end":{"line":61,"column":11}},"14":{"start":{"line":45,"column":10},"end":{"line":50,"column":19}},"15":{"start":{"line":46,"column":12},"end":{"line":46,"column":39}},"16":{"start":{"line":47,"column":12},"end":{"line":47,"column":60}},"17":{"start":{"line":48,"column":12},"end":{"line":48,"column":33}},"18":{"start":{"line":49,"column":12},"end":{"line":49,"column":30}},"19":{"start":{"line":53,"column":10},"end":{"line":60,"column":14}},"20":{"start":{"line":54,"column":12},"end":{"line":56,"column":14}},"21":{"start":{"line":58,"column":12},"end":{"line":60,"column":14}},"22":{"start":{"line":65,"column":2},"end":{"line":130,"column":4}},"23":{"start":{"line":115,"column":31},"end":{"line":115,"column":60}},"24":{"start":{"line":121,"column":31},"end":{"line":121,"column":57}},"25":{"start":{"line":133,"column":24},"end":{"line":136,"column":2}},"26":{"start":{"line":133,"column":36},"end":{"line":136,"column":1}},"27":{"start":{"line":138,"column":27},"end":{"line":144,"column":2}},"28":{"start":{"line":138,"column":42},"end":{"line":144,"column":1}},"29":{"start":{"line":140,"column":25},"end":{"line":140,"column":71}},"30":{"start":{"line":141,"column":28},"end":{"line":141,"column":77}},"31":{"start":{"line":142,"column":22},"end":{"line":142,"column":54}}},"fnMap":{"0":{"name":"(anonymous_0)","decl":{"start":{"line":17,"column":17},"end":{"line":17,"column":18}},"loc":{"start":{"line":17,"column":29},"end":{"line":26,"column":1}},"line":17},"1":{"name":"(anonymous_1)","decl":{"start":{"line":28,"column":23},"end":{"line":28,"column":24}},"loc":{"start":{"line":28,"column":59},"end":{"line":131,"column":1}},"line":28},"2":{"name":"(anonymous_2)","decl":{"start":{"line":41,"column":14},"end":{"line":41,"column":15}},"loc":{"start":{"line":41,"column":32},"end":{"line":62,"column":5}},"line":41},"3":{"name":"(anonymous_3)","decl":{"start":{"line":44,"column":14},"end":{"line":44,"column":15}},"loc":{"start":{"line":44,"column":21},"end":{"line":51,"column":9}},"line":44},"4":{"name":"(anonymous_4)","decl":{"start":{"line":45,"column":21},"end":{"line":45,"column":22}},"loc":{"start":{"line":45,"column":27},"end":{"line":50,"column":11}},"line":45},"5":{"name":"(anonymous_5)","decl":{"start":{"line":52,"column":15},"end":{"line":52,"column":16}},"loc":{"start":{"line":52,"column":26},"end":{"line":61,"column":9}},"line":52},"6":{"name":"(anonymous_6)","decl":{"start":{"line":115,"column":25},"end":{"line":115,"column":26}},"loc":{"start":{"line":115,"column":31},"end":{"line":115,"column":60}},"line":115},"7":{"name":"(anonymous_7)","decl":{"start":{"line":121,"column":25},"end":{"line":121,"column":26}},"loc":{"start":{"line":121,"column":31},"end":{"line":121,"column":57}},"line":121},"8":{"name":"(anonymous_8)","decl":{"start":{"line":133,"column":24},"end":{"line":133,"column":25}},"loc":{"start":{"line":133,"column":36},"end":{"line":136,"column":1}},"line":133},"9":{"name":"(anonymous_9)","decl":{"start":{"line":138,"column":27},"end":{"line":138,"column":28}},"loc":{"start":{"line":138,"column":42},"end":{"line":144,"column":1}},"line":138},"10":{"name":"(anonymous_10)","decl":{"start":{"line":140,"column":11},"end":{"line":140,"column":12}},"loc":{"start":{"line":140,"column":25},"end":{"line":140,"column":71}},"line":140},"11":{"name":"(anonymous_11)","decl":{"start":{"line":141,"column":15},"end":{"line":141,"column":16}},"loc":{"start":{"line":141,"column":28},"end":{"line":141,"column":77}},"line":141},"12":{"name":"(anonymous_12)","decl":{"start":{"line":142,"column":16},"end":{"line":142,"column":17}},"loc":{"start":{"line":142,"column":22},"end":{"line":142,"column":54}},"line":142}},"branchMap":{"0":{"loc":{"start":{"line":20,"column":2},"end":{"line":24,"column":3}},"type":"if","locations":[{"start":{"line":20,"column":2},"end":{"line":24,"column":3}},{"start":{"line":20,"column":2},"end":{"line":24,"column":3}}],"line":20},"1":{"loc":{"start":{"line":22,"column":9},"end":{"line":24,"column":3}},"type":"if","locations":[{"start":{"line":22,"column":9},"end":{"line":24,"column":3}},{"start":{"line":22,"column":9},"end":{"line":24,"column":3}}],"line":22},"2":{"loc":{"start":{"line":53,"column":10},"end":{"line":60,"column":14}},"type":"if","locations":[{"start":{"line":53,"column":10},"end":{"line":60,"column":14}},{"start":{"line":53,"column":10},"end":{"line":60,"column":14}}],"line":53},"3":{"loc":{"start":{"line":53,"column":14},"end":{"line":53,"column":61}},"type":"binary-expr","locations":[{"start":{"line":53,"column":14},"end":{"line":53,"column":28}},{"start":{"line":53,"column":32},"end":{"line":53,"column":61}}],"line":53},"4":{"loc":{"start":{"line":71,"column":7},"end":{"line":128,"column":7}},"type":"cond-expr","locations":[{"start":{"line":72,"column":8},"end":{"line":74,"column":14}},{"start":{"line":76,"column":8},"end":{"line":127,"column":11}}],"line":71},"5":{"loc":{"start":{"line":78,"column":13},"end":{"line":84,"column":13}},"type":"binary-expr","locations":[{"start":{"line":78,"column":13},"end":{"line":78,"column":26}},{"start":{"line":79,"column":14},"end":{"line":83,"column":21}}],"line":78},"6":{"loc":{"start":{"line":96,"column":13},"end":{"line":100,"column":20}},"type":"cond-expr","locations":[{"start":{"line":97,"column":14},"end":{"line":99,"column":21}},{"start":{"line":100,"column":16},"end":{"line":100,"column":20}}],"line":96},"7":{"loc":{"start":{"line":96,"column":13},"end":{"line":96,"column":56}},"type":"binary-expr","locations":[{"start":{"line":96,"column":13},"end":{"line":96,"column":33}},{"start":{"line":96,"column":37},"end":{"line":96,"column":56}}],"line":96}},"s":{"0":11,"1":0,"2":0,"3":0,"4":0,"5":0,"6":0,"7":11,"8":0,"9":0,"10":0,"11":0,"12":0,"13":0,"14":0,"15":0,"16":0,"17":0,"18":0,"19":0,"20":0,"21":0,"22":0,"23":0,"24":0,"25":11,"26":0,"27":11,"28":0,"29":0,"30":0,"31":0},"f":{"0":0,"1":0,"2":0,"3":0,"4":0,"5":0,"6":0,"7":0,"8":0,"9":0,"10":0,"11":0,"12":0},"b":{"0":[0,0],"1":[0,0],"2":[0,0],"3":[0,0],"4":[0,0],"5":[0,0],"6":[0,0],"7":[0,0]},"_coverageSchema":"1a1c01bbd47fc00a2c39e90264f33305004495a9","hash":"9e55a97d887e86a0a6800994bb6181523dee54b9"}
,"/Users/Adrienne/Desktop/MERN/mern-client/src/components/fridge/index.js": {"path":"/Users/Adrienne/Desktop/MERN/mern-client/src/components/fridge/index.js","statementMap":{"0":{"start":{"line":33,"column":15},"end":{"line":147,"column":1}},"1":{"start":{"line":34,"column":18},"end":{"line":34,"column":29}},"2":{"start":{"line":35,"column":16},"end":{"line":35,"column":28}},"3":{"start":{"line":36,"column":30},"end":{"line":36,"column":44}},"4":{"start":{"line":37,"column":32},"end":{"line":37,"column":57}},"5":{"start":{"line":39,"column":18},"end":{"line":39,"column":29}},"6":{"start":{"line":41,"column":2},"end":{"line":55,"column":7}},"7":{"start":{"line":42,"column":4},"end":{"line":51,"column":14}},"8":{"start":{"line":43,"column":16},"end":{"line":43,"column":58}},"9":{"start":{"line":44,"column":16},"end":{"line":44,"column":48}},"10":{"start":{"line":45,"column":16},"end":{"line":45,"column":69}},"11":{"start":{"line":47,"column":16},"end":{"line":50,"column":108}},"12":{"start":{"line":48,"column":16},"end":{"line":48,"column":63}},"13":{"start":{"line":50,"column":16},"end":{"line":50,"column":108}},"14":{"start":{"line":52,"column":6},"end":{"line":54,"column":21}},"15":{"start":{"line":53,"column":6},"end":{"line":53,"column":32}},"16":{"start":{"line":58,"column":28},"end":{"line":75,"column":3}},"17":{"start":{"line":59,"column":4},"end":{"line":74,"column":9}},"18":{"start":{"line":61,"column":8},"end":{"line":61,"column":30}},"19":{"start":{"line":62,"column":8},"end":{"line":62,"column":20}},"20":{"start":{"line":63,"column":8},"end":{"line":63,"column":66}},"21":{"start":{"line":64,"column":8},"end":{"line":64,"column":67}},"22":{"start":{"line":67,"column":8},"end":{"line":67,"column":37}},"23":{"start":{"line":68,"column":8},"end":{"line":73,"column":12}},"24":{"start":{"line":69,"column":10},"end":{"line":69,"column":50}},"25":{"start":{"line":71,"column":10},"end":{"line":73,"column":12}},"26":{"start":{"line":77,"column":2},"end":{"line":146,"column":4}},"27":{"start":{"line":129,"column":28},"end":{"line":129,"column":48}},"28":{"start":{"line":149,"column":24},"end":{"line":152,"column":2}},"29":{"start":{"line":149,"column":36},"end":{"line":152,"column":1}},"30":{"start":{"line":154,"column":27},"end":{"line":161,"column":2}},"31":{"start":{"line":154,"column":42},"end":{"line":161,"column":1}},"32":{"start":{"line":157,"column":6},"end":{"line":157,"column":67}},"33":{"start":{"line":158,"column":23},"end":{"line":158,"column":60}},"34":{"start":{"line":159,"column":28},"end":{"line":159,"column":71}}},"fnMap":{"0":{"name":"(anonymous_0)","decl":{"start":{"line":33,"column":15},"end":{"line":33,"column":16}},"loc":{"start":{"line":33,"column":51},"end":{"line":147,"column":1}},"line":33},"1":{"name":"(anonymous_1)","decl":{"start":{"line":41,"column":12},"end":{"line":41,"column":13}},"loc":{"start":{"line":41,"column":18},"end":{"line":55,"column":3}},"line":41},"2":{"name":"(anonymous_2)","decl":{"start":{"line":42,"column":48},"end":{"line":42,"column":49}},"loc":{"start":{"line":42,"column":57},"end":{"line":46,"column":13}},"line":42},"3":{"name":"(anonymous_3)","decl":{"start":{"line":46,"column":21},"end":{"line":46,"column":22}},"loc":{"start":{"line":46,"column":32},"end":{"line":51,"column":13}},"line":46},"4":{"name":"(anonymous_4)","decl":{"start":{"line":52,"column":17},"end":{"line":52,"column":18}},"loc":{"start":{"line":52,"column":23},"end":{"line":54,"column":13}},"line":52},"5":{"name":"(anonymous_5)","decl":{"start":{"line":58,"column":28},"end":{"line":58,"column":29}},"loc":{"start":{"line":58,"column":40},"end":{"line":75,"column":3}},"line":58},"6":{"name":"(anonymous_6)","decl":{"start":{"line":60,"column":12},"end":{"line":60,"column":13}},"loc":{"start":{"line":60,"column":19},"end":{"line":65,"column":7}},"line":60},"7":{"name":"(anonymous_7)","decl":{"start":{"line":66,"column":13},"end":{"line":66,"column":14}},"loc":{"start":{"line":66,"column":24},"end":{"line":74,"column":7}},"line":66},"8":{"name":"(anonymous_8)","decl":{"start":{"line":128,"column":35},"end":{"line":128,"column":36}},"loc":{"start":{"line":128,"column":41},"end":{"line":130,"column":27}},"line":128},"9":{"name":"(anonymous_9)","decl":{"start":{"line":149,"column":24},"end":{"line":149,"column":25}},"loc":{"start":{"line":149,"column":36},"end":{"line":152,"column":1}},"line":149},"10":{"name":"(anonymous_10)","decl":{"start":{"line":154,"column":27},"end":{"line":154,"column":28}},"loc":{"start":{"line":154,"column":42},"end":{"line":161,"column":1}},"line":154},"11":{"name":"(anonymous_11)","decl":{"start":{"line":156,"column":17},"end":{"line":156,"column":18}},"loc":{"start":{"line":157,"column":6},"end":{"line":157,"column":67}},"line":157},"12":{"name":"(anonymous_12)","decl":{"start":{"line":158,"column":17},"end":{"line":158,"column":18}},"loc":{"start":{"line":158,"column":23},"end":{"line":158,"column":60}},"line":158},"13":{"name":"(anonymous_13)","decl":{"start":{"line":159,"column":17},"end":{"line":159,"column":18}},"loc":{"start":{"line":159,"column":28},"end":{"line":159,"column":71}},"line":159}},"branchMap":{"0":{"loc":{"start":{"line":47,"column":16},"end":{"line":50,"column":108}},"type":"if","locations":[{"start":{"line":47,"column":16},"end":{"line":50,"column":108}},{"start":{"line":47,"column":16},"end":{"line":50,"column":108}}],"line":47},"1":{"loc":{"start":{"line":47,"column":20},"end":{"line":47,"column":67}},"type":"binary-expr","locations":[{"start":{"line":47,"column":20},"end":{"line":47,"column":34}},{"start":{"line":47,"column":38},"end":{"line":47,"column":67}}],"line":47},"2":{"loc":{"start":{"line":68,"column":8},"end":{"line":73,"column":12}},"type":"if","locations":[{"start":{"line":68,"column":8},"end":{"line":73,"column":12}},{"start":{"line":68,"column":8},"end":{"line":73,"column":12}}],"line":68},"3":{"loc":{"start":{"line":68,"column":12},"end":{"line":68,"column":59}},"type":"binary-expr","locations":[{"start":{"line":68,"column":12},"end":{"line":68,"column":26}},{"start":{"line":68,"column":30},"end":{"line":68,"column":59}}],"line":68},"4":{"loc":{"start":{"line":92,"column":17},"end":{"line":92,"column":53}},"type":"binary-expr","locations":[{"start":{"line":92,"column":17},"end":{"line":92,"column":23}},{"start":{"line":92,"column":27},"end":{"line":92,"column":53}}],"line":92},"5":{"loc":{"start":{"line":93,"column":17},"end":{"line":139,"column":17}},"type":"cond-expr","locations":[{"start":{"line":94,"column":18},"end":{"line":94,"column":29}},{"start":{"line":96,"column":18},"end":{"line":138,"column":21}}],"line":93},"6":{"loc":{"start":{"line":117,"column":23},"end":{"line":121,"column":23}},"type":"cond-expr","locations":[{"start":{"line":118,"column":24},"end":{"line":118,"column":71}},{"start":{"line":120,"column":24},"end":{"line":120,"column":70}}],"line":117},"7":{"loc":{"start":{"line":123,"column":21},"end":{"line":137,"column":21}},"type":"cond-expr","locations":[{"start":{"line":124,"column":22},"end":{"line":134,"column":28}},{"start":{"line":136,"column":22},"end":{"line":136,"column":33}}],"line":123}},"s":{"0":11,"1":0,"2":0,"3":0,"4":0,"5":0,"6":0,"7":0,"8":0,"9":0,"10":0,"11":0,"12":0,"13":0,"14":0,"15":0,"16":0,"17":0,"18":0,"19":0,"20":0,"21":0,"22":0,"23":0,"24":0,"25":0,"26":0,"27":0,"28":11,"29":0,"30":11,"31":0,"32":0,"33":0,"34":0},"f":{"0":0,"1":0,"2":0,"3":0,"4":0,"5":0,"6":0,"7":0,"8":0,"9":0,"10":0,"11":0,"12":0,"13":0},"b":{"0":[0,0],"1":[0,0],"2":[0,0],"3":[0,0],"4":[0,0],"5":[0,0],"6":[0,0],"7":[0,0]},"_coverageSchema":"1a1c01bbd47fc00a2c39e90264f33305004495a9","hash":"8ae051f473615dcf7bd1ac8c764ab563adc9d4c3"}
,"/Users/Adrienne/Desktop/MERN/mern-client/src/components/help/index.js": {"path":"/Users/Adrienne/Desktop/MERN/mern-client/src/components/help/index.js","statementMap":{"0":{"start":{"line":10,"column":13},"end":{"line":109,"column":1}},"1":{"start":{"line":11,"column":2},"end":{"line":108,"column":4}},"2":{"start":{"line":102,"column":25},"end":{"line":102,"column":51}},"3":{"start":{"line":111,"column":24},"end":{"line":113,"column":2}},"4":{"start":{"line":111,"column":36},"end":{"line":113,"column":1}},"5":{"start":{"line":115,"column":27},"end":{"line":120,"column":2}},"6":{"start":{"line":115,"column":42},"end":{"line":120,"column":1}},"7":{"start":{"line":117,"column":28},"end":{"line":117,"column":77}},"8":{"start":{"line":118,"column":22},"end":{"line":118,"column":54}}},"fnMap":{"0":{"name":"(anonymous_0)","decl":{"start":{"line":10,"column":13},"end":{"line":10,"column":14}},"loc":{"start":{"line":10,"column":39},"end":{"line":109,"column":1}},"line":10},"1":{"name":"(anonymous_1)","decl":{"start":{"line":102,"column":19},"end":{"line":102,"column":20}},"loc":{"start":{"line":102,"column":25},"end":{"line":102,"column":51}},"line":102},"2":{"name":"(anonymous_2)","decl":{"start":{"line":111,"column":24},"end":{"line":111,"column":25}},"loc":{"start":{"line":111,"column":36},"end":{"line":113,"column":1}},"line":111},"3":{"name":"(anonymous_3)","decl":{"start":{"line":115,"column":27},"end":{"line":115,"column":28}},"loc":{"start":{"line":115,"column":42},"end":{"line":120,"column":1}},"line":115},"4":{"name":"(anonymous_4)","decl":{"start":{"line":117,"column":15},"end":{"line":117,"column":16}},"loc":{"start":{"line":117,"column":28},"end":{"line":117,"column":77}},"line":117},"5":{"name":"(anonymous_5)","decl":{"start":{"line":118,"column":16},"end":{"line":118,"column":17}},"loc":{"start":{"line":118,"column":22},"end":{"line":118,"column":54}},"line":118}},"branchMap":{},"s":{"0":11,"1":0,"2":0,"3":11,"4":0,"5":11,"6":0,"7":0,"8":0},"f":{"0":0,"1":0,"2":0,"3":0,"4":0,"5":0},"b":{},"_coverageSchema":"1a1c01bbd47fc00a2c39e90264f33305004495a9","hash":"764dea6e30bf6669d18a2aaf4a98b955bc5c5f6b"}
,"/Users/Adrienne/Desktop/MERN/mern-client/src/components/home/index.js": {"path":"/Users/Adrienne/Desktop/MERN/mern-client/src/components/home/index.js","statementMap":{"0":{"start":{"line":12,"column":13},"end":{"line":51,"column":1}},"1":{"start":{"line":13,"column":26},"end":{"line":13,"column":38}},"2":{"start":{"line":15,"column":15},"end":{"line":18,"column":3}},"3":{"start":{"line":20,"column":2},"end":{"line":23,"column":9}},"4":{"start":{"line":21,"column":23},"end":{"line":21,"column":70}},"5":{"start":{"line":22,"column":4},"end":{"line":22,"column":31}},"6":{"start":{"line":25,"column":2},"end":{"line":50,"column":4}},"7":{"start":{"line":53,"column":24},"end":{"line":55,"column":2}},"8":{"start":{"line":53,"column":36},"end":{"line":55,"column":1}},"9":{"start":{"line":57,"column":27},"end":{"line":63,"column":2}},"10":{"start":{"line":57,"column":42},"end":{"line":63,"column":1}},"11":{"start":{"line":60,"column":6},"end":{"line":60,"column":56}}},"fnMap":{"0":{"name":"(anonymous_0)","decl":{"start":{"line":12,"column":13},"end":{"line":12,"column":14}},"loc":{"start":{"line":12,"column":44},"end":{"line":51,"column":1}},"line":12},"1":{"name":"(anonymous_1)","decl":{"start":{"line":20,"column":12},"end":{"line":20,"column":13}},"loc":{"start":{"line":20,"column":18},"end":{"line":23,"column":3}},"line":20},"2":{"name":"(anonymous_2)","decl":{"start":{"line":53,"column":24},"end":{"line":53,"column":25}},"loc":{"start":{"line":53,"column":36},"end":{"line":55,"column":1}},"line":53},"3":{"name":"(anonymous_3)","decl":{"start":{"line":57,"column":27},"end":{"line":57,"column":28}},"loc":{"start":{"line":57,"column":42},"end":{"line":63,"column":1}},"line":57},"4":{"name":"(anonymous_4)","decl":{"start":{"line":59,"column":18},"end":{"line":59,"column":19}},"loc":{"start":{"line":59,"column":31},"end":{"line":61,"column":5}},"line":59}},"branchMap":{},"s":{"0":11,"1":44,"2":44,"3":44,"4":11,"5":11,"6":44,"7":11,"8":40,"9":11,"10":22,"11":0},"f":{"0":44,"1":11,"2":40,"3":22,"4":0},"b":{},"_coverageSchema":"1a1c01bbd47fc00a2c39e90264f33305004495a9","hash":"06c02b88d5ff324fb3c000ba2ee50dcb9ff47404"}
,"/Users/Adrienne/Desktop/MERN/mern-client/src/components/ingredient/index.js": {"path":"/Users/Adrienne/Desktop/MERN/mern-client/src/components/ingredient/index.js","statementMap":{"0":{"start":{"line":29,"column":19},"end":{"line":118,"column":1}},"1":{"start":{"line":37,"column":18},"end":{"line":37,"column":29}},"2":{"start":{"line":38,"column":16},"end":{"line":38,"column":28}},"3":{"start":{"line":40,"column":30},"end":{"line":40,"column":44}},"4":{"start":{"line":43,"column":33},"end":{"line":64,"column":3}},"5":{"start":{"line":44,"column":4},"end":{"line":63,"column":9}},"6":{"start":{"line":46,"column":8},"end":{"line":46,"column":66}},"7":{"start":{"line":47,"column":8},"end":{"line":47,"column":47}},"8":{"start":{"line":50,"column":37},"end":{"line":52,"column":9}},"9":{"start":{"line":53,"column":38},"end":{"line":53,"column":58}},"10":{"start":{"line":54,"column":8},"end":{"line":54,"column":59}},"11":{"start":{"line":57,"column":8},"end":{"line":62,"column":12}},"12":{"start":{"line":58,"column":10},"end":{"line":58,"column":56}},"13":{"start":{"line":60,"column":10},"end":{"line":62,"column":12}},"14":{"start":{"line":66,"column":33},"end":{"line":88,"column":3}},"15":{"start":{"line":68,"column":4},"end":{"line":87,"column":9}},"16":{"start":{"line":70,"column":8},"end":{"line":70,"column":66}},"17":{"start":{"line":71,"column":8},"end":{"line":71,"column":47}},"18":{"start":{"line":74,"column":37},"end":{"line":76,"column":9}},"19":{"start":{"line":77,"column":38},"end":{"line":77,"column":58}},"20":{"start":{"line":78,"column":8},"end":{"line":78,"column":59}},"21":{"start":{"line":81,"column":8},"end":{"line":86,"column":12}},"22":{"start":{"line":82,"column":10},"end":{"line":82,"column":56}},"23":{"start":{"line":84,"column":10},"end":{"line":86,"column":12}},"24":{"start":{"line":91,"column":2},"end":{"line":117,"column":4}},"25":{"start":{"line":98,"column":14},"end":{"line":112,"column":22}},"26":{"start":{"line":120,"column":24},"end":{"line":124,"column":2}},"27":{"start":{"line":120,"column":36},"end":{"line":124,"column":1}},"28":{"start":{"line":126,"column":27},"end":{"line":138,"column":2}},"29":{"start":{"line":126,"column":42},"end":{"line":138,"column":1}},"30":{"start":{"line":129,"column":6},"end":{"line":129,"column":67}},"31":{"start":{"line":131,"column":6},"end":{"line":131,"column":72}},"32":{"start":{"line":133,"column":6},"end":{"line":133,"column":67}},"33":{"start":{"line":135,"column":6},"end":{"line":135,"column":72}},"34":{"start":{"line":136,"column":28},"end":{"line":136,"column":71}}},"fnMap":{"0":{"name":"(anonymous_0)","decl":{"start":{"line":29,"column":19},"end":{"line":29,"column":20}},"loc":{"start":{"line":36,"column":6},"end":{"line":118,"column":1}},"line":36},"1":{"name":"(anonymous_1)","decl":{"start":{"line":43,"column":33},"end":{"line":43,"column":34}},"loc":{"start":{"line":43,"column":50},"end":{"line":64,"column":3}},"line":43},"2":{"name":"(anonymous_2)","decl":{"start":{"line":45,"column":12},"end":{"line":45,"column":13}},"loc":{"start":{"line":45,"column":19},"end":{"line":48,"column":7}},"line":45},"3":{"name":"(anonymous_3)","decl":{"start":{"line":49,"column":12},"end":{"line":49,"column":13}},"loc":{"start":{"line":49,"column":28},"end":{"line":55,"column":7}},"line":49},"4":{"name":"(anonymous_4)","decl":{"start":{"line":56,"column":13},"end":{"line":56,"column":14}},"loc":{"start":{"line":56,"column":24},"end":{"line":63,"column":7}},"line":56},"5":{"name":"(anonymous_5)","decl":{"start":{"line":66,"column":33},"end":{"line":66,"column":34}},"loc":{"start":{"line":66,"column":50},"end":{"line":88,"column":3}},"line":66},"6":{"name":"(anonymous_6)","decl":{"start":{"line":69,"column":12},"end":{"line":69,"column":13}},"loc":{"start":{"line":69,"column":19},"end":{"line":72,"column":7}},"line":69},"7":{"name":"(anonymous_7)","decl":{"start":{"line":73,"column":12},"end":{"line":73,"column":13}},"loc":{"start":{"line":73,"column":28},"end":{"line":79,"column":7}},"line":73},"8":{"name":"(anonymous_8)","decl":{"start":{"line":80,"column":13},"end":{"line":80,"column":14}},"loc":{"start":{"line":80,"column":24},"end":{"line":87,"column":7}},"line":80},"9":{"name":"(anonymous_9)","decl":{"start":{"line":97,"column":28},"end":{"line":97,"column":29}},"loc":{"start":{"line":98,"column":14},"end":{"line":112,"column":22}},"line":98},"10":{"name":"(anonymous_10)","decl":{"start":{"line":120,"column":24},"end":{"line":120,"column":25}},"loc":{"start":{"line":120,"column":36},"end":{"line":124,"column":1}},"line":120},"11":{"name":"(anonymous_11)","decl":{"start":{"line":126,"column":27},"end":{"line":126,"column":28}},"loc":{"start":{"line":126,"column":42},"end":{"line":138,"column":1}},"line":126},"12":{"name":"(anonymous_12)","decl":{"start":{"line":128,"column":29},"end":{"line":128,"column":30}},"loc":{"start":{"line":129,"column":6},"end":{"line":129,"column":67}},"line":129},"13":{"name":"(anonymous_13)","decl":{"start":{"line":130,"column":26},"end":{"line":130,"column":27}},"loc":{"start":{"line":131,"column":6},"end":{"line":131,"column":72}},"line":131},"14":{"name":"(anonymous_14)","decl":{"start":{"line":132,"column":29},"end":{"line":132,"column":30}},"loc":{"start":{"line":133,"column":6},"end":{"line":133,"column":67}},"line":133},"15":{"name":"(anonymous_15)","decl":{"start":{"line":134,"column":26},"end":{"line":134,"column":27}},"loc":{"start":{"line":135,"column":6},"end":{"line":135,"column":72}},"line":135},"16":{"name":"(anonymous_16)","decl":{"start":{"line":136,"column":17},"end":{"line":136,"column":18}},"loc":{"start":{"line":136,"column":28},"end":{"line":136,"column":71}},"line":136}},"branchMap":{"0":{"loc":{"start":{"line":57,"column":8},"end":{"line":62,"column":12}},"type":"if","locations":[{"start":{"line":57,"column":8},"end":{"line":62,"column":12}},{"start":{"line":57,"column":8},"end":{"line":62,"column":12}}],"line":57},"1":{"loc":{"start":{"line":57,"column":12},"end":{"line":57,"column":59}},"type":"binary-expr","locations":[{"start":{"line":57,"column":12},"end":{"line":57,"column":26}},{"start":{"line":57,"column":30},"end":{"line":57,"column":59}}],"line":57},"2":{"loc":{"start":{"line":81,"column":8},"end":{"line":86,"column":12}},"type":"if","locations":[{"start":{"line":81,"column":8},"end":{"line":86,"column":12}},{"start":{"line":81,"column":8},"end":{"line":86,"column":12}}],"line":81},"3":{"loc":{"start":{"line":81,"column":12},"end":{"line":81,"column":59}},"type":"binary-expr","locations":[{"start":{"line":81,"column":12},"end":{"line":81,"column":26}},{"start":{"line":81,"column":30},"end":{"line":81,"column":59}}],"line":81},"4":{"loc":{"start":{"line":93,"column":7},"end":{"line":93,"column":36}},"type":"binary-expr","locations":[{"start":{"line":93,"column":7},"end":{"line":93,"column":13}},{"start":{"line":93,"column":17},"end":{"line":93,"column":36}}],"line":93},"5":{"loc":{"start":{"line":96,"column":11},"end":{"line":113,"column":14}},"type":"binary-expr","locations":[{"start":{"line":96,"column":11},"end":{"line":96,"column":22}},{"start":{"line":97,"column":12},"end":{"line":113,"column":14}}],"line":96},"6":{"loc":{"start":{"line":104,"column":22},"end":{"line":106,"column":48}},"type":"cond-expr","locations":[{"start":{"line":105,"column":26},"end":{"line":105,"column":48}},{"start":{"line":106,"column":26},"end":{"line":106,"column":48}}],"line":104}},"s":{"0":11,"1":0,"2":0,"3":0,"4":0,"5":0,"6":0,"7":0,"8":0,"9":0,"10":0,"11":0,"12":0,"13":0,"14":0,"15":0,"16":0,"17":0,"18":0,"19":0,"20":0,"21":0,"22":0,"23":0,"24":0,"25":0,"26":11,"27":0,"28":11,"29":0,"30":0,"31":0,"32":0,"33":0,"34":0},"f":{"0":0,"1":0,"2":0,"3":0,"4":0,"5":0,"6":0,"7":0,"8":0,"9":0,"10":0,"11":0,"12":0,"13":0,"14":0,"15":0,"16":0},"b":{"0":[0,0],"1":[0,0],"2":[0,0],"3":[0,0],"4":[0,0],"5":[0,0],"6":[0,0]},"_coverageSchema":"1a1c01bbd47fc00a2c39e90264f33305004495a9","hash":"e24d0c68221714a46002509b29960979020f6919"}
,"/Users/Adrienne/Desktop/MERN/mern-client/src/components/ingredientAutocomplete/index.js": {"path":"/Users/Adrienne/Desktop/MERN/mern-client/src/components/ingredientAutocomplete/index.js","statementMap":{"0":{"start":{"line":33,"column":19},"end":{"line":33,"column":36}},"1":{"start":{"line":36,"column":25},"end":{"line":40,"column":17}},"2":{"start":{"line":38,"column":24},"end":{"line":38,"column":68}},"3":{"start":{"line":42,"column":25},"end":{"line":44,"column":12}},"4":{"start":{"line":43,"column":27},"end":{"line":43,"column":62}},"5":{"start":{"line":46,"column":23},"end":{"line":46,"column":65}},"6":{"start":{"line":48,"column":16},"end":{"line":48,"column":28}},"7":{"start":{"line":50,"column":30},"end":{"line":50,"column":42}},"8":{"start":{"line":51,"column":30},"end":{"line":51,"column":44}},"9":{"start":{"line":54,"column":22},"end":{"line":54,"column":47}},"10":{"start":{"line":54,"column":40},"end":{"line":54,"column":46}},"11":{"start":{"line":56,"column":4},"end":{"line":74,"column":9}},"12":{"start":{"line":58,"column":8},"end":{"line":58,"column":51}},"13":{"start":{"line":59,"column":8},"end":{"line":59,"column":41}},"14":{"start":{"line":60,"column":8},"end":{"line":60,"column":66}},"15":{"start":{"line":61,"column":8},"end":{"line":63,"column":10}},"16":{"start":{"line":64,"column":8},"end":{"line":64,"column":22}},"17":{"start":{"line":67,"column":8},"end":{"line":67,"column":36}},"18":{"start":{"line":68,"column":8},"end":{"line":73,"column":12}},"19":{"start":{"line":69,"column":10},"end":{"line":69,"column":51}},"20":{"start":{"line":71,"column":10},"end":{"line":73,"column":12}},"21":{"start":{"line":78,"column":22},"end":{"line":78,"column":47}},"22":{"start":{"line":78,"column":40},"end":{"line":78,"column":46}},"23":{"start":{"line":79,"column":4},"end":{"line":94,"column":9}},"24":{"start":{"line":81,"column":8},"end":{"line":81,"column":51}},"25":{"start":{"line":82,"column":8},"end":{"line":82,"column":41}},"26":{"start":{"line":83,"column":8},"end":{"line":83,"column":66}},"27":{"start":{"line":84,"column":8},"end":{"line":84,"column":51}},"28":{"start":{"line":87,"column":8},"end":{"line":87,"column":36}},"29":{"start":{"line":88,"column":8},"end":{"line":93,"column":12}},"30":{"start":{"line":89,"column":10},"end":{"line":89,"column":51}},"31":{"start":{"line":91,"column":10},"end":{"line":93,"column":12}},"32":{"start":{"line":97,"column":2},"end":{"line":147,"column":4}},"33":{"start":{"line":105,"column":36},"end":{"line":105,"column":47}},"34":{"start":{"line":108,"column":33},"end":{"line":110,"column":11}},"35":{"start":{"line":109,"column":12},"end":{"line":109,"column":78}},"36":{"start":{"line":111,"column":10},"end":{"line":111,"column":36}},"37":{"start":{"line":114,"column":36},"end":{"line":125,"column":11}},"38":{"start":{"line":119,"column":18},"end":{"line":119,"column":27}},"39":{"start":{"line":120,"column":14},"end":{"line":123,"column":16}},"40":{"start":{"line":126,"column":10},"end":{"line":126,"column":72}},"41":{"start":{"line":128,"column":10},"end":{"line":136,"column":12}},"42":{"start":{"line":150,"column":24},"end":{"line":155,"column":2}},"43":{"start":{"line":150,"column":36},"end":{"line":155,"column":1}},"44":{"start":{"line":157,"column":27},"end":{"line":165,"column":2}},"45":{"start":{"line":157,"column":42},"end":{"line":165,"column":1}},"46":{"start":{"line":160,"column":6},"end":{"line":160,"column":70}},"47":{"start":{"line":162,"column":6},"end":{"line":162,"column":70}},"48":{"start":{"line":163,"column":28},"end":{"line":163,"column":71}}},"fnMap":{"0":{"name":"AutocompleteIngredients","decl":{"start":{"line":26,"column":9},"end":{"line":26,"column":32}},"loc":{"start":{"line":32,"column":3},"end":{"line":148,"column":1}},"line":32},"1":{"name":"(anonymous_1)","decl":{"start":{"line":38,"column":8},"end":{"line":38,"column":9}},"loc":{"start":{"line":38,"column":24},"end":{"line":38,"column":68}},"line":38},"2":{"name":"(anonymous_2)","decl":{"start":{"line":43,"column":20},"end":{"line":43,"column":21}},"loc":{"start":{"line":43,"column":27},"end":{"line":43,"column":62}},"line":43},"3":{"name":"handleAddFridge","decl":{"start":{"line":53,"column":11},"end":{"line":53,"column":26}},"loc":{"start":{"line":53,"column":34},"end":{"line":75,"column":3}},"line":53},"4":{"name":"(anonymous_4)","decl":{"start":{"line":54,"column":33},"end":{"line":54,"column":34}},"loc":{"start":{"line":54,"column":40},"end":{"line":54,"column":46}},"line":54},"5":{"name":"(anonymous_5)","decl":{"start":{"line":57,"column":12},"end":{"line":57,"column":13}},"loc":{"start":{"line":57,"column":21},"end":{"line":65,"column":7}},"line":57},"6":{"name":"(anonymous_6)","decl":{"start":{"line":66,"column":13},"end":{"line":66,"column":14}},"loc":{"start":{"line":66,"column":24},"end":{"line":74,"column":7}},"line":66},"7":{"name":"handleAddPantry","decl":{"start":{"line":77,"column":11},"end":{"line":77,"column":26}},"loc":{"start":{"line":77,"column":34},"end":{"line":95,"column":3}},"line":77},"8":{"name":"(anonymous_8)","decl":{"start":{"line":78,"column":33},"end":{"line":78,"column":34}},"loc":{"start":{"line":78,"column":40},"end":{"line":78,"column":46}},"line":78},"9":{"name":"(anonymous_9)","decl":{"start":{"line":80,"column":12},"end":{"line":80,"column":13}},"loc":{"start":{"line":80,"column":21},"end":{"line":85,"column":7}},"line":80},"10":{"name":"(anonymous_10)","decl":{"start":{"line":86,"column":13},"end":{"line":86,"column":14}},"loc":{"start":{"line":86,"column":24},"end":{"line":94,"column":7}},"line":86},"11":{"name":"(anonymous_11)","decl":{"start":{"line":105,"column":24},"end":{"line":105,"column":25}},"loc":{"start":{"line":105,"column":36},"end":{"line":105,"column":47}},"line":105},"12":{"name":"(anonymous_12)","decl":{"start":{"line":107,"column":18},"end":{"line":107,"column":19}},"loc":{"start":{"line":107,"column":36},"end":{"line":112,"column":9}},"line":107},"13":{"name":"(anonymous_13)","decl":{"start":{"line":108,"column":49},"end":{"line":108,"column":50}},"loc":{"start":{"line":109,"column":12},"end":{"line":109,"column":78}},"line":109},"14":{"name":"(anonymous_14)","decl":{"start":{"line":113,"column":21},"end":{"line":113,"column":22}},"loc":{"start":{"line":113,"column":33},"end":{"line":137,"column":9}},"line":113},"15":{"name":"(anonymous_15)","decl":{"start":{"line":116,"column":12},"end":{"line":116,"column":13}},"loc":{"start":{"line":116,"column":27},"end":{"line":124,"column":13}},"line":116},"16":{"name":"(anonymous_16)","decl":{"start":{"line":150,"column":24},"end":{"line":150,"column":25}},"loc":{"start":{"line":150,"column":36},"end":{"line":155,"column":1}},"line":150},"17":{"name":"(anonymous_17)","decl":{"start":{"line":157,"column":27},"end":{"line":157,"column":28}},"loc":{"start":{"line":157,"column":42},"end":{"line":165,"column":1}},"line":157},"18":{"name":"(anonymous_18)","decl":{"start":{"line":159,"column":17},"end":{"line":159,"column":18}},"loc":{"start":{"line":160,"column":6},"end":{"line":160,"column":70}},"line":160},"19":{"name":"(anonymous_19)","decl":{"start":{"line":161,"column":17},"end":{"line":161,"column":18}},"loc":{"start":{"line":162,"column":6},"end":{"line":162,"column":70}},"line":162},"20":{"name":"(anonymous_20)","decl":{"start":{"line":163,"column":17},"end":{"line":163,"column":18}},"loc":{"start":{"line":163,"column":28},"end":{"line":163,"column":71}},"line":163}},"branchMap":{"0":{"loc":{"start":{"line":36,"column":25},"end":{"line":40,"column":17}},"type":"cond-expr","locations":[{"start":{"line":37,"column":6},"end":{"line":39,"column":7}},{"start":{"line":40,"column":6},"end":{"line":40,"column":17}}],"line":36},"1":{"loc":{"start":{"line":42,"column":25},"end":{"line":44,"column":12}},"type":"cond-expr","locations":[{"start":{"line":43,"column":6},"end":{"line":43,"column":63}},{"start":{"line":44,"column":6},"end":{"line":44,"column":12}}],"line":42},"2":{"loc":{"start":{"line":46,"column":23},"end":{"line":46,"column":65}},"type":"cond-expr","locations":[{"start":{"line":46,"column":34},"end":{"line":46,"column":48}},{"start":{"line":46,"column":51},"end":{"line":46,"column":65}}],"line":46},"3":{"loc":{"start":{"line":68,"column":8},"end":{"line":73,"column":12}},"type":"if","locations":[{"start":{"line":68,"column":8},"end":{"line":73,"column":12}},{"start":{"line":68,"column":8},"end":{"line":73,"column":12}}],"line":68},"4":{"loc":{"start":{"line":68,"column":12},"end":{"line":68,"column":59}},"type":"binary-expr","locations":[{"start":{"line":68,"column":12},"end":{"line":68,"column":26}},{"start":{"line":68,"column":30},"end":{"line":68,"column":59}}],"line":68},"5":{"loc":{"start":{"line":88,"column":8},"end":{"line":93,"column":12}},"type":"if","locations":[{"start":{"line":88,"column":8},"end":{"line":93,"column":12}},{"start":{"line":88,"column":8},"end":{"line":93,"column":12}}],"line":88},"6":{"loc":{"start":{"line":88,"column":12},"end":{"line":88,"column":59}},"type":"binary-expr","locations":[{"start":{"line":88,"column":12},"end":{"line":88,"column":26}},{"start":{"line":88,"column":30},"end":{"line":88,"column":59}}],"line":88},"7":{"loc":{"start":{"line":100,"column":7},"end":{"line":100,"column":36}},"type":"binary-expr","locations":[{"start":{"line":100,"column":7},"end":{"line":100,"column":13}},{"start":{"line":100,"column":17},"end":{"line":100,"column":36}}],"line":100},"8":{"loc":{"start":{"line":109,"column":23},"end":{"line":109,"column":71}},"type":"cond-expr","locations":[{"start":{"line":109,"column":34},"end":{"line":109,"column":51}},{"start":{"line":109,"column":54},"end":{"line":109,"column":71}}],"line":109},"9":{"loc":{"start":{"line":121,"column":16},"end":{"line":121,"column":64}},"type":"cond-expr","locations":[{"start":{"line":121,"column":27},"end":{"line":121,"column":44}},{"start":{"line":121,"column":47},"end":{"line":121,"column":64}}],"line":121},"10":{"loc":{"start":{"line":141,"column":17},"end":{"line":141,"column":61}},"type":"cond-expr","locations":[{"start":{"line":141,"column":28},"end":{"line":141,"column":43}},{"start":{"line":141,"column":46},"end":{"line":141,"column":61}}],"line":141}},"s":{"0":0,"1":0,"2":0,"3":0,"4":0,"5":0,"6":0,"7":0,"8":0,"9":0,"10":0,"11":0,"12":0,"13":0,"14":0,"15":0,"16":0,"17":0,"18":0,"19":0,"20":0,"21":0,"22":0,"23":0,"24":0,"25":0,"26":0,"27":0,"28":0,"29":0,"30":0,"31":0,"32":0,"33":0,"34":0,"35":0,"36":0,"37":0,"38":0,"39":0,"40":0,"41":0,"42":11,"43":0,"44":11,"45":0,"46":0,"47":0,"48":0},"f":{"0":0,"1":0,"2":0,"3":0,"4":0,"5":0,"6":0,"7":0,"8":0,"9":0,"10":0,"11":0,"12":0,"13":0,"14":0,"15":0,"16":0,"17":0,"18":0,"19":0,"20":0},"b":{"0":[0,0],"1":[0,0],"2":[0,0],"3":[0,0],"4":[0,0],"5":[0,0],"6":[0,0],"7":[0,0],"8":[0,0],"9":[0,0],"10":[0,0]},"_coverageSchema":"1a1c01bbd47fc00a2c39e90264f33305004495a9","hash":"4a6aac4baedbb9a2ef87f8ba5073a08892b7ad4f"}
,"/Users/Adrienne/Desktop/MERN/mern-client/src/components/listedRecipe/index.js": {"path":"/Users/Adrienne/Desktop/MERN/mern-client/src/components/listedRecipe/index.js","statementMap":{"0":{"start":{"line":14,"column":21},"end":{"line":165,"column":1}},"1":{"start":{"line":23,"column":18},"end":{"line":23,"column":29}},"2":{"start":{"line":24,"column":32},"end":{"line":24,"column":47}},"3":{"start":{"line":43,"column":6},"end":{"line":43,"column":12}},"4":{"start":{"line":46,"column":4},"end":{"line":49,"column":11}},"5":{"start":{"line":52,"column":20},"end":{"line":52,"column":26}},"6":{"start":{"line":53,"column":22},"end":{"line":74,"column":5}},"7":{"start":{"line":75,"column":4},"end":{"line":75,"column":21}},"8":{"start":{"line":76,"column":4},"end":{"line":76,"column":32}},"9":{"start":{"line":77,"column":4},"end":{"line":77,"column":22}},"10":{"start":{"line":81,"column":4},"end":{"line":81,"column":21}},"11":{"start":{"line":82,"column":4},"end":{"line":82,"column":32}},"12":{"start":{"line":83,"column":4},"end":{"line":83,"column":22}},"13":{"start":{"line":85,"column":2},"end":{"line":85,"column":49}},"14":{"start":{"line":87,"column":2},"end":{"line":164,"column":3}},"15":{"start":{"line":89,"column":4},"end":{"line":117,"column":6}},"16":{"start":{"line":109,"column":16},"end":{"line":109,"column":41}},"17":{"start":{"line":120,"column":4},"end":{"line":163,"column":6}},"18":{"start":{"line":167,"column":24},"end":{"line":169,"column":2}},"19":{"start":{"line":167,"column":36},"end":{"line":169,"column":1}},"20":{"start":{"line":171,"column":27},"end":{"line":177,"column":2}},"21":{"start":{"line":171,"column":42},"end":{"line":177,"column":1}},"22":{"start":{"line":174,"column":6},"end":{"line":174,"column":56}}},"fnMap":{"0":{"name":"(anonymous_0)","decl":{"start":{"line":14,"column":21},"end":{"line":14,"column":22}},"loc":{"start":{"line":22,"column":6},"end":{"line":165,"column":1}},"line":22},"1":{"name":"collectRecipeHandler","decl":{"start":{"line":51,"column":17},"end":{"line":51,"column":37}},"loc":{"start":{"line":51,"column":40},"end":{"line":78,"column":3}},"line":51},"2":{"name":"deleteRecipeHandler","decl":{"start":{"line":80,"column":17},"end":{"line":80,"column":36}},"loc":{"start":{"line":80,"column":41},"end":{"line":84,"column":3}},"line":80},"3":{"name":"(anonymous_3)","decl":{"start":{"line":108,"column":23},"end":{"line":108,"column":24}},"loc":{"start":{"line":108,"column":29},"end":{"line":110,"column":15}},"line":108},"4":{"name":"(anonymous_4)","decl":{"start":{"line":167,"column":24},"end":{"line":167,"column":25}},"loc":{"start":{"line":167,"column":36},"end":{"line":169,"column":1}},"line":167},"5":{"name":"(anonymous_5)","decl":{"start":{"line":171,"column":27},"end":{"line":171,"column":28}},"loc":{"start":{"line":171,"column":42},"end":{"line":177,"column":1}},"line":171},"6":{"name":"(anonymous_6)","decl":{"start":{"line":173,"column":18},"end":{"line":173,"column":19}},"loc":{"start":{"line":173,"column":31},"end":{"line":175,"column":5}},"line":173}},"branchMap":{"0":{"loc":{"start":{"line":87,"column":2},"end":{"line":164,"column":3}},"type":"if","locations":[{"start":{"line":87,"column":2},"end":{"line":164,"column":3}},{"start":{"line":87,"column":2},"end":{"line":164,"column":3}}],"line":87},"1":{"loc":{"start":{"line":95,"column":17},"end":{"line":99,"column":17}},"type":"cond-expr","locations":[{"start":{"line":96,"column":18},"end":{"line":96,"column":50}},{"start":{"line":98,"column":18},"end":{"line":98,"column":63}}],"line":95},"2":{"loc":{"start":{"line":129,"column":17},"end":{"line":133,"column":17}},"type":"cond-expr","locations":[{"start":{"line":130,"column":18},"end":{"line":130,"column":50}},{"start":{"line":132,"column":18},"end":{"line":132,"column":63}}],"line":129},"3":{"loc":{"start":{"line":142,"column":19},"end":{"line":142,"column":77}},"type":"cond-expr","locations":[{"start":{"line":142,"column":32},"end":{"line":142,"column":69}},{"start":{"line":142,"column":72},"end":{"line":142,"column":77}}],"line":142},"4":{"loc":{"start":{"line":143,"column":19},"end":{"line":143,"column":71}},"type":"cond-expr","locations":[{"start":{"line":143,"column":27},"end":{"line":143,"column":63}},{"start":{"line":143,"column":66},"end":{"line":143,"column":71}}],"line":143},"5":{"loc":{"start":{"line":144,"column":19},"end":{"line":144,"column":76}},"type":"cond-expr","locations":[{"start":{"line":144,"column":32},"end":{"line":144,"column":68}},{"start":{"line":144,"column":71},"end":{"line":144,"column":76}}],"line":144},"6":{"loc":{"start":{"line":145,"column":19},"end":{"line":145,"column":75}},"type":"cond-expr","locations":[{"start":{"line":145,"column":31},"end":{"line":145,"column":67}},{"start":{"line":145,"column":70},"end":{"line":145,"column":75}}],"line":145},"7":{"loc":{"start":{"line":149,"column":13},"end":{"line":159,"column":13}},"type":"cond-expr","locations":[{"start":{"line":150,"column":14},"end":{"line":150,"column":59}},{"start":{"line":152,"column":14},"end":{"line":158,"column":23}}],"line":149}},"s":{"0":11,"1":0,"2":0,"3":0,"4":0,"5":0,"6":0,"7":0,"8":0,"9":0,"10":0,"11":0,"12":0,"13":0,"14":0,"15":0,"16":0,"17":0,"18":11,"19":0,"20":11,"21":0,"22":0},"f":{"0":0,"1":0,"2":0,"3":0,"4":0,"5":0,"6":0},"b":{"0":[0,0],"1":[0,0],"2":[0,0],"3":[0,0],"4":[0,0],"5":[0,0],"6":[0,0],"7":[0,0]},"_coverageSchema":"1a1c01bbd47fc00a2c39e90264f33305004495a9","hash":"a67655250eece0ee4d780218780d1ab14af69385"}
,"/Users/Adrienne/Desktop/MERN/mern-client/src/components/loading/index.js": {"path":"/Users/Adrienne/Desktop/MERN/mern-client/src/components/loading/index.js","statementMap":{"0":{"start":{"line":11,"column":6},"end":{"line":17,"column":7}}},"fnMap":{"0":{"name":"Loading","decl":{"start":{"line":9,"column":24},"end":{"line":9,"column":31}},"loc":{"start":{"line":9,"column":35},"end":{"line":19,"column":1}},"line":9}},"branchMap":{},"s":{"0":0},"f":{"0":0},"b":{},"_coverageSchema":"1a1c01bbd47fc00a2c39e90264f33305004495a9","hash":"b4defb0f091d31dfc8c216e9f6f992a13281c223"}
,"/Users/Adrienne/Desktop/MERN/mern-client/src/components/login/index.js": {"path":"/Users/Adrienne/Desktop/MERN/mern-client/src/components/login/index.js","statementMap":{"0":{"start":{"line":19,"column":17},"end":{"line":32,"column":1}},"1":{"start":{"line":20,"column":17},"end":{"line":20,"column":19}},"2":{"start":{"line":22,"column":2},"end":{"line":26,"column":3}},"3":{"start":{"line":23,"column":4},"end":{"line":23,"column":30}},"4":{"start":{"line":24,"column":9},"end":{"line":26,"column":3}},"5":{"start":{"line":25,"column":4},"end":{"line":25,"column":43}},"6":{"start":{"line":28,"column":2},"end":{"line":30,"column":3}},"7":{"start":{"line":29,"column":4},"end":{"line":29,"column":33}},"8":{"start":{"line":31,"column":2},"end":{"line":31,"column":16}},"9":{"start":{"line":34,"column":14},"end":{"line":162,"column":1}},"10":{"start":{"line":35,"column":16},"end":{"line":35,"column":28}},"11":{"start":{"line":36,"column":32},"end":{"line":36,"column":56}},"12":{"start":{"line":38,"column":15},"end":{"line":40,"column":3}},"13":{"start":{"line":42,"column":17},"end":{"line":76,"column":4}},"14":{"start":{"line":50,"column":6},"end":{"line":50,"column":34}},"15":{"start":{"line":51,"column":6},"end":{"line":71,"column":11}},"16":{"start":{"line":53,"column":10},"end":{"line":53,"column":30}},"17":{"start":{"line":54,"column":10},"end":{"line":54,"column":32}},"18":{"start":{"line":55,"column":10},"end":{"line":55,"column":32}},"19":{"start":{"line":56,"column":10},"end":{"line":56,"column":42}},"20":{"start":{"line":57,"column":10},"end":{"line":57,"column":31}},"21":{"start":{"line":58,"column":10},"end":{"line":58,"column":28}},"22":{"start":{"line":59,"column":10},"end":{"line":59,"column":46}},"23":{"start":{"line":62,"column":10},"end":{"line":62,"column":32}},"24":{"start":{"line":63,"column":10},"end":{"line":70,"column":14}},"25":{"start":{"line":64,"column":12},"end":{"line":66,"column":14}},"26":{"start":{"line":68,"column":12},"end":{"line":70,"column":14}},"27":{"start":{"line":72,"column":6},"end":{"line":74,"column":15}},"28":{"start":{"line":73,"column":8},"end":{"line":73,"column":35}},"29":{"start":{"line":78,"column":2},"end":{"line":161,"column":4}},"30":{"start":{"line":139,"column":33},"end":{"line":139,"column":68}},"31":{"start":{"line":146,"column":31},"end":{"line":146,"column":60}},"32":{"start":{"line":164,"column":24},"end":{"line":167,"column":2}},"33":{"start":{"line":164,"column":36},"end":{"line":167,"column":1}},"34":{"start":{"line":169,"column":27},"end":{"line":178,"column":2}},"35":{"start":{"line":169,"column":42},"end":{"line":178,"column":1}},"36":{"start":{"line":171,"column":25},"end":{"line":171,"column":71}},"37":{"start":{"line":173,"column":6},"end":{"line":173,"column":63}},"38":{"start":{"line":174,"column":18},"end":{"line":174,"column":46}},"39":{"start":{"line":175,"column":28},"end":{"line":175,"column":77}},"40":{"start":{"line":176,"column":22},"end":{"line":176,"column":54}}},"fnMap":{"0":{"name":"(anonymous_0)","decl":{"start":{"line":19,"column":17},"end":{"line":19,"column":18}},"loc":{"start":{"line":19,"column":29},"end":{"line":32,"column":1}},"line":19},"1":{"name":"(anonymous_1)","decl":{"start":{"line":34,"column":14},"end":{"line":34,"column":15}},"loc":{"start":{"line":34,"column":50},"end":{"line":162,"column":1}},"line":34},"2":{"name":"(anonymous_2)","decl":{"start":{"line":49,"column":14},"end":{"line":49,"column":15}},"loc":{"start":{"line":49,"column":32},"end":{"line":75,"column":5}},"line":49},"3":{"name":"(anonymous_3)","decl":{"start":{"line":52,"column":14},"end":{"line":52,"column":15}},"loc":{"start":{"line":52,"column":21},"end":{"line":60,"column":9}},"line":52},"4":{"name":"(anonymous_4)","decl":{"start":{"line":61,"column":15},"end":{"line":61,"column":16}},"loc":{"start":{"line":61,"column":26},"end":{"line":71,"column":9}},"line":61},"5":{"name":"(anonymous_5)","decl":{"start":{"line":72,"column":17},"end":{"line":72,"column":18}},"loc":{"start":{"line":72,"column":23},"end":{"line":74,"column":7}},"line":72},"6":{"name":"(anonymous_6)","decl":{"start":{"line":139,"column":27},"end":{"line":139,"column":28}},"loc":{"start":{"line":139,"column":33},"end":{"line":139,"column":68}},"line":139},"7":{"name":"(anonymous_7)","decl":{"start":{"line":146,"column":25},"end":{"line":146,"column":26}},"loc":{"start":{"line":146,"column":31},"end":{"line":146,"column":60}},"line":146},"8":{"name":"(anonymous_8)","decl":{"start":{"line":164,"column":24},"end":{"line":164,"column":25}},"loc":{"start":{"line":164,"column":36},"end":{"line":167,"column":1}},"line":164},"9":{"name":"(anonymous_9)","decl":{"start":{"line":169,"column":27},"end":{"line":169,"column":28}},"loc":{"start":{"line":169,"column":42},"end":{"line":178,"column":1}},"line":169},"10":{"name":"(anonymous_10)","decl":{"start":{"line":171,"column":11},"end":{"line":171,"column":12}},"loc":{"start":{"line":171,"column":25},"end":{"line":171,"column":71}},"line":171},"11":{"name":"(anonymous_11)","decl":{"start":{"line":172,"column":19},"end":{"line":172,"column":20}},"loc":{"start":{"line":173,"column":6},"end":{"line":173,"column":63}},"line":173},"12":{"name":"(anonymous_12)","decl":{"start":{"line":174,"column":12},"end":{"line":174,"column":13}},"loc":{"start":{"line":174,"column":18},"end":{"line":174,"column":46}},"line":174},"13":{"name":"(anonymous_13)","decl":{"start":{"line":175,"column":15},"end":{"line":175,"column":16}},"loc":{"start":{"line":175,"column":28},"end":{"line":175,"column":77}},"line":175},"14":{"name":"(anonymous_14)","decl":{"start":{"line":176,"column":16},"end":{"line":176,"column":17}},"loc":{"start":{"line":176,"column":22},"end":{"line":176,"column":54}},"line":176}},"branchMap":{"0":{"loc":{"start":{"line":22,"column":2},"end":{"line":26,"column":3}},"type":"if","locations":[{"start":{"line":22,"column":2},"end":{"line":26,"column":3}},{"start":{"line":22,"column":2},"end":{"line":26,"column":3}}],"line":22},"1":{"loc":{"start":{"line":24,"column":9},"end":{"line":26,"column":3}},"type":"if","locations":[{"start":{"line":24,"column":9},"end":{"line":26,"column":3}},{"start":{"line":24,"column":9},"end":{"line":26,"column":3}}],"line":24},"2":{"loc":{"start":{"line":28,"column":2},"end":{"line":30,"column":3}},"type":"if","locations":[{"start":{"line":28,"column":2},"end":{"line":30,"column":3}},{"start":{"line":28,"column":2},"end":{"line":30,"column":3}}],"line":28},"3":{"loc":{"start":{"line":63,"column":10},"end":{"line":70,"column":14}},"type":"if","locations":[{"start":{"line":63,"column":10},"end":{"line":70,"column":14}},{"start":{"line":63,"column":10},"end":{"line":70,"column":14}}],"line":63},"4":{"loc":{"start":{"line":63,"column":14},"end":{"line":63,"column":61}},"type":"binary-expr","locations":[{"start":{"line":63,"column":14},"end":{"line":63,"column":28}},{"start":{"line":63,"column":32},"end":{"line":63,"column":61}}],"line":63},"5":{"loc":{"start":{"line":80,"column":7},"end":{"line":159,"column":7}},"type":"cond-expr","locations":[{"start":{"line":81,"column":8},"end":{"line":81,"column":19}},{"start":{"line":83,"column":8},"end":{"line":158,"column":11}}],"line":80},"6":{"loc":{"start":{"line":86,"column":13},"end":{"line":92,"column":13}},"type":"binary-expr","locations":[{"start":{"line":86,"column":13},"end":{"line":86,"column":26}},{"start":{"line":87,"column":14},"end":{"line":91,"column":21}}],"line":86},"7":{"loc":{"start":{"line":104,"column":13},"end":{"line":108,"column":20}},"type":"cond-expr","locations":[{"start":{"line":105,"column":14},"end":{"line":107,"column":21}},{"start":{"line":108,"column":16},"end":{"line":108,"column":20}}],"line":104},"8":{"loc":{"start":{"line":104,"column":13},"end":{"line":104,"column":56}},"type":"binary-expr","locations":[{"start":{"line":104,"column":13},"end":{"line":104,"column":33}},{"start":{"line":104,"column":37},"end":{"line":104,"column":56}}],"line":104},"9":{"loc":{"start":{"line":120,"column":13},"end":{"line":124,"column":20}},"type":"cond-expr","locations":[{"start":{"line":121,"column":14},"end":{"line":123,"column":21}},{"start":{"line":124,"column":16},"end":{"line":124,"column":20}}],"line":120},"10":{"loc":{"start":{"line":120,"column":13},"end":{"line":120,"column":62}},"type":"binary-expr","locations":[{"start":{"line":120,"column":13},"end":{"line":120,"column":36}},{"start":{"line":120,"column":40},"end":{"line":120,"column":62}}],"line":120}},"s":{"0":11,"1":0,"2":0,"3":0,"4":0,"5":0,"6":0,"7":0,"8":0,"9":11,"10":6,"11":6,"12":6,"13":6,"14":0,"15":0,"16":0,"17":0,"18":0,"19":0,"20":0,"21":0,"22":0,"23":0,"24":0,"25":0,"26":0,"27":0,"28":0,"29":6,"30":0,"31":0,"32":11,"33":6,"34":11,"35":6,"36":0,"37":0,"38":0,"39":0,"40":0},"f":{"0":0,"1":6,"2":0,"3":0,"4":0,"5":0,"6":0,"7":0,"8":6,"9":6,"10":0,"11":0,"12":0,"13":0,"14":0},"b":{"0":[0,0],"1":[0,0],"2":[0,0],"3":[0,0],"4":[0,0],"5":[0,6],"6":[6,0],"7":[0,6],"8":[6,0],"9":[0,6],"10":[6,0]},"_coverageSchema":"1a1c01bbd47fc00a2c39e90264f33305004495a9","hash":"049e1329b2a7e08766993e411f8647724668cdc0"}
,"/Users/Adrienne/Desktop/MERN/mern-client/src/components/logo/index.js": {"path":"/Users/Adrienne/Desktop/MERN/mern-client/src/components/logo/index.js","statementMap":{"0":{"start":{"line":6,"column":13},"end":{"line":20,"column":1}},"1":{"start":{"line":7,"column":2},"end":{"line":19,"column":4}}},"fnMap":{"0":{"name":"(anonymous_0)","decl":{"start":{"line":6,"column":13},"end":{"line":6,"column":14}},"loc":{"start":{"line":6,"column":19},"end":{"line":20,"column":1}},"line":6}},"branchMap":{},"s":{"0":11,"1":44},"f":{"0":44},"b":{},"_coverageSchema":"1a1c01bbd47fc00a2c39e90264f33305004495a9","hash":"d863f225e70cec6d7b205a78a3d00dd8531e55b9"}
[...]
,"/Users/Adrienne/Desktop/MERN/mern-client/src/reducers/recipes/index.js": {"path":"/Users/Adrienne/Desktop/MERN/mern-client/src/reducers/recipes/index.js","statementMap":{"0":{"start":{"line":3,"column":22},"end":{"line":3,"column":51}},"1":{"start":{"line":4,"column":21},"end":{"line":4,"column":49}},"2":{"start":{"line":5,"column":21},"end":{"line":5,"column":49}},"3":{"start":{"line":7,"column":21},"end":{"line":11,"column":1}},"4":{"start":{"line":13,"column":16},"end":{"line":24,"column":2}},"5":{"start":{"line":14,"column":2},"end":{"line":23,"column":7}},"6":{"start":{"line":16,"column":6},"end":{"line":16,"column":43}},"7":{"start":{"line":19,"column":6},"end":{"line":19,"column":42}},"8":{"start":{"line":22,"column":6},"end":{"line":22,"column":42}}},"fnMap":{"0":{"name":"(anonymous_0)","decl":{"start":{"line":13,"column":44},"end":{"line":13,"column":45}},"loc":{"start":{"line":13,"column":57},"end":{"line":24,"column":1}},"line":13},"1":{"name":"(anonymous_1)","decl":{"start":{"line":15,"column":28},"end":{"line":15,"column":29}},"loc":{"start":{"line":15,"column":47},"end":{"line":17,"column":5}},"line":15},"2":{"name":"(anonymous_2)","decl":{"start":{"line":18,"column":27},"end":{"line":18,"column":28}},"loc":{"start":{"line":18,"column":46},"end":{"line":20,"column":5}},"line":18},"3":{"name":"(anonymous_3)","decl":{"start":{"line":21,"column":27},"end":{"line":21,"column":28}},"loc":{"start":{"line":21,"column":46},"end":{"line":23,"column":5}},"line":21}},"branchMap":{},"s":{"0":11,"1":11,"2":11,"3":11,"4":11,"5":11,"6":0,"7":0,"8":0},"f":{"0":11,"1":0,"2":0,"3":0},"b":{},"_coverageSchema":"1a1c01bbd47fc00a2c39e90264f33305004495a9","hash":"7658185cdd7a7450f6256d26e6a842e9a5c7dde1"}
,"/Users/Adrienne/Desktop/MERN/mern-client/src/reducers/userInfo/index.js": {"path":"/Users/Adrienne/Desktop/MERN/mern-client/src/reducers/userInfo/index.js","statementMap":{"0":{"start":{"line":3,"column":17},"end":{"line":3,"column":41}},"1":{"start":{"line":4,"column":22},"end":{"line":4,"column":51}},"2":{"start":{"line":5,"column":22},"end":{"line":5,"column":51}},"3":{"start":{"line":7,"column":21},"end":{"line":7,"column":76}},"4":{"start":{"line":10,"column":28},"end":{"line":22,"column":2}},"5":{"start":{"line":11,"column":2},"end":{"line":15,"column":5}},"6":{"start":{"line":12,"column":4},"end":{"line":12,"column":45}},"7":{"start":{"line":13,"column":4},"end":{"line":13,"column":39}},"8":{"start":{"line":14,"column":4},"end":{"line":14,"column":43}},"9":{"start":{"line":16,"column":2},"end":{"line":18,"column":5}},"10":{"start":{"line":17,"column":4},"end":{"line":17,"column":44}},"11":{"start":{"line":19,"column":2},"end":{"line":21,"column":5}},"12":{"start":{"line":20,"column":4},"end":{"line":20,"column":25}}},"fnMap":{"0":{"name":"(anonymous_0)","decl":{"start":{"line":10,"column":56},"end":{"line":10,"column":57}},"loc":{"start":{"line":10,"column":69},"end":{"line":22,"column":1}},"line":10},"1":{"name":"(anonymous_1)","decl":{"start":{"line":11,"column":28},"end":{"line":11,"column":29}},"loc":{"start":{"line":11,"column":47},"end":{"line":15,"column":3}},"line":11},"2":{"name":"(anonymous_2)","decl":{"start":{"line":16,"column":33},"end":{"line":16,"column":34}},"loc":{"start":{"line":16,"column":53},"end":{"line":18,"column":3}},"line":16},"3":{"name":"(anonymous_3)","decl":{"start":{"line":19,"column":33},"end":{"line":19,"column":34}},"loc":{"start":{"line":19,"column":44},"end":{"line":21,"column":3}},"line":19}},"branchMap":{},"s":{"0":11,"1":11,"2":11,"3":11,"4":11,"5":11,"6":0,"7":0,"8":0,"9":11,"10":0,"11":11,"12":0},"f":{"0":11,"1":0,"2":0,"3":0},"b":{},"_coverageSchema":"1a1c01bbd47fc00a2c39e90264f33305004495a9","hash":"f807a7bea201c565a40f16512eafc1db97fe8ed6"}
,"/Users/Adrienne/Desktop/MERN/mern-client/src/services/authServices.js": {"path":"/Users/Adrienne/Desktop/MERN/mern-client/src/services/authServices.js","statementMap":{"0":{"start":{"line":5,"column":19},"end":{"line":5,"column":61}},"1":{"start":{"line":6,"column":2},"end":{"line":6,"column":23}},"2":{"start":{"line":11,"column":19},"end":{"line":11,"column":58}},"3":{"start":{"line":12,"column":2},"end":{"line":12,"column":23}},"4":{"start":{"line":17,"column":2},"end":{"line":17,"column":33}},"5":{"start":{"line":23,"column":19},"end":{"line":23,"column":65}},"6":{"start":{"line":24,"column":2},"end":{"line":24,"column":23}},"7":{"start":{"line":30,"column":19},"end":{"line":34,"column":4}},"8":{"start":{"line":35,"column":2},"end":{"line":35,"column":23}},"9":{"start":{"line":41,"column":19},"end":{"line":41,"column":67}},"10":{"start":{"line":42,"column":2},"end":{"line":42,"column":23}},"11":{"start":{"line":47,"column":19},"end":{"line":47,"column":75}},"12":{"start":{"line":48,"column":2},"end":{"line":48,"column":23}},"13":{"start":{"line":53,"column":19},"end":{"line":56,"column":3}},"14":{"start":{"line":57,"column":2},"end":{"line":57,"column":23}},"15":{"start":{"line":62,"column":2},"end":{"line":71,"column":20}},"16":{"start":{"line":64,"column":19},"end":{"line":64,"column":33}},"17":{"start":{"line":65,"column":4},"end":{"line":65,"column":36}},"18":{"start":{"line":66,"column":21},"end":{"line":69,"column":5}},"19":{"start":{"line":70,"column":4},"end":{"line":70,"column":25}},"20":{"start":{"line":76,"column":19},"end":{"line":76,"column":60}},"21":{"start":{"line":77,"column":2},"end":{"line":77,"column":23}},"22":{"start":{"line":82,"column":19},"end":{"line":85,"column":3}},"23":{"start":{"line":86,"column":2},"end":{"line":86,"column":23}},"24":{"start":{"line":90,"column":2},"end":{"line":90,"column":42}},"25":{"start":{"line":95,"column":2},"end":{"line":97,"column":42}},"26":{"start":{"line":102,"column":2},"end":{"line":102,"column":41}},"27":{"start":{"line":107,"column":2},"end":{"line":109,"column":41}},"28":{"start":{"line":114,"column":2},"end":{"line":114,"column":45}},"29":{"start":{"line":119,"column":2},"end":{"line":121,"column":45}}},"fnMap":{"0":{"name":"registerUser","decl":{"start":{"line":3,"column":22},"end":{"line":3,"column":34}},"loc":{"start":{"line":3,"column":45},"end":{"line":7,"column":1}},"line":3},"1":{"name":"loginUser","decl":{"start":{"line":9,"column":22},"end":{"line":9,"column":31}},"loc":{"start":{"line":9,"column":42},"end":{"line":13,"column":1}},"line":9},"2":{"name":"logoutUser","decl":{"start":{"line":15,"column":22},"end":{"line":15,"column":32}},"loc":{"start":{"line":15,"column":35},"end":{"line":18,"column":1}},"line":15},"3":{"name":"forgotPassword","decl":{"start":{"line":20,"column":22},"end":{"line":20,"column":36}},"loc":{"start":{"line":20,"column":44},"end":{"line":25,"column":1}},"line":20},"4":{"name":"resetPassword","decl":{"start":{"line":27,"column":22},"end":{"line":27,"column":35}},"loc":{"start":{"line":27,"column":43},"end":{"line":36,"column":1}},"line":27},"5":{"name":"updatePasswordViaReset","decl":{"start":{"line":38,"column":22},"end":{"line":38,"column":44}},"loc":{"start":{"line":38,"column":55},"end":{"line":43,"column":1}},"line":38},"6":{"name":"getUserSettings","decl":{"start":{"line":45,"column":22},"end":{"line":45,"column":37}},"loc":{"start":{"line":45,"column":48},"end":{"line":49,"column":1}},"line":45},"7":{"name":"updateUserSettings","decl":{"start":{"line":51,"column":22},"end":{"line":51,"column":40}},"loc":{"start":{"line":51,"column":64},"end":{"line":58,"column":1}},"line":51},"8":{"name":"uploadProfileImage","decl":{"start":{"line":60,"column":22},"end":{"line":60,"column":40}},"loc":{"start":{"line":60,"column":58},"end":{"line":72,"column":1}},"line":60},"9":{"name":"getPreference","decl":{"start":{"line":74,"column":22},"end":{"line":74,"column":35}},"loc":{"start":{"line":74,"column":46},"end":{"line":78,"column":1}},"line":74},"10":{"name":"updatePreference","decl":{"start":{"line":80,"column":22},"end":{"line":80,"column":38}},"loc":{"start":{"line":80,"column":59},"end":{"line":87,"column":1}},"line":80},"11":{"name":"getUsername","decl":{"start":{"line":89,"column":16},"end":{"line":89,"column":27}},"loc":{"start":{"line":89,"column":30},"end":{"line":91,"column":1}},"line":89},"12":{"name":"setUsername","decl":{"start":{"line":94,"column":16},"end":{"line":94,"column":27}},"loc":{"start":{"line":94,"column":34},"end":{"line":98,"column":1}},"line":94},"13":{"name":"getProfile","decl":{"start":{"line":101,"column":16},"end":{"line":101,"column":26}},"loc":{"start":{"line":101,"column":29},"end":{"line":103,"column":1}},"line":101},"14":{"name":"setProfile","decl":{"start":{"line":106,"column":16},"end":{"line":106,"column":26}},"loc":{"start":{"line":106,"column":34},"end":{"line":110,"column":1}},"line":106},"15":{"name":"getPref","decl":{"start":{"line":113,"column":16},"end":{"line":113,"column":23}},"loc":{"start":{"line":113,"column":26},"end":{"line":115,"column":1}},"line":113},"16":{"name":"setPref","decl":{"start":{"line":118,"column":16},"end":{"line":118,"column":23}},"loc":{"start":{"line":118,"column":30},"end":{"line":122,"column":1}},"line":118}},"branchMap":{"0":{"loc":{"start":{"line":95,"column":2},"end":{"line":97,"column":41}},"type":"cond-expr","locations":[{"start":{"line":96,"column":6},"end":{"line":96,"column":44}},{"start":{"line":97,"column":6},"end":{"line":97,"column":41}}],"line":95},"1":{"loc":{"start":{"line":107,"column":2},"end":{"line":109,"column":40}},"type":"cond-expr","locations":[{"start":{"line":108,"column":6},"end":{"line":108,"column":44}},{"start":{"line":109,"column":6},"end":{"line":109,"column":40}}],"line":107},"2":{"loc":{"start":{"line":119,"column":2},"end":{"line":121,"column":44}},"type":"cond-expr","locations":[{"start":{"line":120,"column":6},"end":{"line":120,"column":63}},{"start":{"line":121,"column":6},"end":{"line":121,"column":44}}],"line":119}},"s":{"0":0,"1":0,"2":0,"3":0,"4":0,"5":0,"6":0,"7":0,"8":0,"9":0,"10":0,"11":0,"12":0,"13":0,"14":0,"15":0,"16":0,"17":0,"18":0,"19":0,"20":0,"21":0,"22":0,"23":0,"24":11,"25":0,"26":0,"27":0,"28":0,"29":0},"f":{"0":0,"1":0,"2":0,"3":0,"4":0,"5":0,"6":0,"7":0,"8":0,"9":0,"10":0,"11":11,"12":0,"13":0,"14":0,"15":0,"16":0},"b":{"0":[0,0],"1":[0,0],"2":[0,0]},"_coverageSchema":"1a1c01bbd47fc00a2c39e90264f33305004495a9","hash":"82296be613e582f81952d9d00339b98a7738196a"}
,"/Users/Adrienne/Desktop/MERN/mern-client/src/services/ingredientServices.js": {"path":"/Users/Adrienne/Desktop/MERN/mern-client/src/services/ingredientServices.js","statementMap":{"0":{"start":{"line":7,"column":19},"end":{"line":7,"column":72}},"1":{"start":{"line":8,"column":2},"end":{"line":8,"column":23}},"2":{"start":{"line":13,"column":19},"end":{"line":16,"column":3}},"3":{"start":{"line":17,"column":2},"end":{"line":17,"column":23}},"4":{"start":{"line":22,"column":19},"end":{"line":25,"column":3}},"5":{"start":{"line":26,"column":2},"end":{"line":26,"column":18}},"6":{"start":{"line":31,"column":19},"end":{"line":33,"column":3}},"7":{"start":{"line":34,"column":2},"end":{"line":34,"column":23}},"8":{"start":{"line":41,"column":19},"end":{"line":41,"column":72}},"9":{"start":{"line":42,"column":2},"end":{"line":42,"column":23}},"10":{"start":{"line":47,"column":19},"end":{"line":50,"column":3}},"11":{"start":{"line":51,"column":2},"end":{"line":51,"column":23}},"12":{"start":{"line":56,"column":19},"end":{"line":59,"column":3}},"13":{"start":{"line":60,"column":2},"end":{"line":60,"column":23}},"14":{"start":{"line":65,"column":19},"end":{"line":68,"column":3}},"15":{"start":{"line":69,"column":2},"end":{"line":69,"column":23}},"16":{"start":{"line":73,"column":2},"end":{"line":73,"column":40}},"17":{"start":{"line":77,"column":2},"end":{"line":79,"column":40}},"18":{"start":{"line":83,"column":2},"end":{"line":83,"column":40}},"19":{"start":{"line":87,"column":2},"end":{"line":89,"column":40}}},"fnMap":{"0":{"name":"getAllFridgeIngredients","decl":{"start":{"line":6,"column":22},"end":{"line":6,"column":45}},"loc":{"start":{"line":6,"column":56},"end":{"line":9,"column":1}},"line":6},"1":{"name":"addFridgeItem","decl":{"start":{"line":12,"column":22},"end":{"line":12,"column":35}},"loc":{"start":{"line":12,"column":52},"end":{"line":18,"column":1}},"line":12},"2":{"name":"deleteFridgeItem","decl":{"start":{"line":21,"column":22},"end":{"line":21,"column":38}},"loc":{"start":{"line":21,"column":55},"end":{"line":27,"column":1}},"line":21},"3":{"name":"deleteAllFridge","decl":{"start":{"line":30,"column":22},"end":{"line":30,"column":37}},"loc":{"start":{"line":30,"column":48},"end":{"line":35,"column":1}},"line":30},"4":{"name":"getAllPantryIngredients","decl":{"start":{"line":40,"column":22},"end":{"line":40,"column":45}},"loc":{"start":{"line":40,"column":56},"end":{"line":43,"column":1}},"line":40},"5":{"name":"addPantryItem","decl":{"start":{"line":46,"column":22},"end":{"line":46,"column":35}},"loc":{"start":{"line":46,"column":52},"end":{"line":52,"column":1}},"line":46},"6":{"name":"deletePantryItem","decl":{"start":{"line":55,"column":22},"end":{"line":55,"column":38}},"loc":{"start":{"line":55,"column":55},"end":{"line":61,"column":1}},"line":55},"7":{"name":"deleteAllPantry","decl":{"start":{"line":64,"column":22},"end":{"line":64,"column":37}},"loc":{"start":{"line":64,"column":54},"end":{"line":70,"column":1}},"line":64},"8":{"name":"getFridge","decl":{"start":{"line":72,"column":16},"end":{"line":72,"column":25}},"loc":{"start":{"line":72,"column":28},"end":{"line":74,"column":1}},"line":72},"9":{"name":"setFridge","decl":{"start":{"line":76,"column":16},"end":{"line":76,"column":25}},"loc":{"start":{"line":76,"column":33},"end":{"line":80,"column":1}},"line":76},"10":{"name":"getPantry","decl":{"start":{"line":82,"column":16},"end":{"line":82,"column":25}},"loc":{"start":{"line":82,"column":28},"end":{"line":84,"column":1}},"line":82},"11":{"name":"setPantry","decl":{"start":{"line":86,"column":16},"end":{"line":86,"column":25}},"loc":{"start":{"line":86,"column":33},"end":{"line":90,"column":1}},"line":86}},"branchMap":{"0":{"loc":{"start":{"line":77,"column":2},"end":{"line":79,"column":39}},"type":"cond-expr","locations":[{"start":{"line":78,"column":6},"end":{"line":78,"column":43}},{"start":{"line":79,"column":6},"end":{"line":79,"column":39}}],"line":77},"1":{"loc":{"start":{"line":87,"column":2},"end":{"line":89,"column":39}},"type":"cond-expr","locations":[{"start":{"line":88,"column":6},"end":{"line":88,"column":43}},{"start":{"line":89,"column":6},"end":{"line":89,"column":39}}],"line":87}},"s":{"0":0,"1":0,"2":0,"3":0,"4":0,"5":0,"6":0,"7":0,"8":0,"9":0,"10":0,"11":0,"12":0,"13":0,"14":0,"15":0,"16":0,"17":0,"18":0,"19":0},"f":{"0":0,"1":0,"2":0,"3":0,"4":0,"5":0,"6":0,"7":0,"8":0,"9":0,"10":0,"11":0},"b":{"0":[0,0],"1":[0,0]},"_coverageSchema":"1a1c01bbd47fc00a2c39e90264f33305004495a9","hash":"4a6953293e8fd5219a4d36b89b31ad4438302d7b"}
,"/Users/Adrienne/Desktop/MERN/mern-client/src/services/recipeServices.js": {"path":"/Users/Adrienne/Desktop/MERN/mern-client/src/services/recipeServices.js","statementMap":{"0":{"start":{"line":5,"column":19},"end":{"line":5,"column":51}},"1":{"start":{"line":6,"column":2},"end":{"line":6,"column":41}},"2":{"start":{"line":7,"column":2},"end":{"line":7,"column":23}},"3":{"start":{"line":12,"column":19},"end":{"line":12,"column":58}},"4":{"start":{"line":13,"column":2},"end":{"line":13,"column":23}},"5":{"start":{"line":18,"column":19},"end":{"line":18,"column":56}},"6":{"start":{"line":19,"column":2},"end":{"line":19,"column":23}},"7":{"start":{"line":24,"column":19},"end":{"line":24,"column":57}},"8":{"start":{"line":25,"column":2},"end":{"line":25,"column":23}},"9":{"start":{"line":30,"column":19},"end":{"line":30,"column":59}},"10":{"start":{"line":31,"column":2},"end":{"line":31,"column":23}},"11":{"start":{"line":35,"column":2},"end":{"line":35,"column":48}},"12":{"start":{"line":39,"column":2},"end":{"line":41,"column":48}},"13":{"start":{"line":45,"column":2},"end":{"line":45,"column":46}},"14":{"start":{"line":49,"column":2},"end":{"line":51,"column":46}},"15":{"start":{"line":55,"column":2},"end":{"line":55,"column":46}},"16":{"start":{"line":59,"column":2},"end":{"line":61,"column":46}}},"fnMap":{"0":{"name":"browseSearchRecipes","decl":{"start":{"line":4,"column":22},"end":{"line":4,"column":41}},"loc":{"start":{"line":4,"column":44},"end":{"line":8,"column":1}},"line":4},"1":{"name":"getAllUserSavedRecipes","decl":{"start":{"line":11,"column":22},"end":{"line":11,"column":44}},"loc":{"start":{"line":11,"column":47},"end":{"line":14,"column":1}},"line":11},"2":{"name":"getSingleRecipePage","decl":{"start":{"line":17,"column":22},"end":{"line":17,"column":41}},"loc":{"start":{"line":17,"column":52},"end":{"line":20,"column":1}},"line":17},"3":{"name":"addNewSavedRecipe","decl":{"start":{"line":23,"column":22},"end":{"line":23,"column":39}},"loc":{"start":{"line":23,"column":48},"end":{"line":26,"column":1}},"line":23},"4":{"name":"removedSavedRecipe","decl":{"start":{"line":29,"column":22},"end":{"line":29,"column":40}},"loc":{"start":{"line":29,"column":51},"end":{"line":32,"column":1}},"line":29},"5":{"name":"getBrowsedRecipes","decl":{"start":{"line":34,"column":16},"end":{"line":34,"column":33}},"loc":{"start":{"line":34,"column":36},"end":{"line":36,"column":1}},"line":34},"6":{"name":"setBrowsedRecipes","decl":{"start":{"line":38,"column":16},"end":{"line":38,"column":33}},"loc":{"start":{"line":38,"column":41},"end":{"line":42,"column":1}},"line":38},"7":{"name":"getSavedRecipes","decl":{"start":{"line":44,"column":16},"end":{"line":44,"column":31}},"loc":{"start":{"line":44,"column":34},"end":{"line":46,"column":1}},"line":44},"8":{"name":"setSavedRecipes","decl":{"start":{"line":48,"column":16},"end":{"line":48,"column":31}},"loc":{"start":{"line":48,"column":40},"end":{"line":52,"column":1}},"line":48},"9":{"name":"getSingleRecipe","decl":{"start":{"line":54,"column":16},"end":{"line":54,"column":31}},"loc":{"start":{"line":54,"column":34},"end":{"line":56,"column":1}},"line":54},"10":{"name":"setSingleRecipe","decl":{"start":{"line":58,"column":16},"end":{"line":58,"column":31}},"loc":{"start":{"line":58,"column":40},"end":{"line":62,"column":1}},"line":58}},"branchMap":{"0":{"loc":{"start":{"line":39,"column":2},"end":{"line":41,"column":47}},"type":"cond-expr","locations":[{"start":{"line":40,"column":6},"end":{"line":40,"column":67}},{"start":{"line":41,"column":6},"end":{"line":41,"column":47}}],"line":39},"1":{"loc":{"start":{"line":49,"column":2},"end":{"line":51,"column":45}},"type":"cond-expr","locations":[{"start":{"line":50,"column":6},"end":{"line":50,"column":66}},{"start":{"line":51,"column":6},"end":{"line":51,"column":45}}],"line":49},"2":{"loc":{"start":{"line":59,"column":2},"end":{"line":61,"column":45}},"type":"cond-expr","locations":[{"start":{"line":60,"column":6},"end":{"line":60,"column":66}},{"start":{"line":61,"column":6},"end":{"line":61,"column":45}}],"line":59}},"s":{"0":0,"1":0,"2":0,"3":0,"4":0,"5":0,"6":0,"7":0,"8":0,"9":0,"10":0,"11":0,"12":0,"13":0,"14":0,"15":0,"16":0},"f":{"0":0,"1":0,"2":0,"3":0,"4":0,"5":0,"6":0,"7":0,"8":0,"9":0,"10":0},"b":{"0":[0,0],"1":[0,0],"2":[0,0]},"_coverageSchema":"1a1c01bbd47fc00a2c39e90264f33305004495a9","hash":"d51ef5673669e35a35382e87c290686966303981"}
}
