{"total": {"lines":{"total":924,"covered":345,"skipped":0,"pct":37.34},"statements":{"total":973,"covered":370,"skipped":0,"pct":38.03},"functions":{"total":353,"covered":115,"skipped":0,"pct":32.58},"branches":{"total":356,"covered":99,"skipped":0,"pct":27.81}}
,"/Users/Adrienne/Desktop/MERN/mern-client/src/App.js": {"lines":{"total":20,"covered":15,"skipped":0,"pct":75},"functions":{"total":10,"covered":8,"skipped":0,"pct":80},"statements":{"total":22,"covered":17,"skipped":0,"pct":77.27},"branches":{"total":2,"covered":2,"skipped":0,"pct":100}}
,"/Users/Adrienne/Desktop/MERN/mern-client/src/index.js": {"lines":{"total":6,"covered":6,"skipped":0,"pct":100},"functions":{"total":0,"covered":0,"skipped":0,"pct":100},"statements":{"total":6,"covered":6,"skipped":0,"pct":100},"branches":{"total":4,"covered":2,"skipped":0,"pct":50}}
,"/Users/Adrienne/Desktop/MERN/mern-client/src/reducers.js": {"lines":{"total":0,"covered":0,"skipped":0,"pct":0},"functions":{"total":0,"covered":0,"skipped":0,"pct":0},"statements":{"total":0,"covered":0,"skipped":0,"pct":0},"branches":{"total":0,"covered":0,"skipped":0,"pct":0}}
,"/Users/Adrienne/Desktop/MERN/mern-client/src/reportWebVitals.js": {"lines":{"total":8,"covered":2,"skipped":0,"pct":25},"functions":{"total":2,"covered":1,"skipped":0,"pct":50},"statements":{"total":8,"covered":2,"skipped":0,"pct":25},"branches":{"total":4,"covered":2,"skipped":0,"pct":50}}
,"/Users/Adrienne/Desktop/MERN/mern-client/src/components/AuthenticationModal/index.js": {"lines":{"total":9,"covered":7,"skipped":0,"pct":77.78},"functions":{"total":5,"covered":3,"skipped":0,"pct":60},"statements":{"total":11,"covered":9,"skipped":0,"pct":81.82},"branches":{"total":2,"covered":2,"skipped":0,"pct":100}}
,"/Users/Adrienne/Desktop/MERN/mern-client/src/components/browseRecipes/index.js": {"lines":{"total":67,"covered":30,"skipped":0,"pct":44.78},"functions":{"total":20,"covered":10,"skipped":0,"pct":50},"statements":{"total":69,"covered":32,"skipped":0,"pct":46.38},"branches":{"total":24,"covered":10,"skipped":0,"pct":41.67}}
,"/Users/Adrienne/Desktop/MERN/mern-client/src/components/carousel/index.js": {"lines":{"total":12,"covered":7,"skipped":0,"pct":58.33},"functions":{"total":7,"covered":3,"skipped":0,"pct":42.86},"statements":{"total":14,"covered":9,"skipped":0,"pct":64.29},"branches":{"total":0,"covered":0,"skipped":0,"pct":100}}
,"/Users/Adrienne/Desktop/MERN/mern-client/src/components/footer/index.js": {"lines":{"total":2,"covered":2,"skipped":0,"pct":100},"functions":{"total":1,"covered":1,"skipped":0,"pct":100},"statements":{"total":2,"covered":2,"skipped":0,"pct":100},"branches":{"total":0,"covered":0,"skipped":0,"pct":100}}
,"/Users/Adrienne/Desktop/MERN/mern-client/src/components/forgotPassword/index.js": {"lines":{"total":32,"covered":4,"skipped":0,"pct":12.5},"functions":{"total":13,"covered":0,"skipped":0,"pct":0},"statements":{"total":34,"covered":4,"skipped":0,"pct":11.76},"branches":{"total":16,"covered":0,"skipped":0,"pct":0}}
,"/Users/Adrienne/Desktop/MERN/mern-client/src/components/fridge/index.js": {"lines":{"total":33,"covered":3,"skipped":0,"pct":9.09},"functions":{"total":13,"covered":0,"skipped":0,"pct":0},"statements":{"total":35,"covered":3,"skipped":0,"pct":8.57},"branches":{"total":14,"covered":0,"skipped":0,"pct":0}}
,"/Users/Adrienne/Desktop/MERN/mern-client/src/components/help/index.js": {"lines":{"total":7,"covered":3,"skipped":0,"pct":42.86},"functions":{"total":6,"covered":0,"skipped":0,"pct":0},"statements":{"total":9,"covered":3,"skipped":0,"pct":33.33},"branches":{"total":0,"covered":0,"skipped":0,"pct":100}}
,"/Users/Adrienne/Desktop/MERN/mern-client/src/components/home/index.js": {"lines":{"total":11,"covered":10,"skipped":0,"pct":90.91},"functions":{"total":5,"covered":4,"skipped":0,"pct":80},"statements":{"total":13,"covered":12,"skipped":0,"pct":92.31},"branches":{"total":0,"covered":0,"skipped":0,"pct":100}}
,"/Users/Adrienne/Desktop/MERN/mern-client/src/components/ingredient/index.js": {"lines":{"total":34,"covered":3,"skipped":0,"pct":8.82},"functions":{"total":17,"covered":0,"skipped":0,"pct":0},"statements":{"total":36,"covered":3,"skipped":0,"pct":8.33},"branches":{"total":14,"covered":0,"skipped":0,"pct":0}}
,"/Users/Adrienne/Desktop/MERN/mern-client/src/components/ingredientAutocomplete/index.js": {"lines":{"total":38,"covered":2,"skipped":0,"pct":5.26},"functions":{"total":19,"covered":0,"skipped":0,"pct":0},"statements":{"total":42,"covered":2,"skipped":0,"pct":4.76},"branches":{"total":18,"covered":0,"skipped":0,"pct":0}}
,"/Users/Adrienne/Desktop/MERN/mern-client/src/components/listedRecipe/index.js": {"lines":{"total":27,"covered":9,"skipped":0,"pct":33.33},"functions":{"total":9,"covered":3,"skipped":0,"pct":33.33},"statements":{"total":29,"covered":11,"skipped":0,"pct":37.93},"branches":{"total":18,"covered":9,"skipped":0,"pct":50}}
,"/Users/Adrienne/Desktop/MERN/mern-client/src/components/loading/index.js": {"lines":{"total":1,"covered":1,"skipped":0,"pct":100},"functions":{"total":1,"covered":1,"skipped":0,"pct":100},"statements":{"total":1,"covered":1,"skipped":0,"pct":100},"branches":{"total":0,"covered":0,"skipped":0,"pct":100}}
,"/Users/Adrienne/Desktop/MERN/mern-client/src/components/login/index.js": {"lines":{"total":44,"covered":38,"skipped":0,"pct":86.36},"functions":{"total":16,"covered":12,"skipped":0,"pct":75},"statements":{"total":46,"covered":40,"skipped":0,"pct":86.96},"branches":{"total":22,"covered":20,"skipped":0,"pct":90.91}}
,"/Users/Adrienne/Desktop/MERN/mern-client/src/components/logo/index.js": {"lines":{"total":2,"covered":2,"skipped":0,"pct":100},"functions":{"total":1,"covered":1,"skipped":0,"pct":100},"statements":{"total":2,"covered":2,"skipped":0,"pct":100},"branches":{"total":0,"covered":0,"skipped":0,"pct":100}}
,"/Users/Adrienne/Desktop/MERN/mern-client/src/components/nav/index.js": {"lines":{"total":32,"covered":28,"skipped":0,"pct":87.5},"functions":{"total":15,"covered":12,"skipped":0,"pct":80},"statements":{"total":34,"covered":30,"skipped":0,"pct":88.24},"branches":{"total":6,"covered":6,"skipped":0,"pct":100}}
,"/Users/Adrienne/Desktop/MERN/mern-client/src/components/noItemsPage/index.js": {"lines":{"total":4,"covered":1,"skipped":0,"pct":25},"functions":{"total":1,"covered":0,"skipped":0,"pct":0},"statements":{"total":4,"covered":1,"skipped":0,"pct":25},"branches":{"total":2,"covered":0,"skipped":0,"pct":0}}
,"/Users/Adrienne/Desktop/MERN/mern-client/src/components/notFound/index.js": {"lines":{"total":3,"covered":1,"skipped":0,"pct":33.33},"functions":{"total":1,"covered":0,"skipped":0,"pct":0},"statements":{"total":3,"covered":1,"skipped":0,"pct":33.33},"branches":{"total":0,"covered":0,"skipped":0,"pct":100}}
,"/Users/Adrienne/Desktop/MERN/mern-client/src/components/pantry/index.js": {"lines":{"total":34,"covered":3,"skipped":0,"pct":8.82},"functions":{"total":14,"covered":0,"skipped":0,"pct":0},"statements":{"total":36,"covered":3,"skipped":0,"pct":8.33},"branches":{"total":16,"covered":0,"skipped":0,"pct":0}}
,"/Users/Adrienne/Desktop/MERN/mern-client/src/components/preferences/index.js": {"lines":{"total":40,"covered":27,"skipped":0,"pct":67.5},"functions":{"total":19,"covered":14,"skipped":0,"pct":73.68},"statements":{"total":44,"covered":31,"skipped":0,"pct":70.45},"branches":{"total":10,"covered":5,"skipped":0,"pct":50}}
,"/Users/Adrienne/Desktop/MERN/mern-client/src/components/preferences/list.js": {"lines":{"total":2,"covered":2,"skipped":0,"pct":100},"functions":{"total":0,"covered":0,"skipped":0,"pct":100},"statements":{"total":2,"covered":2,"skipped":0,"pct":100},"branches":{"total":0,"covered":0,"skipped":0,"pct":100}}
,"/Users/Adrienne/Desktop/MERN/mern-client/src/components/profileImage/index.js": {"lines":{"total":23,"covered":3,"skipped":0,"pct":13.04},"functions":{"total":9,"covered":0,"skipped":0,"pct":0},"statements":{"total":25,"covered":3,"skipped":0,"pct":12},"branches":{"total":6,"covered":0,"skipped":0,"pct":0}}
,"/Users/Adrienne/Desktop/MERN/mern-client/src/components/register/index.js": {"lines":{"total":51,"covered":28,"skipped":0,"pct":54.9},"functions":{"total":12,"covered":5,"skipped":0,"pct":41.67},"statements":{"total":53,"covered":30,"skipped":0,"pct":56.6},"branches":{"total":50,"covered":34,"skipped":0,"pct":68}}
,"/Users/Adrienne/Desktop/MERN/mern-client/src/components/resetPassword/index.js": {"lines":{"total":45,"covered":4,"skipped":0,"pct":8.89},"functions":{"total":17,"covered":0,"skipped":0,"pct":0},"statements":{"total":47,"covered":4,"skipped":0,"pct":8.51},"branches":{"total":26,"covered":0,"skipped":0,"pct":0}}
,"/Users/Adrienne/Desktop/MERN/mern-client/src/components/savedRecipes/index.js": {"lines":{"total":46,"covered":3,"skipped":0,"pct":6.52},"functions":{"total":17,"covered":0,"skipped":0,"pct":0},"statements":{"total":48,"covered":3,"skipped":0,"pct":6.25},"branches":{"total":16,"covered":0,"skipped":0,"pct":0}}
,"/Users/Adrienne/Desktop/MERN/mern-client/src/components/searchButton/index.js": {"lines":{"total":9,"covered":7,"skipped":0,"pct":77.78},"functions":{"total":5,"covered":3,"skipped":0,"pct":60},"statements":{"total":11,"covered":9,"skipped":0,"pct":81.82},"branches":{"total":2,"covered":2,"skipped":0,"pct":100}}
,"/Users/Adrienne/Desktop/MERN/mern-client/src/components/singleRecipe/index.js": {"lines":{"total":53,"covered":3,"skipped":0,"pct":5.66},"functions":{"total":15,"covered":0,"skipped":0,"pct":0},"statements":{"total":55,"covered":3,"skipped":0,"pct":5.45},"branches":{"total":18,"covered":0,"skipped":0,"pct":0}}
,"/Users/Adrienne/Desktop/MERN/mern-client/src/components/styles/makeStyles.js": {"lines":{"total":1,"covered":1,"skipped":0,"pct":100},"functions":{"total":1,"covered":1,"skipped":0,"pct":100},"statements":{"total":2,"covered":2,"skipped":0,"pct":100},"branches":{"total":0,"covered":0,"skipped":0,"pct":100}}
,"/Users/Adrienne/Desktop/MERN/mern-client/src/components/userSettings/index.js": {"lines":{"total":59,"covered":4,"skipped":0,"pct":6.78},"functions":{"total":15,"covered":0,"skipped":0,"pct":0},"statements":{"total":61,"covered":4,"skipped":0,"pct":6.56},"branches":{"total":48,"covered":0,"skipped":0,"pct":0}}
,"/Users/Adrienne/Desktop/MERN/mern-client/src/config/api.js": {"lines":{"total":0,"covered":0,"skipped":0,"pct":0},"functions":{"total":0,"covered":0,"skipped":0,"pct":0},"statements":{"total":0,"covered":0,"skipped":0,"pct":0},"branches":{"total":0,"covered":0,"skipped":0,"pct":0}}
,"/Users/Adrienne/Desktop/MERN/mern-client/src/reducers/errors/index.js": {"lines":{"total":7,"covered":4,"skipped":0,"pct":57.14},"functions":{"total":2,"covered":1,"skipped":0,"pct":50},"statements":{"total":7,"covered":4,"skipped":0,"pct":57.14},"branches":{"total":0,"covered":0,"skipped":0,"pct":100}}
,"/Users/Adrienne/Desktop/MERN/mern-client/src/reducers/ingredients/index.js": {"lines":{"total":15,"covered":7,"skipped":0,"pct":46.67},"functions":{"total":5,"covered":1,"skipped":0,"pct":20},"statements":{"total":15,"covered":7,"skipped":0,"pct":46.67},"branches":{"total":0,"covered":0,"skipped":0,"pct":100}}
,"/Users/Adrienne/Desktop/MERN/mern-client/src/reducers/login/index.js": {"lines":{"total":16,"covered":14,"skipped":0,"pct":87.5},"functions":{"total":5,"covered":4,"skipped":0,"pct":80},"statements":{"total":16,"covered":14,"skipped":0,"pct":87.5},"branches":{"total":0,"covered":0,"skipped":0,"pct":100}}
,"/Users/Adrienne/Desktop/MERN/mern-client/src/reducers/modals/index.js": {"lines":{"total":7,"covered":7,"skipped":0,"pct":100},"functions":{"total":3,"covered":3,"skipped":0,"pct":100},"statements":{"total":7,"covered":7,"skipped":0,"pct":100},"branches":{"total":0,"covered":0,"skipped":0,"pct":100}}
,"/Users/Adrienne/Desktop/MERN/mern-client/src/reducers/preferences/index.js": {"lines":{"total":6,"covered":6,"skipped":0,"pct":100},"functions":{"total":2,"covered":2,"skipped":0,"pct":100},"statements":{"total":6,"covered":6,"skipped":0,"pct":100},"branches":{"total":0,"covered":0,"skipped":0,"pct":100}}
,"/Users/Adrienne/Desktop/MERN/mern-client/src/reducers/recipes/index.js": {"lines":{"total":12,"covered":8,"skipped":0,"pct":66.67},"functions":{"total":4,"covered":2,"skipped":0,"pct":50},"statements":{"total":12,"covered":8,"skipped":0,"pct":66.67},"branches":{"total":0,"covered":0,"skipped":0,"pct":100}}
,"/Users/Adrienne/Desktop/MERN/mern-client/src/reducers/userInfo/index.js": {"lines":{"total":14,"covered":10,"skipped":0,"pct":71.43},"functions":{"total":4,"covered":3,"skipped":0,"pct":75},"statements":{"total":14,"covered":10,"skipped":0,"pct":71.43},"branches":{"total":0,"covered":0,"skipped":0,"pct":100}}
,"/Users/Adrienne/Desktop/MERN/mern-client/src/services/authServices.js": {"lines":{"total":49,"covered":21,"skipped":0,"pct":42.86},"functions":{"total":19,"covered":12,"skipped":0,"pct":63.16},"statements":{"total":49,"covered":21,"skipped":0,"pct":42.86},"branches":{"total":8,"covered":4,"skipped":0,"pct":50}}
,"/Users/Adrienne/Desktop/MERN/mern-client/src/services/ingredientServices.js": {"lines":{"total":22,"covered":2,"skipped":0,"pct":9.09},"functions":{"total":12,"covered":2,"skipped":0,"pct":16.67},"statements":{"total":22,"covered":2,"skipped":0,"pct":9.09},"branches":{"total":4,"covered":0,"skipped":0,"pct":0}}
,"/Users/Adrienne/Desktop/MERN/mern-client/src/services/recipeServices.js": {"lines":{"total":21,"covered":7,"skipped":0,"pct":33.33},"functions":{"total":11,"covered":3,"skipped":0,"pct":27.27},"statements":{"total":21,"covered":7,"skipped":0,"pct":33.33},"branches":{"total":6,"covered":1,"skipped":0,"pct":16.67}}
}
