{"total": {"lines":{"total":763,"covered":279,"skipped":0,"pct":36.57},"statements":{"total":802,"covered":304,"skipped":0,"pct":37.91},"functions":{"total":273,"covered":93,"skipped":0,"pct":34.07},"branches":{"total":244,"covered":91,"skipped":0,"pct":37.3}}
,"/Users/Adrienne/Desktop/MERN/mern-client/src/App.js": {"lines":{"total":22,"covered":12,"skipped":0,"pct":54.55},"functions":{"total":11,"covered":6,"skipped":0,"pct":54.55},"statements":{"total":24,"covered":14,"skipped":0,"pct":58.33},"branches":{"total":2,"covered":0,"skipped":0,"pct":0}}
,"/Users/Adrienne/Desktop/MERN/mern-client/src/index.js": {"lines":{"total":7,"covered":7,"skipped":0,"pct":100},"functions":{"total":0,"covered":0,"skipped":0,"pct":100},"statements":{"total":7,"covered":7,"skipped":0,"pct":100},"branches":{"total":4,"covered":2,"skipped":0,"pct":50}}
,"/Users/Adrienne/Desktop/MERN/mern-client/src/reducers.js": {"lines":{"total":0,"covered":0,"skipped":0,"pct":0},"functions":{"total":0,"covered":0,"skipped":0,"pct":0},"statements":{"total":0,"covered":0,"skipped":0,"pct":0},"branches":{"total":0,"covered":0,"skipped":0,"pct":0}}
,"/Users/Adrienne/Desktop/MERN/mern-client/src/reportWebVitals.js": {"lines":{"total":8,"covered":2,"skipped":0,"pct":25},"functions":{"total":2,"covered":1,"skipped":0,"pct":50},"statements":{"total":8,"covered":2,"skipped":0,"pct":25},"branches":{"total":4,"covered":2,"skipped":0,"pct":50}}
,"/Users/Adrienne/Desktop/MERN/mern-client/src/components/AuthenticationModal/index.js": {"lines":{"total":9,"covered":7,"skipped":0,"pct":77.78},"functions":{"total":5,"covered":3,"skipped":0,"pct":60},"statements":{"total":11,"covered":9,"skipped":0,"pct":81.82},"branches":{"total":2,"covered":2,"skipped":0,"pct":100}}
,"/Users/Adrienne/Desktop/MERN/mern-client/src/components/browseRecipes/index.js": {"lines":{"total":59,"covered":3,"skipped":0,"pct":5.08},"functions":{"total":18,"covered":0,"skipped":0,"pct":0},"statements":{"total":61,"covered":3,"skipped":0,"pct":4.92},"branches":{"total":20,"covered":0,"skipped":0,"pct":0}}
,"/Users/Adrienne/Desktop/MERN/mern-client/src/components/footer/index.js": {"lines":{"total":2,"covered":2,"skipped":0,"pct":100},"functions":{"total":1,"covered":1,"skipped":0,"pct":100},"statements":{"total":2,"covered":2,"skipped":0,"pct":100},"branches":{"total":0,"covered":0,"skipped":0,"pct":100}}
,"/Users/Adrienne/Desktop/MERN/mern-client/src/components/fridge/index.js": {"lines":{"total":38,"covered":19,"skipped":0,"pct":50},"functions":{"total":14,"covered":7,"skipped":0,"pct":50},"statements":{"total":40,"covered":21,"skipped":0,"pct":52.5},"branches":{"total":16,"covered":8,"skipped":0,"pct":50}}
,"/Users/Adrienne/Desktop/MERN/mern-client/src/components/home/index.js": {"lines":{"total":12,"covered":11,"skipped":0,"pct":91.67},"functions":{"total":5,"covered":4,"skipped":0,"pct":80},"statements":{"total":14,"covered":13,"skipped":0,"pct":92.86},"branches":{"total":0,"covered":0,"skipped":0,"pct":100}}
,"/Users/Adrienne/Desktop/MERN/mern-client/src/components/ingredient/index.js": {"lines":{"total":40,"covered":3,"skipped":0,"pct":7.5},"functions":{"total":17,"covered":0,"skipped":0,"pct":0},"statements":{"total":42,"covered":3,"skipped":0,"pct":7.14},"branches":{"total":14,"covered":0,"skipped":0,"pct":0}}
,"/Users/Adrienne/Desktop/MERN/mern-client/src/components/ingredientAutocomplete/index.js": {"lines":{"total":47,"covered":14,"skipped":0,"pct":29.79},"functions":{"total":19,"covered":8,"skipped":0,"pct":42.11},"statements":{"total":51,"covered":16,"skipped":0,"pct":31.37},"branches":{"total":18,"covered":7,"skipped":0,"pct":38.89}}
,"/Users/Adrienne/Desktop/MERN/mern-client/src/components/listedRecipe/index.js": {"lines":{"total":7,"covered":1,"skipped":0,"pct":14.29},"functions":{"total":1,"covered":0,"skipped":0,"pct":0},"statements":{"total":7,"covered":1,"skipped":0,"pct":14.29},"branches":{"total":2,"covered":0,"skipped":0,"pct":0}}
,"/Users/Adrienne/Desktop/MERN/mern-client/src/components/loading/index.js": {"lines":{"total":1,"covered":1,"skipped":0,"pct":100},"functions":{"total":1,"covered":1,"skipped":0,"pct":100},"statements":{"total":1,"covered":1,"skipped":0,"pct":100},"branches":{"total":0,"covered":0,"skipped":0,"pct":100}}
,"/Users/Adrienne/Desktop/MERN/mern-client/src/components/login/index.js": {"lines":{"total":39,"covered":21,"skipped":0,"pct":53.85},"functions":{"total":14,"covered":7,"skipped":0,"pct":50},"statements":{"total":41,"covered":23,"skipped":0,"pct":56.1},"branches":{"total":20,"covered":18,"skipped":0,"pct":90}}
,"/Users/Adrienne/Desktop/MERN/mern-client/src/components/logo/index.js": {"lines":{"total":2,"covered":2,"skipped":0,"pct":100},"functions":{"total":1,"covered":1,"skipped":0,"pct":100},"statements":{"total":2,"covered":2,"skipped":0,"pct":100},"branches":{"total":0,"covered":0,"skipped":0,"pct":100}}
,"/Users/Adrienne/Desktop/MERN/mern-client/src/components/nav/index.js": {"lines":{"total":30,"covered":11,"skipped":0,"pct":36.67},"functions":{"total":13,"covered":6,"skipped":0,"pct":46.15},"statements":{"total":32,"covered":13,"skipped":0,"pct":40.63},"branches":{"total":6,"covered":3,"skipped":0,"pct":50}}
,"/Users/Adrienne/Desktop/MERN/mern-client/src/components/noItemsPage/index.js": {"lines":{"total":4,"covered":4,"skipped":0,"pct":100},"functions":{"total":1,"covered":1,"skipped":0,"pct":100},"statements":{"total":4,"covered":4,"skipped":0,"pct":100},"branches":{"total":2,"covered":2,"skipped":0,"pct":100}}
,"/Users/Adrienne/Desktop/MERN/mern-client/src/components/notFound/index.js": {"lines":{"total":3,"covered":1,"skipped":0,"pct":33.33},"functions":{"total":1,"covered":0,"skipped":0,"pct":0},"statements":{"total":3,"covered":1,"skipped":0,"pct":33.33},"branches":{"total":0,"covered":0,"skipped":0,"pct":100}}
,"/Users/Adrienne/Desktop/MERN/mern-client/src/components/pantry/index.js": {"lines":{"total":39,"covered":20,"skipped":0,"pct":51.28},"functions":{"total":14,"covered":7,"skipped":0,"pct":50},"statements":{"total":41,"covered":22,"skipped":0,"pct":53.66},"branches":{"total":16,"covered":8,"skipped":0,"pct":50}}
,"/Users/Adrienne/Desktop/MERN/mern-client/src/components/preferences/index.js": {"lines":{"total":46,"covered":18,"skipped":0,"pct":39.13},"functions":{"total":18,"covered":5,"skipped":0,"pct":27.78},"statements":{"total":50,"covered":20,"skipped":0,"pct":40},"branches":{"total":10,"covered":4,"skipped":0,"pct":40}}
,"/Users/Adrienne/Desktop/MERN/mern-client/src/components/preferences/list.js": {"lines":{"total":2,"covered":2,"skipped":0,"pct":100},"functions":{"total":0,"covered":0,"skipped":0,"pct":100},"statements":{"total":2,"covered":2,"skipped":0,"pct":100},"branches":{"total":0,"covered":0,"skipped":0,"pct":100}}
,"/Users/Adrienne/Desktop/MERN/mern-client/src/components/profileImage/index.js": {"lines":{"total":26,"covered":3,"skipped":0,"pct":11.54},"functions":{"total":9,"covered":0,"skipped":0,"pct":0},"statements":{"total":28,"covered":3,"skipped":0,"pct":10.71},"branches":{"total":6,"covered":0,"skipped":0,"pct":0}}
,"/Users/Adrienne/Desktop/MERN/mern-client/src/components/register/index.js": {"lines":{"total":42,"covered":27,"skipped":0,"pct":64.29},"functions":{"total":11,"covered":5,"skipped":0,"pct":45.45},"statements":{"total":44,"covered":29,"skipped":0,"pct":65.91},"branches":{"total":34,"covered":33,"skipped":0,"pct":97.06}}
,"/Users/Adrienne/Desktop/MERN/mern-client/src/components/savedRecipes/index.js": {"lines":{"total":13,"covered":10,"skipped":0,"pct":76.92},"functions":{"total":8,"covered":4,"skipped":0,"pct":50},"statements":{"total":15,"covered":12,"skipped":0,"pct":80},"branches":{"total":2,"covered":1,"skipped":0,"pct":50}}
,"/Users/Adrienne/Desktop/MERN/mern-client/src/components/searchButton/index.js": {"lines":{"total":9,"covered":6,"skipped":0,"pct":66.67},"functions":{"total":5,"covered":3,"skipped":0,"pct":60},"statements":{"total":11,"covered":8,"skipped":0,"pct":72.73},"branches":{"total":2,"covered":1,"skipped":0,"pct":50}}
,"/Users/Adrienne/Desktop/MERN/mern-client/src/components/singleRecipe/index.js": {"lines":{"total":10,"covered":3,"skipped":0,"pct":30},"functions":{"total":5,"covered":0,"skipped":0,"pct":0},"statements":{"total":12,"covered":3,"skipped":0,"pct":25},"branches":{"total":0,"covered":0,"skipped":0,"pct":100}}
,"/Users/Adrienne/Desktop/MERN/mern-client/src/components/styles/makeStyles.js": {"lines":{"total":1,"covered":1,"skipped":0,"pct":100},"functions":{"total":1,"covered":1,"skipped":0,"pct":100},"statements":{"total":2,"covered":2,"skipped":0,"pct":100},"branches":{"total":0,"covered":0,"skipped":0,"pct":100}}
,"/Users/Adrienne/Desktop/MERN/mern-client/src/components/userSettings/index.js": {"lines":{"total":62,"covered":4,"skipped":0,"pct":6.45},"functions":{"total":14,"covered":0,"skipped":0,"pct":0},"statements":{"total":64,"covered":4,"skipped":0,"pct":6.25},"branches":{"total":48,"covered":0,"skipped":0,"pct":0}}
,"/Users/Adrienne/Desktop/MERN/mern-client/src/config/api.js": {"lines":{"total":0,"covered":0,"skipped":0,"pct":0},"functions":{"total":0,"covered":0,"skipped":0,"pct":0},"statements":{"total":0,"covered":0,"skipped":0,"pct":0},"branches":{"total":0,"covered":0,"skipped":0,"pct":0}}
,"/Users/Adrienne/Desktop/MERN/mern-client/src/data/testBrowseRecipeData.js": {"lines":{"total":2,"covered":0,"skipped":0,"pct":0},"functions":{"total":1,"covered":0,"skipped":0,"pct":0},"statements":{"total":2,"covered":0,"skipped":0,"pct":0},"branches":{"total":0,"covered":0,"skipped":0,"pct":100}}
,"/Users/Adrienne/Desktop/MERN/mern-client/src/data/testSaveRecipeData.js": {"lines":{"total":2,"covered":2,"skipped":0,"pct":100},"functions":{"total":1,"covered":1,"skipped":0,"pct":100},"statements":{"total":2,"covered":2,"skipped":0,"pct":100},"branches":{"total":0,"covered":0,"skipped":0,"pct":100}}
,"/Users/Adrienne/Desktop/MERN/mern-client/src/reducers/errors/index.js": {"lines":{"total":7,"covered":7,"skipped":0,"pct":100},"functions":{"total":2,"covered":2,"skipped":0,"pct":100},"statements":{"total":7,"covered":7,"skipped":0,"pct":100},"branches":{"total":0,"covered":0,"skipped":0,"pct":100}}
,"/Users/Adrienne/Desktop/MERN/mern-client/src/reducers/ingredients/index.js": {"lines":{"total":17,"covered":7,"skipped":0,"pct":41.18},"functions":{"total":5,"covered":1,"skipped":0,"pct":20},"statements":{"total":17,"covered":7,"skipped":0,"pct":41.18},"branches":{"total":0,"covered":0,"skipped":0,"pct":100}}
,"/Users/Adrienne/Desktop/MERN/mern-client/src/reducers/login/index.js": {"lines":{"total":19,"covered":13,"skipped":0,"pct":68.42},"functions":{"total":5,"covered":3,"skipped":0,"pct":60},"statements":{"total":19,"covered":13,"skipped":0,"pct":68.42},"branches":{"total":0,"covered":0,"skipped":0,"pct":100}}
,"/Users/Adrienne/Desktop/MERN/mern-client/src/reducers/modals/index.js": {"lines":{"total":7,"covered":7,"skipped":0,"pct":100},"functions":{"total":3,"covered":3,"skipped":0,"pct":100},"statements":{"total":7,"covered":7,"skipped":0,"pct":100},"branches":{"total":0,"covered":0,"skipped":0,"pct":100}}
,"/Users/Adrienne/Desktop/MERN/mern-client/src/reducers/preferences/index.js": {"lines":{"total":7,"covered":4,"skipped":0,"pct":57.14},"functions":{"total":2,"covered":1,"skipped":0,"pct":50},"statements":{"total":7,"covered":4,"skipped":0,"pct":57.14},"branches":{"total":0,"covered":0,"skipped":0,"pct":100}}
,"/Users/Adrienne/Desktop/MERN/mern-client/src/reducers/recipes/index.js": {"lines":{"total":15,"covered":6,"skipped":0,"pct":40},"functions":{"total":4,"covered":1,"skipped":0,"pct":25},"statements":{"total":15,"covered":6,"skipped":0,"pct":40},"branches":{"total":0,"covered":0,"skipped":0,"pct":100}}
,"/Users/Adrienne/Desktop/MERN/mern-client/src/reducers/userInfo/index.js": {"lines":{"total":17,"covered":8,"skipped":0,"pct":47.06},"functions":{"total":4,"covered":1,"skipped":0,"pct":25},"statements":{"total":17,"covered":8,"skipped":0,"pct":47.06},"branches":{"total":0,"covered":0,"skipped":0,"pct":100}}
,"/Users/Adrienne/Desktop/MERN/mern-client/src/services/authServices.js": {"lines":{"total":46,"covered":5,"skipped":0,"pct":10.87},"functions":{"total":16,"covered":4,"skipped":0,"pct":25},"statements":{"total":46,"covered":5,"skipped":0,"pct":10.87},"branches":{"total":8,"covered":0,"skipped":0,"pct":0}}
,"/Users/Adrienne/Desktop/MERN/mern-client/src/services/ingredientServices.js": {"lines":{"total":24,"covered":4,"skipped":0,"pct":16.67},"functions":{"total":12,"covered":4,"skipped":0,"pct":33.33},"statements":{"total":24,"covered":4,"skipped":0,"pct":16.67},"branches":{"total":4,"covered":0,"skipped":0,"pct":0}}
,"/Users/Adrienne/Desktop/MERN/mern-client/src/services/recipeServices.js": {"lines":{"total":20,"covered":1,"skipped":0,"pct":5},"functions":{"total":9,"covered":1,"skipped":0,"pct":11.11},"statements":{"total":20,"covered":1,"skipped":0,"pct":5},"branches":{"total":4,"covered":0,"skipped":0,"pct":0}}
}
