TN:
SF:src/App.js
FN:24,(anonymous_0)
FN:30,(anonymous_1)
FN:41,(anonymous_2)
FN:42,(anonymous_3)
FN:50,(anonymous_4)
FN:113,(anonymous_5)
FN:117,(anonymous_6)
FN:119,(anonymous_7)
FN:120,(anonymous_8)
FN:121,(anonymous_9)
FNF:10
FNH:5
FNDA:0,(anonymous_0)
FNDA:0,(anonymous_1)
FNDA:22,(anonymous_2)
FNDA:11,(anonymous_3)
FNDA:0,(anonymous_4)
FNDA:40,(anonymous_5)
FNDA:22,(anonymous_6)
FNDA:11,(anonymous_7)
FNDA:0,(anonymous_8)
FNDA:0,(anonymous_9)
DA:24,11
DA:25,0
DA:27,0
DA:31,0
DA:41,11
DA:42,22
DA:43,11
DA:44,11
DA:46,0
DA:47,0
DA:50,11
DA:53,22
DA:113,40
DA:117,22
DA:119,11
DA:120,0
DA:121,0
LF:17
LH:10
BRDA:31,0,0,0
BRDA:31,0,1,0
BRF:2
BRH:0
end_of_record
TN:
SF:src/index.js
FNF:0
FNH:0
DA:8,11
DA:18,11
DA:19,11
DA:25,11
LF:4
LH:4
BRDA:18,0,0,11
BRDA:18,0,1,0
BRF:2
BRH:1
end_of_record
TN:
SF:src/reducers.js
FNF:0
FNH:0
LF:0
LH:0
BRF:0
BRH:0
end_of_record
TN:
SF:src/reportWebVitals.js
FN:1,(anonymous_0)
FN:3,(anonymous_1)
FNF:2
FNH:1
FNDA:11,(anonymous_0)
FNDA:0,(anonymous_1)
DA:1,11
DA:2,11
DA:3,0
DA:4,0
DA:5,0
DA:6,0
DA:7,0
DA:8,0
LF:8
LH:2
BRDA:2,0,0,0
BRDA:2,0,1,11
BRDA:2,1,0,11
BRDA:2,1,1,0
BRF:4
BRH:2
end_of_record
TN:
SF:src/store.js
FNF:0
FNH:0
DA:4,11
LF:1
LH:1
BRDA:6,0,0,11
BRDA:6,0,1,0
BRF:2
BRH:1
end_of_record
TN:
SF:src/components/AuthenticationModal/index.js
FN:9,(anonymous_0)
FN:44,(anonymous_1)
FN:48,(anonymous_2)
FN:50,(anonymous_3)
FN:51,(anonymous_4)
FNF:5
FNH:3
FNDA:58,(anonymous_0)
FNDA:40,(anonymous_1)
FNDA:22,(anonymous_2)
FNDA:0,(anonymous_3)
FNDA:0,(anonymous_4)
DA:9,11
DA:10,58
DA:12,58
DA:19,58
DA:31,58
DA:44,40
DA:48,22
DA:50,0
DA:51,0
LF:9
LH:7
BRDA:39,0,0,58
BRDA:39,0,1,30
BRF:2
BRH:2
end_of_record
TN:
SF:src/components/browseRecipes/index.js
FN:30,(anonymous_0)
FN:40,handleNewIngredientsAdded
FN:50,recipeSearchHandler
FN:57,(anonymous_3)
FN:65,(anonymous_4)
FN:69,(anonymous_5)
FN:80,(anonymous_6)
FN:86,(anonymous_7)
FN:94,handleSearchAgain
FN:102,saveRecipeHandler
FN:105,(anonymous_10)
FN:113,(anonymous_11)
FN:172,(anonymous_12)
FN:193,(anonymous_13)
FN:197,(anonymous_14)
FN:199,(anonymous_15)
FN:201,(anonymous_16)
FN:203,(anonymous_17)
FN:205,(anonymous_18)
FNF:19
FNH:0
FNDA:0,(anonymous_0)
FNDA:0,handleNewIngredientsAdded
FNDA:0,recipeSearchHandler
FNDA:0,(anonymous_3)
FNDA:0,(anonymous_4)
FNDA:0,(anonymous_5)
FNDA:0,(anonymous_6)
FNDA:0,(anonymous_7)
FNDA:0,handleSearchAgain
FNDA:0,saveRecipeHandler
FNDA:0,(anonymous_10)
FNDA:0,(anonymous_11)
FNDA:0,(anonymous_12)
FNDA:0,(anonymous_13)
FNDA:0,(anonymous_14)
FNDA:0,(anonymous_15)
FNDA:0,(anonymous_16)
FNDA:0,(anonymous_17)
FNDA:0,(anonymous_18)
DA:30,11
DA:31,0
DA:32,0
DA:33,0
DA:34,0
DA:35,0
DA:36,0
DA:37,0
DA:41,0
DA:42,0
DA:43,0
DA:44,0
DA:52,0
DA:53,0
DA:55,0
DA:56,0
DA:58,0
DA:59,0
DA:60,0
DA:61,0
DA:62,0
DA:66,0
DA:70,0
DA:71,0
DA:73,0
DA:78,0
DA:79,0
DA:80,0
DA:81,0
DA:86,0
DA:88,0
DA:89,0
DA:90,0
DA:95,0
DA:96,0
DA:97,0
DA:98,0
DA:104,0
DA:107,0
DA:109,0
DA:110,0
DA:111,0
DA:114,0
DA:115,0
DA:116,0
DA:117,0
DA:119,0
DA:123,0
DA:128,0
DA:130,0
DA:173,0
DA:193,11
DA:197,11
DA:200,0
DA:202,0
DA:204,0
DA:206,0
LF:57
LH:3
BRDA:42,0,0,0
BRDA:42,0,1,0
BRDA:53,1,0,0
BRDA:53,1,1,0
BRDA:70,2,0,0
BRDA:70,2,1,0
BRDA:70,3,0,0
BRDA:70,3,1,0
BRDA:114,4,0,0
BRDA:114,4,1,0
BRDA:116,5,0,0
BRDA:116,5,1,0
BRDA:146,6,0,0
BRDA:146,6,1,0
BRDA:147,7,0,0
BRDA:147,7,1,0
BRDA:151,8,0,0
BRDA:151,8,1,0
BRDA:151,9,0,0
BRDA:151,9,1,0
BRDA:171,10,0,0
BRDA:171,10,1,0
BRF:22
BRH:0
end_of_record
TN:
SF:src/components/carousel/index.js
FN:18,(anonymous_0)
FN:21,(anonymous_1)
FN:30,(anonymous_2)
FN:38,(anonymous_3)
FN:104,(anonymous_4)
FN:108,(anonymous_5)
FN:110,(anonymous_6)
FNF:7
FNH:3
FNDA:22,(anonymous_0)
FNDA:0,(anonymous_1)
FNDA:0,(anonymous_2)
FNDA:0,(anonymous_3)
FNDA:40,(anonymous_4)
FNDA:22,(anonymous_5)
FNDA:0,(anonymous_6)
DA:15,11
DA:16,11
DA:18,11
DA:19,22
DA:21,22
DA:22,0
DA:23,0
DA:26,22
DA:30,0
DA:38,0
DA:104,40
DA:108,22
DA:111,0
LF:13
LH:8
BRF:0
BRH:0
end_of_record
TN:
SF:src/components/footer/index.js
FN:4,(anonymous_0)
FNF:1
FNH:1
FNDA:22,(anonymous_0)
DA:4,11
DA:5,22
LF:2
LH:2
BRF:0
BRH:0
end_of_record
TN:
SF:src/components/forgotPassword/index.js
FN:17,(anonymous_0)
FN:28,(anonymous_1)
FN:41,(anonymous_2)
FN:44,(anonymous_3)
FN:45,(anonymous_4)
FN:52,(anonymous_5)
FN:115,(anonymous_6)
FN:121,(anonymous_7)
FN:133,(anonymous_8)
FN:138,(anonymous_9)
FN:140,(anonymous_10)
FN:141,(anonymous_11)
FN:142,(anonymous_12)
FNF:13
FNH:0
FNDA:0,(anonymous_0)
FNDA:0,(anonymous_1)
FNDA:0,(anonymous_2)
FNDA:0,(anonymous_3)
FNDA:0,(anonymous_4)
FNDA:0,(anonymous_5)
FNDA:0,(anonymous_6)
FNDA:0,(anonymous_7)
FNDA:0,(anonymous_8)
FNDA:0,(anonymous_9)
FNDA:0,(anonymous_10)
FNDA:0,(anonymous_11)
FNDA:0,(anonymous_12)
DA:17,11
DA:18,0
DA:20,0
DA:21,0
DA:22,0
DA:23,0
DA:25,0
DA:28,11
DA:29,0
DA:30,0
DA:31,0
DA:35,0
DA:42,0
DA:43,0
DA:45,0
DA:46,0
DA:47,0
DA:48,0
DA:49,0
DA:53,0
DA:54,0
DA:58,0
DA:65,0
DA:115,0
DA:121,0
DA:133,11
DA:138,11
DA:140,0
DA:141,0
DA:142,0
LF:30
LH:4
BRDA:20,0,0,0
BRDA:20,0,1,0
BRDA:22,1,0,0
BRDA:22,1,1,0
BRDA:53,2,0,0
BRDA:53,2,1,0
BRDA:53,3,0,0
BRDA:53,3,1,0
BRDA:71,4,0,0
BRDA:71,4,1,0
BRDA:78,5,0,0
BRDA:78,5,1,0
BRDA:96,6,0,0
BRDA:96,6,1,0
BRDA:96,7,0,0
BRDA:96,7,1,0
BRF:16
BRH:0
end_of_record
TN:
SF:src/components/fridge/index.js
FN:33,(anonymous_0)
FN:41,(anonymous_1)
FN:42,(anonymous_2)
FN:46,(anonymous_3)
FN:52,(anonymous_4)
FN:58,(anonymous_5)
FN:60,(anonymous_6)
FN:66,(anonymous_7)
FN:128,(anonymous_8)
FN:149,(anonymous_9)
FN:154,(anonymous_10)
FN:156,(anonymous_11)
FN:158,(anonymous_12)
FN:159,(anonymous_13)
FNF:14
FNH:0
FNDA:0,(anonymous_0)
FNDA:0,(anonymous_1)
FNDA:0,(anonymous_2)
FNDA:0,(anonymous_3)
FNDA:0,(anonymous_4)
FNDA:0,(anonymous_5)
FNDA:0,(anonymous_6)
FNDA:0,(anonymous_7)
FNDA:0,(anonymous_8)
FNDA:0,(anonymous_9)
FNDA:0,(anonymous_10)
FNDA:0,(anonymous_11)
FNDA:0,(anonymous_12)
FNDA:0,(anonymous_13)
DA:33,11
DA:34,0
DA:35,0
DA:36,0
DA:37,0
DA:39,0
DA:41,0
DA:42,0
DA:43,0
DA:44,0
DA:45,0
DA:47,0
DA:48,0
DA:50,0
DA:52,0
DA:53,0
DA:58,0
DA:59,0
DA:61,0
DA:62,0
DA:63,0
DA:64,0
DA:67,0
DA:68,0
DA:69,0
DA:71,0
DA:77,0
DA:129,0
DA:149,11
DA:154,11
DA:157,0
DA:158,0
DA:159,0
LF:33
LH:3
BRDA:47,0,0,0
BRDA:47,0,1,0
BRDA:47,1,0,0
BRDA:47,1,1,0
BRDA:68,2,0,0
BRDA:68,2,1,0
BRDA:68,3,0,0
BRDA:68,3,1,0
BRDA:92,4,0,0
BRDA:92,4,1,0
BRDA:93,5,0,0
BRDA:93,5,1,0
BRDA:117,6,0,0
BRDA:117,6,1,0
BRDA:123,7,0,0
BRDA:123,7,1,0
BRF:16
BRH:0
end_of_record
TN:
SF:src/components/help/index.js
FN:10,(anonymous_0)
FN:102,(anonymous_1)
FN:111,(anonymous_2)
FN:115,(anonymous_3)
FN:117,(anonymous_4)
FN:118,(anonymous_5)
FNF:6
FNH:0
FNDA:0,(anonymous_0)
FNDA:0,(anonymous_1)
FNDA:0,(anonymous_2)
FNDA:0,(anonymous_3)
FNDA:0,(anonymous_4)
FNDA:0,(anonymous_5)
DA:10,11
DA:11,0
DA:102,0
DA:111,11
DA:115,11
DA:117,0
DA:118,0
LF:7
LH:3
BRF:0
BRH:0
end_of_record
TN:
SF:src/components/home/index.js
FN:12,(anonymous_0)
FN:20,(anonymous_1)
FN:53,(anonymous_2)
FN:57,(anonymous_3)
FN:59,(anonymous_4)
FNF:5
FNH:4
FNDA:44,(anonymous_0)
FNDA:11,(anonymous_1)
FNDA:40,(anonymous_2)
FNDA:22,(anonymous_3)
FNDA:0,(anonymous_4)
DA:12,11
DA:13,44
DA:15,44
DA:20,44
DA:21,11
DA:22,11
DA:25,44
DA:53,40
DA:57,22
DA:60,0
LF:10
LH:9
BRF:0
BRH:0
end_of_record
TN:
SF:src/components/ingredient/index.js
FN:29,(anonymous_0)
FN:43,(anonymous_1)
FN:45,(anonymous_2)
FN:49,(anonymous_3)
FN:56,(anonymous_4)
FN:66,(anonymous_5)
FN:69,(anonymous_6)
FN:73,(anonymous_7)
FN:80,(anonymous_8)
FN:97,(anonymous_9)
FN:120,(anonymous_10)
FN:126,(anonymous_11)
FN:128,(anonymous_12)
FN:130,(anonymous_13)
FN:132,(anonymous_14)
FN:134,(anonymous_15)
FN:136,(anonymous_16)
FNF:17
FNH:0
FNDA:0,(anonymous_0)
FNDA:0,(anonymous_1)
FNDA:0,(anonymous_2)
FNDA:0,(anonymous_3)
FNDA:0,(anonymous_4)
FNDA:0,(anonymous_5)
FNDA:0,(anonymous_6)
FNDA:0,(anonymous_7)
FNDA:0,(anonymous_8)
FNDA:0,(anonymous_9)
FNDA:0,(anonymous_10)
FNDA:0,(anonymous_11)
FNDA:0,(anonymous_12)
FNDA:0,(anonymous_13)
FNDA:0,(anonymous_14)
FNDA:0,(anonymous_15)
FNDA:0,(anonymous_16)
DA:29,11
DA:37,0
DA:38,0
DA:40,0
DA:43,0
DA:44,0
DA:46,0
DA:47,0
DA:50,0
DA:53,0
DA:54,0
DA:57,0
DA:58,0
DA:60,0
DA:66,0
DA:68,0
DA:70,0
DA:71,0
DA:74,0
DA:77,0
DA:78,0
DA:81,0
DA:82,0
DA:84,0
DA:91,0
DA:98,0
DA:120,11
DA:126,11
DA:129,0
DA:131,0
DA:133,0
DA:135,0
DA:136,0
LF:33
LH:3
BRDA:57,0,0,0
BRDA:57,0,1,0
BRDA:57,1,0,0
BRDA:57,1,1,0
BRDA:81,2,0,0
BRDA:81,2,1,0
BRDA:81,3,0,0
BRDA:81,3,1,0
BRDA:93,4,0,0
BRDA:93,4,1,0
BRDA:96,5,0,0
BRDA:96,5,1,0
BRDA:104,6,0,0
BRDA:104,6,1,0
BRF:14
BRH:0
end_of_record
TN:
SF:src/components/ingredientAutocomplete/index.js
FN:26,AutocompleteIngredients
FN:38,(anonymous_1)
FN:43,(anonymous_2)
FN:53,handleAddFridge
FN:54,(anonymous_4)
FN:57,(anonymous_5)
FN:66,(anonymous_6)
FN:77,handleAddPantry
FN:78,(anonymous_8)
FN:80,(anonymous_9)
FN:86,(anonymous_10)
FN:105,(anonymous_11)
FN:107,(anonymous_12)
FN:108,(anonymous_13)
FN:113,(anonymous_14)
FN:116,(anonymous_15)
FN:150,(anonymous_16)
FN:157,(anonymous_17)
FN:159,(anonymous_18)
FN:161,(anonymous_19)
FN:163,(anonymous_20)
FNF:21
FNH:0
FNDA:0,AutocompleteIngredients
FNDA:0,(anonymous_1)
FNDA:0,(anonymous_2)
FNDA:0,handleAddFridge
FNDA:0,(anonymous_4)
FNDA:0,(anonymous_5)
FNDA:0,(anonymous_6)
FNDA:0,handleAddPantry
FNDA:0,(anonymous_8)
FNDA:0,(anonymous_9)
FNDA:0,(anonymous_10)
FNDA:0,(anonymous_11)
FNDA:0,(anonymous_12)
FNDA:0,(anonymous_13)
FNDA:0,(anonymous_14)
FNDA:0,(anonymous_15)
FNDA:0,(anonymous_16)
FNDA:0,(anonymous_17)
FNDA:0,(anonymous_18)
FNDA:0,(anonymous_19)
FNDA:0,(anonymous_20)
DA:33,0
DA:36,0
DA:38,0
DA:42,0
DA:43,0
DA:46,0
DA:48,0
DA:50,0
DA:51,0
DA:54,0
DA:56,0
DA:58,0
DA:59,0
DA:60,0
DA:61,0
DA:64,0
DA:67,0
DA:68,0
DA:69,0
DA:71,0
DA:78,0
DA:79,0
DA:81,0
DA:82,0
DA:83,0
DA:84,0
DA:87,0
DA:88,0
DA:89,0
DA:91,0
DA:97,0
DA:105,0
DA:108,0
DA:109,0
DA:111,0
DA:114,0
DA:119,0
DA:120,0
DA:126,0
DA:128,0
DA:150,11
DA:157,11
DA:160,0
DA:162,0
DA:163,0
LF:45
LH:2
BRDA:36,0,0,0
BRDA:36,0,1,0
BRDA:42,1,0,0
BRDA:42,1,1,0
BRDA:46,2,0,0
BRDA:46,2,1,0
BRDA:68,3,0,0
BRDA:68,3,1,0
BRDA:68,4,0,0
BRDA:68,4,1,0
BRDA:88,5,0,0
BRDA:88,5,1,0
BRDA:88,6,0,0
BRDA:88,6,1,0
BRDA:100,7,0,0
BRDA:100,7,1,0
BRDA:109,8,0,0
BRDA:109,8,1,0
BRDA:121,9,0,0
BRDA:121,9,1,0
BRDA:141,10,0,0
BRDA:141,10,1,0
BRF:22
BRH:0
end_of_record
TN:
SF:src/components/listedRecipe/index.js
FN:14,(anonymous_0)
FN:51,collectRecipeHandler
FN:80,deleteRecipeHandler
FN:108,(anonymous_3)
FN:167,(anonymous_4)
FN:171,(anonymous_5)
FN:173,(anonymous_6)
FNF:7
FNH:0
FNDA:0,(anonymous_0)
FNDA:0,collectRecipeHandler
FNDA:0,deleteRecipeHandler
FNDA:0,(anonymous_3)
FNDA:0,(anonymous_4)
FNDA:0,(anonymous_5)
FNDA:0,(anonymous_6)
DA:14,11
DA:23,0
DA:24,0
DA:43,0
DA:46,0
DA:52,0
DA:53,0
DA:75,0
DA:76,0
DA:77,0
DA:81,0
DA:82,0
DA:83,0
DA:85,0
DA:87,0
DA:89,0
DA:109,0
DA:120,0
DA:167,11
DA:171,11
DA:174,0
LF:21
LH:3
BRDA:87,0,0,0
BRDA:87,0,1,0
BRDA:95,1,0,0
BRDA:95,1,1,0
BRDA:129,2,0,0
BRDA:129,2,1,0
BRDA:142,3,0,0
BRDA:142,3,1,0
BRDA:143,4,0,0
BRDA:143,4,1,0
BRDA:144,5,0,0
BRDA:144,5,1,0
BRDA:145,6,0,0
BRDA:145,6,1,0
BRDA:149,7,0,0
BRDA:149,7,1,0
BRF:16
BRH:0
end_of_record
TN:
SF:src/components/loading/index.js
FN:9,Loading
FNF:1
FNH:0
FNDA:0,Loading
DA:11,0
LF:1
LH:0
BRF:0
BRH:0
end_of_record
TN:
SF:src/components/login/index.js
FN:19,(anonymous_0)
FN:34,(anonymous_1)
FN:49,(anonymous_2)
FN:52,(anonymous_3)
FN:61,(anonymous_4)
FN:72,(anonymous_5)
FN:139,(anonymous_6)
FN:146,(anonymous_7)
FN:164,(anonymous_8)
FN:169,(anonymous_9)
FN:171,(anonymous_10)
FN:172,(anonymous_11)
FN:174,(anonymous_12)
FN:175,(anonymous_13)
FN:176,(anonymous_14)
FNF:15
FNH:3
FNDA:0,(anonymous_0)
FNDA:6,(anonymous_1)
FNDA:0,(anonymous_2)
FNDA:0,(anonymous_3)
FNDA:0,(anonymous_4)
FNDA:0,(anonymous_5)
FNDA:0,(anonymous_6)
FNDA:0,(anonymous_7)
FNDA:6,(anonymous_8)
FNDA:6,(anonymous_9)
FNDA:0,(anonymous_10)
FNDA:0,(anonymous_11)
FNDA:0,(anonymous_12)
FNDA:0,(anonymous_13)
FNDA:0,(anonymous_14)
DA:19,11
DA:20,0
DA:22,0
DA:23,0
DA:24,0
DA:25,0
DA:28,0
DA:29,0
DA:31,0
DA:34,11
DA:35,6
DA:36,6
DA:38,6
DA:42,6
DA:50,0
DA:51,0
DA:53,0
DA:54,0
DA:55,0
DA:56,0
DA:57,0
DA:58,0
DA:59,0
DA:62,0
DA:63,0
DA:64,0
DA:68,0
DA:72,0
DA:73,0
DA:78,6
DA:139,0
DA:146,0
DA:164,11
DA:169,11
DA:171,0
DA:173,0
DA:174,0
DA:175,0
DA:176,0
LF:39
LH:9
BRDA:22,0,0,0
BRDA:22,0,1,0
BRDA:24,1,0,0
BRDA:24,1,1,0
BRDA:28,2,0,0
BRDA:28,2,1,0
BRDA:63,3,0,0
BRDA:63,3,1,0
BRDA:63,4,0,0
BRDA:63,4,1,0
BRDA:80,5,0,0
BRDA:80,5,1,6
BRDA:86,6,0,6
BRDA:86,6,1,0
BRDA:104,7,0,0
BRDA:104,7,1,6
BRDA:104,8,0,6
BRDA:104,8,1,0
BRDA:120,9,0,0
BRDA:120,9,1,6
BRDA:120,10,0,6
BRDA:120,10,1,0
BRF:22
BRH:6
end_of_record
TN:
SF:src/components/logo/index.js
FN:6,(anonymous_0)
FNF:1
FNH:1
FNDA:44,(anonymous_0)
DA:6,11
DA:7,44
LF:2
LH:2
BRF:0
BRH:0
end_of_record
TN:
SF:src/components/nav/index.js
FN:39,(anonymous_0)
FN:60,handleLogout
FN:62,(anonymous_2)
FN:66,(anonymous_3)
FN:165,(anonymous_4)
FN:172,(anonymous_5)
FN:181,(anonymous_6)
FN:192,(anonymous_7)
FN:198,(anonymous_8)
FN:200,(anonymous_9)
FN:203,(anonymous_10)
FN:204,(anonymous_11)
FN:205,(anonymous_12)
FN:206,(anonymous_13)
FNF:14
FNH:6
FNDA:22,(anonymous_0)
FNDA:0,handleLogout
FNDA:0,(anonymous_2)
FNDA:0,(anonymous_3)
FNDA:3,(anonymous_4)
FNDA:12,(anonymous_5)
FNDA:0,(anonymous_6)
FNDA:40,(anonymous_7)
FNDA:22,(anonymous_8)
FNDA:15,(anonymous_9)
FNDA:0,(anonymous_10)
FNDA:0,(anonymous_11)
FNDA:0,(anonymous_12)
FNDA:0,(anonymous_13)
DA:39,11
DA:45,22
DA:46,22
DA:47,22
DA:58,22
DA:61,0
DA:63,0
DA:64,0
DA:67,0
DA:68,0
DA:75,0
DA:76,0
DA:77,0
DA:78,0
DA:79,0
DA:80,0
DA:81,0
DA:82,0
DA:83,0
DA:84,0
DA:87,22
DA:165,3
DA:172,12
DA:181,0
DA:192,40
DA:198,22
DA:201,15
DA:203,0
DA:204,0
DA:205,0
DA:207,0
LF:31
LH:11
BRDA:101,0,0,0
BRDA:101,0,1,22
BRDA:106,1,0,0
BRDA:106,1,1,22
BRDA:149,2,0,0
BRDA:149,2,1,22
BRF:6
BRH:3
end_of_record
TN:
SF:src/components/noItemsPage/index.js
FN:8,(anonymous_0)
FNF:1
FNH:0
FNDA:0,(anonymous_0)
DA:8,11
DA:10,0
DA:11,0
DA:27,0
LF:4
LH:1
BRDA:10,0,0,0
BRDA:10,0,1,0
BRF:2
BRH:0
end_of_record
TN:
SF:src/components/notFound/index.js
FN:16,(anonymous_0)
FNF:1
FNH:0
FNDA:0,(anonymous_0)
DA:16,11
DA:17,0
DA:19,0
LF:3
LH:1
BRF:0
BRH:0
end_of_record
TN:
SF:src/components/pantry/index.js
FN:33,(anonymous_0)
FN:41,(anonymous_1)
FN:43,(anonymous_2)
FN:48,(anonymous_3)
FN:56,(anonymous_4)
FN:61,(anonymous_5)
FN:63,(anonymous_6)
FN:69,(anonymous_7)
FN:127,(anonymous_8)
FN:148,(anonymous_9)
FN:153,(anonymous_10)
FN:155,(anonymous_11)
FN:157,(anonymous_12)
FN:158,(anonymous_13)
FNF:14
FNH:0
FNDA:0,(anonymous_0)
FNDA:0,(anonymous_1)
FNDA:0,(anonymous_2)
FNDA:0,(anonymous_3)
FNDA:0,(anonymous_4)
FNDA:0,(anonymous_5)
FNDA:0,(anonymous_6)
FNDA:0,(anonymous_7)
FNDA:0,(anonymous_8)
FNDA:0,(anonymous_9)
FNDA:0,(anonymous_10)
FNDA:0,(anonymous_11)
FNDA:0,(anonymous_12)
FNDA:0,(anonymous_13)
DA:33,11
DA:34,0
DA:35,0
DA:36,0
DA:37,0
DA:39,0
DA:41,0
DA:42,0
DA:44,0
DA:45,0
DA:46,0
DA:49,0
DA:50,0
DA:52,0
DA:56,0
DA:57,0
DA:61,0
DA:62,0
DA:64,0
DA:65,0
DA:66,0
DA:67,0
DA:70,0
DA:71,0
DA:72,0
DA:74,0
DA:80,0
DA:128,0
DA:148,11
DA:153,11
DA:156,0
DA:157,0
DA:158,0
LF:33
LH:3
BRDA:49,0,0,0
BRDA:49,0,1,0
BRDA:49,1,0,0
BRDA:49,1,1,0
BRDA:71,2,0,0
BRDA:71,2,1,0
BRDA:71,3,0,0
BRDA:71,3,1,0
BRDA:94,4,0,0
BRDA:94,4,1,0
BRDA:95,5,0,0
BRDA:95,5,1,0
BRDA:116,6,0,0
BRDA:116,6,1,0
BRDA:122,7,0,0
BRDA:122,7,1,0
BRF:16
BRH:0
end_of_record
TN:
SF:src/components/preferences/index.js
FN:33,(anonymous_0)
FN:33,(anonymous_1)
FN:35,(anonymous_2)
FN:48,(anonymous_3)
FN:55,(anonymous_4)
FN:57,(anonymous_5)
FN:62,(anonymous_6)
FN:70,(anonymous_7)
FN:80,submitHandler
FN:83,(anonymous_9)
FN:86,(anonymous_10)
FN:94,(anonymous_11)
FN:136,(anonymous_12)
FN:141,(anonymous_13)
FN:144,(anonymous_14)
FN:175,(anonymous_15)
FN:181,(anonymous_16)
FN:183,(anonymous_17)
FN:185,(anonymous_18)
FNF:19
FNH:0
FNDA:0,(anonymous_0)
FNDA:0,(anonymous_1)
FNDA:0,(anonymous_2)
FNDA:0,(anonymous_3)
FNDA:0,(anonymous_4)
FNDA:0,(anonymous_5)
FNDA:0,(anonymous_6)
FNDA:0,(anonymous_7)
FNDA:0,submitHandler
FNDA:0,(anonymous_9)
FNDA:0,(anonymous_10)
FNDA:0,(anonymous_11)
FNDA:0,(anonymous_12)
FNDA:0,(anonymous_13)
FNDA:0,(anonymous_14)
FNDA:0,(anonymous_15)
FNDA:0,(anonymous_16)
FNDA:0,(anonymous_17)
FNDA:0,(anonymous_18)
DA:33,11
DA:35,11
DA:36,0
DA:37,0
DA:38,0
DA:39,0
DA:40,0
DA:42,0
DA:48,11
DA:49,0
DA:50,0
DA:51,0
DA:52,0
DA:55,0
DA:56,0
DA:58,0
DA:59,0
DA:60,0
DA:63,0
DA:64,0
DA:66,0
DA:70,0
DA:71,0
DA:75,0
DA:81,0
DA:82,0
DA:84,0
DA:85,0
DA:86,0
DA:87,0
DA:88,0
DA:89,0
DA:95,0
DA:96,0
DA:98,0
DA:104,0
DA:137,0
DA:138,0
DA:142,0
DA:145,0
DA:175,11
DA:181,11
DA:184,0
DA:185,0
LF:44
LH:5
BRDA:37,0,0,0
BRDA:37,0,1,0
BRDA:39,1,0,0
BRDA:39,1,1,0
BRDA:63,2,0,0
BRDA:63,2,1,0
BRDA:63,3,0,0
BRDA:63,3,1,0
BRDA:95,4,0,0
BRDA:95,4,1,0
BRDA:95,5,0,0
BRDA:95,5,1,0
BRDA:115,6,0,0
BRDA:115,6,1,0
BRF:14
BRH:0
end_of_record
TN:
SF:src/components/preferences/list.js
FNF:0
FNH:0
DA:2,11
DA:13,11
LF:2
LH:2
BRF:0
BRH:0
end_of_record
TN:
SF:src/components/profileImage/index.js
FN:14,(anonymous_0)
FN:23,(anonymous_1)
FN:26,(anonymous_2)
FN:33,(anonymous_3)
FN:44,(anonymous_4)
FN:65,(anonymous_5)
FN:84,(anonymous_6)
FN:89,(anonymous_7)
FN:91,(anonymous_8)
FNF:9
FNH:0
FNDA:0,(anonymous_0)
FNDA:0,(anonymous_1)
FNDA:0,(anonymous_2)
FNDA:0,(anonymous_3)
FNDA:0,(anonymous_4)
FNDA:0,(anonymous_5)
FNDA:0,(anonymous_6)
FNDA:0,(anonymous_7)
FNDA:0,(anonymous_8)
DA:14,11
DA:15,0
DA:16,0
DA:18,0
DA:24,0
DA:25,0
DA:29,0
DA:30,0
DA:31,0
DA:34,0
DA:35,0
DA:36,0
DA:40,0
DA:44,0
DA:45,0
DA:50,0
DA:66,0
DA:84,11
DA:89,11
DA:92,0
LF:20
LH:3
BRDA:35,0,0,0
BRDA:35,0,1,0
BRDA:35,1,0,0
BRDA:35,1,1,0
BRDA:53,2,0,0
BRDA:53,2,1,0
BRF:6
BRH:0
end_of_record
TN:
SF:src/components/register/index.js
FN:14,(anonymous_0)
FN:49,(anonymous_1)
FN:65,(anonymous_2)
FN:68,(anonymous_3)
FN:75,(anonymous_4)
FN:101,(anonymous_5)
FN:211,(anonymous_6)
FN:229,(anonymous_7)
FN:234,(anonymous_8)
FN:236,(anonymous_9)
FN:237,(anonymous_10)
FN:238,(anonymous_11)
FNF:12
FNH:5
FNDA:237,(anonymous_0)
FNDA:1032,(anonymous_1)
FNDA:0,(anonymous_2)
FNDA:0,(anonymous_3)
FNDA:0,(anonymous_4)
FNDA:0,(anonymous_5)
FNDA:0,(anonymous_6)
FNDA:24,(anonymous_7)
FNDA:24,(anonymous_8)
FNDA:0,(anonymous_9)
FNDA:0,(anonymous_10)
FNDA:3,(anonymous_11)
DA:14,11
DA:15,237
DA:17,237
DA:18,8
DA:19,229
DA:20,147
DA:23,237
DA:24,77
DA:25,160
DA:26,94
DA:29,237
DA:30,101
DA:31,136
DA:36,104
DA:40,237
DA:41,170
DA:42,67
DA:43,65
DA:46,237
DA:49,11
DA:50,1032
DA:51,1032
DA:52,1032
DA:56,1032
DA:66,0
DA:67,0
DA:69,0
DA:70,0
DA:71,0
DA:72,0
DA:73,0
DA:76,0
DA:77,0
DA:81,0
DA:82,0
DA:86,0
DA:87,0
DA:88,0
DA:94,0
DA:96,0
DA:101,0
DA:102,0
DA:107,1032
DA:211,0
DA:229,24
DA:234,24
DA:236,0
DA:237,0
DA:238,3
LF:49
LH:28
BRDA:17,0,0,8
BRDA:17,0,1,229
BRDA:19,1,0,147
BRDA:19,1,1,82
BRDA:23,2,0,77
BRDA:23,2,1,160
BRDA:25,3,0,94
BRDA:25,3,1,66
BRDA:29,4,0,101
BRDA:29,4,1,136
BRDA:31,5,0,104
BRDA:31,5,1,32
BRDA:40,6,0,170
BRDA:40,6,1,67
BRDA:42,7,0,65
BRDA:42,7,1,2
BRDA:76,8,0,0
BRDA:76,8,1,0
BRDA:76,9,0,0
BRDA:76,9,1,0
BRDA:77,10,0,0
BRDA:77,10,1,0
BRDA:78,11,0,0
BRDA:78,11,1,0
BRDA:82,12,0,0
BRDA:82,12,1,0
BRDA:83,13,0,0
BRDA:83,13,1,0
BRDA:87,14,0,0
BRDA:87,14,1,0
BRDA:110,15,0,0
BRDA:110,15,1,1032
BRDA:117,16,0,1032
BRDA:117,16,1,0
BRDA:136,17,0,394
BRDA:136,17,1,638
BRDA:136,18,0,1032
BRDA:136,18,1,738
BRDA:155,19,0,360
BRDA:155,19,1,672
BRDA:155,20,0,1032
BRDA:155,20,1,616
BRDA:174,21,0,190
BRDA:174,21,1,842
BRDA:174,22,0,1032
BRDA:174,22,1,318
BRDA:193,23,0,20
BRDA:193,23,1,1012
BRDA:193,24,0,1032
BRDA:193,24,1,20
BRF:50
BRH:34
end_of_record
TN:
SF:src/components/resetPassword/index.js
FN:19,(anonymous_0)
FN:42,(anonymous_1)
FN:50,(anonymous_2)
FN:52,(anonymous_3)
FN:56,(anonymous_4)
FN:68,(anonymous_5)
FN:74,(anonymous_6)
FN:76,(anonymous_7)
FN:83,(anonymous_8)
FN:171,(anonymous_9)
FN:177,(anonymous_10)
FN:190,(anonymous_11)
FN:195,(anonymous_12)
FN:197,(anonymous_13)
FN:198,(anonymous_14)
FN:199,(anonymous_15)
FN:200,(anonymous_16)
FNF:17
FNH:0
FNDA:0,(anonymous_0)
FNDA:0,(anonymous_1)
FNDA:0,(anonymous_2)
FNDA:0,(anonymous_3)
FNDA:0,(anonymous_4)
FNDA:0,(anonymous_5)
FNDA:0,(anonymous_6)
FNDA:0,(anonymous_7)
FNDA:0,(anonymous_8)
FNDA:0,(anonymous_9)
FNDA:0,(anonymous_10)
FNDA:0,(anonymous_11)
FNDA:0,(anonymous_12)
FNDA:0,(anonymous_13)
FNDA:0,(anonymous_14)
FNDA:0,(anonymous_15)
FNDA:0,(anonymous_16)
DA:19,11
DA:20,0
DA:22,0
DA:23,0
DA:24,0
DA:29,0
DA:33,0
DA:34,0
DA:35,0
DA:36,0
DA:39,0
DA:42,11
DA:43,0
DA:44,0
DA:45,0
DA:47,0
DA:50,0
DA:51,0
DA:53,0
DA:54,0
DA:57,0
DA:58,0
DA:62,0
DA:69,0
DA:75,0
DA:76,0
DA:77,0
DA:78,0
DA:79,0
DA:80,0
DA:84,0
DA:85,0
DA:86,0
DA:90,0
DA:97,0
DA:171,0
DA:177,0
DA:190,11
DA:195,11
DA:197,0
DA:198,0
DA:199,0
DA:200,0
LF:43
LH:4
BRDA:22,0,0,0
BRDA:22,0,1,0
BRDA:24,1,0,0
BRDA:24,1,1,0
BRDA:33,2,0,0
BRDA:33,2,1,0
BRDA:35,3,0,0
BRDA:35,3,1,0
BRDA:85,4,0,0
BRDA:85,4,1,0
BRDA:85,5,0,0
BRDA:85,5,1,0
BRDA:104,6,0,0
BRDA:104,6,1,0
BRDA:110,7,0,0
BRDA:110,7,1,0
BRDA:112,8,0,0
BRDA:112,8,1,0
BRDA:132,9,0,0
BRDA:132,9,1,0
BRDA:132,10,0,0
BRDA:132,10,1,0
BRDA:151,11,0,0
BRDA:151,11,1,0
BRDA:151,12,0,0
BRDA:151,12,1,0
BRF:26
BRH:0
end_of_record
TN:
SF:src/components/savedRecipes/index.js
FN:26,(anonymous_0)
FN:36,getSavedHandler
FN:40,(anonymous_2)
FN:48,(anonymous_3)
FN:53,(anonymous_4)
FN:61,(anonymous_5)
FN:69,removeSavedRecipeHandler
FN:71,(anonymous_7)
FN:72,(anonymous_8)
FN:77,(anonymous_9)
FN:80,(anonymous_10)
FN:116,(anonymous_11)
FN:136,(anonymous_12)
FN:140,(anonymous_13)
FN:142,(anonymous_14)
FN:144,(anonymous_15)
FN:146,(anonymous_16)
FNF:17
FNH:0
FNDA:0,(anonymous_0)
FNDA:0,getSavedHandler
FNDA:0,(anonymous_2)
FNDA:0,(anonymous_3)
FNDA:0,(anonymous_4)
FNDA:0,(anonymous_5)
FNDA:0,removeSavedRecipeHandler
FNDA:0,(anonymous_7)
FNDA:0,(anonymous_8)
FNDA:0,(anonymous_9)
FNDA:0,(anonymous_10)
FNDA:0,(anonymous_11)
FNDA:0,(anonymous_12)
FNDA:0,(anonymous_13)
FNDA:0,(anonymous_14)
FNDA:0,(anonymous_15)
FNDA:0,(anonymous_16)
DA:26,11
DA:27,0
DA:28,0
DA:29,0
DA:30,0
DA:31,0
DA:33,0
DA:37,0
DA:38,0
DA:39,0
DA:41,0
DA:43,0
DA:45,0
DA:46,0
DA:47,0
DA:48,0
DA:49,0
DA:51,0
DA:54,0
DA:55,0
DA:57,0
DA:58,0
DA:61,0
DA:63,0
DA:64,0
DA:70,0
DA:71,0
DA:72,0
DA:73,0
DA:75,0
DA:76,0
DA:78,0
DA:79,0
DA:81,0
DA:82,0
DA:84,0
DA:88,0
DA:117,0
DA:136,11
DA:140,11
DA:143,0
DA:145,0
DA:147,0
LF:43
LH:3
BRDA:54,0,0,0
BRDA:54,0,1,0
BRDA:54,1,0,0
BRDA:54,1,1,0
BRDA:81,2,0,0
BRDA:81,2,1,0
BRDA:81,3,0,0
BRDA:81,3,1,0
BRDA:104,4,0,0
BRDA:104,4,1,0
BRDA:105,5,0,0
BRDA:105,5,1,0
BRDA:114,6,0,0
BRDA:114,6,1,0
BRDA:116,7,0,0
BRDA:116,7,1,0
BRF:16
BRH:0
end_of_record
TN:
SF:src/components/searchButton/index.js
FN:10,(anonymous_0)
FN:25,(anonymous_1)
FN:33,(anonymous_2)
FN:37,(anonymous_3)
FN:39,(anonymous_4)
FNF:5
FNH:3
FNDA:22,(anonymous_0)
FNDA:0,(anonymous_1)
FNDA:40,(anonymous_2)
FNDA:22,(anonymous_3)
FNDA:0,(anonymous_4)
DA:10,11
DA:11,22
DA:12,22
DA:13,0
DA:22,22
DA:25,0
DA:33,40
DA:37,22
DA:40,0
LF:9
LH:6
BRDA:12,0,0,0
BRDA:12,0,1,22
BRF:2
BRH:1
end_of_record
TN:
SF:src/components/singleRecipe/index.js
FN:24,(anonymous_0)
FN:54,ingredientFilter
FN:56,(anonymous_2)
FN:64,checkSingleRecipeLocal
FN:72,(anonymous_4)
FN:78,(anonymous_5)
FN:85,(anonymous_6)
FN:94,(anonymous_7)
FN:99,(anonymous_8)
FN:105,(anonymous_9)
FN:109,(anonymous_10)
FN:271,(anonymous_11)
FN:274,(anonymous_12)
FN:306,(anonymous_13)
FN:311,(anonymous_14)
FN:313,(anonymous_15)
FNF:16
FNH:0
FNDA:0,(anonymous_0)
FNDA:0,ingredientFilter
FNDA:0,(anonymous_2)
FNDA:0,checkSingleRecipeLocal
FNDA:0,(anonymous_4)
FNDA:0,(anonymous_5)
FNDA:0,(anonymous_6)
FNDA:0,(anonymous_7)
FNDA:0,(anonymous_8)
FNDA:0,(anonymous_9)
FNDA:0,(anonymous_10)
FNDA:0,(anonymous_11)
FNDA:0,(anonymous_12)
FNDA:0,(anonymous_13)
FNDA:0,(anonymous_14)
FNDA:0,(anonymous_15)
DA:24,11
DA:25,0
DA:26,0
DA:28,0
DA:29,0
DA:52,0
DA:55,0
DA:56,0
DA:57,0
DA:59,0
DA:60,0
DA:65,0
DA:67,0
DA:68,0
DA:70,0
DA:71,0
DA:72,0
DA:73,0
DA:75,0
DA:76,0
DA:77,0
DA:78,0
DA:79,0
DA:81,0
DA:85,0
DA:87,0
DA:88,0
DA:89,0
DA:92,0
DA:93,0
DA:94,0
DA:95,0
DA:98,0
DA:100,0
DA:101,0
DA:102,0
DA:103,0
DA:104,0
DA:105,0
DA:106,0
DA:110,0
DA:111,0
DA:112,0
DA:114,0
DA:115,0
DA:123,0
DA:272,0
DA:275,0
DA:306,11
DA:311,11
DA:314,0
LF:51
LH:3
BRDA:67,0,0,0
BRDA:67,0,1,0
BRDA:70,1,0,0
BRDA:70,1,1,0
BRDA:76,2,0,0
BRDA:76,2,1,0
BRDA:88,3,0,0
BRDA:88,3,1,0
BRDA:110,4,0,0
BRDA:110,4,1,0
BRDA:110,5,0,0
BRDA:110,5,1,0
BRDA:132,6,0,0
BRDA:132,6,1,0
BRDA:149,7,0,0
BRDA:149,7,1,0
BRDA:166,8,0,0
BRDA:166,8,1,0
BRDA:189,9,0,0
BRDA:189,9,1,0
BRDA:197,10,0,0
BRDA:197,10,1,0
BRDA:205,11,0,0
BRDA:205,11,1,0
BRDA:212,12,0,0
BRDA:212,12,1,0
BRDA:217,13,0,0
BRDA:217,13,1,0
BRDA:222,14,0,0
BRDA:222,14,1,0
BRDA:227,15,0,0
BRDA:227,15,1,0
BRDA:232,16,0,0
BRDA:232,16,1,0
BRDA:237,17,0,0
BRDA:237,17,1,0
BRDA:242,18,0,0
BRDA:242,18,1,0
BRDA:247,19,0,0
BRDA:247,19,1,0
BRDA:270,20,0,0
BRDA:270,20,1,0
BRF:42
BRH:0
end_of_record
TN:
SF:src/components/styles/makeStyles.js
FN:3,(anonymous_0)
FNF:1
FNH:0
FNDA:0,(anonymous_0)
DA:3,11
LF:1
LH:1
BRF:0
BRH:0
end_of_record
TN:
SF:src/components/userSettings/index.js
FN:33,(anonymous_0)
FN:75,(anonymous_1)
FN:85,(anonymous_2)
FN:87,(anonymous_3)
FN:93,(anonymous_4)
FN:94,(anonymous_5)
FN:104,(anonymous_6)
FN:122,(anonymous_7)
FN:125,(anonymous_8)
FN:133,(anonymous_9)
FN:144,(anonymous_10)
FN:287,(anonymous_11)
FN:292,(anonymous_12)
FN:294,(anonymous_13)
FN:296,(anonymous_14)
FNF:15
FNH:0
FNDA:0,(anonymous_0)
FNDA:0,(anonymous_1)
FNDA:0,(anonymous_2)
FNDA:0,(anonymous_3)
FNDA:0,(anonymous_4)
FNDA:0,(anonymous_5)
FNDA:0,(anonymous_6)
FNDA:0,(anonymous_7)
FNDA:0,(anonymous_8)
FNDA:0,(anonymous_9)
FNDA:0,(anonymous_10)
FNDA:0,(anonymous_11)
FNDA:0,(anonymous_12)
FNDA:0,(anonymous_13)
FNDA:0,(anonymous_14)
DA:33,11
DA:34,0
DA:36,0
DA:37,0
DA:38,0
DA:39,0
DA:42,0
DA:43,0
DA:44,0
DA:45,0
DA:48,0
DA:49,0
DA:50,0
DA:55,0
DA:59,0
DA:60,0
DA:61,0
DA:66,0
DA:68,0
DA:69,0
DA:72,0
DA:75,11
DA:76,0
DA:77,0
DA:79,0
DA:84,0
DA:85,0
DA:86,0
DA:88,0
DA:89,0
DA:90,0
DA:91,0
DA:95,0
DA:96,0
DA:100,0
DA:104,0
DA:105,0
DA:109,0
DA:123,0
DA:124,0
DA:126,0
DA:127,0
DA:128,0
DA:129,0
DA:130,0
DA:131,0
DA:134,0
DA:135,0
DA:136,0
DA:140,0
DA:144,0
DA:145,0
DA:150,0
DA:287,11
DA:292,11
DA:295,0
DA:297,0
LF:57
LH:4
BRDA:36,0,0,0
BRDA:36,0,1,0
BRDA:38,1,0,0
BRDA:38,1,1,0
BRDA:42,2,0,0
BRDA:42,2,1,0
BRDA:44,3,0,0
BRDA:44,3,1,0
BRDA:48,4,0,0
BRDA:48,4,1,0
BRDA:50,5,0,0
BRDA:50,5,1,0
BRDA:59,6,0,0
BRDA:59,6,1,0
BRDA:61,7,0,0
BRDA:61,7,1,0
BRDA:68,8,0,0
BRDA:68,8,1,0
BRDA:95,9,0,0
BRDA:95,9,1,0
BRDA:95,10,0,0
BRDA:95,10,1,0
BRDA:135,11,0,0
BRDA:135,11,1,0
BRDA:135,12,0,0
BRDA:135,12,1,0
BRDA:161,13,0,0
BRDA:161,13,1,0
BRDA:171,14,0,0
BRDA:171,14,1,0
BRDA:177,15,0,0
BRDA:177,15,1,0
BRDA:204,16,0,0
BRDA:204,16,1,0
BRDA:204,17,0,0
BRDA:204,17,1,0
BRDA:222,18,0,0
BRDA:222,18,1,0
BRDA:222,19,0,0
BRDA:222,19,1,0
BRDA:240,20,0,0
BRDA:240,20,1,0
BRDA:240,21,0,0
BRDA:240,21,1,0
BRDA:258,22,0,0
BRDA:258,22,1,0
BRDA:258,23,0,0
BRDA:258,23,1,0
BRF:48
BRH:0
end_of_record
TN:
SF:src/config/api.js
FNF:0
FNH:0
DA:3,11
DA:5,11
LF:2
LH:2
BRDA:10,0,0,0
BRDA:10,0,1,11
BRF:2
BRH:1
end_of_record
TN:
SF:src/reducers/errors/index.js
FN:7,(anonymous_0)
FN:9,(anonymous_1)
FNF:2
FNH:1
FNDA:11,(anonymous_0)
FNDA:0,(anonymous_1)
DA:3,11
DA:5,11
DA:7,11
DA:8,11
DA:10,0
DA:11,0
DA:12,0
LF:7
LH:4
BRF:0
BRH:0
end_of_record
TN:
SF:src/reducers/ingredients/index.js
FN:10,(anonymous_0)
FN:12,(anonymous_1)
FN:15,(anonymous_2)
FN:18,(anonymous_3)
FN:21,(anonymous_4)
FNF:5
FNH:1
FNDA:11,(anonymous_0)
FNDA:0,(anonymous_1)
FNDA:0,(anonymous_2)
FNDA:0,(anonymous_3)
FNDA:0,(anonymous_4)
DA:3,11
DA:4,11
DA:5,11
DA:6,11
DA:8,11
DA:10,11
DA:11,11
DA:13,0
DA:16,0
DA:19,0
DA:22,0
LF:11
LH:7
BRF:0
BRH:0
end_of_record
TN:
SF:src/reducers/login/index.js
FN:10,(anonymous_0)
FN:12,(anonymous_1)
FN:15,(anonymous_2)
FN:18,(anonymous_3)
FN:23,(anonymous_4)
FNF:5
FNH:2
FNDA:11,(anonymous_0)
FNDA:11,(anonymous_1)
FNDA:0,(anonymous_2)
FNDA:0,(anonymous_3)
FNDA:0,(anonymous_4)
DA:3,11
DA:4,11
DA:5,11
DA:6,11
DA:8,11
DA:10,11
DA:11,11
DA:13,11
DA:16,0
DA:19,0
DA:20,0
DA:21,0
DA:24,0
LF:13
LH:8
BRF:0
BRH:0
end_of_record
TN:
SF:src/reducers/modals/index.js
FN:8,(anonymous_0)
FN:10,(anonymous_1)
FN:13,(anonymous_2)
FNF:3
FNH:3
FNDA:11,(anonymous_0)
FNDA:15,(anonymous_1)
FNDA:3,(anonymous_2)
DA:3,11
DA:4,11
DA:6,11
DA:8,11
DA:9,11
DA:11,15
DA:14,3
LF:7
LH:7
BRF:0
BRH:0
end_of_record
TN:
SF:src/reducers/preferences/index.js
FN:17,(anonymous_0)
FN:18,(anonymous_1)
FNF:2
FNH:1
FNDA:11,(anonymous_0)
FNDA:0,(anonymous_1)
DA:3,11
DA:5,11
DA:17,11
DA:18,11
DA:19,0
LF:5
LH:4
BRF:0
BRH:0
end_of_record
TN:
SF:src/reducers/recipes/index.js
FN:13,(anonymous_0)
FN:15,(anonymous_1)
FN:18,(anonymous_2)
FN:21,(anonymous_3)
FNF:4
FNH:1
FNDA:11,(anonymous_0)
FNDA:0,(anonymous_1)
FNDA:0,(anonymous_2)
FNDA:0,(anonymous_3)
DA:3,11
DA:4,11
DA:5,11
DA:7,11
DA:13,11
DA:14,11
DA:16,0
DA:19,0
DA:22,0
LF:9
LH:6
BRF:0
BRH:0
end_of_record
TN:
SF:src/reducers/userInfo/index.js
FN:10,(anonymous_0)
FN:11,(anonymous_1)
FN:16,(anonymous_2)
FN:19,(anonymous_3)
FNF:4
FNH:1
FNDA:11,(anonymous_0)
FNDA:0,(anonymous_1)
FNDA:0,(anonymous_2)
FNDA:0,(anonymous_3)
DA:3,11
DA:4,11
DA:5,11
DA:7,11
DA:10,11
DA:11,11
DA:12,0
DA:13,0
DA:14,0
DA:16,11
DA:17,0
DA:19,11
DA:20,0
LF:13
LH:8
BRF:0
BRH:0
end_of_record
TN:
SF:src/services/authServices.js
FN:3,registerUser
FN:9,loginUser
FN:15,logoutUser
FN:20,forgotPassword
FN:27,resetPassword
FN:38,updatePasswordViaReset
FN:45,getUserSettings
FN:51,updateUserSettings
FN:60,uploadProfileImage
FN:74,getPreference
FN:80,updatePreference
FN:89,getUsername
FN:94,setUsername
FN:101,getProfile
FN:106,setProfile
FN:113,getPref
FN:118,setPref
FNF:17
FNH:1
FNDA:0,registerUser
FNDA:0,loginUser
FNDA:0,logoutUser
FNDA:0,forgotPassword
FNDA:0,resetPassword
FNDA:0,updatePasswordViaReset
FNDA:0,getUserSettings
FNDA:0,updateUserSettings
FNDA:0,uploadProfileImage
FNDA:0,getPreference
FNDA:0,updatePreference
FNDA:11,getUsername
FNDA:0,setUsername
FNDA:0,getProfile
FNDA:0,setProfile
FNDA:0,getPref
FNDA:0,setPref
DA:5,0
DA:6,0
DA:11,0
DA:12,0
DA:17,0
DA:23,0
DA:24,0
DA:30,0
DA:35,0
DA:41,0
DA:42,0
DA:47,0
DA:48,0
DA:53,0
DA:57,0
DA:62,0
DA:64,0
DA:65,0
DA:66,0
DA:70,0
DA:76,0
DA:77,0
DA:82,0
DA:86,0
DA:90,11
DA:95,0
DA:102,0
DA:107,0
DA:114,0
DA:119,0
LF:30
LH:1
BRDA:95,0,0,0
BRDA:95,0,1,0
BRDA:107,1,0,0
BRDA:107,1,1,0
BRDA:119,2,0,0
BRDA:119,2,1,0
BRF:6
BRH:0
end_of_record
TN:
SF:src/services/ingredientServices.js
FN:6,getAllFridgeIngredients
FN:12,addFridgeItem
FN:21,deleteFridgeItem
FN:30,deleteAllFridge
FN:40,getAllPantryIngredients
FN:46,addPantryItem
FN:55,deletePantryItem
FN:64,deleteAllPantry
FN:72,getFridge
FN:76,setFridge
FN:82,getPantry
FN:86,setPantry
FNF:12
FNH:0
FNDA:0,getAllFridgeIngredients
FNDA:0,addFridgeItem
FNDA:0,deleteFridgeItem
FNDA:0,deleteAllFridge
FNDA:0,getAllPantryIngredients
FNDA:0,addPantryItem
FNDA:0,deletePantryItem
FNDA:0,deleteAllPantry
FNDA:0,getFridge
FNDA:0,setFridge
FNDA:0,getPantry
FNDA:0,setPantry
DA:7,0
DA:8,0
DA:13,0
DA:17,0
DA:22,0
DA:26,0
DA:31,0
DA:34,0
DA:41,0
DA:42,0
DA:47,0
DA:51,0
DA:56,0
DA:60,0
DA:65,0
DA:69,0
DA:73,0
DA:77,0
DA:83,0
DA:87,0
LF:20
LH:0
BRDA:77,0,0,0
BRDA:77,0,1,0
BRDA:87,1,0,0
BRDA:87,1,1,0
BRF:4
BRH:0
end_of_record
TN:
SF:src/services/recipeServices.js
FN:4,browseSearchRecipes
FN:11,getAllUserSavedRecipes
FN:17,getSingleRecipePage
FN:23,addNewSavedRecipe
FN:29,removedSavedRecipe
FN:34,getBrowsedRecipes
FN:38,setBrowsedRecipes
FN:44,getSavedRecipes
FN:48,setSavedRecipes
FN:54,getSingleRecipe
FN:58,setSingleRecipe
FNF:11
FNH:0
FNDA:0,browseSearchRecipes
FNDA:0,getAllUserSavedRecipes
FNDA:0,getSingleRecipePage
FNDA:0,addNewSavedRecipe
FNDA:0,removedSavedRecipe
FNDA:0,getBrowsedRecipes
FNDA:0,setBrowsedRecipes
FNDA:0,getSavedRecipes
FNDA:0,setSavedRecipes
FNDA:0,getSingleRecipe
FNDA:0,setSingleRecipe
DA:5,0
DA:6,0
DA:7,0
DA:12,0
DA:13,0
DA:18,0
DA:19,0
DA:24,0
DA:25,0
DA:30,0
DA:31,0
DA:35,0
DA:39,0
DA:45,0
DA:49,0
DA:55,0
DA:59,0
LF:17
LH:0
BRDA:39,0,0,0
BRDA:39,0,1,0
BRDA:49,1,0,0
BRDA:49,1,1,0
BRDA:59,2,0,0
BRDA:59,2,1,0
BRF:6
BRH:0
end_of_record
