TN:
SF:src/App.js
FN:32,(anonymous_0)
FN:38,(anonymous_1)
FN:57,(anonymous_2)
FN:58,(anonymous_3)
FN:70,(anonymous_4)
FN:116,(anonymous_5)
FN:120,(anonymous_6)
FN:122,(anonymous_7)
FN:123,(anonymous_8)
FN:124,(anonymous_9)
FNF:10
FNH:6
FNDA:0,(anonymous_0)
FNDA:0,(anonymous_1)
FNDA:20,(anonymous_2)
FNDA:5,(anonymous_3)
FNDA:0,(anonymous_4)
FNDA:26,(anonymous_5)
FNDA:10,(anonymous_6)
FNDA:5,(anonymous_7)
FNDA:5,(anonymous_8)
FNDA:0,(anonymous_9)
DA:32,5
DA:33,0
DA:35,0
DA:39,0
DA:57,5
DA:58,20
DA:59,5
DA:60,5
DA:61,5
DA:63,0
DA:64,0
DA:65,0
DA:66,0
DA:70,5
DA:72,20
DA:116,26
DA:120,10
DA:122,5
DA:123,5
DA:124,0
LF:20
LH:12
BRDA:39,0,0,0
BRDA:39,0,1,0
BRF:2
BRH:0
end_of_record
TN:
SF:src/index.js
FNF:0
FNH:0
DA:9,5
DA:14,5
DA:16,5
DA:26,5
DA:27,5
DA:33,5
DA:35,5
LF:7
LH:7
BRDA:11,0,0,5
BRDA:11,0,1,0
BRDA:26,1,0,5
BRDA:26,1,1,0
BRF:4
BRH:2
end_of_record
TN:
SF:src/reducers.js
FNF:0
FNH:0
LF:0
LH:0
BRF:0
BRH:0
end_of_record
TN:
SF:src/reportWebVitals.js
FN:1,(anonymous_0)
FN:3,(anonymous_1)
FNF:2
FNH:1
FNDA:5,(anonymous_0)
FNDA:0,(anonymous_1)
DA:1,5
DA:2,5
DA:3,0
DA:4,0
DA:5,0
DA:6,0
DA:7,0
DA:8,0
LF:8
LH:2
BRDA:2,0,0,0
BRDA:2,0,1,5
BRDA:2,1,0,5
BRDA:2,1,1,0
BRF:4
BRH:2
end_of_record
TN:
SF:src/components/AuthenticationModal/index.js
FN:9,(anonymous_0)
FN:44,(anonymous_1)
FN:48,(anonymous_2)
FN:50,(anonymous_3)
FN:51,(anonymous_4)
FNF:5
FNH:3
FNDA:18,(anonymous_0)
FNDA:26,(anonymous_1)
FNDA:10,(anonymous_2)
FNDA:0,(anonymous_3)
FNDA:0,(anonymous_4)
DA:9,5
DA:10,18
DA:12,18
DA:19,18
DA:31,18
DA:44,26
DA:48,10
DA:50,0
DA:51,0
LF:9
LH:7
BRDA:39,0,0,18
BRDA:39,0,1,4
BRF:2
BRH:2
end_of_record
TN:
SF:src/components/browseRecipes/index.js
FN:28,(anonymous_0)
FN:39,handleNewIngredientsAdded
FN:51,recipeSearchHandler
FN:56,(anonymous_3)
FN:64,(anonymous_4)
FN:70,(anonymous_5)
FN:82,(anonymous_6)
FN:91,(anonymous_7)
FN:99,handleSearchAgain
FN:111,saveRecipeHandler
FN:115,(anonymous_10)
FN:124,(anonymous_11)
FN:130,(anonymous_12)
FN:182,(anonymous_13)
FN:204,(anonymous_14)
FN:208,(anonymous_15)
FN:210,(anonymous_16)
FN:212,(anonymous_17)
FN:214,(anonymous_18)
FN:216,(anonymous_19)
FNF:20
FNH:10
FNDA:30,(anonymous_0)
FNDA:3,handleNewIngredientsAdded
FNDA:3,recipeSearchHandler
FNDA:3,(anonymous_3)
FNDA:3,(anonymous_4)
FNDA:0,(anonymous_5)
FNDA:0,(anonymous_6)
FNDA:3,(anonymous_7)
FNDA:0,handleSearchAgain
FNDA:0,saveRecipeHandler
FNDA:0,(anonymous_10)
FNDA:0,(anonymous_11)
FNDA:0,(anonymous_12)
FNDA:12,(anonymous_13)
FNDA:12,(anonymous_14)
FNDA:6,(anonymous_15)
FNDA:0,(anonymous_16)
FNDA:0,(anonymous_17)
FNDA:3,(anonymous_18)
FNDA:0,(anonymous_19)
DA:28,5
DA:29,30
DA:30,30
DA:32,30
DA:33,30
DA:34,30
DA:35,30
DA:40,3
DA:41,3
DA:42,0
DA:43,0
DA:45,0
DA:53,3
DA:54,3
DA:55,3
DA:57,3
DA:58,3
DA:59,3
DA:60,3
DA:61,3
DA:62,3
DA:65,3
DA:66,3
DA:71,0
DA:72,0
DA:73,0
DA:75,0
DA:79,0
DA:80,0
DA:82,0
DA:83,0
DA:84,0
DA:91,30
DA:93,3
DA:94,3
DA:100,0
DA:101,0
DA:102,0
DA:104,0
DA:105,0
DA:112,0
DA:113,0
DA:114,0
DA:116,0
DA:117,0
DA:119,0
DA:121,0
DA:122,0
DA:123,0
DA:124,0
DA:125,0
DA:126,0
DA:131,0
DA:132,0
DA:133,0
DA:134,0
DA:136,0
DA:137,0
DA:151,30
DA:153,30
DA:184,12
DA:204,12
DA:208,6
DA:211,0
DA:213,0
DA:215,3
DA:217,0
LF:67
LH:29
BRDA:41,0,0,0
BRDA:41,0,1,3
BRDA:54,1,0,3
BRDA:54,1,1,0
BRDA:72,2,0,0
BRDA:72,2,1,0
BRDA:72,3,0,0
BRDA:72,3,1,0
BRDA:133,4,0,0
BRDA:133,4,1,0
BRDA:133,5,0,0
BRDA:133,5,1,0
BRDA:167,6,0,30
BRDA:167,6,1,0
BRDA:168,7,0,24
BRDA:168,7,1,6
BRDA:172,8,0,0
BRDA:172,8,1,6
BRDA:182,9,0,6
BRDA:182,9,1,6
BRF:20
BRH:8
end_of_record
TN:
SF:src/components/carousel/index.js
FN:21,(anonymous_0)
FN:25,onCloseHandler
FN:34,(anonymous_2)
FN:39,(anonymous_3)
FN:86,(anonymous_4)
FN:90,(anonymous_5)
FN:92,(anonymous_6)
FNF:7
FNH:3
FNDA:8,(anonymous_0)
FNDA:0,onCloseHandler
FNDA:0,(anonymous_2)
FNDA:0,(anonymous_3)
FNDA:14,(anonymous_4)
FNDA:4,(anonymous_5)
FNDA:0,(anonymous_6)
DA:16,5
DA:17,5
DA:21,5
DA:22,8
DA:23,8
DA:26,0
DA:28,0
DA:32,8
DA:34,0
DA:39,0
DA:86,14
DA:90,5
DA:93,0
LF:13
LH:8
BRF:0
BRH:0
end_of_record
TN:
SF:src/components/footer/index.js
FN:4,(anonymous_0)
FNF:1
FNH:1
FNDA:20,(anonymous_0)
DA:4,5
DA:5,20
LF:2
LH:2
BRF:0
BRH:0
end_of_record
TN:
SF:src/components/forgotPassword/index.js
FN:21,(anonymous_0)
FN:32,(anonymous_1)
FN:45,(anonymous_2)
FN:48,(anonymous_3)
FN:51,(anonymous_4)
FN:59,(anonymous_5)
FN:127,(anonymous_6)
FN:133,(anonymous_7)
FN:146,(anonymous_8)
FN:151,(anonymous_9)
FN:153,(anonymous_10)
FN:154,(anonymous_11)
FN:155,(anonymous_12)
FNF:13
FNH:0
FNDA:0,(anonymous_0)
FNDA:0,(anonymous_1)
FNDA:0,(anonymous_2)
FNDA:0,(anonymous_3)
FNDA:0,(anonymous_4)
FNDA:0,(anonymous_5)
FNDA:0,(anonymous_6)
FNDA:0,(anonymous_7)
FNDA:0,(anonymous_8)
FNDA:0,(anonymous_9)
FNDA:0,(anonymous_10)
FNDA:0,(anonymous_11)
FNDA:0,(anonymous_12)
DA:21,5
DA:22,0
DA:24,0
DA:25,0
DA:26,0
DA:27,0
DA:29,0
DA:32,5
DA:33,0
DA:34,0
DA:35,0
DA:39,0
DA:46,0
DA:47,0
DA:50,0
DA:51,0
DA:52,0
DA:53,0
DA:54,0
DA:55,0
DA:56,0
DA:60,0
DA:61,0
DA:62,0
DA:63,0
DA:67,0
DA:74,0
DA:127,0
DA:133,0
DA:146,5
DA:151,5
DA:153,0
DA:154,0
DA:155,0
LF:34
LH:4
BRDA:24,0,0,0
BRDA:24,0,1,0
BRDA:26,1,0,0
BRDA:26,1,1,0
BRDA:62,2,0,0
BRDA:62,2,1,0
BRDA:62,3,0,0
BRDA:62,3,1,0
BRDA:81,4,0,0
BRDA:81,4,1,0
BRDA:86,5,0,0
BRDA:86,5,1,0
BRDA:104,6,0,0
BRDA:104,6,1,0
BRDA:104,7,0,0
BRDA:104,7,1,0
BRF:16
BRH:0
end_of_record
TN:
SF:src/components/fridge/index.js
FN:33,(anonymous_0)
FN:42,(anonymous_1)
FN:45,(anonymous_2)
FN:51,(anonymous_3)
FN:61,(anonymous_4)
FN:67,(anonymous_5)
FN:70,(anonymous_6)
FN:77,(anonymous_7)
FN:136,(anonymous_8)
FN:157,(anonymous_9)
FN:162,(anonymous_10)
FN:164,(anonymous_11)
FN:166,(anonymous_12)
FN:167,(anonymous_13)
FNF:14
FNH:0
FNDA:0,(anonymous_0)
FNDA:0,(anonymous_1)
FNDA:0,(anonymous_2)
FNDA:0,(anonymous_3)
FNDA:0,(anonymous_4)
FNDA:0,(anonymous_5)
FNDA:0,(anonymous_6)
FNDA:0,(anonymous_7)
FNDA:0,(anonymous_8)
FNDA:0,(anonymous_9)
FNDA:0,(anonymous_10)
FNDA:0,(anonymous_11)
FNDA:0,(anonymous_12)
FNDA:0,(anonymous_13)
DA:33,5
DA:34,0
DA:35,0
DA:36,0
DA:37,0
DA:39,0
DA:40,0
DA:42,0
DA:44,0
DA:46,0
DA:47,0
DA:48,0
DA:49,0
DA:54,0
DA:55,0
DA:57,0
DA:61,0
DA:62,0
DA:63,0
DA:67,0
DA:68,0
DA:69,0
DA:71,0
DA:72,0
DA:73,0
DA:74,0
DA:75,0
DA:80,0
DA:81,0
DA:82,0
DA:84,0
DA:90,0
DA:137,0
DA:157,5
DA:162,5
DA:165,0
DA:166,0
DA:167,0
LF:38
LH:3
BRDA:54,0,0,0
BRDA:54,0,1,0
BRDA:54,1,0,0
BRDA:54,1,1,0
BRDA:81,2,0,0
BRDA:81,2,1,0
BRDA:81,3,0,0
BRDA:81,3,1,0
BRDA:105,4,0,0
BRDA:105,4,1,0
BRDA:106,5,0,0
BRDA:106,5,1,0
BRDA:125,6,0,0
BRDA:125,6,1,0
BRDA:131,7,0,0
BRDA:131,7,1,0
BRF:16
BRH:0
end_of_record
TN:
SF:src/components/help/index.js
FN:24,(anonymous_0)
FN:35,(anonymous_1)
FN:49,(anonymous_2)
FN:53,(anonymous_3)
FN:55,(anonymous_4)
FN:56,(anonymous_5)
FNF:6
FNH:0
FNDA:0,(anonymous_0)
FNDA:0,(anonymous_1)
FNDA:0,(anonymous_2)
FNDA:0,(anonymous_3)
FNDA:0,(anonymous_4)
FNDA:0,(anonymous_5)
DA:24,5
DA:27,0
DA:35,0
DA:49,5
DA:53,5
DA:55,0
DA:56,0
LF:7
LH:3
BRF:0
BRH:0
end_of_record
TN:
SF:src/components/home/index.js
FN:16,(anonymous_0)
FN:30,(anonymous_1)
FN:65,(anonymous_2)
FN:69,(anonymous_3)
FN:71,(anonymous_4)
FNF:5
FNH:4
FNDA:16,(anonymous_0)
FNDA:2,(anonymous_1)
FNDA:14,(anonymous_2)
FNDA:4,(anonymous_3)
FNDA:0,(anonymous_4)
DA:16,5
DA:17,16
DA:19,16
DA:24,16
DA:30,16
DA:31,2
DA:32,2
DA:33,2
DA:37,16
DA:65,14
DA:69,5
DA:72,0
LF:12
LH:11
BRF:0
BRH:0
end_of_record
TN:
SF:src/components/ingredient/index.js
FN:29,(anonymous_0)
FN:46,(anonymous_1)
FN:49,(anonymous_2)
FN:54,(anonymous_3)
FN:61,(anonymous_4)
FN:71,(anonymous_5)
FN:75,(anonymous_6)
FN:83,(anonymous_7)
FN:90,(anonymous_8)
FN:109,(anonymous_9)
FN:132,(anonymous_10)
FN:138,(anonymous_11)
FN:140,(anonymous_12)
FN:142,(anonymous_13)
FN:144,(anonymous_14)
FN:146,(anonymous_15)
FN:148,(anonymous_16)
FNF:17
FNH:0
FNDA:0,(anonymous_0)
FNDA:0,(anonymous_1)
FNDA:0,(anonymous_2)
FNDA:0,(anonymous_3)
FNDA:0,(anonymous_4)
FNDA:0,(anonymous_5)
FNDA:0,(anonymous_6)
FNDA:0,(anonymous_7)
FNDA:0,(anonymous_8)
FNDA:0,(anonymous_9)
FNDA:0,(anonymous_10)
FNDA:0,(anonymous_11)
FNDA:0,(anonymous_12)
FNDA:0,(anonymous_13)
FNDA:0,(anonymous_14)
FNDA:0,(anonymous_15)
FNDA:0,(anonymous_16)
DA:29,5
DA:37,0
DA:38,0
DA:40,0
DA:42,0
DA:43,0
DA:44,0
DA:46,0
DA:47,0
DA:48,0
DA:50,0
DA:51,0
DA:52,0
DA:55,0
DA:58,0
DA:59,0
DA:62,0
DA:63,0
DA:65,0
DA:71,0
DA:72,0
DA:74,0
DA:76,0
DA:80,0
DA:81,0
DA:84,0
DA:87,0
DA:88,0
DA:93,0
DA:94,0
DA:96,0
DA:103,0
DA:110,0
DA:132,5
DA:138,5
DA:141,0
DA:143,0
DA:145,0
DA:147,0
DA:148,0
LF:40
LH:3
BRDA:62,0,0,0
BRDA:62,0,1,0
BRDA:62,1,0,0
BRDA:62,1,1,0
BRDA:93,2,0,0
BRDA:93,2,1,0
BRDA:93,3,0,0
BRDA:93,3,1,0
BRDA:105,4,0,0
BRDA:105,4,1,0
BRDA:108,5,0,0
BRDA:108,5,1,0
BRDA:116,6,0,0
BRDA:116,6,1,0
BRF:14
BRH:0
end_of_record
TN:
SF:src/components/ingredientAutocomplete/index.js
FN:25,AutocompleteIngredients
FN:38,(anonymous_1)
FN:44,(anonymous_2)
FN:54,handleAddFridge
FN:56,(anonymous_4)
FN:60,(anonymous_5)
FN:67,(anonymous_6)
FN:80,handleAddPantry
FN:82,(anonymous_8)
FN:85,(anonymous_9)
FN:92,(anonymous_10)
FN:113,(anonymous_11)
FN:116,(anonymous_12)
FN:117,(anonymous_13)
FN:140,(anonymous_14)
FN:147,(anonymous_15)
FN:149,(anonymous_16)
FN:151,(anonymous_17)
FN:153,(anonymous_18)
FNF:19
FNH:0
FNDA:0,AutocompleteIngredients
FNDA:0,(anonymous_1)
FNDA:0,(anonymous_2)
FNDA:0,handleAddFridge
FNDA:0,(anonymous_4)
FNDA:0,(anonymous_5)
FNDA:0,(anonymous_6)
FNDA:0,handleAddPantry
FNDA:0,(anonymous_8)
FNDA:0,(anonymous_9)
FNDA:0,(anonymous_10)
FNDA:0,(anonymous_11)
FNDA:0,(anonymous_12)
FNDA:0,(anonymous_13)
FNDA:0,(anonymous_14)
FNDA:0,(anonymous_15)
FNDA:0,(anonymous_16)
FNDA:0,(anonymous_17)
FNDA:0,(anonymous_18)
DA:36,0
DA:38,0
DA:42,0
DA:44,0
DA:47,0
DA:49,0
DA:51,0
DA:52,0
DA:55,0
DA:56,0
DA:57,0
DA:59,0
DA:61,0
DA:62,0
DA:63,0
DA:64,0
DA:65,0
DA:68,0
DA:69,0
DA:70,0
DA:71,0
DA:72,0
DA:74,0
DA:81,0
DA:82,0
DA:83,0
DA:84,0
DA:86,0
DA:87,0
DA:88,0
DA:89,0
DA:90,0
DA:93,0
DA:94,0
DA:95,0
DA:96,0
DA:97,0
DA:99,0
DA:105,0
DA:113,0
DA:116,0
DA:118,0
DA:140,5
DA:147,5
DA:150,0
DA:152,0
DA:153,0
LF:47
LH:2
BRDA:36,0,0,0
BRDA:36,0,1,0
BRDA:42,1,0,0
BRDA:42,1,1,0
BRDA:47,2,0,0
BRDA:47,2,1,0
BRDA:71,3,0,0
BRDA:71,3,1,0
BRDA:71,4,0,0
BRDA:71,4,1,0
BRDA:96,5,0,0
BRDA:96,5,1,0
BRDA:96,6,0,0
BRDA:96,6,1,0
BRDA:108,7,0,0
BRDA:108,7,1,0
BRDA:116,8,0,0
BRDA:116,8,1,0
BRDA:131,9,0,0
BRDA:131,9,1,0
BRF:20
BRH:0
end_of_record
TN:
SF:src/components/listedRecipe/index.js
FN:13,(anonymous_0)
FN:23,(anonymous_1)
FN:28,collectRecipeHandler
FN:59,(anonymous_3)
FN:66,deleteRecipeHandler
FN:70,(anonymous_5)
FN:94,(anonymous_6)
FN:122,(anonymous_7)
FN:126,(anonymous_8)
FN:128,(anonymous_9)
FNF:10
FNH:4
FNDA:24,(anonymous_0)
FNDA:6,(anonymous_1)
FNDA:0,collectRecipeHandler
FNDA:0,(anonymous_3)
FNDA:0,deleteRecipeHandler
FNDA:0,(anonymous_5)
FNDA:0,(anonymous_6)
FNDA:12,(anonymous_7)
FNDA:12,(anonymous_8)
FNDA:0,(anonymous_9)
DA:13,5
DA:14,24
DA:15,24
DA:16,24
DA:20,24
DA:22,24
DA:23,24
DA:24,6
DA:25,6
DA:44,0
DA:57,0
DA:58,0
DA:59,0
DA:60,0
DA:61,0
DA:63,0
DA:67,0
DA:68,0
DA:69,0
DA:70,0
DA:71,0
DA:72,0
DA:74,0
DA:78,24
DA:80,0
DA:94,0
DA:102,24
DA:122,12
DA:126,12
DA:129,0
LF:30
LH:13
BRDA:78,0,0,0
BRDA:78,0,1,24
BRF:2
BRH:1
end_of_record
TN:
SF:src/components/loading/index.js
FN:9,Loading
FNF:1
FNH:1
FNDA:24,Loading
DA:11,24
LF:1
LH:1
BRF:0
BRH:0
end_of_record
TN:
SF:src/components/login/index.js
FN:21,(anonymous_0)
FN:36,(anonymous_1)
FN:50,(anonymous_2)
FN:52,(anonymous_3)
FN:64,(anonymous_4)
FN:138,(anonymous_5)
FN:145,(anonymous_6)
FN:163,(anonymous_7)
FN:168,(anonymous_8)
FN:170,(anonymous_9)
FN:171,(anonymous_10)
FN:173,(anonymous_11)
FN:174,(anonymous_12)
FN:175,(anonymous_13)
FN:176,(anonymous_14)
FNF:15
FNH:10
FNDA:60,(anonymous_0)
FNDA:264,(anonymous_1)
FNDA:2,(anonymous_2)
FNDA:2,(anonymous_3)
FNDA:0,(anonymous_4)
FNDA:0,(anonymous_5)
FNDA:0,(anonymous_6)
FNDA:10,(anonymous_7)
FNDA:4,(anonymous_8)
FNDA:2,(anonymous_9)
FNDA:2,(anonymous_10)
FNDA:2,(anonymous_11)
FNDA:0,(anonymous_12)
FNDA:0,(anonymous_13)
FNDA:2,(anonymous_14)
DA:21,5
DA:22,60
DA:24,60
DA:25,0
DA:26,60
DA:27,30
DA:30,60
DA:31,36
DA:33,60
DA:36,5
DA:37,264
DA:39,264
DA:43,264
DA:51,2
DA:53,2
DA:54,2
DA:55,2
DA:56,2
DA:57,2
DA:58,2
DA:59,2
DA:60,2
DA:61,2
DA:62,2
DA:65,0
DA:66,0
DA:67,0
DA:68,0
DA:72,0
DA:79,264
DA:138,0
DA:145,0
DA:163,10
DA:168,5
DA:170,2
DA:172,2
DA:173,2
DA:174,0
DA:175,0
DA:176,2
LF:40
LH:30
BRDA:24,0,0,0
BRDA:24,0,1,60
BRDA:26,1,0,30
BRDA:26,1,1,30
BRDA:30,2,0,36
BRDA:30,2,1,24
BRDA:67,3,0,0
BRDA:67,3,1,0
BRDA:67,4,0,0
BRDA:67,4,1,0
BRDA:84,5,0,264
BRDA:84,5,1,0
BRDA:102,6,0,0
BRDA:102,6,1,264
BRDA:102,7,0,264
BRDA:102,7,1,116
BRDA:118,8,0,0
BRDA:118,8,1,264
BRDA:118,9,0,264
BRDA:118,9,1,24
BRF:20
BRH:12
end_of_record
TN:
SF:src/components/logo/index.js
FN:6,(anonymous_0)
FNF:1
FNH:1
FNDA:46,(anonymous_0)
DA:6,5
DA:7,46
LF:2
LH:2
BRF:0
BRH:0
end_of_record
TN:
SF:src/components/nav/index.js
FN:44,(anonymous_0)
FN:61,handleLogout
FN:63,(anonymous_2)
FN:69,(anonymous_3)
FN:158,(anonymous_4)
FN:165,(anonymous_5)
FN:176,(anonymous_6)
FN:188,(anonymous_7)
FN:194,(anonymous_8)
FN:196,(anonymous_9)
FN:199,(anonymous_10)
FN:200,(anonymous_11)
FN:201,(anonymous_12)
FN:202,(anonymous_13)
FNF:14
FNH:5
FNDA:24,(anonymous_0)
FNDA:0,handleLogout
FNDA:0,(anonymous_2)
FNDA:0,(anonymous_3)
FNDA:2,(anonymous_4)
FNDA:0,(anonymous_5)
FNDA:0,(anonymous_6)
FNDA:26,(anonymous_7)
FNDA:10,(anonymous_8)
FNDA:2,(anonymous_9)
FNDA:0,(anonymous_10)
FNDA:0,(anonymous_11)
FNDA:0,(anonymous_12)
FNDA:0,(anonymous_13)
DA:44,5
DA:45,24
DA:47,24
DA:48,24
DA:59,24
DA:62,0
DA:64,0
DA:65,0
DA:66,0
DA:67,0
DA:70,0
DA:71,0
DA:78,0
DA:79,0
DA:80,0
DA:81,0
DA:82,0
DA:83,0
DA:84,0
DA:85,0
DA:89,24
DA:158,2
DA:165,0
DA:176,0
DA:188,26
DA:194,10
DA:197,2
DA:199,0
DA:200,0
DA:201,0
DA:203,0
LF:31
LH:10
BRDA:103,0,0,0
BRDA:103,0,1,24
BRDA:106,1,0,14
BRDA:106,1,1,10
BRDA:146,2,0,14
BRDA:146,2,1,10
BRF:6
BRH:5
end_of_record
TN:
SF:src/components/noItemsPage/index.js
FN:8,(anonymous_0)
FNF:1
FNH:0
FNDA:0,(anonymous_0)
DA:8,5
DA:10,0
DA:11,0
DA:27,0
LF:4
LH:1
BRDA:10,0,0,0
BRDA:10,0,1,0
BRF:2
BRH:0
end_of_record
TN:
SF:src/components/notFound/index.js
FN:16,(anonymous_0)
FNF:1
FNH:0
FNDA:0,(anonymous_0)
DA:16,5
DA:17,0
DA:19,0
LF:3
LH:1
BRF:0
BRH:0
end_of_record
TN:
SF:src/components/pantry/index.js
FN:34,(anonymous_0)
FN:43,(anonymous_1)
FN:45,(anonymous_2)
FN:51,(anonymous_3)
FN:62,(anonymous_4)
FN:68,(anonymous_5)
FN:71,(anonymous_6)
FN:78,(anonymous_7)
FN:136,(anonymous_8)
FN:157,(anonymous_9)
FN:162,(anonymous_10)
FN:164,(anonymous_11)
FN:166,(anonymous_12)
FN:167,(anonymous_13)
FNF:14
FNH:0
FNDA:0,(anonymous_0)
FNDA:0,(anonymous_1)
FNDA:0,(anonymous_2)
FNDA:0,(anonymous_3)
FNDA:0,(anonymous_4)
FNDA:0,(anonymous_5)
FNDA:0,(anonymous_6)
FNDA:0,(anonymous_7)
FNDA:0,(anonymous_8)
FNDA:0,(anonymous_9)
FNDA:0,(anonymous_10)
FNDA:0,(anonymous_11)
FNDA:0,(anonymous_12)
FNDA:0,(anonymous_13)
DA:34,5
DA:35,0
DA:36,0
DA:37,0
DA:38,0
DA:40,0
DA:41,0
DA:43,0
DA:44,0
DA:46,0
DA:47,0
DA:48,0
DA:49,0
DA:53,0
DA:54,0
DA:55,0
DA:57,0
DA:62,0
DA:63,0
DA:64,0
DA:68,0
DA:69,0
DA:70,0
DA:72,0
DA:73,0
DA:74,0
DA:75,0
DA:76,0
DA:81,0
DA:82,0
DA:83,0
DA:85,0
DA:91,0
DA:137,0
DA:157,5
DA:162,5
DA:165,0
DA:166,0
DA:167,0
LF:39
LH:3
BRDA:54,0,0,0
BRDA:54,0,1,0
BRDA:54,1,0,0
BRDA:54,1,1,0
BRDA:82,2,0,0
BRDA:82,2,1,0
BRDA:82,3,0,0
BRDA:82,3,1,0
BRDA:105,4,0,0
BRDA:105,4,1,0
BRDA:106,5,0,0
BRDA:106,5,1,0
BRDA:125,6,0,0
BRDA:125,6,1,0
BRDA:131,7,0,0
BRDA:131,7,1,0
BRF:16
BRH:0
end_of_record
TN:
SF:src/components/preferences/index.js
FN:33,(anonymous_0)
FN:33,(anonymous_1)
FN:36,(anonymous_2)
FN:44,(anonymous_3)
FN:51,(anonymous_4)
FN:53,(anonymous_5)
FN:60,(anonymous_6)
FN:74,(anonymous_7)
FN:85,submitHandler
FN:89,(anonymous_9)
FN:93,(anonymous_10)
FN:101,(anonymous_11)
FN:142,(anonymous_12)
FN:148,(anonymous_13)
FN:151,(anonymous_14)
FN:182,(anonymous_15)
FN:188,(anonymous_16)
FN:190,(anonymous_17)
FN:192,(anonymous_18)
FNF:19
FNH:0
FNDA:0,(anonymous_0)
FNDA:0,(anonymous_1)
FNDA:0,(anonymous_2)
FNDA:0,(anonymous_3)
FNDA:0,(anonymous_4)
FNDA:0,(anonymous_5)
FNDA:0,(anonymous_6)
FNDA:0,(anonymous_7)
FNDA:0,submitHandler
FNDA:0,(anonymous_9)
FNDA:0,(anonymous_10)
FNDA:0,(anonymous_11)
FNDA:0,(anonymous_12)
FNDA:0,(anonymous_13)
FNDA:0,(anonymous_14)
FNDA:0,(anonymous_15)
FNDA:0,(anonymous_16)
FNDA:0,(anonymous_17)
FNDA:0,(anonymous_18)
DA:33,5
DA:36,5
DA:37,0
DA:38,0
DA:44,5
DA:45,0
DA:46,0
DA:47,0
DA:48,0
DA:51,0
DA:52,0
DA:54,0
DA:55,0
DA:56,0
DA:57,0
DA:58,0
DA:61,0
DA:62,0
DA:63,0
DA:65,0
DA:70,0
DA:74,0
DA:75,0
DA:76,0
DA:80,0
DA:86,0
DA:87,0
DA:88,0
DA:90,0
DA:91,0
DA:92,0
DA:93,0
DA:94,0
DA:95,0
DA:96,0
DA:97,0
DA:98,0
DA:102,0
DA:103,0
DA:105,0
DA:110,0
DA:114,0
DA:143,0
DA:144,0
DA:145,0
DA:149,0
DA:152,0
DA:182,5
DA:188,5
DA:191,0
DA:192,0
LF:51
LH:5
BRDA:63,0,0,0
BRDA:63,0,1,0
BRDA:63,1,0,0
BRDA:63,1,1,0
BRDA:103,2,0,0
BRDA:103,2,1,0
BRDA:103,3,0,0
BRDA:103,3,1,0
BRDA:125,4,0,0
BRDA:125,4,1,0
BRF:10
BRH:0
end_of_record
TN:
SF:src/components/preferences/list.js
FNF:0
FNH:0
DA:2,5
DA:13,5
LF:2
LH:2
BRF:0
BRH:0
end_of_record
TN:
SF:src/components/profileImage/index.js
FN:16,(anonymous_0)
FN:25,(anonymous_1)
FN:29,(anonymous_2)
FN:38,(anonymous_3)
FN:47,(anonymous_4)
FN:65,(anonymous_5)
FN:84,(anonymous_6)
FN:89,(anonymous_7)
FN:91,(anonymous_8)
FNF:9
FNH:0
FNDA:0,(anonymous_0)
FNDA:0,(anonymous_1)
FNDA:0,(anonymous_2)
FNDA:0,(anonymous_3)
FNDA:0,(anonymous_4)
FNDA:0,(anonymous_5)
FNDA:0,(anonymous_6)
FNDA:0,(anonymous_7)
FNDA:0,(anonymous_8)
DA:16,5
DA:17,0
DA:18,0
DA:20,0
DA:26,0
DA:27,0
DA:28,0
DA:30,0
DA:33,0
DA:34,0
DA:35,0
DA:36,0
DA:39,0
DA:40,0
DA:41,0
DA:43,0
DA:47,0
DA:48,0
DA:49,0
DA:54,0
DA:66,0
DA:67,0
DA:84,5
DA:89,5
DA:92,0
DA:93,0
LF:26
LH:3
BRDA:40,0,0,0
BRDA:40,0,1,0
BRDA:40,1,0,0
BRDA:40,1,1,0
BRDA:57,2,0,0
BRDA:57,2,1,0
BRF:6
BRH:0
end_of_record
TN:
SF:src/components/register/index.js
FN:14,(anonymous_0)
FN:61,(anonymous_1)
FN:77,(anonymous_2)
FN:80,(anonymous_3)
FN:88,(anonymous_4)
FN:195,(anonymous_5)
FN:207,(anonymous_6)
FN:212,(anonymous_7)
FN:218,(anonymous_8)
FN:219,(anonymous_9)
FN:220,(anonymous_10)
FNF:11
FNH:0
FNDA:0,(anonymous_0)
FNDA:0,(anonymous_1)
FNDA:0,(anonymous_2)
FNDA:0,(anonymous_3)
FNDA:0,(anonymous_4)
FNDA:0,(anonymous_5)
FNDA:0,(anonymous_6)
FNDA:0,(anonymous_7)
FNDA:0,(anonymous_8)
FNDA:0,(anonymous_9)
FNDA:0,(anonymous_10)
DA:14,5
DA:15,0
DA:17,0
DA:18,0
DA:19,0
DA:20,0
DA:27,0
DA:28,0
DA:29,0
DA:30,0
DA:33,0
DA:34,0
DA:35,0
DA:40,0
DA:44,0
DA:45,0
DA:54,0
DA:55,0
DA:58,0
DA:61,5
DA:62,0
DA:64,0
DA:68,0
DA:79,0
DA:81,0
DA:82,0
DA:83,0
DA:84,0
DA:85,0
DA:86,0
DA:89,0
DA:90,0
DA:91,0
DA:92,0
DA:94,0
DA:99,0
DA:195,0
DA:207,5
DA:212,5
DA:218,0
DA:219,0
DA:220,0
LF:42
LH:4
BRDA:17,0,0,0
BRDA:17,0,1,0
BRDA:19,1,0,0
BRDA:19,1,1,0
BRDA:27,2,0,0
BRDA:27,2,1,0
BRDA:29,3,0,0
BRDA:29,3,1,0
BRDA:33,4,0,0
BRDA:33,4,1,0
BRDA:35,5,0,0
BRDA:35,5,1,0
BRDA:44,6,0,0
BRDA:44,6,1,0
BRDA:54,7,0,0
BRDA:54,7,1,0
BRDA:105,8,0,0
BRDA:105,8,1,0
BRDA:122,9,0,0
BRDA:122,9,1,0
BRDA:122,10,0,0
BRDA:122,10,1,0
BRDA:141,11,0,0
BRDA:141,11,1,0
BRDA:141,12,0,0
BRDA:141,12,1,0
BRDA:160,13,0,0
BRDA:160,13,1,0
BRDA:160,14,0,0
BRDA:160,14,1,0
BRDA:179,15,0,0
BRDA:179,15,1,0
BRDA:179,16,0,0
BRDA:179,16,1,0
BRF:34
BRH:0
end_of_record
TN:
SF:src/components/resetPassword/index.js
FN:19,(anonymous_0)
FN:42,(anonymous_1)
FN:50,(anonymous_2)
FN:52,(anonymous_3)
FN:56,(anonymous_4)
FN:68,(anonymous_5)
FN:75,(anonymous_6)
FN:78,(anonymous_7)
FN:85,(anonymous_8)
FN:177,(anonymous_9)
FN:183,(anonymous_10)
FN:196,(anonymous_11)
FN:201,(anonymous_12)
FN:203,(anonymous_13)
FN:204,(anonymous_14)
FN:205,(anonymous_15)
FN:206,(anonymous_16)
FNF:17
FNH:0
FNDA:0,(anonymous_0)
FNDA:0,(anonymous_1)
FNDA:0,(anonymous_2)
FNDA:0,(anonymous_3)
FNDA:0,(anonymous_4)
FNDA:0,(anonymous_5)
FNDA:0,(anonymous_6)
FNDA:0,(anonymous_7)
FNDA:0,(anonymous_8)
FNDA:0,(anonymous_9)
FNDA:0,(anonymous_10)
FNDA:0,(anonymous_11)
FNDA:0,(anonymous_12)
FNDA:0,(anonymous_13)
FNDA:0,(anonymous_14)
FNDA:0,(anonymous_15)
FNDA:0,(anonymous_16)
DA:19,5
DA:20,0
DA:22,0
DA:23,0
DA:24,0
DA:29,0
DA:33,0
DA:34,0
DA:35,0
DA:36,0
DA:39,0
DA:42,5
DA:43,0
DA:44,0
DA:45,0
DA:47,0
DA:50,0
DA:51,0
DA:52,0
DA:53,0
DA:54,0
DA:55,0
DA:57,0
DA:62,0
DA:69,0
DA:70,0
DA:76,0
DA:77,0
DA:78,0
DA:79,0
DA:80,0
DA:81,0
DA:82,0
DA:86,0
DA:87,0
DA:88,0
DA:89,0
DA:93,0
DA:100,0
DA:177,0
DA:183,0
DA:196,5
DA:201,5
DA:203,0
DA:204,0
DA:205,0
DA:206,0
LF:47
LH:4
BRDA:22,0,0,0
BRDA:22,0,1,0
BRDA:24,1,0,0
BRDA:24,1,1,0
BRDA:33,2,0,0
BRDA:33,2,1,0
BRDA:35,3,0,0
BRDA:35,3,1,0
BRDA:88,4,0,0
BRDA:88,4,1,0
BRDA:88,5,0,0
BRDA:88,5,1,0
BRDA:107,6,0,0
BRDA:107,6,1,0
BRDA:112,7,0,0
BRDA:112,7,1,0
BRDA:115,8,0,0
BRDA:115,8,1,0
BRDA:135,9,0,0
BRDA:135,9,1,0
BRDA:135,10,0,0
BRDA:135,10,1,0
BRDA:154,11,0,0
BRDA:154,11,1,0
BRDA:154,12,0,0
BRDA:154,12,1,0
BRF:26
BRH:0
end_of_record
TN:
SF:src/components/savedRecipes/index.js
FN:26,(anonymous_0)
FN:42,getSavedHandler
FN:44,(anonymous_2)
FN:53,(anonymous_3)
FN:59,(anonymous_4)
FN:70,(anonymous_5)
FN:77,removeSavedRecipeHandler
FN:79,(anonymous_7)
FN:82,(anonymous_8)
FN:88,(anonymous_9)
FN:91,(anonymous_10)
FN:130,(anonymous_11)
FN:150,(anonymous_12)
FN:154,(anonymous_13)
FN:156,(anonymous_14)
FN:158,(anonymous_15)
FN:160,(anonymous_16)
FNF:17
FNH:0
FNDA:0,(anonymous_0)
FNDA:0,getSavedHandler
FNDA:0,(anonymous_2)
FNDA:0,(anonymous_3)
FNDA:0,(anonymous_4)
FNDA:0,(anonymous_5)
FNDA:0,removeSavedRecipeHandler
FNDA:0,(anonymous_7)
FNDA:0,(anonymous_8)
FNDA:0,(anonymous_9)
FNDA:0,(anonymous_10)
FNDA:0,(anonymous_11)
FNDA:0,(anonymous_12)
FNDA:0,(anonymous_13)
FNDA:0,(anonymous_14)
FNDA:0,(anonymous_15)
FNDA:0,(anonymous_16)
DA:26,5
DA:27,0
DA:28,0
DA:29,0
DA:30,0
DA:31,0
DA:34,0
DA:38,0
DA:43,0
DA:45,0
DA:46,0
DA:47,0
DA:49,0
DA:51,0
DA:52,0
DA:53,0
DA:54,0
DA:55,0
DA:57,0
DA:60,0
DA:61,0
DA:62,0
DA:63,0
DA:65,0
DA:66,0
DA:70,0
DA:71,0
DA:72,0
DA:78,0
DA:79,0
DA:80,0
DA:82,0
DA:83,0
DA:84,0
DA:86,0
DA:87,0
DA:89,0
DA:90,0
DA:94,0
DA:95,0
DA:97,0
DA:103,0
DA:131,0
DA:150,5
DA:154,5
DA:157,0
DA:159,0
DA:161,0
LF:48
LH:3
BRDA:62,0,0,0
BRDA:62,0,1,0
BRDA:62,1,0,0
BRDA:62,1,1,0
BRDA:94,2,0,0
BRDA:94,2,1,0
BRDA:94,3,0,0
BRDA:94,3,1,0
BRDA:119,4,0,0
BRDA:119,4,1,0
BRDA:120,5,0,0
BRDA:120,5,1,0
BRDA:128,6,0,0
BRDA:128,6,1,0
BRDA:130,7,0,0
BRDA:130,7,1,0
BRF:16
BRH:0
end_of_record
TN:
SF:src/components/searchButton/index.js
FN:10,(anonymous_0)
FN:25,(anonymous_1)
FN:33,(anonymous_2)
FN:37,(anonymous_3)
FN:39,(anonymous_4)
FNF:5
FNH:3
FNDA:20,(anonymous_0)
FNDA:0,(anonymous_1)
FNDA:26,(anonymous_2)
FNDA:10,(anonymous_3)
FNDA:0,(anonymous_4)
DA:10,5
DA:11,20
DA:12,20
DA:13,10
DA:22,10
DA:25,0
DA:33,26
DA:37,10
DA:40,0
LF:9
LH:7
BRDA:12,0,0,10
BRDA:12,0,1,10
BRF:2
BRH:2
end_of_record
TN:
SF:src/components/singleRecipe/index.js
FN:15,(anonymous_0)
FN:71,(anonymous_1)
FN:75,(anonymous_2)
FN:77,(anonymous_3)
FN:79,(anonymous_4)
FNF:5
FNH:0
FNDA:0,(anonymous_0)
FNDA:0,(anonymous_1)
FNDA:0,(anonymous_2)
FNDA:0,(anonymous_3)
FNDA:0,(anonymous_4)
DA:15,5
DA:16,0
DA:19,0
DA:20,0
DA:23,0
DA:26,0
DA:71,5
DA:75,5
DA:78,0
DA:80,0
LF:10
LH:3
BRF:0
BRH:0
end_of_record
TN:
SF:src/components/styles/makeStyles.js
FN:3,(anonymous_0)
FNF:1
FNH:1
FNDA:3,(anonymous_0)
DA:3,5
LF:1
LH:1
BRF:0
BRH:0
end_of_record
TN:
SF:src/components/userSettings/index.js
FN:35,(anonymous_0)
FN:77,(anonymous_1)
FN:87,(anonymous_2)
FN:89,(anonymous_3)
FN:96,(anonymous_4)
FN:99,(anonymous_5)
FN:109,(anonymous_6)
FN:128,(anonymous_7)
FN:130,(anonymous_8)
FN:139,(anonymous_9)
FN:278,(anonymous_10)
FN:283,(anonymous_11)
FN:285,(anonymous_12)
FN:287,(anonymous_13)
FNF:14
FNH:0
FNDA:0,(anonymous_0)
FNDA:0,(anonymous_1)
FNDA:0,(anonymous_2)
FNDA:0,(anonymous_3)
FNDA:0,(anonymous_4)
FNDA:0,(anonymous_5)
FNDA:0,(anonymous_6)
FNDA:0,(anonymous_7)
FNDA:0,(anonymous_8)
FNDA:0,(anonymous_9)
FNDA:0,(anonymous_10)
FNDA:0,(anonymous_11)
FNDA:0,(anonymous_12)
FNDA:0,(anonymous_13)
DA:35,5
DA:36,0
DA:38,0
DA:39,0
DA:40,0
DA:41,0
DA:44,0
DA:45,0
DA:46,0
DA:47,0
DA:50,0
DA:51,0
DA:52,0
DA:57,0
DA:61,0
DA:62,0
DA:63,0
DA:68,0
DA:70,0
DA:71,0
DA:74,0
DA:77,5
DA:78,0
DA:79,0
DA:80,0
DA:86,0
DA:87,0
DA:88,0
DA:90,0
DA:91,0
DA:92,0
DA:93,0
DA:94,0
DA:97,0
DA:100,0
DA:101,0
DA:102,0
DA:103,0
DA:105,0
DA:109,0
DA:110,0
DA:111,0
DA:115,0
DA:129,0
DA:131,0
DA:132,0
DA:133,0
DA:134,0
DA:135,0
DA:136,0
DA:137,0
DA:140,0
DA:141,0
DA:142,0
DA:143,0
DA:144,0
DA:146,0
DA:153,0
DA:278,5
DA:283,5
DA:286,0
DA:288,0
LF:62
LH:4
BRDA:38,0,0,0
BRDA:38,0,1,0
BRDA:40,1,0,0
BRDA:40,1,1,0
BRDA:44,2,0,0
BRDA:44,2,1,0
BRDA:46,3,0,0
BRDA:46,3,1,0
BRDA:50,4,0,0
BRDA:50,4,1,0
BRDA:52,5,0,0
BRDA:52,5,1,0
BRDA:61,6,0,0
BRDA:61,6,1,0
BRDA:63,7,0,0
BRDA:63,7,1,0
BRDA:70,8,0,0
BRDA:70,8,1,0
BRDA:102,9,0,0
BRDA:102,9,1,0
BRDA:102,10,0,0
BRDA:102,10,1,0
BRDA:143,11,0,0
BRDA:143,11,1,0
BRDA:143,12,0,0
BRDA:143,12,1,0
BRDA:164,13,0,0
BRDA:164,13,1,0
BRDA:170,14,0,0
BRDA:170,14,1,0
BRDA:174,15,0,0
BRDA:174,15,1,0
BRDA:199,16,0,0
BRDA:199,16,1,0
BRDA:199,17,0,0
BRDA:199,17,1,0
BRDA:218,18,0,0
BRDA:218,18,1,0
BRDA:218,19,0,0
BRDA:218,19,1,0
BRDA:236,20,0,0
BRDA:236,20,1,0
BRDA:236,21,0,0
BRDA:236,21,1,0
BRDA:254,22,0,0
BRDA:254,22,1,0
BRDA:254,23,0,0
BRDA:254,23,1,0
BRF:48
BRH:0
end_of_record
TN:
SF:src/config/api.js
FNF:0
FNH:0
LF:0
LH:0
BRF:0
BRH:0
end_of_record
TN:
SF:src/data/testBrowseRecipeData.js
FN:1,TestBrowseData
FNF:1
FNH:0
FNDA:0,TestBrowseData
DA:2,0
DA:508,0
LF:2
LH:0
BRF:0
BRH:0
end_of_record
TN:
SF:src/data/testSaveRecipeData.js
FN:1,TestSaveData
FNF:1
FNH:0
FNDA:0,TestSaveData
DA:2,0
DA:19,0
LF:2
LH:0
BRF:0
BRH:0
end_of_record
TN:
SF:src/reducers/errors/index.js
FN:7,(anonymous_0)
FN:9,(anonymous_1)
FNF:2
FNH:1
FNDA:5,(anonymous_0)
FNDA:0,(anonymous_1)
DA:3,5
DA:5,5
DA:7,5
DA:8,5
DA:10,0
DA:11,0
DA:12,0
LF:7
LH:4
BRF:0
BRH:0
end_of_record
TN:
SF:src/reducers/ingredients/index.js
FN:11,(anonymous_0)
FN:13,(anonymous_1)
FN:18,(anonymous_2)
FN:23,(anonymous_3)
FN:27,(anonymous_4)
FNF:5
FNH:1
FNDA:5,(anonymous_0)
FNDA:0,(anonymous_1)
FNDA:0,(anonymous_2)
FNDA:0,(anonymous_3)
FNDA:0,(anonymous_4)
DA:3,5
DA:4,5
DA:5,5
DA:6,5
DA:8,5
DA:11,5
DA:12,5
DA:14,0
DA:15,0
DA:16,0
DA:19,0
DA:20,0
DA:21,0
DA:24,0
DA:25,0
DA:28,0
DA:29,0
LF:17
LH:7
BRF:0
BRH:0
end_of_record
TN:
SF:src/reducers/login/index.js
FN:10,(anonymous_0)
FN:12,(anonymous_1)
FN:17,(anonymous_2)
FN:22,(anonymous_3)
FN:27,(anonymous_4)
FNF:5
FNH:3
FNDA:5,(anonymous_0)
FNDA:7,(anonymous_1)
FNDA:7,(anonymous_2)
FNDA:0,(anonymous_3)
FNDA:0,(anonymous_4)
DA:3,5
DA:4,5
DA:5,5
DA:6,5
DA:8,5
DA:10,5
DA:11,5
DA:13,7
DA:14,7
DA:15,7
DA:18,7
DA:19,7
DA:20,7
DA:23,0
DA:24,0
DA:25,0
DA:28,0
DA:29,0
DA:30,0
LF:19
LH:13
BRF:0
BRH:0
end_of_record
TN:
SF:src/reducers/modals/index.js
FN:8,(anonymous_0)
FN:10,(anonymous_1)
FN:13,(anonymous_2)
FNF:3
FNH:3
FNDA:5,(anonymous_0)
FNDA:2,(anonymous_1)
FNDA:2,(anonymous_2)
DA:3,5
DA:4,5
DA:6,5
DA:8,5
DA:9,5
DA:11,2
DA:14,2
LF:7
LH:7
BRF:0
BRH:0
end_of_record
TN:
SF:src/reducers/preferences/index.js
FN:16,(anonymous_0)
FN:17,(anonymous_1)
FNF:2
FNH:1
FNDA:5,(anonymous_0)
FNDA:0,(anonymous_1)
DA:3,5
DA:5,5
DA:16,5
DA:17,5
DA:18,0
DA:19,0
DA:20,0
LF:7
LH:4
BRF:0
BRH:0
end_of_record
TN:
SF:src/reducers/recipes/index.js
FN:9,(anonymous_0)
FN:11,(anonymous_1)
FN:16,(anonymous_2)
FN:22,(anonymous_3)
FNF:4
FNH:2
FNDA:5,(anonymous_0)
FNDA:3,(anonymous_1)
FNDA:0,(anonymous_2)
FNDA:0,(anonymous_3)
DA:3,5
DA:4,5
DA:5,5
DA:7,5
DA:9,5
DA:10,5
DA:12,3
DA:13,3
DA:14,3
DA:17,0
DA:19,0
DA:20,0
DA:23,0
DA:24,0
DA:25,0
LF:15
LH:9
BRF:0
BRH:0
end_of_record
TN:
SF:src/reducers/userInfo/index.js
FN:10,(anonymous_0)
FN:11,(anonymous_1)
FN:19,(anonymous_2)
FN:23,(anonymous_3)
FNF:4
FNH:2
FNDA:5,(anonymous_0)
FNDA:0,(anonymous_1)
FNDA:2,(anonymous_2)
FNDA:0,(anonymous_3)
DA:3,5
DA:4,5
DA:5,5
DA:7,5
DA:10,5
DA:11,5
DA:12,0
DA:13,0
DA:14,0
DA:15,0
DA:16,0
DA:17,0
DA:19,5
DA:20,2
DA:21,2
DA:23,5
DA:24,0
LF:17
LH:10
BRF:0
BRH:0
end_of_record
TN:
SF:src/services/authServices.js
FN:3,registerUser
FN:10,loginUser
FN:17,logoutUser
FN:22,forgotPassword
FN:30,resetPassword
FN:42,updatePasswordViaReset
FN:52,getUserSettings
FN:59,updateUserSettings
FN:69,uploadProfileImage
FN:88,getPreference
FN:95,updatePreference
FN:109,getLoggedInUser
FN:114,setLoggedInUser
FN:124,getUsername
FN:133,setUsername
FN:142,getProfile
FN:147,setProfile
FN:156,getPref
FN:161,setPref
FNF:19
FNH:6
FNDA:0,registerUser
FNDA:2,loginUser
FNDA:0,logoutUser
FNDA:0,forgotPassword
FNDA:0,resetPassword
FNDA:0,updatePasswordViaReset
FNDA:0,getUserSettings
FNDA:0,updateUserSettings
FNDA:0,uploadProfileImage
FNDA:0,getPreference
FNDA:0,updatePreference
FNDA:5,getLoggedInUser
FNDA:2,setLoggedInUser
FNDA:5,getUsername
FNDA:2,setUsername
FNDA:0,getProfile
FNDA:2,setProfile
FNDA:0,getPref
FNDA:0,setPref
DA:5,0
DA:6,0
DA:7,0
DA:12,2
DA:13,2
DA:14,2
DA:19,0
DA:25,0
DA:26,0
DA:27,0
DA:33,0
DA:37,0
DA:38,0
DA:45,0
DA:46,0
DA:47,0
DA:54,0
DA:55,0
DA:56,0
DA:61,0
DA:65,0
DA:66,0
DA:71,0
DA:72,0
DA:74,0
DA:75,0
DA:76,0
DA:77,0
DA:81,0
DA:82,0
DA:84,0
DA:90,0
DA:91,0
DA:92,0
DA:97,0
DA:101,0
DA:102,0
DA:110,5
DA:115,2
DA:118,2
DA:119,2
DA:125,5
DA:129,5
DA:134,2
DA:137,2
DA:138,2
DA:143,0
DA:148,2
DA:151,2
DA:152,2
DA:157,0
DA:162,0
DA:165,0
DA:166,0
LF:54
LH:15
BRDA:115,0,0,0
BRDA:115,0,1,2
BRDA:134,1,0,2
BRDA:134,1,1,0
BRDA:148,2,0,0
BRDA:148,2,1,2
BRDA:162,3,0,0
BRDA:162,3,1,0
BRF:8
BRH:3
end_of_record
TN:
SF:src/services/ingredientServices.js
FN:6,getAllFridgeIngredients
FN:12,addFridgeItem
FN:18,deleteFridgeItem
FN:24,deleteAllFridge
FN:32,getAllPantryIngredients
FN:38,addPantryItem
FN:44,deletePantryItem
FN:50,deleteAllPantry
FN:56,getFridge
FN:60,setFridge
FN:66,getPantry
FN:70,setPantry
FNF:12
FNH:1
FNDA:0,getAllFridgeIngredients
FNDA:0,addFridgeItem
FNDA:0,deleteFridgeItem
FNDA:0,deleteAllFridge
FNDA:0,getAllPantryIngredients
FNDA:0,addPantryItem
FNDA:0,deletePantryItem
FNDA:0,deleteAllPantry
FNDA:6,getFridge
FNDA:0,setFridge
FNDA:0,getPantry
FNDA:0,setPantry
DA:7,0
DA:8,0
DA:13,0
DA:14,0
DA:19,0
DA:20,0
DA:25,0
DA:26,0
DA:33,0
DA:34,0
DA:39,0
DA:40,0
DA:45,0
DA:46,0
DA:51,0
DA:52,0
DA:57,6
DA:61,0
DA:62,0
DA:63,0
DA:67,0
DA:71,0
DA:72,0
DA:73,0
LF:24
LH:1
BRDA:61,0,0,0
BRDA:61,0,1,0
BRDA:71,1,0,0
BRDA:71,1,1,0
BRF:4
BRH:0
end_of_record
TN:
SF:src/services/recipeServices.js
FN:5,browseSearchRecipes
FN:15,getAllUserSavedRecipes
FN:21,getSingleRecipePage
FN:27,addNewSavedRecipe
FN:33,removedSavedRecipe
FN:41,getBrowsedRecipes
FN:45,setBrowsedRecipes
FN:51,getSavedRecipes
FN:55,setSavedRecipes
FNF:9
FNH:3
FNDA:3,browseSearchRecipes
FNDA:0,getAllUserSavedRecipes
FNDA:0,getSingleRecipePage
FNDA:0,addNewSavedRecipe
FNDA:0,removedSavedRecipe
FNDA:3,getBrowsedRecipes
FNDA:6,setBrowsedRecipes
FNDA:0,getSavedRecipes
FNDA:0,setSavedRecipes
DA:6,3
DA:7,3
DA:8,3
DA:11,3
DA:16,0
DA:17,0
DA:22,0
DA:23,0
DA:28,0
DA:29,0
DA:34,0
DA:35,0
DA:42,3
DA:46,6
DA:47,6
DA:48,6
DA:52,0
DA:56,0
DA:57,0
DA:58,0
LF:20
LH:8
BRDA:46,0,0,6
BRDA:46,0,1,0
BRDA:56,1,0,0
BRDA:56,1,1,0
BRF:4
BRH:1
end_of_record
