{
  "/Users/Adrienne/Desktop/MERN/mern-client/src/config/api.js": {
    "path": "/Users/Adrienne/Desktop/MERN/mern-client/src/config/api.js",
    "statementMap": {},
    "fnMap": {},
    "branchMap": {},
    "s": {},
    "f": {},
    "b": {},
    "_coverageSchema": "1a1c01bbd47fc00a2c39e90264f33305004495a9",
    "hash": "e6731b74a17d19a7a6da0dee9807fb57fd938e04"
  },
  "/Users/Adrienne/Desktop/MERN/mern-client/src/services/authServices.js": {
    "path": "/Users/Adrienne/Desktop/MERN/mern-client/src/services/authServices.js",
    "statementMap": {
      "0": {
        "start": {
          "line": 5,
          "column": 19
        },
        "end": {
          "line": 5,
          "column": 61
        }
      },
      "1": {
        "start": {
          "line": 6,
          "column": 2
        },
        "end": {
          "line": 6,
          "column": 53
        }
      },
      "2": {
        "start": {
          "line": 7,
          "column": 2
        },
        "end": {
          "line": 7,
          "column": 23
        }
      },
      "3": {
        "start": {
          "line": 12,
          "column": 19
        },
        "end": {
          "line": 12,
          "column": 58
        }
      },
      "4": {
        "start": {
          "line": 13,
          "column": 2
        },
        "end": {
          "line": 13,
          "column": 53
        }
      },
      "5": {
        "start": {
          "line": 14,
          "column": 2
        },
        "end": {
          "line": 14,
          "column": 23
        }
      },
      "6": {
        "start": {
          "line": 19,
          "column": 2
        },
        "end": {
          "line": 19,
          "column": 33
        }
      },
      "7": {
        "start": {
          "line": 25,
          "column": 19
        },
        "end": {
          "line": 25,
          "column": 65
        }
      },
      "8": {
        "start": {
          "line": 26,
          "column": 2
        },
        "end": {
          "line": 26,
          "column": 53
        }
      },
      "9": {
        "start": {
          "line": 27,
          "column": 2
        },
        "end": {
          "line": 27,
          "column": 23
        }
      },
      "10": {
        "start": {
          "line": 33,
          "column": 19
        },
        "end": {
          "line": 36,
          "column": 12
        }
      },
      "11": {
        "start": {
          "line": 37,
          "column": 2
        },
        "end": {
          "line": 37,
          "column": 53
        }
      },
      "12": {
        "start": {
          "line": 38,
          "column": 2
        },
        "end": {
          "line": 38,
          "column": 23
        }
      },
      "13": {
        "start": {
          "line": 45,
          "column": 19
        },
        "end": {
          "line": 45,
          "column": 67
        }
      },
      "14": {
        "start": {
          "line": 46,
          "column": 2
        },
        "end": {
          "line": 46,
          "column": 44
        }
      },
      "15": {
        "start": {
          "line": 47,
          "column": 2
        },
        "end": {
          "line": 47,
          "column": 23
        }
      },
      "16": {
        "start": {
          "line": 54,
          "column": 19
        },
        "end": {
          "line": 54,
          "column": 75
        }
      },
      "17": {
        "start": {
          "line": 55,
          "column": 2
        },
        "end": {
          "line": 55,
          "column": 53
        }
      },
      "18": {
        "start": {
          "line": 56,
          "column": 2
        },
        "end": {
          "line": 56,
          "column": 23
        }
      },
      "19": {
        "start": {
          "line": 61,
          "column": 19
        },
        "end": {
          "line": 64,
          "column": 3
        }
      },
      "20": {
        "start": {
          "line": 65,
          "column": 2
        },
        "end": {
          "line": 65,
          "column": 53
        }
      },
      "21": {
        "start": {
          "line": 66,
          "column": 2
        },
        "end": {
          "line": 66,
          "column": 23
        }
      },
      "22": {
        "start": {
          "line": 71,
          "column": 2
        },
        "end": {
          "line": 71,
          "column": 30
        }
      },
      "23": {
        "start": {
          "line": 72,
          "column": 2
        },
        "end": {
          "line": 85,
          "column": 3
        }
      },
      "24": {
        "start": {
          "line": 74,
          "column": 19
        },
        "end": {
          "line": 74,
          "column": 33
        }
      },
      "25": {
        "start": {
          "line": 75,
          "column": 4
        },
        "end": {
          "line": 75,
          "column": 36
        }
      },
      "26": {
        "start": {
          "line": 76,
          "column": 4
        },
        "end": {
          "line": 76,
          "column": 39
        }
      },
      "27": {
        "start": {
          "line": 77,
          "column": 21
        },
        "end": {
          "line": 80,
          "column": 5
        }
      },
      "28": {
        "start": {
          "line": 81,
          "column": 4
        },
        "end": {
          "line": 81,
          "column": 56
        }
      },
      "29": {
        "start": {
          "line": 82,
          "column": 4
        },
        "end": {
          "line": 82,
          "column": 25
        }
      },
      "30": {
        "start": {
          "line": 84,
          "column": 4
        },
        "end": {
          "line": 84,
          "column": 48
        }
      },
      "31": {
        "start": {
          "line": 90,
          "column": 19
        },
        "end": {
          "line": 90,
          "column": 60
        }
      },
      "32": {
        "start": {
          "line": 91,
          "column": 2
        },
        "end": {
          "line": 91,
          "column": 58
        }
      },
      "33": {
        "start": {
          "line": 92,
          "column": 2
        },
        "end": {
          "line": 92,
          "column": 23
        }
      },
      "34": {
        "start": {
          "line": 97,
          "column": 19
        },
        "end": {
          "line": 100,
          "column": 3
        }
      },
      "35": {
        "start": {
          "line": 101,
          "column": 2
        },
        "end": {
          "line": 101,
          "column": 53
        }
      },
      "36": {
        "start": {
          "line": 102,
          "column": 2
        },
        "end": {
          "line": 102,
          "column": 23
        }
      },
      "37": {
        "start": {
          "line": 110,
          "column": 2
        },
        "end": {
          "line": 110,
          "column": 39
        }
      },
      "38": {
        "start": {
          "line": 115,
          "column": 2
        },
        "end": {
          "line": 117,
          "column": 39
        }
      },
      "39": {
        "start": {
          "line": 118,
          "column": 2
        },
        "end": {
          "line": 118,
          "column": 37
        }
      },
      "40": {
        "start": {
          "line": 119,
          "column": 2
        },
        "end": {
          "line": 119,
          "column": 21
        }
      },
      "41": {
        "start": {
          "line": 125,
          "column": 2
        },
        "end": {
          "line": 128,
          "column": 4
        }
      },
      "42": {
        "start": {
          "line": 129,
          "column": 2
        },
        "end": {
          "line": 129,
          "column": 42
        }
      },
      "43": {
        "start": {
          "line": 134,
          "column": 2
        },
        "end": {
          "line": 136,
          "column": 42
        }
      },
      "44": {
        "start": {
          "line": 137,
          "column": 2
        },
        "end": {
          "line": 137,
          "column": 40
        }
      },
      "45": {
        "start": {
          "line": 138,
          "column": 2
        },
        "end": {
          "line": 138,
          "column": 20
        }
      },
      "46": {
        "start": {
          "line": 143,
          "column": 2
        },
        "end": {
          "line": 143,
          "column": 41
        }
      },
      "47": {
        "start": {
          "line": 148,
          "column": 2
        },
        "end": {
          "line": 150,
          "column": 41
        }
      },
      "48": {
        "start": {
          "line": 151,
          "column": 2
        },
        "end": {
          "line": 151,
          "column": 39
        }
      },
      "49": {
        "start": {
          "line": 152,
          "column": 2
        },
        "end": {
          "line": 152,
          "column": 21
        }
      },
      "50": {
        "start": {
          "line": 157,
          "column": 2
        },
        "end": {
          "line": 157,
          "column": 45
        }
      },
      "51": {
        "start": {
          "line": 162,
          "column": 2
        },
        "end": {
          "line": 164,
          "column": 45
        }
      },
      "52": {
        "start": {
          "line": 165,
          "column": 2
        },
        "end": {
          "line": 165,
          "column": 43
        }
      },
      "53": {
        "start": {
          "line": 166,
          "column": 2
        },
        "end": {
          "line": 166,
          "column": 20
        }
      }
    },
    "fnMap": {
      "0": {
        "name": "registerUser",
        "decl": {
          "start": {
            "line": 3,
            "column": 22
          },
          "end": {
            "line": 3,
            "column": 34
          }
        },
        "loc": {
          "start": {
            "line": 3,
            "column": 45
          },
          "end": {
            "line": 8,
            "column": 1
          }
        },
        "line": 3
      },
      "1": {
        "name": "loginUser",
        "decl": {
          "start": {
            "line": 10,
            "column": 22
          },
          "end": {
            "line": 10,
            "column": 31
          }
        },
        "loc": {
          "start": {
            "line": 10,
            "column": 42
          },
          "end": {
            "line": 15,
            "column": 1
          }
        },
        "line": 10
      },
      "2": {
        "name": "logoutUser",
        "decl": {
          "start": {
            "line": 17,
            "column": 22
          },
          "end": {
            "line": 17,
            "column": 32
          }
        },
        "loc": {
          "start": {
            "line": 17,
            "column": 35
          },
          "end": {
            "line": 20,
            "column": 1
          }
        },
        "line": 17
      },
      "3": {
        "name": "forgotPassword",
        "decl": {
          "start": {
            "line": 22,
            "column": 22
          },
          "end": {
            "line": 22,
            "column": 36
          }
        },
        "loc": {
          "start": {
            "line": 22,
            "column": 44
          },
          "end": {
            "line": 28,
            "column": 1
          }
        },
        "line": 22
      },
      "4": {
        "name": "resetPassword",
        "decl": {
          "start": {
            "line": 30,
            "column": 22
          },
          "end": {
            "line": 30,
            "column": 35
          }
        },
        "loc": {
          "start": {
            "line": 30,
            "column": 43
          },
          "end": {
            "line": 39,
            "column": 1
          }
        },
        "line": 30
      },
      "5": {
        "name": "updatePasswordViaReset",
        "decl": {
          "start": {
            "line": 42,
            "column": 22
          },
          "end": {
            "line": 42,
            "column": 44
          }
        },
        "loc": {
          "start": {
            "line": 42,
            "column": 55
          },
          "end": {
            "line": 48,
            "column": 1
          }
        },
        "line": 42
      },
      "6": {
        "name": "getUserSettings",
        "decl": {
          "start": {
            "line": 52,
            "column": 22
          },
          "end": {
            "line": 52,
            "column": 37
          }
        },
        "loc": {
          "start": {
            "line": 52,
            "column": 48
          },
          "end": {
            "line": 57,
            "column": 1
          }
        },
        "line": 52
      },
      "7": {
        "name": "updateUserSettings",
        "decl": {
          "start": {
            "line": 59,
            "column": 22
          },
          "end": {
            "line": 59,
            "column": 40
          }
        },
        "loc": {
          "start": {
            "line": 59,
            "column": 64
          },
          "end": {
            "line": 67,
            "column": 1
          }
        },
        "line": 59
      },
      "8": {
        "name": "uploadProfileImage",
        "decl": {
          "start": {
            "line": 69,
            "column": 22
          },
          "end": {
            "line": 69,
            "column": 40
          }
        },
        "loc": {
          "start": {
            "line": 69,
            "column": 58
          },
          "end": {
            "line": 86,
            "column": 1
          }
        },
        "line": 69
      },
      "9": {
        "name": "getPreference",
        "decl": {
          "start": {
            "line": 88,
            "column": 22
          },
          "end": {
            "line": 88,
            "column": 35
          }
        },
        "loc": {
          "start": {
            "line": 88,
            "column": 46
          },
          "end": {
            "line": 93,
            "column": 1
          }
        },
        "line": 88
      },
      "10": {
        "name": "updatePreference",
        "decl": {
          "start": {
            "line": 95,
            "column": 22
          },
          "end": {
            "line": 95,
            "column": 38
          }
        },
        "loc": {
          "start": {
            "line": 95,
            "column": 59
          },
          "end": {
            "line": 103,
            "column": 1
          }
        },
        "line": 95
      },
      "11": {
        "name": "getLoggedInUser",
        "decl": {
          "start": {
            "line": 109,
            "column": 16
          },
          "end": {
            "line": 109,
            "column": 31
          }
        },
        "loc": {
          "start": {
            "line": 109,
            "column": 34
          },
          "end": {
            "line": 111,
            "column": 1
          }
        },
        "line": 109
      },
      "12": {
        "name": "setLoggedInUser",
        "decl": {
          "start": {
            "line": 114,
            "column": 16
          },
          "end": {
            "line": 114,
            "column": 31
          }
        },
        "loc": {
          "start": {
            "line": 114,
            "column": 39
          },
          "end": {
            "line": 120,
            "column": 1
          }
        },
        "line": 114
      },
      "13": {
        "name": "getUsername",
        "decl": {
          "start": {
            "line": 124,
            "column": 16
          },
          "end": {
            "line": 124,
            "column": 27
          }
        },
        "loc": {
          "start": {
            "line": 124,
            "column": 30
          },
          "end": {
            "line": 130,
            "column": 1
          }
        },
        "line": 124
      },
      "14": {
        "name": "setUsername",
        "decl": {
          "start": {
            "line": 133,
            "column": 16
          },
          "end": {
            "line": 133,
            "column": 27
          }
        },
        "loc": {
          "start": {
            "line": 133,
            "column": 34
          },
          "end": {
            "line": 139,
            "column": 1
          }
        },
        "line": 133
      },
      "15": {
        "name": "getProfile",
        "decl": {
          "start": {
            "line": 142,
            "column": 16
          },
          "end": {
            "line": 142,
            "column": 26
          }
        },
        "loc": {
          "start": {
            "line": 142,
            "column": 29
          },
          "end": {
            "line": 144,
            "column": 1
          }
        },
        "line": 142
      },
      "16": {
        "name": "setProfile",
        "decl": {
          "start": {
            "line": 147,
            "column": 16
          },
          "end": {
            "line": 147,
            "column": 26
          }
        },
        "loc": {
          "start": {
            "line": 147,
            "column": 34
          },
          "end": {
            "line": 153,
            "column": 1
          }
        },
        "line": 147
      },
      "17": {
        "name": "getPref",
        "decl": {
          "start": {
            "line": 156,
            "column": 16
          },
          "end": {
            "line": 156,
            "column": 23
          }
        },
        "loc": {
          "start": {
            "line": 156,
            "column": 26
          },
          "end": {
            "line": 158,
            "column": 1
          }
        },
        "line": 156
      },
      "18": {
        "name": "setPref",
        "decl": {
          "start": {
            "line": 161,
            "column": 16
          },
          "end": {
            "line": 161,
            "column": 23
          }
        },
        "loc": {
          "start": {
            "line": 161,
            "column": 30
          },
          "end": {
            "line": 167,
            "column": 1
          }
        },
        "line": 161
      }
    },
    "branchMap": {
      "0": {
        "loc": {
          "start": {
            "line": 115,
            "column": 2
          },
          "end": {
            "line": 117,
            "column": 38
          }
        },
        "type": "cond-expr",
        "locations": [
          {
            "start": {
              "line": 116,
              "column": 6
            },
            "end": {
              "line": 116,
              "column": 42
            }
          },
          {
            "start": {
              "line": 117,
              "column": 6
            },
            "end": {
              "line": 117,
              "column": 38
            }
          }
        ],
        "line": 115
      },
      "1": {
        "loc": {
          "start": {
            "line": 134,
            "column": 2
          },
          "end": {
            "line": 136,
            "column": 41
          }
        },
        "type": "cond-expr",
        "locations": [
          {
            "start": {
              "line": 135,
              "column": 6
            },
            "end": {
              "line": 135,
              "column": 44
            }
          },
          {
            "start": {
              "line": 136,
              "column": 6
            },
            "end": {
              "line": 136,
              "column": 41
            }
          }
        ],
        "line": 134
      },
      "2": {
        "loc": {
          "start": {
            "line": 148,
            "column": 2
          },
          "end": {
            "line": 150,
            "column": 40
          }
        },
        "type": "cond-expr",
        "locations": [
          {
            "start": {
              "line": 149,
              "column": 6
            },
            "end": {
              "line": 149,
              "column": 44
            }
          },
          {
            "start": {
              "line": 150,
              "column": 6
            },
            "end": {
              "line": 150,
              "column": 40
            }
          }
        ],
        "line": 148
      },
      "3": {
        "loc": {
          "start": {
            "line": 162,
            "column": 2
          },
          "end": {
            "line": 164,
            "column": 44
          }
        },
        "type": "cond-expr",
        "locations": [
          {
            "start": {
              "line": 163,
              "column": 6
            },
            "end": {
              "line": 163,
              "column": 63
            }
          },
          {
            "start": {
              "line": 164,
              "column": 6
            },
            "end": {
              "line": 164,
              "column": 44
            }
          }
        ],
        "line": 162
      }
    },
    "s": {
      "0": 0,
      "1": 0,
      "2": 0,
      "3": 2,
      "4": 2,
      "5": 2,
      "6": 0,
      "7": 0,
      "8": 0,
      "9": 0,
      "10": 0,
      "11": 0,
      "12": 0,
      "13": 0,
      "14": 0,
      "15": 0,
      "16": 0,
      "17": 0,
      "18": 0,
      "19": 0,
      "20": 0,
      "21": 0,
      "22": 0,
      "23": 0,
      "24": 0,
      "25": 0,
      "26": 0,
      "27": 0,
      "28": 0,
      "29": 0,
      "30": 0,
      "31": 0,
      "32": 0,
      "33": 0,
      "34": 0,
      "35": 0,
      "36": 0,
      "37": 5,
      "38": 2,
      "39": 2,
      "40": 2,
      "41": 5,
      "42": 5,
      "43": 2,
      "44": 2,
      "45": 2,
      "46": 0,
      "47": 2,
      "48": 2,
      "49": 2,
      "50": 0,
      "51": 0,
      "52": 0,
      "53": 0
    },
    "f": {
      "0": 0,
      "1": 2,
      "2": 0,
      "3": 0,
      "4": 0,
      "5": 0,
      "6": 0,
      "7": 0,
      "8": 0,
      "9": 0,
      "10": 0,
      "11": 5,
      "12": 2,
      "13": 5,
      "14": 2,
      "15": 0,
      "16": 2,
      "17": 0,
      "18": 0
    },
    "b": {
      "0": [
        0,
        2
      ],
      "1": [
        2,
        0
      ],
      "2": [
        0,
        2
      ],
      "3": [
        0,
        0
      ]
    },
    "_coverageSchema": "1a1c01bbd47fc00a2c39e90264f33305004495a9",
    "hash": "050edae1564d3a90339d560f7dc80a4c80547841"
  },
  "/Users/Adrienne/Desktop/MERN/mern-client/src/components/styles/makeStyles.js": {
    "path": "/Users/Adrienne/Desktop/MERN/mern-client/src/components/styles/makeStyles.js",
    "statementMap": {
      "0": {
        "start": {
          "line": 3,
          "column": 18
        },
        "end": {
          "line": 18,
          "column": 3
        }
      },
      "1": {
        "start": {
          "line": 3,
          "column": 41
        },
        "end": {
          "line": 18,
          "column": 1
        }
      }
    },
    "fnMap": {
      "0": {
        "name": "(anonymous_0)",
        "decl": {
          "start": {
            "line": 3,
            "column": 29
          },
          "end": {
            "line": 3,
            "column": 30
          }
        },
        "loc": {
          "start": {
            "line": 3,
            "column": 41
          },
          "end": {
            "line": 18,
            "column": 1
          }
        },
        "line": 3
      }
    },
    "branchMap": {},
    "s": {
      "0": 5,
      "1": 3
    },
    "f": {
      "0": 3
    },
    "b": {},
    "_coverageSchema": "1a1c01bbd47fc00a2c39e90264f33305004495a9",
    "hash": "c4fd9c0c936aabb2ec10498ed832d4c1929d9db1"
  },
  "/Users/Adrienne/Desktop/MERN/mern-client/src/components/loading/index.js": {
    "path": "/Users/Adrienne/Desktop/MERN/mern-client/src/components/loading/index.js",
    "statementMap": {
      "0": {
        "start": {
          "line": 11,
          "column": 6
        },
        "end": {
          "line": 17,
          "column": 7
        }
      }
    },
    "fnMap": {
      "0": {
        "name": "Loading",
        "decl": {
          "start": {
            "line": 9,
            "column": 24
          },
          "end": {
            "line": 9,
            "column": 31
          }
        },
        "loc": {
          "start": {
            "line": 9,
            "column": 35
          },
          "end": {
            "line": 19,
            "column": 1
          }
        },
        "line": 9
      }
    },
    "branchMap": {},
    "s": {
      "0": 24
    },
    "f": {
      "0": 24
    },
    "b": {},
    "_coverageSchema": "1a1c01bbd47fc00a2c39e90264f33305004495a9",
    "hash": "b4defb0f091d31dfc8c216e9f6f992a13281c223"
  },
  "/Users/Adrienne/Desktop/MERN/mern-client/src/components/profileImage/index.js": {
    "path": "/Users/Adrienne/Desktop/MERN/mern-client/src/components/profileImage/index.js",
    "statementMap": {
      "0": {
        "start": {
          "line": 16,
          "column": 21
        },
        "end": {
          "line": 82,
          "column": 1
        }
      },
      "1": {
        "start": {
          "line": 17,
          "column": 16
        },
        "end": {
          "line": 17,
          "column": 28
        }
      },
      "2": {
        "start": {
          "line": 18,
          "column": 32
        },
        "end": {
          "line": 18,
          "column": 56
        }
      },
      "3": {
        "start": {
          "line": 20,
          "column": 17
        },
        "end": {
          "line": 52,
          "column": 4
        }
      },
      "4": {
        "start": {
          "line": 26,
          "column": 6
        },
        "end": {
          "line": 26,
          "column": 33
        }
      },
      "5": {
        "start": {
          "line": 27,
          "column": 6
        },
        "end": {
          "line": 27,
          "column": 41
        }
      },
      "6": {
        "start": {
          "line": 28,
          "column": 6
        },
        "end": {
          "line": 46,
          "column": 11
        }
      },
      "7": {
        "start": {
          "line": 30,
          "column": 10
        },
        "end": {
          "line": 30,
          "column": 53
        }
      },
      "8": {
        "start": {
          "line": 33,
          "column": 14
        },
        "end": {
          "line": 33,
          "column": 19
        }
      },
      "9": {
        "start": {
          "line": 34,
          "column": 10
        },
        "end": {
          "line": 34,
          "column": 45
        }
      },
      "10": {
        "start": {
          "line": 35,
          "column": 10
        },
        "end": {
          "line": 35,
          "column": 71
        }
      },
      "11": {
        "start": {
          "line": 36,
          "column": 10
        },
        "end": {
          "line": 36,
          "column": 52
        }
      },
      "12": {
        "start": {
          "line": 39,
          "column": 10
        },
        "end": {
          "line": 39,
          "column": 32
        }
      },
      "13": {
        "start": {
          "line": 40,
          "column": 10
        },
        "end": {
          "line": 45,
          "column": 14
        }
      },
      "14": {
        "start": {
          "line": 41,
          "column": 12
        },
        "end": {
          "line": 41,
          "column": 64
        }
      },
      "15": {
        "start": {
          "line": 43,
          "column": 12
        },
        "end": {
          "line": 45,
          "column": 14
        }
      },
      "16": {
        "start": {
          "line": 47,
          "column": 9
        },
        "end": {
          "line": 50,
          "column": 25
        }
      },
      "17": {
        "start": {
          "line": 48,
          "column": 10
        },
        "end": {
          "line": 48,
          "column": 36
        }
      },
      "18": {
        "start": {
          "line": 49,
          "column": 10
        },
        "end": {
          "line": 49,
          "column": 43
        }
      },
      "19": {
        "start": {
          "line": 54,
          "column": 2
        },
        "end": {
          "line": 81,
          "column": 4
        }
      },
      "20": {
        "start": {
          "line": 66,
          "column": 22
        },
        "end": {
          "line": 66,
          "column": 73
        }
      },
      "21": {
        "start": {
          "line": 67,
          "column": 22
        },
        "end": {
          "line": 67,
          "column": 81
        }
      },
      "22": {
        "start": {
          "line": 84,
          "column": 24
        },
        "end": {
          "line": 87,
          "column": 2
        }
      },
      "23": {
        "start": {
          "line": 84,
          "column": 36
        },
        "end": {
          "line": 87,
          "column": 1
        }
      },
      "24": {
        "start": {
          "line": 89,
          "column": 27
        },
        "end": {
          "line": 96,
          "column": 2
        }
      },
      "25": {
        "start": {
          "line": 89,
          "column": 42
        },
        "end": {
          "line": 96,
          "column": 1
        }
      },
      "26": {
        "start": {
          "line": 92,
          "column": 6
        },
        "end": {
          "line": 92,
          "column": 38
        }
      },
      "27": {
        "start": {
          "line": 93,
          "column": 6
        },
        "end": {
          "line": 93,
          "column": 71
        }
      }
    },
    "fnMap": {
      "0": {
        "name": "(anonymous_0)",
        "decl": {
          "start": {
            "line": 16,
            "column": 21
          },
          "end": {
            "line": 16,
            "column": 22
          }
        },
        "loc": {
          "start": {
            "line": 16,
            "column": 73
          },
          "end": {
            "line": 82,
            "column": 1
          }
        },
        "line": 16
      },
      "1": {
        "name": "(anonymous_1)",
        "decl": {
          "start": {
            "line": 25,
            "column": 14
          },
          "end": {
            "line": 25,
            "column": 15
          }
        },
        "loc": {
          "start": {
            "line": 25,
            "column": 26
          },
          "end": {
            "line": 51,
            "column": 5
          }
        },
        "line": 25
      },
      "2": {
        "name": "(anonymous_2)",
        "decl": {
          "start": {
            "line": 29,
            "column": 14
          },
          "end": {
            "line": 29,
            "column": 15
          }
        },
        "loc": {
          "start": {
            "line": 29,
            "column": 25
          },
          "end": {
            "line": 37,
            "column": 9
          }
        },
        "line": 29
      },
      "3": {
        "name": "(anonymous_3)",
        "decl": {
          "start": {
            "line": 38,
            "column": 15
          },
          "end": {
            "line": 38,
            "column": 16
          }
        },
        "loc": {
          "start": {
            "line": 38,
            "column": 26
          },
          "end": {
            "line": 46,
            "column": 9
          }
        },
        "line": 38
      },
      "4": {
        "name": "(anonymous_4)",
        "decl": {
          "start": {
            "line": 47,
            "column": 20
          },
          "end": {
            "line": 47,
            "column": 21
          }
        },
        "loc": {
          "start": {
            "line": 47,
            "column": 26
          },
          "end": {
            "line": 50,
            "column": 17
          }
        },
        "line": 47
      },
      "5": {
        "name": "(anonymous_5)",
        "decl": {
          "start": {
            "line": 65,
            "column": 30
          },
          "end": {
            "line": 65,
            "column": 31
          }
        },
        "loc": {
          "start": {
            "line": 65,
            "column": 41
          },
          "end": {
            "line": 68,
            "column": 21
          }
        },
        "line": 65
      },
      "6": {
        "name": "(anonymous_6)",
        "decl": {
          "start": {
            "line": 84,
            "column": 24
          },
          "end": {
            "line": 84,
            "column": 25
          }
        },
        "loc": {
          "start": {
            "line": 84,
            "column": 36
          },
          "end": {
            "line": 87,
            "column": 1
          }
        },
        "line": 84
      },
      "7": {
        "name": "(anonymous_7)",
        "decl": {
          "start": {
            "line": 89,
            "column": 27
          },
          "end": {
            "line": 89,
            "column": 28
          }
        },
        "loc": {
          "start": {
            "line": 89,
            "column": 42
          },
          "end": {
            "line": 96,
            "column": 1
          }
        },
        "line": 89
      },
      "8": {
        "name": "(anonymous_8)",
        "decl": {
          "start": {
            "line": 91,
            "column": 19
          },
          "end": {
            "line": 91,
            "column": 20
          }
        },
        "loc": {
          "start": {
            "line": 91,
            "column": 36
          },
          "end": {
            "line": 94,
            "column": 5
          }
        },
        "line": 91
      }
    },
    "branchMap": {
      "0": {
        "loc": {
          "start": {
            "line": 40,
            "column": 10
          },
          "end": {
            "line": 45,
            "column": 14
          }
        },
        "type": "if",
        "locations": [
          {
            "start": {
              "line": 40,
              "column": 10
            },
            "end": {
              "line": 45,
              "column": 14
            }
          },
          {
            "start": {
              "line": 40,
              "column": 10
            },
            "end": {
              "line": 45,
              "column": 14
            }
          }
        ],
        "line": 40
      },
      "1": {
        "loc": {
          "start": {
            "line": 40,
            "column": 14
          },
          "end": {
            "line": 40,
            "column": 61
          }
        },
        "type": "binary-expr",
        "locations": [
          {
            "start": {
              "line": 40,
              "column": 14
            },
            "end": {
              "line": 40,
              "column": 28
            }
          },
          {
            "start": {
              "line": 40,
              "column": 32
            },
            "end": {
              "line": 40,
              "column": 61
            }
          }
        ],
        "line": 40
      },
      "2": {
        "loc": {
          "start": {
            "line": 57,
            "column": 7
          },
          "end": {
            "line": 78,
            "column": 21
          }
        },
        "type": "cond-expr",
        "locations": [
          {
            "start": {
              "line": 58,
              "column": 8
            },
            "end": {
              "line": 58,
              "column": 30
            }
          },
          {
            "start": {
              "line": 60,
              "column": 16
            },
            "end": {
              "line": 78,
              "column": 19
            }
          }
        ],
        "line": 57
      }
    },
    "s": {
      "0": 5,
      "1": 0,
      "2": 0,
      "3": 0,
      "4": 0,
      "5": 0,
      "6": 0,
      "7": 0,
      "8": 0,
      "9": 0,
      "10": 0,
      "11": 0,
      "12": 0,
      "13": 0,
      "14": 0,
      "15": 0,
      "16": 0,
      "17": 0,
      "18": 0,
      "19": 0,
      "20": 0,
      "21": 0,
      "22": 5,
      "23": 0,
      "24": 5,
      "25": 0,
      "26": 0,
      "27": 0
    },
    "f": {
      "0": 0,
      "1": 0,
      "2": 0,
      "3": 0,
      "4": 0,
      "5": 0,
      "6": 0,
      "7": 0,
      "8": 0
    },
    "b": {
      "0": [
        0,
        0
      ],
      "1": [
        0,
        0
      ],
      "2": [
        0,
        0
      ]
    },
    "_coverageSchema": "1a1c01bbd47fc00a2c39e90264f33305004495a9",
    "hash": "11b3c39f0b291d8ff08eab816147da9c1b90458a"
  },
  "/Users/Adrienne/Desktop/MERN/mern-client/src/components/logo/index.js": {
    "path": "/Users/Adrienne/Desktop/MERN/mern-client/src/components/logo/index.js",
    "statementMap": {
      "0": {
        "start": {
          "line": 6,
          "column": 13
        },
        "end": {
          "line": 20,
          "column": 1
        }
      },
      "1": {
        "start": {
          "line": 7,
          "column": 2
        },
        "end": {
          "line": 19,
          "column": 4
        }
      }
    },
    "fnMap": {
      "0": {
        "name": "(anonymous_0)",
        "decl": {
          "start": {
            "line": 6,
            "column": 13
          },
          "end": {
            "line": 6,
            "column": 14
          }
        },
        "loc": {
          "start": {
            "line": 6,
            "column": 19
          },
          "end": {
            "line": 20,
            "column": 1
          }
        },
        "line": 6
      }
    },
    "branchMap": {},
    "s": {
      "0": 5,
      "1": 46
    },
    "f": {
      "0": 46
    },
    "b": {},
    "_coverageSchema": "1a1c01bbd47fc00a2c39e90264f33305004495a9",
    "hash": "d863f225e70cec6d7b205a78a3d00dd8531e55b9"
  },
  "/Users/Adrienne/Desktop/MERN/mern-client/src/components/userSettings/index.js": {
    "path": "/Users/Adrienne/Desktop/MERN/mern-client/src/components/userSettings/index.js",
    "statementMap": {
      "0": {
        "start": {
          "line": 35,
          "column": 17
        },
        "end": {
          "line": 75,
          "column": 1
        }
      },
      "1": {
        "start": {
          "line": 36,
          "column": 17
        },
        "end": {
          "line": 36,
          "column": 19
        }
      },
      "2": {
        "start": {
          "line": 38,
          "column": 2
        },
        "end": {
          "line": 42,
          "column": 3
        }
      },
      "3": {
        "start": {
          "line": 39,
          "column": 4
        },
        "end": {
          "line": 39,
          "column": 33
        }
      },
      "4": {
        "start": {
          "line": 40,
          "column": 9
        },
        "end": {
          "line": 42,
          "column": 3
        }
      },
      "5": {
        "start": {
          "line": 41,
          "column": 4
        },
        "end": {
          "line": 41,
          "column": 54
        }
      },
      "6": {
        "start": {
          "line": 44,
          "column": 2
        },
        "end": {
          "line": 48,
          "column": 3
        }
      },
      "7": {
        "start": {
          "line": 45,
          "column": 4
        },
        "end": {
          "line": 45,
          "column": 30
        }
      },
      "8": {
        "start": {
          "line": 46,
          "column": 9
        },
        "end": {
          "line": 48,
          "column": 3
        }
      },
      "9": {
        "start": {
          "line": 47,
          "column": 4
        },
        "end": {
          "line": 47,
          "column": 43
        }
      },
      "10": {
        "start": {
          "line": 50,
          "column": 2
        },
        "end": {
          "line": 59,
          "column": 3
        }
      },
      "11": {
        "start": {
          "line": 51,
          "column": 4
        },
        "end": {
          "line": 51,
          "column": 33
        }
      },
      "12": {
        "start": {
          "line": 52,
          "column": 9
        },
        "end": {
          "line": 59,
          "column": 3
        }
      },
      "13": {
        "start": {
          "line": 57,
          "column": 4
        },
        "end": {
          "line": 58,
          "column": 117
        }
      },
      "14": {
        "start": {
          "line": 61,
          "column": 2
        },
        "end": {
          "line": 72,
          "column": 3
        }
      },
      "15": {
        "start": {
          "line": 62,
          "column": 4
        },
        "end": {
          "line": 62,
          "column": 40
        }
      },
      "16": {
        "start": {
          "line": 63,
          "column": 9
        },
        "end": {
          "line": 72,
          "column": 3
        }
      },
      "17": {
        "start": {
          "line": 68,
          "column": 4
        },
        "end": {
          "line": 69,
          "column": 117
        }
      },
      "18": {
        "start": {
          "line": 70,
          "column": 9
        },
        "end": {
          "line": 72,
          "column": 3
        }
      },
      "19": {
        "start": {
          "line": 71,
          "column": 4
        },
        "end": {
          "line": 71,
          "column": 55
        }
      },
      "20": {
        "start": {
          "line": 74,
          "column": 2
        },
        "end": {
          "line": 74,
          "column": 16
        }
      },
      "21": {
        "start": {
          "line": 77,
          "column": 21
        },
        "end": {
          "line": 276,
          "column": 1
        }
      },
      "22": {
        "start": {
          "line": 78,
          "column": 18
        },
        "end": {
          "line": 78,
          "column": 29
        }
      },
      "23": {
        "start": {
          "line": 79,
          "column": 32
        },
        "end": {
          "line": 79,
          "column": 57
        }
      },
      "24": {
        "start": {
          "line": 80,
          "column": 15
        },
        "end": {
          "line": 83,
          "column": 5
        }
      },
      "25": {
        "start": {
          "line": 86,
          "column": 15
        },
        "end": {
          "line": 86,
          "column": 27
        }
      },
      "26": {
        "start": {
          "line": 87,
          "column": 2
        },
        "end": {
          "line": 113,
          "column": 9
        }
      },
      "27": {
        "start": {
          "line": 88,
          "column": 4
        },
        "end": {
          "line": 108,
          "column": 9
        }
      },
      "28": {
        "start": {
          "line": 90,
          "column": 8
        },
        "end": {
          "line": 90,
          "column": 25
        }
      },
      "29": {
        "start": {
          "line": 91,
          "column": 8
        },
        "end": {
          "line": 91,
          "column": 31
        }
      },
      "30": {
        "start": {
          "line": 92,
          "column": 8
        },
        "end": {
          "line": 92,
          "column": 46
        }
      },
      "31": {
        "start": {
          "line": 93,
          "column": 8
        },
        "end": {
          "line": 93,
          "column": 32
        }
      },
      "32": {
        "start": {
          "line": 94,
          "column": 8
        },
        "end": {
          "line": 94,
          "column": 35
        }
      },
      "33": {
        "start": {
          "line": 97,
          "column": 8
        },
        "end": {
          "line": 97,
          "column": 41
        }
      },
      "34": {
        "start": {
          "line": 100,
          "column": 8
        },
        "end": {
          "line": 100,
          "column": 30
        }
      },
      "35": {
        "start": {
          "line": 101,
          "column": 8
        },
        "end": {
          "line": 101,
          "column": 36
        }
      },
      "36": {
        "start": {
          "line": 102,
          "column": 8
        },
        "end": {
          "line": 107,
          "column": 12
        }
      },
      "37": {
        "start": {
          "line": 103,
          "column": 10
        },
        "end": {
          "line": 103,
          "column": 62
        }
      },
      "38": {
        "start": {
          "line": 105,
          "column": 10
        },
        "end": {
          "line": 107,
          "column": 12
        }
      },
      "39": {
        "start": {
          "line": 109,
          "column": 8
        },
        "end": {
          "line": 112,
          "column": 25
        }
      },
      "40": {
        "start": {
          "line": 110,
          "column": 10
        },
        "end": {
          "line": 110,
          "column": 36
        }
      },
      "41": {
        "start": {
          "line": 111,
          "column": 10
        },
        "end": {
          "line": 111,
          "column": 43
        }
      },
      "42": {
        "start": {
          "line": 115,
          "column": 17
        },
        "end": {
          "line": 151,
          "column": 4
        }
      },
      "43": {
        "start": {
          "line": 129,
          "column": 6
        },
        "end": {
          "line": 149,
          "column": 11
        }
      },
      "44": {
        "start": {
          "line": 131,
          "column": 10
        },
        "end": {
          "line": 131,
          "column": 28
        }
      },
      "45": {
        "start": {
          "line": 132,
          "column": 10
        },
        "end": {
          "line": 132,
          "column": 40
        }
      },
      "46": {
        "start": {
          "line": 133,
          "column": 10
        },
        "end": {
          "line": 133,
          "column": 48
        }
      },
      "47": {
        "start": {
          "line": 134,
          "column": 10
        },
        "end": {
          "line": 134,
          "column": 37
        }
      },
      "48": {
        "start": {
          "line": 135,
          "column": 10
        },
        "end": {
          "line": 135,
          "column": 35
        }
      },
      "49": {
        "start": {
          "line": 136,
          "column": 10
        },
        "end": {
          "line": 136,
          "column": 66
        }
      },
      "50": {
        "start": {
          "line": 137,
          "column": 10
        },
        "end": {
          "line": 137,
          "column": 52
        }
      },
      "51": {
        "start": {
          "line": 140,
          "column": 10
        },
        "end": {
          "line": 140,
          "column": 31
        }
      },
      "52": {
        "start": {
          "line": 141,
          "column": 10
        },
        "end": {
          "line": 141,
          "column": 37
        }
      },
      "53": {
        "start": {
          "line": 142,
          "column": 11
        },
        "end": {
          "line": 142,
          "column": 39
        }
      },
      "54": {
        "start": {
          "line": 143,
          "column": 10
        },
        "end": {
          "line": 148,
          "column": 14
        }
      },
      "55": {
        "start": {
          "line": 144,
          "column": 12
        },
        "end": {
          "line": 144,
          "column": 64
        }
      },
      "56": {
        "start": {
          "line": 146,
          "column": 12
        },
        "end": {
          "line": 148,
          "column": 14
        }
      },
      "57": {
        "start": {
          "line": 153,
          "column": 2
        },
        "end": {
          "line": 275,
          "column": 4
        }
      },
      "58": {
        "start": {
          "line": 278,
          "column": 24
        },
        "end": {
          "line": 281,
          "column": 2
        }
      },
      "59": {
        "start": {
          "line": 278,
          "column": 36
        },
        "end": {
          "line": 281,
          "column": 1
        }
      },
      "60": {
        "start": {
          "line": 283,
          "column": 27
        },
        "end": {
          "line": 290,
          "column": 2
        }
      },
      "61": {
        "start": {
          "line": 283,
          "column": 42
        },
        "end": {
          "line": 290,
          "column": 1
        }
      },
      "62": {
        "start": {
          "line": 286,
          "column": 6
        },
        "end": {
          "line": 286,
          "column": 75
        }
      },
      "63": {
        "start": {
          "line": 288,
          "column": 6
        },
        "end": {
          "line": 288,
          "column": 61
        }
      }
    },
    "fnMap": {
      "0": {
        "name": "(anonymous_0)",
        "decl": {
          "start": {
            "line": 35,
            "column": 17
          },
          "end": {
            "line": 35,
            "column": 18
          }
        },
        "loc": {
          "start": {
            "line": 35,
            "column": 29
          },
          "end": {
            "line": 75,
            "column": 1
          }
        },
        "line": 35
      },
      "1": {
        "name": "(anonymous_1)",
        "decl": {
          "start": {
            "line": 77,
            "column": 21
          },
          "end": {
            "line": 77,
            "column": 22
          }
        },
        "loc": {
          "start": {
            "line": 77,
            "column": 73
          },
          "end": {
            "line": 276,
            "column": 1
          }
        },
        "line": 77
      },
      "2": {
        "name": "(anonymous_2)",
        "decl": {
          "start": {
            "line": 87,
            "column": 12
          },
          "end": {
            "line": 87,
            "column": 13
          }
        },
        "loc": {
          "start": {
            "line": 87,
            "column": 18
          },
          "end": {
            "line": 113,
            "column": 3
          }
        },
        "line": 87
      },
      "3": {
        "name": "(anonymous_3)",
        "decl": {
          "start": {
            "line": 89,
            "column": 12
          },
          "end": {
            "line": 89,
            "column": 13
          }
        },
        "loc": {
          "start": {
            "line": 89,
            "column": 22
          },
          "end": {
            "line": 95,
            "column": 7
          }
        },
        "line": 89
      },
      "4": {
        "name": "(anonymous_4)",
        "decl": {
          "start": {
            "line": 96,
            "column": 12
          },
          "end": {
            "line": 96,
            "column": 13
          }
        },
        "loc": {
          "start": {
            "line": 96,
            "column": 18
          },
          "end": {
            "line": 98,
            "column": 7
          }
        },
        "line": 96
      },
      "5": {
        "name": "(anonymous_5)",
        "decl": {
          "start": {
            "line": 99,
            "column": 13
          },
          "end": {
            "line": 99,
            "column": 14
          }
        },
        "loc": {
          "start": {
            "line": 99,
            "column": 24
          },
          "end": {
            "line": 108,
            "column": 7
          }
        },
        "line": 99
      },
      "6": {
        "name": "(anonymous_6)",
        "decl": {
          "start": {
            "line": 109,
            "column": 19
          },
          "end": {
            "line": 109,
            "column": 20
          }
        },
        "loc": {
          "start": {
            "line": 109,
            "column": 25
          },
          "end": {
            "line": 112,
            "column": 17
          }
        },
        "line": 109
      },
      "7": {
        "name": "(anonymous_7)",
        "decl": {
          "start": {
            "line": 128,
            "column": 14
          },
          "end": {
            "line": 128,
            "column": 15
          }
        },
        "loc": {
          "start": {
            "line": 128,
            "column": 26
          },
          "end": {
            "line": 150,
            "column": 5
          }
        },
        "line": 128
      },
      "8": {
        "name": "(anonymous_8)",
        "decl": {
          "start": {
            "line": 130,
            "column": 14
          },
          "end": {
            "line": 130,
            "column": 15
          }
        },
        "loc": {
          "start": {
            "line": 130,
            "column": 24
          },
          "end": {
            "line": 138,
            "column": 9
          }
        },
        "line": 130
      },
      "9": {
        "name": "(anonymous_9)",
        "decl": {
          "start": {
            "line": 139,
            "column": 15
          },
          "end": {
            "line": 139,
            "column": 16
          }
        },
        "loc": {
          "start": {
            "line": 139,
            "column": 26
          },
          "end": {
            "line": 149,
            "column": 9
          }
        },
        "line": 139
      },
      "10": {
        "name": "(anonymous_10)",
        "decl": {
          "start": {
            "line": 278,
            "column": 24
          },
          "end": {
            "line": 278,
            "column": 25
          }
        },
        "loc": {
          "start": {
            "line": 278,
            "column": 36
          },
          "end": {
            "line": 281,
            "column": 1
          }
        },
        "line": 278
      },
      "11": {
        "name": "(anonymous_11)",
        "decl": {
          "start": {
            "line": 283,
            "column": 27
          },
          "end": {
            "line": 283,
            "column": 28
          }
        },
        "loc": {
          "start": {
            "line": 283,
            "column": 42
          },
          "end": {
            "line": 290,
            "column": 1
          }
        },
        "line": 283
      },
      "12": {
        "name": "(anonymous_12)",
        "decl": {
          "start": {
            "line": 285,
            "column": 14
          },
          "end": {
            "line": 285,
            "column": 15
          }
        },
        "loc": {
          "start": {
            "line": 286,
            "column": 6
          },
          "end": {
            "line": 286,
            "column": 75
          }
        },
        "line": 286
      },
      "13": {
        "name": "(anonymous_13)",
        "decl": {
          "start": {
            "line": 287,
            "column": 20
          },
          "end": {
            "line": 287,
            "column": 21
          }
        },
        "loc": {
          "start": {
            "line": 288,
            "column": 6
          },
          "end": {
            "line": 288,
            "column": 61
          }
        },
        "line": 288
      }
    },
    "branchMap": {
      "0": {
        "loc": {
          "start": {
            "line": 38,
            "column": 2
          },
          "end": {
            "line": 42,
            "column": 3
          }
        },
        "type": "if",
        "locations": [
          {
            "start": {
              "line": 38,
              "column": 2
            },
            "end": {
              "line": 42,
              "column": 3
            }
          },
          {
            "start": {
              "line": 38,
              "column": 2
            },
            "end": {
              "line": 42,
              "column": 3
            }
          }
        ],
        "line": 38
      },
      "1": {
        "loc": {
          "start": {
            "line": 40,
            "column": 9
          },
          "end": {
            "line": 42,
            "column": 3
          }
        },
        "type": "if",
        "locations": [
          {
            "start": {
              "line": 40,
              "column": 9
            },
            "end": {
              "line": 42,
              "column": 3
            }
          },
          {
            "start": {
              "line": 40,
              "column": 9
            },
            "end": {
              "line": 42,
              "column": 3
            }
          }
        ],
        "line": 40
      },
      "2": {
        "loc": {
          "start": {
            "line": 44,
            "column": 2
          },
          "end": {
            "line": 48,
            "column": 3
          }
        },
        "type": "if",
        "locations": [
          {
            "start": {
              "line": 44,
              "column": 2
            },
            "end": {
              "line": 48,
              "column": 3
            }
          },
          {
            "start": {
              "line": 44,
              "column": 2
            },
            "end": {
              "line": 48,
              "column": 3
            }
          }
        ],
        "line": 44
      },
      "3": {
        "loc": {
          "start": {
            "line": 46,
            "column": 9
          },
          "end": {
            "line": 48,
            "column": 3
          }
        },
        "type": "if",
        "locations": [
          {
            "start": {
              "line": 46,
              "column": 9
            },
            "end": {
              "line": 48,
              "column": 3
            }
          },
          {
            "start": {
              "line": 46,
              "column": 9
            },
            "end": {
              "line": 48,
              "column": 3
            }
          }
        ],
        "line": 46
      },
      "4": {
        "loc": {
          "start": {
            "line": 50,
            "column": 2
          },
          "end": {
            "line": 59,
            "column": 3
          }
        },
        "type": "if",
        "locations": [
          {
            "start": {
              "line": 50,
              "column": 2
            },
            "end": {
              "line": 59,
              "column": 3
            }
          },
          {
            "start": {
              "line": 50,
              "column": 2
            },
            "end": {
              "line": 59,
              "column": 3
            }
          }
        ],
        "line": 50
      },
      "5": {
        "loc": {
          "start": {
            "line": 52,
            "column": 9
          },
          "end": {
            "line": 59,
            "column": 3
          }
        },
        "type": "if",
        "locations": [
          {
            "start": {
              "line": 52,
              "column": 9
            },
            "end": {
              "line": 59,
              "column": 3
            }
          },
          {
            "start": {
              "line": 52,
              "column": 9
            },
            "end": {
              "line": 59,
              "column": 3
            }
          }
        ],
        "line": 52
      },
      "6": {
        "loc": {
          "start": {
            "line": 61,
            "column": 2
          },
          "end": {
            "line": 72,
            "column": 3
          }
        },
        "type": "if",
        "locations": [
          {
            "start": {
              "line": 61,
              "column": 2
            },
            "end": {
              "line": 72,
              "column": 3
            }
          },
          {
            "start": {
              "line": 61,
              "column": 2
            },
            "end": {
              "line": 72,
              "column": 3
            }
          }
        ],
        "line": 61
      },
      "7": {
        "loc": {
          "start": {
            "line": 63,
            "column": 9
          },
          "end": {
            "line": 72,
            "column": 3
          }
        },
        "type": "if",
        "locations": [
          {
            "start": {
              "line": 63,
              "column": 9
            },
            "end": {
              "line": 72,
              "column": 3
            }
          },
          {
            "start": {
              "line": 63,
              "column": 9
            },
            "end": {
              "line": 72,
              "column": 3
            }
          }
        ],
        "line": 63
      },
      "8": {
        "loc": {
          "start": {
            "line": 70,
            "column": 9
          },
          "end": {
            "line": 72,
            "column": 3
          }
        },
        "type": "if",
        "locations": [
          {
            "start": {
              "line": 70,
              "column": 9
            },
            "end": {
              "line": 72,
              "column": 3
            }
          },
          {
            "start": {
              "line": 70,
              "column": 9
            },
            "end": {
              "line": 72,
              "column": 3
            }
          }
        ],
        "line": 70
      },
      "9": {
        "loc": {
          "start": {
            "line": 102,
            "column": 8
          },
          "end": {
            "line": 107,
            "column": 12
          }
        },
        "type": "if",
        "locations": [
          {
            "start": {
              "line": 102,
              "column": 8
            },
            "end": {
              "line": 107,
              "column": 12
            }
          },
          {
            "start": {
              "line": 102,
              "column": 8
            },
            "end": {
              "line": 107,
              "column": 12
            }
          }
        ],
        "line": 102
      },
      "10": {
        "loc": {
          "start": {
            "line": 102,
            "column": 12
          },
          "end": {
            "line": 102,
            "column": 59
          }
        },
        "type": "binary-expr",
        "locations": [
          {
            "start": {
              "line": 102,
              "column": 12
            },
            "end": {
              "line": 102,
              "column": 26
            }
          },
          {
            "start": {
              "line": 102,
              "column": 30
            },
            "end": {
              "line": 102,
              "column": 59
            }
          }
        ],
        "line": 102
      },
      "11": {
        "loc": {
          "start": {
            "line": 143,
            "column": 10
          },
          "end": {
            "line": 148,
            "column": 14
          }
        },
        "type": "if",
        "locations": [
          {
            "start": {
              "line": 143,
              "column": 10
            },
            "end": {
              "line": 148,
              "column": 14
            }
          },
          {
            "start": {
              "line": 143,
              "column": 10
            },
            "end": {
              "line": 148,
              "column": 14
            }
          }
        ],
        "line": 143
      },
      "12": {
        "loc": {
          "start": {
            "line": 143,
            "column": 14
          },
          "end": {
            "line": 143,
            "column": 61
          }
        },
        "type": "binary-expr",
        "locations": [
          {
            "start": {
              "line": 143,
              "column": 14
            },
            "end": {
              "line": 143,
              "column": 28
            }
          },
          {
            "start": {
              "line": 143,
              "column": 32
            },
            "end": {
              "line": 143,
              "column": 61
            }
          }
        ],
        "line": 143
      },
      "13": {
        "loc": {
          "start": {
            "line": 164,
            "column": 15
          },
          "end": {
            "line": 268,
            "column": 17
          }
        },
        "type": "cond-expr",
        "locations": [
          {
            "start": {
              "line": 165,
              "column": 11
            },
            "end": {
              "line": 165,
              "column": 21
            }
          },
          {
            "start": {
              "line": 167,
              "column": 12
            },
            "end": {
              "line": 267,
              "column": 21
            }
          }
        ],
        "line": 164
      },
      "14": {
        "loc": {
          "start": {
            "line": 170,
            "column": 25
          },
          "end": {
            "line": 170,
            "column": 90
          }
        },
        "type": "binary-expr",
        "locations": [
          {
            "start": {
              "line": 170,
              "column": 25
            },
            "end": {
              "line": 170,
              "column": 38
            }
          },
          {
            "start": {
              "line": 170,
              "column": 42
            },
            "end": {
              "line": 170,
              "column": 90
            }
          }
        ],
        "line": 170
      },
      "15": {
        "loc": {
          "start": {
            "line": 174,
            "column": 29
          },
          "end": {
            "line": 178,
            "column": 29
          }
        },
        "type": "cond-expr",
        "locations": [
          {
            "start": {
              "line": 175,
              "column": 30
            },
            "end": {
              "line": 175,
              "column": 92
            }
          },
          {
            "start": {
              "line": 177,
              "column": 30
            },
            "end": {
              "line": 177,
              "column": 81
            }
          }
        ],
        "line": 174
      },
      "16": {
        "loc": {
          "start": {
            "line": 199,
            "column": 27
          },
          "end": {
            "line": 203,
            "column": 34
          }
        },
        "type": "cond-expr",
        "locations": [
          {
            "start": {
              "line": 200,
              "column": 28
            },
            "end": {
              "line": 202,
              "column": 35
            }
          },
          {
            "start": {
              "line": 203,
              "column": 30
            },
            "end": {
              "line": 203,
              "column": 34
            }
          }
        ],
        "line": 199
      },
      "17": {
        "loc": {
          "start": {
            "line": 199,
            "column": 27
          },
          "end": {
            "line": 199,
            "column": 76
          }
        },
        "type": "binary-expr",
        "locations": [
          {
            "start": {
              "line": 199,
              "column": 27
            },
            "end": {
              "line": 199,
              "column": 50
            }
          },
          {
            "start": {
              "line": 199,
              "column": 54
            },
            "end": {
              "line": 199,
              "column": 76
            }
          }
        ],
        "line": 199
      },
      "18": {
        "loc": {
          "start": {
            "line": 218,
            "column": 27
          },
          "end": {
            "line": 222,
            "column": 34
          }
        },
        "type": "cond-expr",
        "locations": [
          {
            "start": {
              "line": 219,
              "column": 28
            },
            "end": {
              "line": 221,
              "column": 35
            }
          },
          {
            "start": {
              "line": 222,
              "column": 30
            },
            "end": {
              "line": 222,
              "column": 34
            }
          }
        ],
        "line": 218
      },
      "19": {
        "loc": {
          "start": {
            "line": 218,
            "column": 27
          },
          "end": {
            "line": 218,
            "column": 70
          }
        },
        "type": "binary-expr",
        "locations": [
          {
            "start": {
              "line": 218,
              "column": 27
            },
            "end": {
              "line": 218,
              "column": 47
            }
          },
          {
            "start": {
              "line": 218,
              "column": 51
            },
            "end": {
              "line": 218,
              "column": 70
            }
          }
        ],
        "line": 218
      },
      "20": {
        "loc": {
          "start": {
            "line": 236,
            "column": 27
          },
          "end": {
            "line": 240,
            "column": 34
          }
        },
        "type": "cond-expr",
        "locations": [
          {
            "start": {
              "line": 237,
              "column": 28
            },
            "end": {
              "line": 239,
              "column": 35
            }
          },
          {
            "start": {
              "line": 240,
              "column": 30
            },
            "end": {
              "line": 240,
              "column": 34
            }
          }
        ],
        "line": 236
      },
      "21": {
        "loc": {
          "start": {
            "line": 236,
            "column": 27
          },
          "end": {
            "line": 236,
            "column": 76
          }
        },
        "type": "binary-expr",
        "locations": [
          {
            "start": {
              "line": 236,
              "column": 27
            },
            "end": {
              "line": 236,
              "column": 50
            }
          },
          {
            "start": {
              "line": 236,
              "column": 54
            },
            "end": {
              "line": 236,
              "column": 76
            }
          }
        ],
        "line": 236
      },
      "22": {
        "loc": {
          "start": {
            "line": 254,
            "column": 27
          },
          "end": {
            "line": 259,
            "column": 34
          }
        },
        "type": "cond-expr",
        "locations": [
          {
            "start": {
              "line": 256,
              "column": 28
            },
            "end": {
              "line": 258,
              "column": 35
            }
          },
          {
            "start": {
              "line": 259,
              "column": 30
            },
            "end": {
              "line": 259,
              "column": 34
            }
          }
        ],
        "line": 254
      },
      "23": {
        "loc": {
          "start": {
            "line": 254,
            "column": 27
          },
          "end": {
            "line": 255,
            "column": 55
          }
        },
        "type": "binary-expr",
        "locations": [
          {
            "start": {
              "line": 254,
              "column": 27
            },
            "end": {
              "line": 254,
              "column": 57
            }
          },
          {
            "start": {
              "line": 255,
              "column": 26
            },
            "end": {
              "line": 255,
              "column": 55
            }
          }
        ],
        "line": 254
      }
    },
    "s": {
      "0": 5,
      "1": 0,
      "2": 0,
      "3": 0,
      "4": 0,
      "5": 0,
      "6": 0,
      "7": 0,
      "8": 0,
      "9": 0,
      "10": 0,
      "11": 0,
      "12": 0,
      "13": 0,
      "14": 0,
      "15": 0,
      "16": 0,
      "17": 0,
      "18": 0,
      "19": 0,
      "20": 0,
      "21": 5,
      "22": 0,
      "23": 0,
      "24": 0,
      "25": 0,
      "26": 0,
      "27": 0,
      "28": 0,
      "29": 0,
      "30": 0,
      "31": 0,
      "32": 0,
      "33": 0,
      "34": 0,
      "35": 0,
      "36": 0,
      "37": 0,
      "38": 0,
      "39": 0,
      "40": 0,
      "41": 0,
      "42": 0,
      "43": 0,
      "44": 0,
      "45": 0,
      "46": 0,
      "47": 0,
      "48": 0,
      "49": 0,
      "50": 0,
      "51": 0,
      "52": 0,
      "53": 0,
      "54": 0,
      "55": 0,
      "56": 0,
      "57": 0,
      "58": 5,
      "59": 0,
      "60": 5,
      "61": 0,
      "62": 0,
      "63": 0
    },
    "f": {
      "0": 0,
      "1": 0,
      "2": 0,
      "3": 0,
      "4": 0,
      "5": 0,
      "6": 0,
      "7": 0,
      "8": 0,
      "9": 0,
      "10": 0,
      "11": 0,
      "12": 0,
      "13": 0
    },
    "b": {
      "0": [
        0,
        0
      ],
      "1": [
        0,
        0
      ],
      "2": [
        0,
        0
      ],
      "3": [
        0,
        0
      ],
      "4": [
        0,
        0
      ],
      "5": [
        0,
        0
      ],
      "6": [
        0,
        0
      ],
      "7": [
        0,
        0
      ],
      "8": [
        0,
        0
      ],
      "9": [
        0,
        0
      ],
      "10": [
        0,
        0
      ],
      "11": [
        0,
        0
      ],
      "12": [
        0,
        0
      ],
      "13": [
        0,
        0
      ],
      "14": [
        0,
        0
      ],
      "15": [
        0,
        0
      ],
      "16": [
        0,
        0
      ],
      "17": [
        0,
        0
      ],
      "18": [
        0,
        0
      ],
      "19": [
        0,
        0
      ],
      "20": [
        0,
        0
      ],
      "21": [
        0,
        0
      ],
      "22": [
        0,
        0
      ],
      "23": [
        0,
        0
      ]
    },
    "_coverageSchema": "1a1c01bbd47fc00a2c39e90264f33305004495a9",
    "hash": "011ec49bda70537957621a96dfb8f02802ab55a4"
  },
  "/Users/Adrienne/Desktop/MERN/mern-client/src/components/preferences/list.js": {
    "path": "/Users/Adrienne/Desktop/MERN/mern-client/src/components/preferences/list.js",
    "statementMap": {
      "0": {
        "start": {
          "line": 2,
          "column": 24
        },
        "end": {
          "line": 11,
          "column": 1
        }
      },
      "1": {
        "start": {
          "line": 13,
          "column": 25
        },
        "end": {
          "line": 22,
          "column": 1
        }
      }
    },
    "fnMap": {},
    "branchMap": {},
    "s": {
      "0": 5,
      "1": 5
    },
    "f": {},
    "b": {},
    "_coverageSchema": "1a1c01bbd47fc00a2c39e90264f33305004495a9",
    "hash": "a15cf7b5f290f3b3a10722e0874729b817648726"
  },
  "/Users/Adrienne/Desktop/MERN/mern-client/src/components/preferences/index.js": {
    "path": "/Users/Adrienne/Desktop/MERN/mern-client/src/components/preferences/index.js",
    "statementMap": {
      "0": {
        "start": {
          "line": 33,
          "column": 14
        },
        "end": {
          "line": 33,
          "column": 59
        }
      },
      "1": {
        "start": {
          "line": 33,
          "column": 22
        },
        "end": {
          "line": 33,
          "column": 59
        }
      },
      "2": {
        "start": {
          "line": 33,
          "column": 41
        },
        "end": {
          "line": 33,
          "column": 58
        }
      },
      "3": {
        "start": {
          "line": 36,
          "column": 17
        },
        "end": {
          "line": 39,
          "column": 1
        }
      },
      "4": {
        "start": {
          "line": 37,
          "column": 17
        },
        "end": {
          "line": 37,
          "column": 19
        }
      },
      "5": {
        "start": {
          "line": 38,
          "column": 2
        },
        "end": {
          "line": 38,
          "column": 16
        }
      },
      "6": {
        "start": {
          "line": 44,
          "column": 20
        },
        "end": {
          "line": 179,
          "column": 1
        }
      },
      "7": {
        "start": {
          "line": 45,
          "column": 18
        },
        "end": {
          "line": 45,
          "column": 29
        }
      },
      "8": {
        "start": {
          "line": 46,
          "column": 16
        },
        "end": {
          "line": 46,
          "column": 28
        }
      },
      "9": {
        "start": {
          "line": 47,
          "column": 32
        },
        "end": {
          "line": 47,
          "column": 46
        }
      },
      "10": {
        "start": {
          "line": 48,
          "column": 32
        },
        "end": {
          "line": 48,
          "column": 57
        }
      },
      "11": {
        "start": {
          "line": 51,
          "column": 2
        },
        "end": {
          "line": 78,
          "column": 9
        }
      },
      "12": {
        "start": {
          "line": 52,
          "column": 4
        },
        "end": {
          "line": 73,
          "column": 9
        }
      },
      "13": {
        "start": {
          "line": 54,
          "column": 8
        },
        "end": {
          "line": 54,
          "column": 29
        }
      },
      "14": {
        "start": {
          "line": 55,
          "column": 8
        },
        "end": {
          "line": 55,
          "column": 57
        }
      },
      "15": {
        "start": {
          "line": 56,
          "column": 8
        },
        "end": {
          "line": 56,
          "column": 42
        }
      },
      "16": {
        "start": {
          "line": 57,
          "column": 8
        },
        "end": {
          "line": 57,
          "column": 58
        }
      },
      "17": {
        "start": {
          "line": 58,
          "column": 8
        },
        "end": {
          "line": 58,
          "column": 52
        }
      },
      "18": {
        "start": {
          "line": 61,
          "column": 8
        },
        "end": {
          "line": 61,
          "column": 30
        }
      },
      "19": {
        "start": {
          "line": 62,
          "column": 8
        },
        "end": {
          "line": 62,
          "column": 36
        }
      },
      "20": {
        "start": {
          "line": 63,
          "column": 8
        },
        "end": {
          "line": 72,
          "column": 12
        }
      },
      "21": {
        "start": {
          "line": 65,
          "column": 10
        },
        "end": {
          "line": 65,
          "column": 56
        }
      },
      "22": {
        "start": {
          "line": 70,
          "column": 10
        },
        "end": {
          "line": 72,
          "column": 12
        }
      },
      "23": {
        "start": {
          "line": 74,
[...]
        "start": {
          "line": 20,
          "column": 4
        },
        "end": {
          "line": 20,
          "column": 64
        }
      },
      "14": {
        "start": {
          "line": 21,
          "column": 4
        },
        "end": {
          "line": 21,
          "column": 44
        }
      },
      "15": {
        "start": {
          "line": 23,
          "column": 2
        },
        "end": {
          "line": 25,
          "column": 6
        }
      },
      "16": {
        "start": {
          "line": 24,
          "column": 6
        },
        "end": {
          "line": 24,
          "column": 27
        }
      }
    },
    "fnMap": {
      "0": {
        "name": "(anonymous_0)",
        "decl": {
          "start": {
            "line": 10,
            "column": 56
          },
          "end": {
            "line": 10,
            "column": 57
          }
        },
        "loc": {
          "start": {
            "line": 10,
            "column": 69
          },
          "end": {
            "line": 27,
            "column": 1
          }
        },
        "line": 10
      },
      "1": {
        "name": "(anonymous_1)",
        "decl": {
          "start": {
            "line": 11,
            "column": 28
          },
          "end": {
            "line": 11,
            "column": 29
          }
        },
        "loc": {
          "start": {
            "line": 11,
            "column": 47
          },
          "end": {
            "line": 18,
            "column": 3
          }
        },
        "line": 11
      },
      "2": {
        "name": "(anonymous_2)",
        "decl": {
          "start": {
            "line": 19,
            "column": 33
          },
          "end": {
            "line": 19,
            "column": 34
          }
        },
        "loc": {
          "start": {
            "line": 19,
            "column": 53
          },
          "end": {
            "line": 22,
            "column": 3
          }
        },
        "line": 19
      },
      "3": {
        "name": "(anonymous_3)",
        "decl": {
          "start": {
            "line": 23,
            "column": 33
          },
          "end": {
            "line": 23,
            "column": 34
          }
        },
        "loc": {
          "start": {
            "line": 23,
            "column": 44
          },
          "end": {
            "line": 25,
            "column": 5
          }
        },
        "line": 23
      }
    },
    "branchMap": {},
    "s": {
      "0": 5,
      "1": 5,
      "2": 5,
      "3": 5,
      "4": 5,
      "5": 5,
      "6": 0,
      "7": 0,
      "8": 0,
      "9": 0,
      "10": 0,
      "11": 0,
      "12": 5,
      "13": 2,
      "14": 2,
      "15": 5,
      "16": 0
    },
    "f": {
      "0": 5,
      "1": 0,
      "2": 2,
      "3": 0
    },
    "b": {},
    "_coverageSchema": "1a1c01bbd47fc00a2c39e90264f33305004495a9",
    "hash": "2d9556d3a8283b0fa39c8aa732a4c559c5174379"
  },
  "/Users/Adrienne/Desktop/MERN/mern-client/src/reducers/ingredients/index.js": {
    "path": "/Users/Adrienne/Desktop/MERN/mern-client/src/reducers/ingredients/index.js",
    "statementMap": {
      "0": {
        "start": {
          "line": 3,
          "column": 26
        },
        "end": {
          "line": 3,
          "column": 59
        }
      },
      "1": {
        "start": {
          "line": 4,
          "column": 26
        },
        "end": {
          "line": 4,
          "column": 59
        }
      },
      "2": {
        "start": {
          "line": 5,
          "column": 24
        },
        "end": {
          "line": 5,
          "column": 55
        }
      },
      "3": {
        "start": {
          "line": 6,
          "column": 24
        },
        "end": {
          "line": 6,
          "column": 55
        }
      },
      "4": {
        "start": {
          "line": 8,
          "column": 21
        },
        "end": {
          "line": 8,
          "column": 69
        }
      },
      "5": {
        "start": {
          "line": 11,
          "column": 24
        },
        "end": {
          "line": 31,
          "column": 2
        }
      },
      "6": {
        "start": {
          "line": 12,
          "column": 2
        },
        "end": {
          "line": 30,
          "column": 6
        }
      },
      "7": {
        "start": {
          "line": 14,
          "column": 6
        },
        "end": {
          "line": 14,
          "column": 47
        }
      },
      "8": {
        "start": {
          "line": 15,
          "column": 6
        },
        "end": {
          "line": 15,
          "column": 58
        }
      },
      "9": {
        "start": {
          "line": 16,
          "column": 6
        },
        "end": {
          "line": 16,
          "column": 33
        }
      },
      "10": {
        "start": {
          "line": 19,
          "column": 6
        },
        "end": {
          "line": 19,
          "column": 47
        }
      },
      "11": {
        "start": {
          "line": 20,
          "column": 6
        },
        "end": {
          "line": 20,
          "column": 58
        }
      },
      "12": {
        "start": {
          "line": 21,
          "column": 6
        },
        "end": {
          "line": 21,
          "column": 33
        }
      },
      "13": {
        "start": {
          "line": 24,
          "column": 6
        },
        "end": {
          "line": 24,
          "column": 35
        }
      },
      "14": {
        "start": {
          "line": 25,
          "column": 6
        },
        "end": {
          "line": 25,
          "column": 40
        }
      },
      "15": {
        "start": {
          "line": 28,
          "column": 6
        },
        "end": {
          "line": 28,
          "column": 35
        }
      },
      "16": {
        "start": {
          "line": 29,
          "column": 6
        },
        "end": {
          "line": 29,
          "column": 40
        }
      }
    },
    "fnMap": {
      "0": {
        "name": "(anonymous_0)",
        "decl": {
          "start": {
            "line": 11,
            "column": 52
          },
          "end": {
            "line": 11,
            "column": 53
          }
        },
        "loc": {
          "start": {
            "line": 11,
            "column": 65
          },
          "end": {
            "line": 31,
            "column": 1
          }
        },
        "line": 11
      },
      "1": {
        "name": "(anonymous_1)",
        "decl": {
          "start": {
            "line": 13,
            "column": 32
          },
          "end": {
            "line": 13,
            "column": 33
          }
        },
        "loc": {
          "start": {
            "line": 13,
            "column": 51
          },
          "end": {
            "line": 17,
            "column": 5
          }
        },
        "line": 13
      },
      "2": {
        "name": "(anonymous_2)",
        "decl": {
          "start": {
            "line": 18,
            "column": 32
          },
          "end": {
            "line": 18,
            "column": 33
          }
        },
        "loc": {
          "start": {
            "line": 18,
            "column": 51
          },
          "end": {
            "line": 22,
            "column": 5
          }
        },
        "line": 18
      },
      "3": {
        "name": "(anonymous_3)",
        "decl": {
          "start": {
            "line": 23,
            "column": 30
          },
          "end": {
            "line": 23,
            "column": 31
          }
        },
        "loc": {
          "start": {
            "line": 23,
            "column": 41
          },
          "end": {
            "line": 26,
            "column": 5
          }
        },
        "line": 23
      },
      "4": {
        "name": "(anonymous_4)",
        "decl": {
          "start": {
            "line": 27,
            "column": 30
          },
          "end": {
            "line": 27,
            "column": 31
          }
        },
        "loc": {
          "start": {
            "line": 27,
            "column": 41
          },
          "end": {
            "line": 30,
            "column": 5
          }
        },
        "line": 27
      }
    },
    "branchMap": {},
    "s": {
      "0": 5,
      "1": 5,
      "2": 5,
      "3": 5,
      "4": 5,
      "5": 5,
      "6": 5,
      "7": 0,
      "8": 0,
      "9": 0,
      "10": 0,
      "11": 0,
      "12": 0,
      "13": 0,
      "14": 0,
      "15": 0,
      "16": 0
    },
    "f": {
      "0": 5,
      "1": 0,
      "2": 0,
      "3": 0,
      "4": 0
    },
    "b": {},
    "_coverageSchema": "1a1c01bbd47fc00a2c39e90264f33305004495a9",
    "hash": "4c6324b07590e80774028eb92d1da4c72a298088"
  },
  "/Users/Adrienne/Desktop/MERN/mern-client/src/reducers/recipes/index.js": {
    "path": "/Users/Adrienne/Desktop/MERN/mern-client/src/reducers/recipes/index.js",
    "statementMap": {
      "0": {
        "start": {
          "line": 3,
          "column": 22
        },
        "end": {
          "line": 3,
          "column": 51
        }
      },
      "1": {
        "start": {
          "line": 4,
          "column": 21
        },
        "end": {
          "line": 4,
          "column": 49
        }
      },
      "2": {
        "start": {
          "line": 5,
          "column": 21
        },
        "end": {
          "line": 5,
          "column": 49
        }
      },
      "3": {
        "start": {
          "line": 7,
          "column": 21
        },
        "end": {
          "line": 7,
          "column": 84
        }
      },
      "4": {
        "start": {
          "line": 9,
          "column": 16
        },
        "end": {
          "line": 28,
          "column": 2
        }
      },
      "5": {
        "start": {
          "line": 10,
          "column": 2
        },
        "end": {
          "line": 26,
          "column": 6
        }
      },
      "6": {
        "start": {
          "line": 12,
          "column": 6
        },
        "end": {
          "line": 12,
          "column": 43
        }
      },
      "7": {
        "start": {
          "line": 13,
          "column": 6
        },
        "end": {
          "line": 13,
          "column": 55
        }
      },
      "8": {
        "start": {
          "line": 14,
          "column": 6
        },
        "end": {
          "line": 14,
          "column": 33
        }
      },
      "9": {
        "start": {
          "line": 17,
          "column": 6
        },
        "end": {
          "line": 17,
          "column": 41
        }
      },
      "10": {
        "start": {
          "line": 19,
          "column": 6
        },
        "end": {
          "line": 19,
          "column": 54
        }
      },
      "11": {
        "start": {
          "line": 20,
          "column": 6
        },
        "end": {
          "line": 20,
          "column": 37
        }
      },
      "12": {
        "start": {
          "line": 23,
          "column": 6
        },
        "end": {
          "line": 23,
          "column": 42
        }
      },
      "13": {
        "start": {
          "line": 24,
          "column": 6
        },
        "end": {
          "line": 24,
          "column": 54
        }
      },
      "14": {
        "start": {
          "line": 25,
          "column": 6
        },
        "end": {
          "line": 25,
          "column": 33
        }
      }
    },
    "fnMap": {
      "0": {
        "name": "(anonymous_0)",
        "decl": {
          "start": {
            "line": 9,
            "column": 44
          },
          "end": {
            "line": 9,
            "column": 45
          }
        },
        "loc": {
          "start": {
            "line": 9,
            "column": 57
          },
          "end": {
            "line": 28,
            "column": 1
          }
        },
        "line": 9
      },
      "1": {
        "name": "(anonymous_1)",
        "decl": {
          "start": {
            "line": 11,
            "column": 28
          },
          "end": {
            "line": 11,
            "column": 29
          }
        },
        "loc": {
          "start": {
            "line": 11,
            "column": 47
          },
          "end": {
            "line": 15,
            "column": 5
          }
        },
        "line": 11
      },
      "2": {
        "name": "(anonymous_2)",
        "decl": {
          "start": {
            "line": 16,
            "column": 27
          },
          "end": {
            "line": 16,
            "column": 28
          }
        },
        "loc": {
          "start": {
            "line": 16,
            "column": 46
          },
          "end": {
            "line": 21,
            "column": 5
          }
        },
        "line": 16
      },
      "3": {
        "name": "(anonymous_3)",
        "decl": {
          "start": {
            "line": 22,
            "column": 27
          },
          "end": {
            "line": 22,
            "column": 28
          }
        },
        "loc": {
          "start": {
            "line": 22,
            "column": 46
          },
          "end": {
            "line": 26,
            "column": 5
          }
        },
        "line": 22
      }
    },
    "branchMap": {},
    "s": {
      "0": 5,
      "1": 5,
      "2": 5,
      "3": 5,
      "4": 5,
      "5": 5,
      "6": 3,
      "7": 3,
      "8": 3,
      "9": 0,
      "10": 0,
      "11": 0,
      "12": 0,
      "13": 0,
      "14": 0
    },
    "f": {
      "0": 5,
      "1": 3,
      "2": 0,
      "3": 0
    },
    "b": {},
    "_coverageSchema": "1a1c01bbd47fc00a2c39e90264f33305004495a9",
    "hash": "31edc564fbbddbcbf1aab07b42797a5a183e3ad7"
  },
  "/Users/Adrienne/Desktop/MERN/mern-client/src/reducers/errors/index.js": {
    "path": "/Users/Adrienne/Desktop/MERN/mern-client/src/reducers/errors/index.js",
    "statementMap": {
      "0": {
        "start": {
          "line": 3,
          "column": 14
        },
        "end": {
          "line": 3,
          "column": 35
        }
      },
      "1": {
        "start": {
          "line": 5,
          "column": 21
        },
        "end": {
          "line": 5,
          "column": 35
        }
      },
      "2": {
        "start": {
          "line": 7,
          "column": 23
        },
        "end": {
          "line": 14,
          "column": 2
        }
      },
      "3": {
        "start": {
          "line": 8,
          "column": 2
        },
        "end": {
          "line": 13,
          "column": 6
        }
      },
      "4": {
        "start": {
          "line": 10,
          "column": 6
        },
        "end": {
          "line": 10,
          "column": 35
        }
      },
      "5": {
        "start": {
          "line": 11,
          "column": 6
        },
        "end": {
          "line": 11,
          "column": 46
        }
      },
      "6": {
        "start": {
          "line": 12,
          "column": 6
        },
        "end": {
          "line": 12,
          "column": 33
        }
      }
    },
    "fnMap": {
      "0": {
        "name": "(anonymous_0)",
        "decl": {
          "start": {
            "line": 7,
            "column": 51
          },
          "end": {
            "line": 7,
            "column": 52
          }
        },
        "loc": {
          "start": {
            "line": 7,
            "column": 64
          },
          "end": {
            "line": 14,
            "column": 1
          }
        },
        "line": 7
      },
      "1": {
        "name": "(anonymous_1)",
        "decl": {
          "start": {
            "line": 9,
            "column": 20
          },
          "end": {
            "line": 9,
            "column": 21
          }
        },
        "loc": {
          "start": {
            "line": 9,
            "column": 39
          },
          "end": {
            "line": 13,
            "column": 5
          }
        },
        "line": 9
      }
    },
    "branchMap": {},
    "s": {
      "0": 5,
      "1": 5,
      "2": 5,
      "3": 5,
      "4": 0,
      "5": 0,
      "6": 0
    },
    "f": {
      "0": 5,
      "1": 0
    },
    "b": {},
    "_coverageSchema": "1a1c01bbd47fc00a2c39e90264f33305004495a9",
    "hash": "cd734da2213bcc4ba3a2974c0bdaf660706847e2"
  },
  "/Users/Adrienne/Desktop/MERN/mern-client/src/reducers.js": {
    "path": "/Users/Adrienne/Desktop/MERN/mern-client/src/reducers.js",
    "statementMap": {},
    "fnMap": {},
    "branchMap": {},
    "s": {},
    "f": {},
    "b": {},
    "_coverageSchema": "1a1c01bbd47fc00a2c39e90264f33305004495a9",
    "hash": "8102cc201e9d4141264866c1e2d95d27c8aa88ef"
  },
  "/Users/Adrienne/Desktop/MERN/mern-client/src/index.js": {
    "path": "/Users/Adrienne/Desktop/MERN/mern-client/src/index.js",
    "statementMap": {
      "0": {
        "start": {
          "line": 9,
          "column": 14
        },
        "end": {
          "line": 12,
          "column": 1
        }
      },
      "1": {
        "start": {
          "line": 14,
          "column": 0
        },
        "end": {
          "line": 14,
          "column": 28
        }
      },
      "2": {
        "start": {
          "line": 16,
          "column": 0
        },
        "end": {
          "line": 23,
          "column": 2
        }
      },
      "3": {
        "start": {
          "line": 26,
          "column": 0
        },
        "end": {
          "line": 28,
          "column": 1
        }
      },
      "4": {
        "start": {
          "line": 27,
          "column": 2
        },
        "end": {
          "line": 27,
          "column": 23
        }
      },
      "5": {
        "start": {
          "line": 33,
          "column": 0
        },
        "end": {
          "line": 33,
          "column": 18
        }
      },
      "6": {
        "start": {
          "line": 35,
          "column": 0
        },
        "end": {
          "line": 35,
          "column": 48
        }
      }
    },
    "fnMap": {},
    "branchMap": {
      "0": {
        "loc": {
          "start": {
            "line": 11,
            "column": 2
          },
          "end": {
            "line": 11,
            "column": 78
          }
        },
        "type": "binary-expr",
        "locations": [
          {
            "start": {
              "line": 11,
              "column": 2
            },
            "end": {
              "line": 11,
              "column": 37
            }
          },
          {
            "start": {
              "line": 11,
              "column": 41
            },
            "end": {
              "line": 11,
              "column": 78
            }
          }
        ],
        "line": 11
      },
      "1": {
        "loc": {
          "start": {
            "line": 26,
            "column": 0
          },
          "end": {
            "line": 28,
            "column": 1
          }
        },
        "type": "if",
        "locations": [
          {
            "start": {
              "line": 26,
              "column": 0
            },
            "end": {
              "line": 28,
              "column": 1
            }
          },
          {
            "start": {
              "line": 26,
              "column": 0
            },
            "end": {
              "line": 28,
              "column": 1
            }
          }
        ],
        "line": 26
      }
    },
    "s": {
      "0": 5,
      "1": 5,
      "2": 5,
      "3": 5,
      "4": 5,
      "5": 5,
      "6": 5
    },
    "f": {},
    "b": {
      "0": [
        5,
        0
      ],
      "1": [
        5,
        0
      ]
    },
    "_coverageSchema": "1a1c01bbd47fc00a2c39e90264f33305004495a9",
    "hash": "7ed1d147e07d69781fd1f3712b9ee6827569c4a0"
  }
}