{
  "/Users/Adrienne/Desktop/MERN/mern-client/src/config/api.js": {
    "path": "/Users/Adrienne/Desktop/MERN/mern-client/src/config/api.js",
    "statementMap": {},
    "fnMap": {},
    "branchMap": {},
    "s": {},
    "f": {},
    "b": {},
    "_coverageSchema": "1a1c01bbd47fc00a2c39e90264f33305004495a9",
    "hash": "e6731b74a17d19a7a6da0dee9807fb57fd938e04"
  },
  "/Users/Adrienne/Desktop/MERN/mern-client/src/services/authServices.js": {
    "path": "/Users/Adrienne/Desktop/MERN/mern-client/src/services/authServices.js",
    "statementMap": {
      "0": {
        "start": {
          "line": 5,
          "column": 19
        },
        "end": {
          "line": 5,
          "column": 61
        }
      },
      "1": {
        "start": {
          "line": 6,
          "column": 2
        },
        "end": {
          "line": 6,
          "column": 34
        }
      },
      "2": {
        "start": {
          "line": 7,
          "column": 2
        },
        "end": {
          "line": 7,
          "column": 23
        }
      },
      "3": {
        "start": {
          "line": 12,
          "column": 19
        },
        "end": {
          "line": 12,
          "column": 58
        }
      },
      "4": {
        "start": {
          "line": 13,
          "column": 2
        },
        "end": {
          "line": 13,
          "column": 34
        }
      },
      "5": {
        "start": {
          "line": 14,
          "column": 2
        },
        "end": {
          "line": 14,
          "column": 23
        }
      },
      "6": {
        "start": {
          "line": 19,
          "column": 2
        },
        "end": {
          "line": 19,
          "column": 33
        }
      },
      "7": {
        "start": {
          "line": 25,
          "column": 19
        },
        "end": {
          "line": 25,
          "column": 65
        }
      },
      "8": {
        "start": {
          "line": 26,
          "column": 2
        },
        "end": {
          "line": 26,
          "column": 34
        }
      },
      "9": {
        "start": {
          "line": 27,
          "column": 2
        },
        "end": {
          "line": 27,
          "column": 23
        }
      },
      "10": {
        "start": {
          "line": 33,
          "column": 19
        },
        "end": {
          "line": 37,
          "column": 4
        }
      },
      "11": {
        "start": {
          "line": 38,
          "column": 2
        },
        "end": {
          "line": 38,
          "column": 34
        }
      },
      "12": {
        "start": {
          "line": 39,
          "column": 2
        },
        "end": {
          "line": 39,
          "column": 23
        }
      },
      "13": {
        "start": {
          "line": 45,
          "column": 19
        },
        "end": {
          "line": 45,
          "column": 67
        }
      },
      "14": {
        "start": {
          "line": 46,
          "column": 2
        },
        "end": {
          "line": 46,
          "column": 34
        }
      },
      "15": {
        "start": {
          "line": 47,
          "column": 2
        },
        "end": {
          "line": 47,
          "column": 23
        }
      },
      "16": {
        "start": {
          "line": 52,
          "column": 19
        },
        "end": {
          "line": 52,
          "column": 75
        }
      },
      "17": {
        "start": {
          "line": 53,
          "column": 2
        },
        "end": {
          "line": 53,
          "column": 34
        }
      },
      "18": {
        "start": {
          "line": 54,
          "column": 2
        },
        "end": {
          "line": 54,
          "column": 23
        }
      },
      "19": {
        "start": {
          "line": 59,
          "column": 19
        },
        "end": {
          "line": 62,
          "column": 3
        }
      },
      "20": {
        "start": {
          "line": 63,
          "column": 2
        },
        "end": {
          "line": 63,
          "column": 34
        }
      },
      "21": {
        "start": {
          "line": 64,
          "column": 2
        },
        "end": {
          "line": 64,
          "column": 23
        }
      },
      "22": {
        "start": {
          "line": 70,
          "column": 2
        },
        "end": {
          "line": 83,
          "column": 3
        }
      },
      "23": {
        "start": {
          "line": 72,
          "column": 19
        },
        "end": {
          "line": 72,
          "column": 33
        }
      },
      "24": {
        "start": {
          "line": 73,
          "column": 4
        },
        "end": {
          "line": 73,
          "column": 36
        }
      },
      "25": {
        "start": {
          "line": 74,
          "column": 4
        },
        "end": {
          "line": 74,
          "column": 39
        }
      },
      "26": {
        "start": {
          "line": 75,
          "column": 21
        },
        "end": {
          "line": 78,
          "column": 5
        }
      },
      "27": {
        "start": {
          "line": 79,
          "column": 4
        },
        "end": {
          "line": 79,
          "column": 36
        }
      },
      "28": {
        "start": {
          "line": 80,
          "column": 4
        },
        "end": {
          "line": 80,
          "column": 25
        }
      },
      "29": {
        "start": {
          "line": 82,
          "column": 4
        },
        "end": {
          "line": 82,
          "column": 48
        }
      },
      "30": {
        "start": {
          "line": 88,
          "column": 19
        },
        "end": {
          "line": 88,
          "column": 60
        }
      },
      "31": {
        "start": {
          "line": 89,
          "column": 2
        },
        "end": {
          "line": 89,
          "column": 34
        }
      },
      "32": {
        "start": {
          "line": 90,
          "column": 2
        },
        "end": {
          "line": 90,
          "column": 23
        }
      },
      "33": {
        "start": {
          "line": 95,
          "column": 19
        },
        "end": {
          "line": 98,
          "column": 3
        }
      },
      "34": {
        "start": {
          "line": 99,
          "column": 2
        },
        "end": {
          "line": 99,
          "column": 34
        }
      },
      "35": {
        "start": {
          "line": 100,
          "column": 2
        },
        "end": {
          "line": 100,
          "column": 23
        }
      },
      "36": {
        "start": {
          "line": 108,
          "column": 2
        },
        "end": {
          "line": 108,
          "column": 39
        }
      },
      "37": {
        "start": {
          "line": 113,
          "column": 2
        },
        "end": {
          "line": 115,
          "column": 39
        }
      },
      "38": {
        "start": {
          "line": 116,
          "column": 2
        },
        "end": {
          "line": 116,
          "column": 37
        }
      },
      "39": {
        "start": {
          "line": 123,
          "column": 2
        },
        "end": {
          "line": 126,
          "column": 4
        }
      },
      "40": {
        "start": {
          "line": 127,
          "column": 2
        },
        "end": {
          "line": 127,
          "column": 42
        }
      },
      "41": {
        "start": {
          "line": 132,
          "column": 2
        },
        "end": {
          "line": 134,
          "column": 42
        }
      },
      "42": {
        "start": {
          "line": 135,
          "column": 2
        },
        "end": {
          "line": 135,
          "column": 40
        }
      },
      "43": {
        "start": {
          "line": 141,
          "column": 2
        },
        "end": {
          "line": 141,
          "column": 41
        }
      },
      "44": {
        "start": {
          "line": 146,
          "column": 2
        },
        "end": {
          "line": 148,
          "column": 41
        }
      },
      "45": {
        "start": {
          "line": 149,
          "column": 2
        },
        "end": {
          "line": 149,
          "column": 39
        }
      },
      "46": {
        "start": {
          "line": 155,
          "column": 2
        },
        "end": {
          "line": 155,
          "column": 45
        }
      },
      "47": {
        "start": {
          "line": 160,
          "column": 2
        },
        "end": {
          "line": 162,
          "column": 45
        }
      },
      "48": {
        "start": {
          "line": 163,
          "column": 2
        },
        "end": {
          "line": 163,
          "column": 43
        }
      }
    },
    "fnMap": {
      "0": {
        "name": "registerUser",
        "decl": {
          "start": {
            "line": 3,
            "column": 22
          },
          "end": {
            "line": 3,
            "column": 34
          }
        },
        "loc": {
          "start": {
            "line": 3,
            "column": 45
          },
          "end": {
            "line": 8,
            "column": 1
          }
        },
        "line": 3
      },
      "1": {
        "name": "loginUser",
        "decl": {
          "start": {
            "line": 10,
            "column": 22
          },
          "end": {
            "line": 10,
            "column": 31
          }
        },
        "loc": {
          "start": {
            "line": 10,
            "column": 42
          },
          "end": {
            "line": 15,
            "column": 1
          }
        },
        "line": 10
      },
      "2": {
        "name": "logoutUser",
        "decl": {
          "start": {
            "line": 17,
            "column": 22
          },
          "end": {
            "line": 17,
            "column": 32
          }
        },
        "loc": {
          "start": {
            "line": 17,
            "column": 35
          },
          "end": {
            "line": 20,
            "column": 1
          }
        },
        "line": 17
      },
      "3": {
        "name": "forgotPassword",
        "decl": {
          "start": {
            "line": 22,
            "column": 22
          },
          "end": {
            "line": 22,
            "column": 36
          }
        },
        "loc": {
          "start": {
            "line": 22,
            "column": 44
          },
          "end": {
            "line": 28,
            "column": 1
          }
        },
        "line": 22
      },
      "4": {
        "name": "resetPassword",
        "decl": {
          "start": {
            "line": 30,
            "column": 22
          },
          "end": {
            "line": 30,
            "column": 35
          }
        },
        "loc": {
          "start": {
            "line": 30,
            "column": 43
          },
          "end": {
            "line": 40,
            "column": 1
          }
        },
        "line": 30
      },
      "5": {
        "name": "updatePasswordViaReset",
        "decl": {
          "start": {
            "line": 42,
            "column": 22
          },
          "end": {
            "line": 42,
            "column": 44
          }
        },
        "loc": {
          "start": {
            "line": 42,
            "column": 55
          },
          "end": {
            "line": 48,
            "column": 1
          }
        },
        "line": 42
      },
      "6": {
        "name": "getUserSettings",
        "decl": {
          "start": {
            "line": 50,
            "column": 22
          },
          "end": {
            "line": 50,
            "column": 37
          }
        },
        "loc": {
          "start": {
            "line": 50,
            "column": 48
          },
          "end": {
            "line": 55,
            "column": 1
          }
        },
        "line": 50
      },
      "7": {
        "name": "updateUserSettings",
        "decl": {
          "start": {
            "line": 57,
            "column": 22
          },
          "end": {
            "line": 57,
            "column": 40
          }
        },
        "loc": {
          "start": {
            "line": 57,
            "column": 64
          },
          "end": {
            "line": 65,
            "column": 1
          }
        },
        "line": 57
      },
      "8": {
        "name": "uploadProfileImage",
        "decl": {
          "start": {
            "line": 67,
            "column": 22
          },
          "end": {
            "line": 67,
            "column": 40
          }
        },
        "loc": {
          "start": {
            "line": 67,
            "column": 58
          },
          "end": {
            "line": 84,
            "column": 1
          }
        },
        "line": 67
      },
      "9": {
        "name": "getPreference",
        "decl": {
          "start": {
            "line": 86,
            "column": 22
          },
          "end": {
            "line": 86,
            "column": 35
          }
        },
        "loc": {
          "start": {
            "line": 86,
            "column": 46
          },
          "end": {
            "line": 91,
            "column": 1
          }
        },
        "line": 86
      },
      "10": {
        "name": "updatePreference",
        "decl": {
          "start": {
            "line": 93,
            "column": 22
          },
          "end": {
            "line": 93,
            "column": 38
          }
        },
        "loc": {
          "start": {
            "line": 93,
            "column": 59
          },
          "end": {
            "line": 101,
            "column": 1
          }
        },
        "line": 93
      },
      "11": {
        "name": "getLoggedInUser",
        "decl": {
          "start": {
            "line": 107,
            "column": 16
          },
          "end": {
            "line": 107,
            "column": 31
          }
        },
        "loc": {
          "start": {
            "line": 107,
            "column": 34
          },
          "end": {
            "line": 109,
            "column": 1
          }
        },
        "line": 107
      },
      "12": {
        "name": "setLoggedInUser",
        "decl": {
          "start": {
            "line": 112,
            "column": 16
          },
          "end": {
            "line": 112,
            "column": 31
          }
        },
        "loc": {
          "start": {
            "line": 112,
            "column": 39
          },
          "end": {
            "line": 118,
            "column": 1
          }
        },
        "line": 112
      },
      "13": {
        "name": "getUsername",
        "decl": {
          "start": {
            "line": 122,
            "column": 16
          },
          "end": {
            "line": 122,
            "column": 27
          }
        },
        "loc": {
          "start": {
            "line": 122,
            "column": 30
          },
          "end": {
            "line": 128,
            "column": 1
          }
        },
        "line": 122
      },
      "14": {
        "name": "setUsername",
        "decl": {
          "start": {
            "line": 131,
            "column": 16
          },
          "end": {
            "line": 131,
            "column": 27
          }
        },
        "loc": {
          "start": {
            "line": 131,
            "column": 34
          },
          "end": {
            "line": 137,
            "column": 1
          }
        },
        "line": 131
      },
      "15": {
        "name": "getProfile",
        "decl": {
          "start": {
            "line": 140,
            "column": 16
          },
          "end": {
            "line": 140,
            "column": 26
          }
        },
        "loc": {
          "start": {
            "line": 140,
            "column": 29
          },
          "end": {
            "line": 142,
            "column": 1
          }
        },
        "line": 140
      },
      "16": {
        "name": "setProfile",
        "decl": {
          "start": {
            "line": 145,
            "column": 16
          },
          "end": {
            "line": 145,
            "column": 26
          }
        },
        "loc": {
          "start": {
            "line": 145,
            "column": 34
          },
          "end": {
            "line": 151,
            "column": 1
          }
        },
        "line": 145
      },
      "17": {
        "name": "getPref",
        "decl": {
          "start": {
            "line": 154,
            "column": 16
          },
          "end": {
            "line": 154,
            "column": 23
          }
        },
        "loc": {
          "start": {
            "line": 154,
            "column": 26
          },
          "end": {
            "line": 156,
            "column": 1
          }
        },
        "line": 154
      },
      "18": {
        "name": "setPref",
        "decl": {
          "start": {
            "line": 159,
            "column": 16
          },
          "end": {
            "line": 159,
            "column": 23
          }
        },
        "loc": {
          "start": {
            "line": 159,
            "column": 30
          },
          "end": {
            "line": 165,
            "column": 1
          }
        },
        "line": 159
      }
    },
    "branchMap": {
      "0": {
        "loc": {
          "start": {
            "line": 113,
            "column": 2
          },
          "end": {
            "line": 115,
            "column": 38
          }
        },
        "type": "cond-expr",
        "locations": [
          {
            "start": {
              "line": 114,
              "column": 6
            },
            "end": {
              "line": 114,
              "column": 42
            }
          },
          {
            "start": {
              "line": 115,
              "column": 6
            },
            "end": {
              "line": 115,
              "column": 38
            }
          }
        ],
        "line": 113
      },
      "1": {
        "loc": {
          "start": {
            "line": 132,
            "column": 2
          },
          "end": {
            "line": 134,
            "column": 41
          }
        },
        "type": "cond-expr",
        "locations": [
          {
            "start": {
              "line": 133,
              "column": 6
            },
            "end": {
              "line": 133,
              "column": 44
            }
          },
          {
            "start": {
              "line": 134,
              "column": 6
            },
            "end": {
              "line": 134,
              "column": 41
            }
          }
        ],
        "line": 132
      },
      "2": {
        "loc": {
          "start": {
            "line": 146,
            "column": 2
          },
          "end": {
            "line": 148,
            "column": 40
          }
        },
        "type": "cond-expr",
        "locations": [
          {
            "start": {
              "line": 147,
              "column": 6
            },
            "end": {
              "line": 147,
              "column": 44
            }
          },
          {
            "start": {
              "line": 148,
              "column": 6
            },
            "end": {
              "line": 148,
              "column": 40
            }
          }
        ],
        "line": 146
      },
      "3": {
        "loc": {
          "start": {
            "line": 160,
            "column": 2
          },
          "end": {
            "line": 162,
            "column": 44
          }
        },
        "type": "cond-expr",
        "locations": [
          {
            "start": {
              "line": 161,
              "column": 6
            },
            "end": {
              "line": 161,
              "column": 63
            }
          },
          {
            "start": {
              "line": 162,
              "column": 6
            },
            "end": {
              "line": 162,
              "column": 44
            }
          }
        ],
        "line": 160
      }
    },
    "s": {
      "0": 0,
      "1": 0,
      "2": 0,
      "3": 18,
      "4": 16,
      "5": 16,
      "6": 1,
      "7": 0,
      "8": 0,
      "9": 0,
      "10": 0,
      "11": 0,
      "12": 0,
      "13": 0,
      "14": 0,
      "15": 0,
      "16": 0,
      "17": 0,
      "18": 0,
      "19": 0,
      "20": 0,
      "21": 0,
      "22": 0,
      "23": 0,
      "24": 0,
      "25": 0,
      "26": 0,
      "27": 0,
      "28": 0,
      "29": 0,
      "30": 8,
      "31": 5,
      "32": 5,
      "33": 1,
      "34": 0,
      "35": 0,
      "36": 61,
      "37": 16,
      "38": 16,
      "39": 142,
      "40": 142,
      "41": 16,
      "42": 16,
      "43": 98,
      "44": 16,
      "45": 16,
      "46": 10,
      "47": 5,
      "48": 5
    },
    "f": {
      "0": 0,
      "1": 18,
      "2": 1,
      "3": 0,
      "4": 0,
      "5": 0,
      "6": 0,
      "7": 0,
      "8": 0,
      "9": 8,
      "10": 1,
      "11": 61,
      "12": 16,
      "13": 142,
      "14": 16,
      "15": 98,
      "16": 16,
      "17": 10,
      "18": 5
    },
    "b": {
      "0": [
        0,
        16
      ],
      "1": [
        16,
        0
      ],
      "2": [
        16,
        0
      ],
      "3": [
        5,
        0
      ]
    },
    "_coverageSchema": "1a1c01bbd47fc00a2c39e90264f33305004495a9",
    "hash": "66bbf39f089b57bae86d1e57837e39ffbaafa4d3"
  },
  "/Users/Adrienne/Desktop/MERN/mern-client/src/components/styles/makeStyles.js": {
    "path": "/Users/Adrienne/Desktop/MERN/mern-client/src/components/styles/makeStyles.js",
    "statementMap": {
      "0": {
        "start": {
          "line": 3,
          "column": 18
        },
        "end": {
          "line": 18,
          "column": 3
        }
      },
      "1": {
        "start": {
          "line": 3,
          "column": 41
        },
        "end": {
          "line": 18,
          "column": 1
        }
      }
    },
    "fnMap": {
      "0": {
        "name": "(anonymous_0)",
        "decl": {
          "start": {
            "line": 3,
            "column": 29
          },
          "end": {
            "line": 3,
            "column": 30
          }
        },
        "loc": {
          "start": {
            "line": 3,
            "column": 41
          },
          "end": {
            "line": 18,
            "column": 1
          }
        },
        "line": 3
      }
    },
    "branchMap": {},
    "s": {
      "0": 61,
      "1": 12
    },
    "f": {
      "0": 12
    },
    "b": {},
    "_coverageSchema": "1a1c01bbd47fc00a2c39e90264f33305004495a9",
    "hash": "c4fd9c0c936aabb2ec10498ed832d4c1929d9db1"
  },
  "/Users/Adrienne/Desktop/MERN/mern-client/src/components/loading/index.js": {
    "path": "/Users/Adrienne/Desktop/MERN/mern-client/src/components/loading/index.js",
    "statementMap": {
      "0": {
        "start": {
          "line": 11,
          "column": 6
        },
        "end": {
          "line": 17,
          "column": 7
        }
      }
    },
    "fnMap": {
      "0": {
        "name": "Loading",
        "decl": {
          "start": {
            "line": 9,
            "column": 24
          },
          "end": {
            "line": 9,
            "column": 31
          }
        },
        "loc": {
          "start": {
            "line": 9,
            "column": 35
          },
          "end": {
            "line": 19,
            "column": 1
          }
        },
        "line": 9
      }
    },
    "branchMap": {},
    "s": {
      "0": 178
    },
    "f": {
      "0": 178
    },
    "b": {},
    "_coverageSchema": "1a1c01bbd47fc00a2c39e90264f33305004495a9",
    "hash": "b4defb0f091d31dfc8c216e9f6f992a13281c223"
  },
  "/Users/Adrienne/Desktop/MERN/mern-client/src/components/profileImage/index.js": {
    "path": "/Users/Adrienne/Desktop/MERN/mern-client/src/components/profileImage/index.js",
    "statementMap": {
      "0": {
        "start": {
          "line": 16,
          "column": 21
        },
        "end": {
          "line": 83,
          "column": 1
        }
      },
      "1": {
        "start": {
          "line": 17,
          "column": 16
        },
        "end": {
          "line": 17,
          "column": 28
        }
      },
      "2": {
        "start": {
          "line": 18,
          "column": 32
        },
        "end": {
          "line": 18,
          "column": 56
        }
      },
      "3": {
        "start": {
          "line": 20,
          "column": 17
        },
        "end": {
          "line": 52,
          "column": 4
        }
      },
      "4": {
        "start": {
          "line": 26,
          "column": 6
        },
        "end": {
          "line": 26,
          "column": 33
        }
      },
      "5": {
        "start": {
          "line": 28,
          "column": 6
        },
        "end": {
          "line": 46,
          "column": 11
        }
      },
      "6": {
        "start": {
          "line": 33,
          "column": 14
        },
        "end": {
          "line": 33,
          "column": 19
        }
      },
      "7": {
        "start": {
          "line": 34,
          "column": 10
        },
        "end": {
          "line": 34,
          "column": 45
        }
      },
      "8": {
        "start": {
          "line": 35,
          "column": 10
        },
        "end": {
          "line": 35,
          "column": 71
        }
      },
      "9": {
        "start": {
          "line": 36,
          "column": 10
        },
        "end": {
          "line": 36,
          "column": 52
        }
      },
      "10": {
        "start": {
          "line": 39,
          "column": 10
        },
        "end": {
          "line": 39,
          "column": 32
        }
      },
      "11": {
        "start": {
          "line": 40,
          "column": 10
        },
        "end": {
          "line": 45,
          "column": 14
        }
      },
      "12": {
        "start": {
          "line": 41,
          "column": 12
        },
        "end": {
          "line": 41,
          "column": 85
        }
      },
      "13": {
        "start": {
          "line": 43,
          "column": 12
        },
        "end": {
          "line": 45,
          "column": 14
        }
      },
      "14": {
        "start": {
          "line": 47,
          "column": 9
        },
        "end": {
          "line": 50,
          "column": 25
        }
      },
      "15": {
        "start": {
          "line": 48,
          "column": 10
        },
        "end": {
          "line": 48,
          "column": 36
        }
      },
      "16": {
        "start": {
          "line": 54,
          "column": 2
        },
        "end": {
          "line": 82,
          "column": 4
        }
      },
      "17": {
        "start": {
          "line": 67,
          "column": 22
        },
        "end": {
          "line": 67,
          "column": 73
        }
      },
      "18": {
        "start": {
          "line": 68,
          "column": 22
        },
        "end": {
          "line": 68,
          "column": 81
        }
      },
      "19": {
        "start": {
          "line": 85,
          "column": 24
        },
        "end": {
          "line": 88,
          "column": 2
        }
      },
      "20": {
        "start": {
          "line": 85,
          "column": 36
        },
        "end": {
          "line": 88,
          "column": 1
        }
      },
      "21": {
        "start": {
          "line": 90,
          "column": 27
        },
        "end": {
          "line": 97,
          "column": 2
        }
      },
      "22": {
        "start": {
          "line": 90,
          "column": 42
        },
        "end": {
          "line": 97,
          "column": 1
        }
      },
      "23": {
        "start": {
          "line": 93,
          "column": 6
        },
        "end": {
          "line": 93,
          "column": 38
        }
      },
      "24": {
        "start": {
          "line": 94,
          "column": 6
        },
        "end": {
          "line": 94,
          "column": 71
        }
      }
    },
    "fnMap": {
      "0": {
        "name": "(anonymous_0)",
        "decl": {
          "start": {
            "line": 16,
            "column": 21
          },
          "end": {
            "line": 16,
            "column": 22
          }
        },
        "loc": {
          "start": {
            "line": 16,
            "column": 73
          },
          "end": {
            "line": 83,
            "column": 1
          }
        },
        "line": 16
      },
      "1": {
        "name": "(anonymous_1)",
        "decl": {
          "start": {
            "line": 25,
            "column": 14
          },
          "end": {
            "line": 25,
            "column": 15
          }
        },
        "loc": {
          "start": {
            "line": 25,
            "column": 26
          },
          "end": {
            "line": 51,
            "column": 5
          }
        },
        "line": 25
      },
      "2": {
        "name": "(anonymous_2)",
        "decl": {
          "start": {
            "line": 29,
            "column": 14
          },
          "end": {
            "line": 29,
            "column": 15
          }
        },
        "loc": {
          "start": {
            "line": 29,
            "column": 25
          },
          "end": {
            "line": 37,
            "column": 9
          }
        },
        "line": 29
      },
      "3": {
        "name": "(anonymous_3)",
        "decl": {
          "start": {
            "line": 38,
            "column": 15
          },
          "end": {
            "line": 38,
            "column": 16
          }
        },
        "loc": {
          "start": {
            "line": 38,
            "column": 26
          },
          "end": {
            "line": 46,
            "column": 9
          }
        },
        "line": 38
      },
      "4": {
        "name": "(anonymous_4)",
        "decl": {
          "start": {
            "line": 47,
            "column": 20
          },
          "end": {
            "line": 47,
            "column": 21
          }
        },
        "loc": {
          "start": {
            "line": 47,
            "column": 26
          },
          "end": {
            "line": 50,
            "column": 17
          }
        },
        "line": 47
      },
      "5": {
        "name": "(anonymous_5)",
        "decl": {
          "start": {
            "line": 66,
            "column": 30
          },
          "end": {
            "line": 66,
            "column": 31
          }
        },
        "loc": {
          "start": {
            "line": 66,
            "column": 41
          },
          "end": {
            "line": 69,
            "column": 21
          }
        },
        "line": 66
      },
      "6": {
        "name": "(anonymous_6)",
        "decl": {
          "start": {
            "line": 85,
            "column": 24
          },
          "end": {
            "line": 85,
            "column": 25
          }
        },
        "loc": {
          "start": {
            "line": 85,
            "column": 36
          },
          "end": {
            "line": 88,
            "column": 1
          }
        },
        "line": 85
      },
      "7": {
        "name": "(anonymous_7)",
        "decl": {
          "start": {
            "line": 90,
            "column": 27
          },
          "end": {
            "line": 90,
            "column": 28
          }
        },
        "loc": {
          "start": {
            "line": 90,
            "column": 42
          },
          "end": {
            "line": 97,
            "column": 1
          }
        },
        "line": 90
      },
      "8": {
        "name": "(anonymous_8)",
        "decl": {
          "start": {
            "line": 92,
            "column": 19
          },
          "end": {
            "line": 92,
            "column": 20
          }
        },
        "loc": {
          "start": {
            "line": 92,
            "column": 36
          },
          "end": {
            "line": 95,
            "column": 5
          }
        },
        "line": 92
      }
    },
    "branchMap": {
      "0": {
        "loc": {
          "start": {
            "line": 40,
            "column": 10
          },
          "end": {
            "line": 45,
            "column": 14
          }
        },
        "type": "if",
        "locations": [
          {
            "start": {
              "line": 40,
              "column": 10
            },
            "end": {
              "line": 45,
              "column": 14
            }
          },
          {
            "start": {
              "line": 40,
              "column": 10
            },
            "end": {
              "line": 45,
              "column": 14
            }
          }
        ],
        "line": 40
      },
      "1": {
        "loc": {
          "start": {
            "line": 40,
            "column": 14
          },
          "end": {
            "line": 40,
            "column": 61
          }
        },
        "type": "binary-expr",
        "locations": [
          {
            "start": {
              "line": 40,
              "column": 14
            },
            "end": {
              "line": 40,
              "column": 28
            }
          },
          {
            "start": {
              "line": 40,
              "column": 32
            },
            "end": {
              "line": 40,
              "column": 61
            }
          }
        ],
        "line": 40
      },
      "2": {
        "loc": {
          "start": {
            "line": 57,
            "column": 7
          },
          "end": {
            "line": 79,
            "column": 21
          }
        },
        "type": "cond-expr",
        "locations": [
          {
            "start": {
              "line": 58,
              "column": 8
            },
            "end": {
              "line": 58,
              "column": 30
            }
          },
          {
            "start": {
              "line": 60,
              "column": 16
            },
            "end": {
              "line": 79,
              "column": 19
            }
          }
        ],
        "line": 57
      }
    },
    "s": {
      "0": 61,
      "1": 0,
      "2": 0,
      "3": 0,
      "4": 0,
      "5": 0,
      "6": 0,
      "7": 0,
      "8": 0,
      "9": 0,
      "10": 0,
      "11": 0,
      "12": 0,
      "13": 0,
      "14": 0,
      "15": 0,
      "16": 0,
      "17": 0,
      "18": 0,
      "19": 61,
      "20": 0,
      "21": 61,
      "22": 0,
      "23": 0,
      "24": 0
    },
    "f": {
      "0": 0,
      "1": 0,
      "2": 0,
      "3": 0,
      "4": 0,
      "5": 0,
      "6": 0,
      "7": 0,
      "8": 0
    },
    "b": {
      "0": [
        0,
        0
      ],
      "1": [
        0,
        0
      ],
      "2": [
        0,
        0
      ]
    },
    "_coverageSchema": "1a1c01bbd47fc00a2c39e90264f33305004495a9",
    "hash": "165e8e2ebe8e9c3adc136a6d698ca6c17db8bed0"
  },
  "/Users/Adrienne/Desktop/MERN/mern-client/src/components/logo/index.js": {
    "path": "/Users/Adrienne/Desktop/MERN/mern-client/src/components/logo/index.js",
    "statementMap": {
      "0": {
        "start": {
          "line": 6,
          "column": 13
        },
        "end": {
          "line": 20,
          "column": 1
        }
      },
      "1": {
        "start": {
          "line": 7,
          "column": 2
        },
        "end": {
          "line": 19,
          "column": 4
        }
      }
    },
    "fnMap": {
      "0": {
        "name": "(anonymous_0)",
        "decl": {
          "start": {
            "line": 6,
            "column": 13
          },
          "end": {
            "line": 6,
            "column": 14
          }
        },
        "loc": {
          "start": {
            "line": 6,
            "column": 19
          },
          "end": {
            "line": 20,
            "column": 1
          }
        },
        "line": 6
      }
    },
    "branchMap": {},
    "s": {
      "0": 61,
      "1": 442
    },
    "f": {
      "0": 442
    },
    "b": {},
    "_coverageSchema": "1a1c01bbd47fc00a2c39e90264f33305004495a9",
    "hash": "d863f225e70cec6d7b205a78a3d00dd8531e55b9"
  },
  "/Users/Adrienne/Desktop/MERN/mern-client/src/components/userSettings/index.js": {
    "path": "/Users/Adrienne/Desktop/MERN/mern-client/src/components/userSettings/index.js",
    "statementMap": {
      "0": {
        "start": {
          "line": 35,
          "column": 17
        },
        "end": {
          "line": 75,
          "column": 1
        }
      },
      "1": {
        "start": {
          "line": 36,
          "column": 17
        },
        "end": {
          "line": 36,
          "column": 19
        }
      },
      "2": {
        "start": {
          "line": 38,
          "column": 2
        },
        "end": {
          "line": 42,
          "column": 3
        }
      },
      "3": {
        "start": {
          "line": 39,
          "column": 4
        },
        "end": {
          "line": 39,
          "column": 33
        }
      },
      "4": {
        "start": {
          "line": 40,
          "column": 9
        },
        "end": {
          "line": 42,
          "column": 3
        }
      },
      "5": {
        "start": {
          "line": 41,
          "column": 4
        },
        "end": {
          "line": 41,
          "column": 54
        }
      },
      "6": {
        "start": {
          "line": 44,
          "column": 2
        },
        "end": {
          "line": 48,
          "column": 3
        }
      },
      "7": {
        "start": {
          "line": 45,
          "column": 4
        },
        "end": {
          "line": 45,
          "column": 30
        }
      },
      "8": {
        "start": {
          "line": 46,
          "column": 9
        },
        "end": {
          "line": 48,
          "column": 3
        }
      },
      "9": {
        "start": {
          "line": 47,
          "column": 4
        },
        "end": {
          "line": 47,
          "column": 43
        }
      },
      "10": {
        "start": {
          "line": 50,
          "column": 2
        },
        "end": {
          "line": 59,
          "column": 3
        }
      },
      "11": {
        "start": {
          "line": 51,
          "column": 4
        },
        "end": {
          "line": 51,
          "column": 33
        }
      },
      "12": {
        "start": {
          "line": 52,
          "column": 9
        },
        "end": {
          "line": 59,
          "column": 3
        }
      },
      "13": {
        "start": {
          "line": 57,
          "column": 4
        },
        "end": {
          "line": 58,
          "column": 117
        }
      },
      "14": {
        "start": {
          "line": 61,
          "column": 2
        },
        "end": {
          "line": 72,
          "column": 3
        }
      },
      "15": {
        "start": {
          "line": 62,
          "column": 4
        },
        "end": {
          "line": 62,
          "column": 40
        }
      },
      "16": {
        "start": {
          "line": 63,
          "column": 9
        },
        "end": {
          "line": 72,
          "column": 3
        }
      },
      "17": {
        "start": {
          "line": 68,
          "column": 4
        },
        "end": {
          "line": 69,
          "column": 117
        }
      },
      "18": {
        "start": {
          "line": 70,
          "column": 9
        },
        "end": {
          "line": 72,
          "column": 3
        }
      },
      "19": {
        "start": {
          "line": 71,
          "column": 4
        },
        "end": {
          "line": 71,
          "column": 55
        }
      },
      "20": {
        "start": {
          "line": 74,
          "column": 2
        },
        "end": {
          "line": 74,
          "column": 16
        }
      },
      "21": {
        "start": {
          "line": 77,
          "column": 21
        },
        "end": {
          "line": 283,
          "column": 1
        }
      },
      "22": {
        "start": {
          "line": 78,
          "column": 18
        },
        "end": {
          "line": 78,
          "column": 29
        }
      },
      "23": {
        "start": {
          "line": 79,
          "column": 32
        },
        "end": {
          "line": 79,
          "column": 57
        }
      },
      "24": {
        "start": {
          "line": 80,
          "column": 15
        },
        "end": {
          "line": 83,
          "column": 5
        }
      },
      "25": {
        "start": {
          "line": 86,
          "column": 15
        },
        "end": {
          "line": 86,
          "column": 27
        }
      },
      "26": {
        "start": {
          "line": 87,
          "column": 2
        },
        "end": {
          "line": 113,
          "column": 9
        }
      },
      "27": {
        "start": {
          "line": 88,
          "column": 4
        },
        "end": {
          "line": 108,
          "column": 9
        }
      },
      "28": {
        "start": {
          "line": 91,
          "column": 8
        },
        "end": {
          "line": 91,
          "column": 31
        }
      },
      "29": {
        "start": {
          "line": 92,
          "column": 8
        },
        "end": {
          "line": 92,
          "column": 46
        }
      },
      "30": {
        "start": {
          "line": 93,
          "column": 8
        },
        "end": {
          "line": 93,
          "column": 32
        }
      },
      "31": {
        "start": {
          "line": 94,
          "column": 8
        },
        "end": {
          "line": 94,
          "column": 35
        }
      },
      "32": {
        "start": {
          "line": 100,
          "column": 8
        },
        "end": {
          "line": 100,
          "column": 30
        }
      },
      "33": {
        "start": {
          "line": 102,
          "column": 8
        },
        "end": {
          "line": 107,
          "column": 12
        }
      },
      "34": {
        "start": {
          "line": 103,
          "column": 10
        },
        "end": {
          "line": 103,
          "column": 84
        }
      },
      "35": {
        "start": {
          "line": 105,
          "column": 10
        },
        "end": {
          "line": 107,
          "column": 12
        }
      },
      "36": {
        "start": {
          "line": 109,
          "column": 8
        },
        "end": {
          "line": 112,
          "column": 25
        }
      },
      "37": {
        "start": {
          "line": 110,
          "column": 10
        },
        "end": {
          "line": 110,
          "column": 36
        }
      },
      "38": {
        "start": {
          "line": 111,
          "column": 10
        },
        "end": {
          "line": 111,
          "column": 43
        }
      },
      "39": {
        "start": {
          "line": 115,
          "column": 17
        },
        "end": {
          "line": 155,
          "column": 4
        }
      },
      "40": {
        "start": {
          "line": 129,
          "column": 6
        },
        "end": {
          "line": 129,
          "column": 33
        }
      },
      "41": {
        "start": {
          "line": 130,
          "column": 6
        },
        "end": {
          "line": 150,
          "column": 11
        }
      },
      "42": {
        "start": {
          "line": 133,
          "column": 10
        },
        "end": {
          "line": 133,
          "column": 40
        }
      },
      "43": {
        "start": {
          "line": 134,
          "column": 10
        },
        "end": {
          "line": 134,
          "column": 48
        }
      },
      "44": {
        "start": {
          "line": 135,
          "column": 10
        },
        "end": {
          "line": 135,
          "column": 37
        }
      },
      "45": {
        "start": {
          "line": 136,
          "column": 10
        },
        "end": {
          "line": 136,
          "column": 35
        }
      },
      "46": {
        "start": {
          "line": 137,
          "column": 10
        },
        "end": {
          "line": 137,
          "column": 66
        }
      },
      "47": {
        "start": {
          "line": 138,
          "column": 10
        },
        "end": {
          "line": 138,
          "column": 52
        }
      },
      "48": {
        "start": {
          "line": 143,
          "column": 11
        },
        "end": {
          "line": 143,
          "column": 39
        }
      },
      "49": {
        "start": {
          "line": 144,
          "column": 10
        },
        "end": {
          "line": 149,
          "column": 14
        }
      },
      "50": {
        "start": {
          "line": 145,
          "column": 12
        },
        "end": {
          "line": 145,
          "column": 85
        }
      },
      "51": {
        "start": {
          "line": 147,
          "column": 12
        },
        "end": {
          "line": 149,
          "column": 14
        }
      },
      "52": {
        "start": {
          "line": 151,
          "column": 8
        },
        "end": {
          "line": 153,
          "column": 24
        }
      },
      "53": {
        "start": {
          "line": 152,
          "column": 16
        },
        "end": {
          "line": 152,
          "column": 43
        }
      },
      "54": {
        "start": {
          "line": 157,
          "column": 2
        },
        "end": {
          "line": 282,
          "column": 4
        }
      },
      "55": {
        "start": {
          "line": 285,
          "column": 24
        },
        "end": {
          "line": 288,
          "column": 2
        }
      },
      "56": {
        "start": {
          "line": 285,
          "column": 36
        },
        "end": {
          "line": 288,
          "column": 1
        }
      },
      "57": {
        "start": {
          "line": 290,
          "column": 27
        },
        "end": {
          "line": 297,
          "column": 2
        }
      },
      "58": {
        "start": {
          "line": 290,
          "column": 42
        },
        "end": {
          "line": 297,
          "column": 1
        }
      },
      "59": {
        "start": {
          "line": 293,
          "column": 6
        },
        "end": {
          "line": 293,
          "column": 75
        }
      },
      "60": {
        "start": {
          "line": 295,
          "column": 6
        },
        "end": {
          "line": 295,
          "column": 61
        }
      }
    },
    "fnMap": {
      "0": {
        "name": "(anonymous_0)",
        "decl": {
          "start": {
            "line": 35,
            "column": 17
          },
          "end": {
            "line": 35,
            "column": 18
          }
        },
        "loc": {
          "start": {
            "line": 35,
            "column": 29
          },
          "end": {
            "line": 75,
            "column": 1
          }
        },
        "line": 35
      },
      "1": {
        "name": "(anonymous_1)",
        "decl": {
          "start": {
            "line": 77,
            "column": 21
          },
          "end": {
            "line": 77,
            "column": 22
          }
        },
        "loc": {
          "start": {
            "line": 77,
            "column": 73
          },
          "end": {
            "line": 283,
            "column": 1
          }
        },
        "line": 77
      },
      "2": {
        "name": "(anonymous_2)",
        "decl": {
          "start": {
            "line": 87,
            "column": 12
          },
          "end": {
            "line": 87,
            "column": 13
          }
        },
        "loc": {
          "start": {
            "line": 87,
            "column": 18
          },
          "end": {
            "line": 113,
            "column": 3
          }
        },
        "line": 87
      },
      "3": {
        "name": "(anonymous_3)",
        "decl": {
          "start": {
            "line": 89,
            "column": 12
          },
          "end": {
            "line": 89,
            "column": 13
          }
        },
        "loc": {
          "start": {
            "line": 89,
            "column": 22
          },
          "end": {
            "line": 95,
            "column": 7
          }
        },
        "line": 89
      },
      "4": {
        "name": "(anonymous_4)",
        "decl": {
          "start": {
            "line": 96,
            "column": 12
          },
          "end": {
            "line": 96,
            "column": 13
          }
        },
        "loc": {
          "start": {
            "line": 96,
            "column": 18
          },
          "end": {
            "line": 98,
            "column": 7
          }
        },
        "line": 96
      },
      "5": {
        "name": "(anonymous_5)",
        "decl": {
          "start": {
            "line": 99,
            "column": 13
          },
          "end": {
            "line": 99,
            "column": 14
          }
        },
        "loc": {
          "start": {
            "line": 99,
            "column": 24
          },
          "end": {
            "line": 108,
            "column": 7
          }
        },
        "line": 99
      },
      "6": {
        "name": "(anonymous_6)",
        "decl": {
          "start": {
            "line": 109,
            "column": 19
          },
          "end": {
            "line": 109,
            "column": 20
          }
        },
        "loc": {
          "start": {
            "line": 109,
            "column": 25
          },
          "end": {
            "line": 112,
            "column": 17
          }
        },
        "line": 109
      },
      "7": {
        "name": "(anonymous_7)",
        "decl": {
          "start": {
            "line": 128,
            "column": 14
          },
          "end": {
            "line": 128,
            "column": 15
          }
        },
        "loc": {
          "start": {
            "line": 128,
            "column": 26
          },
          "end": {
            "line": 154,
            "column": 5
          }
        },
        "line": 128
      },
      "8": {
        "name": "(anonymous_8)",
        "decl": {
          "start": {
            "line": 131,
            "column": 14
          },
          "end": {
            "line": 131,
            "column": 15
          }
        },
        "loc": {
          "start": {
            "line": 131,
            "column": 24
          },
          "end": {
            "line": 139,
            "column": 9
          }
        },
        "line": 131
      },
      "9": {
        "name": "(anonymous_9)",
        "decl": {
          "start": {
            "line": 140,
            "column": 15
          },
          "end": {
            "line": 140,
            "column": 16
          }
        },
        "loc": {
          "start": {
            "line": 140,
            "column": 26
          },
          "end": {
            "line": 150,
            "column": 9
          }
        },
        "line": 140
      },
      "10": {
        "name": "(anonymous_10)",
        "decl": {
          "start": {
            "line": 151,
            "column": 19
          },
          "end": {
            "line": 151,
            "column": 20
          }
        },
        "loc": {
          "start": {
            "line": 151,
            "column": 25
          },
          "end": {
            "line": 153,
            "column": 17
          }
        },
        "line": 151
      },
      "11": {
        "name": "(anonymous_11)",
        "decl": {
          "start": {
            "line": 285,
            "column": 24
          },
          "end": {
            "line": 285,
            "column": 25
          }
        },
        "loc": {
          "start": {
            "line": 285,
            "column": 36
          },
          "end": {
            "line": 288,
            "column": 1
          }
        },
        "line": 285
      },
      "12": {
        "name": "(anonymous_12)",
        "decl": {
          "start": {
            "line": 290,
            "column": 27
          },
          "end": {
            "line": 290,
            "column": 28
          }
        },
        "loc": {
          "start": {
            "line": 290,
            "column": 42
          },
          "end": {
            "line": 297,
            "column": 1
          }
        },
        "line": 290
      },
      "13": {
        "name": "(anonymous_13)",
        "decl": {
          "start": {
            "line": 292,
            "column": 14
          },
          "end": {
            "line": 292,
            "column": 15
          }
        },
        "loc": {
          "start": {
            "line": 293,
            "column": 6
          },
          "end": {
            "line": 293,
            "column": 75
          }
        },
        "line": 293
      },
      "14": {
        "name": "(anonymous_14)",
        "decl": {
          "start": {
            "line": 294,
            "column": 20
          },
          "end": {
            "line": 294,
            "column": 21
          }
        },
        "loc": {
          "start": {
            "line": 295,
            "column": 6
          },
          "end": {
            "line": 295,
            "column": 61
          }
        },
        "line": 295
      }
    },
    "branchMap": {
      "0": {
        "loc": {
          "start": {
            "line": 38,
            "column": 2
          },
          "end": {
            "line": 42,
            "column": 3
          }
        },
        "type": "if",
        "locations": [
          {
            "start": {
              "line": 38,
              "column": 2
            },
            "end": {
              "line": 42,
              "column": 3
            }
          },
          {
            "start": {
              "line": 38,
              "column": 2
            },
            "end": {
              "line": 42,
              "column": 3
            }
          }
        ],
        "line": 38
      },
      "1": {
        "loc": {
          "start": {
            "line": 40,
            "column": 9
          },
          "end": {
            "line": 42,
            "column": 3
          }
        },
        "type": "if",
        "locations": [
          {
            "start": {
              "line": 40,
              "column": 9
            },
            "end": {
              "line": 42,
              "column": 3
            }
          },
          {
            "start": {
              "line": 40,
              "column": 9
            },
            "end": {
              "line": 42,
              "column": 3
            }
          }
        ],
        "line": 40
      },
      "2": {
        "loc": {
          "start": {
            "line": 44,
            "column": 2
          },
          "end": {
            "line": 48,
            "column": 3
          }
        },
        "type": "if",
        "locations": [
          {
            "start": {
              "line": 44,
              "column": 2
            },
            "end": {
              "line": 48,
              "column": 3
            }
          },
          {
            "start": {
              "line": 44,
              "column": 2
            },
            "end": {
              "line": 48,
              "column": 3
            }
          }
        ],
        "line": 44
      },
      "3": {
        "loc": {
          "start": {
            "line": 46,
            "column": 9
          },
          "end": {
            "line": 48,
            "column": 3
          }
        },
        "type": "if",
        "locations": [
          {
            "start": {
              "line": 46,
              "column": 9
            },
            "end": {
              "line": 48,
              "column": 3
            }
          },
          {
            "start": {
              "line": 46,
              "column": 9
            },
            "end": {
              "line": 48,
              "column": 3
            }
          }
        ],
        "line": 46
      },
      "4": {
        "loc": {
          "start": {
            "line": 50,
            "column": 2
          },
          "end": {
            "line": 59,
            "column": 3
          }
        },
        "type": "if",
        "locations": [
          {
            "start": {
              "line": 50,
              "column": 2
            },
            "end": {
              "line": 59,
              "column": 3
            }
          },
          {
            "start": {
              "line": 50,
              "column": 2
            },
            "end": {
              "line": 59,
              "column": 3
            }
          }
        ],
        "line": 50
      },
      "5": {
        "loc": {
          "start": {
            "line": 52,
            "column": 9
          },
          "end": {
            "line": 59,
            "column": 3
          }
        },
        "type": "if",
        "locations": [
          {
            "start": {
              "line": 52,
              "column": 9
            },
            "end": {
              "line": 59,
              "column": 3
            }
          },
          {
            "start": {
              "line": 52,
              "column": 9
            },
            "end": {
              "line": 59,
              "column": 3
            }
          }
        ],
        "line": 52
      },
      "6": {
        "loc": {
          "start": {
            "line": 61,
            "column": 2
          },
          "end": {
            "line": 72,
            "column": 3
          }
        },
        "type": "if",
        "locations": [
          {
            "start": {
              "line": 61,
              "column": 2
            },
            "end": {
              "line": 72,
              "column": 3
            }
          },
          {
            "start": {
              "line": 61,
              "column": 2
            },
            "end": {
              "line": 72,
              "column": 3
            }
          }
        ],
        "line": 61
      },
      "7": {
        "loc": {
          "start": {
            "line": 63,
            "column": 9
          },
          "end": {
            "line": 72,
            "column": 3
          }
        },
        "type": "if",
        "locations": [
          {
            "start": {
              "line": 63,
              "column": 9
            },
            "end": {
              "line": 72,
              "column": 3
            }
          },
          {
            "start": {
              "line": 63,
              "column": 9
            },
            "end": {
              "line": 72,
              "column": 3
            }
          }
        ],
        "line": 63
      },
      "8": {
        "loc": {
          "start": {
            "line": 70,
            "column": 9
          },
          "end": {
            "line": 72,
            "column": 3
          }
        },
        "type": "if",
        "locations": [
          {
            "start": {
              "line": 70,
              "column": 9
            },
            "end": {
              "line": 72,
              "column": 3
            }
          },
          {
            "start": {
              "line": 70,
              "column": 9
            },
            "end": {
              "line": 72,
              "column": 3
            }
          }
        ],
        "line": 70
      },
      "9": {
        "loc": {
          "start": {
            "line": 102,
            "column": 8
          },
          "end": {
            "line": 107,
            "column": 12
          }
        },
        "type": "if",
        "locations": [
          {
            "start": {
              "line": 102,
              "column": 8
            },
            "end": {
              "line": 107,
              "column": 12
            }
          },
          {
            "start": {
              "line": 102,
              "column": 8
            },
            "end": {
              "line": 107,
              "column": 12
            }
          }
        ],
        "line": 102
      },
      "10": {
        "loc": {
          "start": {
            "line": 102,
            "column": 12
          },
          "end": {
            "line": 102,
            "column": 59
          }
        },
        "type": "binary-expr",
        "locations": [
          {
            "start": {
              "line": 102,
              "column": 12
            },
            "end": {
              "line": 102,
              "column": 26
            }
          },
          {
            "start": {
              "line": 102,
              "column": 30
            },
            "end": {
              "line": 102,
              "column": 59
            }
          }
        ],
        "line": 102
      },
      "11": {
        "loc": {
          "start": {
            "line": 144,
            "column": 10
          },
          "end": {
            "line": 149,
            "column": 14
          }
        },
        "type": "if",
        "locations": [
          {
            "start": {
              "line": 144,
              "column": 10
            },
            "end": {
              "line": 149,
              "column": 14
            }
          },
          {
            "start": {
              "line": 144,
              "column": 10
            },
            "end": {
              "line": 149,
              "column": 14
            }
          }
        ],
        "line": 144
      },
      "12": {
        "loc": {
          "start": {
            "line": 144,
            "column": 14
          },
          "end": {
            "line": 144,
            "column": 61
          }
        },
        "type": "binary-expr",
        "locations": [
          {
            "start": {
              "line": 144,
              "column": 14
            },
            "end": {
              "line": 144,
              "column": 28
            }
          },
          {
            "start": {
              "line": 144,
              "column": 32
            },
            "end": {
              "line": 144,
              "column": 61
            }
          }
        ],
        "line": 144
      },
      "13": {
        "loc": {
          "start": {
            "line": 168,
            "column": 15
          },
          "end": {
            "line": 275,
            "column": 17
          }
        },
        "type": "cond-expr",
        "locations": [
          {
            "start": {
              "line": 169,
              "column": 11
            },
            "end": {
              "line": 169,
              "column": 21
            }
          },
          {
            "start": {
              "line": 171,
              "column": 12
            },
            "end": {
              "line": 274,
              "column": 21
            }
          }
        ],
        "line": 168
      },
      "14": {
        "loc": {
          "start": {
            "line": 177,
            "column": 25
          },
          "end": {
            "line": 177,
            "column": 90
          }
        },
        "type": "binary-expr",
        "locations": [
          {
            "start": {
              "line": 177,
              "column": 25
            },
            "end": {
              "line": 177,
              "column": 38
            }
          },
          {
            "start": {
              "line": 177,
              "column": 42
            },
            "end": {
              "line": 177,
              "column": 90
            }
          }
        ],
        "line": 177
      },
      "15": {
        "loc": {
          "start": {
            "line": 181,
            "column": 29
          },
          "end": {
            "line": 185,
            "column": 29
          }
        },
        "type": "cond-expr",
        "locations": [
          {
            "start": {
              "line": 182,
              "column": 30
            },
            "end": {
              "line": 182,
              "column": 92
            }
          },
          {
            "start": {
              "line": 184,
              "column": 30
            },
            "end": {
              "line": 184,
              "column": 81
            }
          }
        ],
        "line": 181
      },
      "16": {
        "loc": {
          "start": {
            "line": 206,
            "column": 27
          },
          "end": {
            "line": 210,
            "column": 34
          }
        },
        "type": "cond-expr",
        "locations": [
          {
            "start": {
              "line": 207,
              "column": 28
            },
            "end": {
              "line": 209,
              "column": 35
            }
          },
          {
            "start": {
              "line": 210,
              "column": 30
            },
            "end": {
              "line": 210,
              "column": 34
            }
          }
        ],
        "line": 206
      },
      "17": {
        "loc": {
          "start": {
            "line": 206,
            "column": 27
          },
          "end": {
            "line": 206,
            "column": 76
          }
        },
        "type": "binary-expr",
        "locations": [
          {
            "start": {
              "line": 206,
              "column": 27
            },
            "end": {
              "line": 206,
              "column": 50
            }
          },
          {
            "start": {
              "line": 206,
              "column": 54
            },
            "end": {
              "line": 206,
              "column": 76
            }
          }
        ],
        "line": 206
      },
      "18": {
        "loc": {
          "start": {
            "line": 225,
            "column": 27
          },
          "end": {
            "line": 229,
            "column": 34
          }
        },
        "type": "cond-expr",
        "locations": [
          {
            "start": {
              "line": 226,
              "column": 28
            },
            "end": {
              "line": 228,
              "column": 35
            }
          },
          {
            "start": {
              "line": 229,
              "column": 30
            },
            "end": {
              "line": 229,
              "column": 34
            }
          }
        ],
        "line": 225
      },
      "19": {
        "loc": {
          "start": {
            "line": 225,
            "column": 27
          },
          "end": {
            "line": 225,
            "column": 70
          }
        },
        "type": "binary-expr",
        "locations": [
          {
            "start": {
              "line": 225,
              "column": 27
            },
            "end": {
              "line": 225,
              "column": 47
            }
          },
          {
            "start": {
              "line": 225,
              "column": 51
            },
            "end": {
              "line": 225,
              "column": 70
            }
          }
        ],
        "line": 225
      },
      "20": {
        "loc": {
          "start": {
            "line": 243,
            "column": 27
          },
          "end": {
            "line": 247,
            "column": 34
          }
        },
        "type": "cond-expr",
        "locations": [
          {
            "start": {
              "line": 244,
              "column": 28
            },
            "end": {
              "line": 246,
              "column": 35
            }
          },
          {
            "start": {
              "line": 247,
              "column": 30
            },
            "end": {
              "line": 247,
              "column": 34
            }
          }
        ],
        "line": 243
      },
      "21": {
        "loc": {
          "start": {
            "line": 243,
            "column": 27
          },
          "end": {
            "line": 243,
            "column": 76
          }
        },
        "type": "binary-expr",
        "locations": [
          {
            "start": {
              "line": 243,
              "column": 27
            },
            "end": {
              "line": 243,
              "column": 50
            }
          },
          {
            "start": {
              "line": 243,
              "column": 54
            },
            "end": {
              "line": 243,
              "column": 76
            }
          }
        ],
        "line": 243
      },
      "22": {
        "loc": {
          "start": {
            "line": 261,
            "column": 27
          },
          "end": {
            "line": 266,
            "column": 34
          }
        },
        "type": "cond-expr",
        "locations": [
          {
            "start": {
              "line": 263,
              "column": 28
            },
            "end": {
              "line": 265,
              "column": 35
            }
          },
          {
            "start": {
              "line": 266,
              "column": 30
            },
            "end": {
              "line": 266,
              "column": 34
            }
          }
        ],
        "line": 261
      },
      "23": {
        "loc": {
          "start": {
            "line": 261,
            "column": 27
          },
          "end": {
            "line": 262,
            "column": 55
          }
        },
        "type": "binary-expr",
        "locations": [
          {
            "start": {
              "line": 261,
              "column": 27
            },
            "end": {
              "line": 261,
              "column": 57
            }
          },
          {
            "start": {
              "line": 262,
              "column": 26
            },
            "end": {
              "line": 262,
              "column": 55
            }
          }
        ],
        "line": 261
      }
    },
    "s": {
      "0": 61,
      "1": 0,
      "2": 0,
      "3": 0,
      "4": 0,
      "5": 0,
      "6": 0,
      "7": 0,
      "8": 0,
      "9": 0,
      "10": 0,
      "11": 0,
      "12": 0,
      "13": 0,
      "14": 0,
      "15": 0,
      "16": 0,
      "17": 0,
      "18": 0,
      "19": 0,
      "20": 0,
      "21": 61,
      "22": 0,
      "23": 0,
      "24": 0,
      "25": 0,
      "26": 0,
      "27": 0,
      "28": 0,
      "29": 0,
      "30": 0,
      "31": 0,
      "32": 0,
      "33": 0,
      "34": 0,
      "35": 0,
      "36": 0,
      "37": 0,
      "38": 0,
      "39": 0,
      "40": 0,
      "41": 0,
      "42": 0,
      "43": 0,
      "44": 0,
      "45": 0,
      "46": 0,
      "47": 0,
      "48": 0,
      "49": 0,
      "50": 0,
      "51": 0,
      "52": 0,
      "53": 0,
      "54": 0,
      "55": 61,
      "56": 0,
      "57": 61,
      "58": 0,
      "59": 0,
      "60": 0
    },
    "f": {
      "0": 0,
      "1": 0,
      "2": 0,
      "3": 0,
      "4": 0,
      "5": 0,
      "6": 0,
      "7": 0,
      "8": 0,
      "9": 0,
      "10": 0,
      "11": 0,
      "12": 0,
      "13": 0,
      "14": 0
    },
    "b": {
      "0": [
        0,
        0
      ],
      "1": [
        0,
        0
      ],
      "2": [
        0,
        0
      ],
      "3": [
        0,
        0
      ],
      "4": [
        0,
        0
      ],
      "5": [
        0,
        0
      ],
      "6": [
        0,
        0
      ],
      "7": [
        0,
        0
      ],
      "8": [
        0,
        0
      ],
      "9": [
        0,
        0
      ],
      "10": [
        0,
        0
      ],
      "11": [
        0,
        0
      ],
      "12": [
        0,
        0
      ],
      "13": [
        0,
        0
      ],
      "14": [
        0,
        0
      ],
      "15": [
        0,
        0
      ],
      "16": [
        0,
        0
      ],
      "17": [
        0,
        0
      ],
      "18": [
        0,
        0
      ],
      "19": [
        0,
        0
      ],
      "20": [
        0,
        0
      ],
      "21": [
        0,
        0
      ],
      "22": [
        0,
        0
      ],
      "23": [
        0,
        0
      ]
    },
    "_coverageSchema": "1a1c01bbd47fc00a2c39e90264f33305004495a9",
    "hash": "d40b0d2fa47c0c94ac2e2184d82cbcea783eabb7"
  },
  "/Users/Adrienne/Desktop/MERN/mern-client/src/components/preferences/list.js": {
    "path": "/Users/Adrienne/Desktop/MERN/mern-client/src/components/preferences/list.js",
    "statementMap": {
      "0": {
        "start": {
          "line": 2,
          "column": 24
        },
        "end": {
          "line": 11,
          "column": 1
        }
      },
      "1": {
        "start": {
          "line": 13,
          "column": 25
        },
        "end": {
          "line": 22,
          "column": 1
        }
      }
    },
    "fnMap": {},
    "branchMap": {},
    "s": {
      "0": 61,
      "1": 61
    },
    "f": {},
    "b": {},
    "_coverageSchema": "1a1c01bbd47fc00a2c39e90264f33305004495a9",
    "hash": "a15cf7b5f290f3b3a10722e0874729b817648726"
  },
  "/Users/Adrienne/Desktop/MERN/mern-client/src/components/preferences/index.js": {
    "path": "/Users/Adrienne/Desktop/MERN/mern-client/src/components/preferences/index.js",
    "statementMap": {
      "0": {
        "start": {
          "line": 33,
          "column": 14
        },
        "end": {
          "line": 33,
          "column": 59
        }
      },
      "1": {
        "start": {
          "line": 33,
          "column": 22
        },
        "end": {
          "line": 33,
          "column": 59
        }
      },
      "2": {
        "start": {
          "line": 33,
          "column": 41
        },
        "end": {
          "line": 33,
          "column": 58
        }
      },
      "3": {
        "start": {
          "line": 36,
          "column": 17
        },
        "end": {
          "line": 39,
          "column": 1
        }
      },
      "4": {
        "start": {
          "line": 37,
          "column": 17
        },
        "end": {
          "line": 37,
          "column": 19
        }
      },
      "5": {
        "start": {
          "line": 38,
          "column": 2
        },
        "end": {
          "line": 38,
          "column": 16
        }
      },
      "6": {
        "start": {
          "line": 44,
          "column": 20
        },
        "end": {
          "line": 179,
          "column": 1
        }
      },
      "7": {
        "start": {
          "line": 45,
          "column": 18
        },
        "end": {
          "line": 45,
          "column": 29
        }
      },
      "8": {
        "start": {
          "line": 46,
          "column": 17
        },
        "end": {
          "line": 46,
          "column": 29
        }
      },
      "9": {
        "start": {
          "line": 47,
          "column": 33
        },
        "end": {
          "line": 47,
          "column": 47
        }
      },
      "10": {
        "start": {
          "line": 48,
          "column": 33
        },
        "end": {
          "line": 48,
          "column": 58
        }
      },
      "11": {
        "start": {
          "line": 52,
          "column": 2
        },
        "end": {
          "line": 76,
          "column": 9
        }
      },
      "12": {
        "start": {
          "line": 53,
          "column": 4
        },
        "end": {
          "line": 71,
          "column": 9
        }
      },
      "13": {
        "start": {
          "line": 55,
          "column": 8
        },
        "end": {
          "line": 55,
          "column": 29
        }
      },
      "14": {
        "start": {
          "line": 56,
          "column": 8
        },
        "end": {
          "line": 56,
          "column": 57
        }
      },
      "15": {
        "start": {
          "line": 57,
          "column": 8
        },
        "end": {
          "line": 57,
          "column": 41
        }
      },
      "16": {
        "start": {
          "line": 64,
          "column": 8
        },
        "end": {
          "line": 70,
          "column": 12
        }
      },
      "17": {
        "start": {
          "line": 66,
          "column": 10
        },
        "end": {
          "line": 66,
          "column": 78
        }
      },
      "18": {
        "start": {
          "line": 68,
          "column": 10
        },
        "end": {
          "line": 70,
          "column": 12
        }
      },
      "19": {
        "start": {
          "line": 72,
          "column": 8
        },
        "end": {
          "line": 75,
          "column": 17
        }
      },
      "20": {
        "start": {
          "line": 73,
          "column": 8
        },
        "end": {
          "line": 73,
          "column": 34
        }
      },
      "21": {
        "start": {
          "line": 78,
          "column": 17
        },
        "end": {
          "line": 81,
          "column": 4
        }
      },
      "22": {
        "start": {
          "line": 85,
          "column": 7
        },
        "end": {
          "line": 85,
          "column": 34
        }
      },
      "23": {
        "start": {
          "line": 86,
          "column": 10
        },
        "end": {
          "line": 108,
          "column": 15
        }
      },
      "24": {
        "start": {
          "line": 89,
          "column": 14
        },
        "end": {
          "line": 89,
          "column": 27
        }
      },
      "25": {
        "start": {
          "line": 90,
          "column": 14
        },
        "end": {
          "line": 90,
          "column": 46
        }
      },
      "26": {
        "start": {
          "line": 91,
          "column": 14
        },
        "end": {
          "line": 97,
          "column": 25
        }
      },
      "27": {
        "start": {
          "line": 92,
          "column": 16
        },
        "end": {
          "line": 92,
          "column": 42
        }
      },
      "28": {
        "start": {
          "line": 95,
          "column": 17
        },
        "end": {
          "line": 95,
          "column": 60
        }
      },
      "29": {
        "start": {
          "line": 96,
          "column": 17
        },
        "end": {
          "line": 96,
          "column": 54
        }
      },
      "30": {
        "start": {
          "line": 100,
          "column": 14
        },
        "end": {
          "line": 107,
          "column": 109
        }
      },
      "31": {
        "start": {
          "line": 102,
          "column": 16
        },
        "end": {
          "line": 102,
          "column": 83
        }
      },
      "32": {
        "start": {
[...]
        },
        "end": {
          "line": 7,
          "column": 76
        }
      },
      "4": {
        "start": {
          "line": 10,
          "column": 28
        },
        "end": {
          "line": 26,
          "column": 2
        }
      },
      "5": {
        "start": {
          "line": 11,
          "column": 2
        },
        "end": {
          "line": 17,
          "column": 5
        }
      },
      "6": {
        "start": {
          "line": 12,
          "column": 4
        },
        "end": {
          "line": 12,
          "column": 45
        }
      },
      "7": {
        "start": {
          "line": 13,
          "column": 4
        },
        "end": {
          "line": 13,
          "column": 39
        }
      },
      "8": {
        "start": {
          "line": 14,
          "column": 4
        },
        "end": {
          "line": 14,
          "column": 43
        }
      },
      "9": {
        "start": {
          "line": 15,
          "column": 4
        },
        "end": {
          "line": 15,
          "column": 41
        }
      },
      "10": {
        "start": {
          "line": 18,
          "column": 2
        },
        "end": {
          "line": 21,
          "column": 5
        }
      },
      "11": {
        "start": {
          "line": 20,
          "column": 4
        },
        "end": {
          "line": 20,
          "column": 44
        }
      },
      "12": {
        "start": {
          "line": 22,
          "column": 2
        },
        "end": {
          "line": 24,
          "column": 6
        }
      },
      "13": {
        "start": {
          "line": 23,
          "column": 6
        },
        "end": {
          "line": 23,
          "column": 27
        }
      }
    },
    "fnMap": {
      "0": {
        "name": "(anonymous_0)",
        "decl": {
          "start": {
            "line": 10,
            "column": 56
          },
          "end": {
            "line": 10,
            "column": 57
          }
        },
        "loc": {
          "start": {
            "line": 10,
            "column": 69
          },
          "end": {
            "line": 26,
            "column": 1
          }
        },
        "line": 10
      },
      "1": {
        "name": "(anonymous_1)",
        "decl": {
          "start": {
            "line": 11,
            "column": 28
          },
          "end": {
            "line": 11,
            "column": 29
          }
        },
        "loc": {
          "start": {
            "line": 11,
            "column": 47
          },
          "end": {
            "line": 17,
            "column": 3
          }
        },
        "line": 11
      },
      "2": {
        "name": "(anonymous_2)",
        "decl": {
          "start": {
            "line": 18,
            "column": 33
          },
          "end": {
            "line": 18,
            "column": 34
          }
        },
        "loc": {
          "start": {
            "line": 18,
            "column": 53
          },
          "end": {
            "line": 21,
            "column": 3
          }
        },
        "line": 18
      },
      "3": {
        "name": "(anonymous_3)",
        "decl": {
          "start": {
            "line": 22,
            "column": 33
          },
          "end": {
            "line": 22,
            "column": 34
          }
        },
        "loc": {
          "start": {
            "line": 22,
            "column": 44
          },
          "end": {
            "line": 24,
            "column": 5
          }
        },
        "line": 22
      }
    },
    "branchMap": {},
    "s": {
      "0": 61,
      "1": 61,
      "2": 61,
      "3": 61,
      "4": 61,
      "5": 61,
      "6": 0,
      "7": 0,
      "8": 0,
      "9": 0,
      "10": 61,
      "11": 114,
      "12": 61,
      "13": 1
    },
    "f": {
      "0": 61,
      "1": 0,
      "2": 114,
      "3": 1
    },
    "b": {},
    "_coverageSchema": "1a1c01bbd47fc00a2c39e90264f33305004495a9",
    "hash": "35bb31f03cd4d0646016c13fd66c309c5d6ec277"
  },
  "/Users/Adrienne/Desktop/MERN/mern-client/src/reducers/ingredients/index.js": {
    "path": "/Users/Adrienne/Desktop/MERN/mern-client/src/reducers/ingredients/index.js",
    "statementMap": {
      "0": {
        "start": {
          "line": 3,
          "column": 26
        },
        "end": {
          "line": 3,
          "column": 59
        }
      },
      "1": {
        "start": {
          "line": 4,
          "column": 26
        },
        "end": {
          "line": 4,
          "column": 59
        }
      },
      "2": {
        "start": {
          "line": 5,
          "column": 24
        },
        "end": {
          "line": 5,
          "column": 55
        }
      },
      "3": {
        "start": {
          "line": 6,
          "column": 24
        },
        "end": {
          "line": 6,
          "column": 55
        }
      },
      "4": {
        "start": {
          "line": 8,
          "column": 21
        },
        "end": {
          "line": 8,
          "column": 69
        }
      },
      "5": {
        "start": {
          "line": 11,
          "column": 24
        },
        "end": {
          "line": 31,
          "column": 2
        }
      },
      "6": {
        "start": {
          "line": 12,
          "column": 2
        },
        "end": {
          "line": 30,
          "column": 6
        }
      },
      "7": {
        "start": {
          "line": 14,
          "column": 6
        },
        "end": {
          "line": 14,
          "column": 47
        }
      },
      "8": {
        "start": {
          "line": 15,
          "column": 6
        },
        "end": {
          "line": 15,
          "column": 47
        }
      },
      "9": {
        "start": {
          "line": 19,
          "column": 6
        },
        "end": {
          "line": 19,
          "column": 47
        }
      },
      "10": {
        "start": {
          "line": 20,
          "column": 6
        },
        "end": {
          "line": 20,
          "column": 47
        }
      },
      "11": {
        "start": {
          "line": 24,
          "column": 6
        },
        "end": {
          "line": 24,
          "column": 35
        }
      },
      "12": {
        "start": {
          "line": 25,
          "column": 5
        },
        "end": {
          "line": 25,
          "column": 39
        }
      },
      "13": {
        "start": {
          "line": 28,
          "column": 6
        },
        "end": {
          "line": 28,
          "column": 35
        }
      },
      "14": {
        "start": {
          "line": 29,
          "column": 6
        },
        "end": {
          "line": 29,
          "column": 40
        }
      }
    },
    "fnMap": {
      "0": {
        "name": "(anonymous_0)",
        "decl": {
          "start": {
            "line": 11,
            "column": 52
          },
          "end": {
            "line": 11,
            "column": 53
          }
        },
        "loc": {
          "start": {
            "line": 11,
            "column": 65
          },
          "end": {
            "line": 31,
            "column": 1
          }
        },
        "line": 11
      },
      "1": {
        "name": "(anonymous_1)",
        "decl": {
          "start": {
            "line": 13,
            "column": 32
          },
          "end": {
            "line": 13,
            "column": 33
          }
        },
        "loc": {
          "start": {
            "line": 13,
            "column": 51
          },
          "end": {
            "line": 17,
            "column": 5
          }
        },
        "line": 13
      },
      "2": {
        "name": "(anonymous_2)",
        "decl": {
          "start": {
            "line": 18,
            "column": 32
          },
          "end": {
            "line": 18,
            "column": 33
          }
        },
        "loc": {
          "start": {
            "line": 18,
            "column": 51
          },
          "end": {
            "line": 22,
            "column": 5
          }
        },
        "line": 18
      },
      "3": {
        "name": "(anonymous_3)",
        "decl": {
          "start": {
            "line": 23,
            "column": 30
          },
          "end": {
            "line": 23,
            "column": 31
          }
        },
        "loc": {
          "start": {
            "line": 23,
            "column": 41
          },
          "end": {
            "line": 26,
            "column": 5
          }
        },
        "line": 23
      },
      "4": {
        "name": "(anonymous_4)",
        "decl": {
          "start": {
            "line": 27,
            "column": 30
          },
          "end": {
            "line": 27,
            "column": 31
          }
        },
        "loc": {
          "start": {
            "line": 27,
            "column": 41
          },
          "end": {
            "line": 30,
            "column": 5
          }
        },
        "line": 27
      }
    },
    "branchMap": {},
    "s": {
      "0": 61,
      "1": 61,
      "2": 61,
      "3": 61,
      "4": 61,
      "5": 61,
      "6": 61,
      "7": 0,
      "8": 0,
      "9": 0,
      "10": 0,
      "11": 0,
      "12": 0,
      "13": 0,
      "14": 0
    },
    "f": {
      "0": 61,
      "1": 0,
      "2": 0,
      "3": 0,
      "4": 0
    },
    "b": {},
    "_coverageSchema": "1a1c01bbd47fc00a2c39e90264f33305004495a9",
    "hash": "23738e73e82ea48e4c710b649e0dac8c14baead9"
  },
  "/Users/Adrienne/Desktop/MERN/mern-client/src/reducers/recipes/index.js": {
    "path": "/Users/Adrienne/Desktop/MERN/mern-client/src/reducers/recipes/index.js",
    "statementMap": {
      "0": {
        "start": {
          "line": 3,
          "column": 22
        },
        "end": {
          "line": 3,
          "column": 51
        }
      },
      "1": {
        "start": {
          "line": 4,
          "column": 21
        },
        "end": {
          "line": 4,
          "column": 49
        }
      },
      "2": {
        "start": {
          "line": 5,
          "column": 21
        },
        "end": {
          "line": 5,
          "column": 49
        }
      },
      "3": {
        "start": {
          "line": 7,
          "column": 21
        },
        "end": {
          "line": 7,
          "column": 84
        }
      },
      "4": {
        "start": {
          "line": 9,
          "column": 16
        },
        "end": {
          "line": 28,
          "column": 2
        }
      },
      "5": {
        "start": {
          "line": 10,
          "column": 2
        },
        "end": {
          "line": 26,
          "column": 6
        }
      },
      "6": {
        "start": {
          "line": 12,
          "column": 6
        },
        "end": {
          "line": 12,
          "column": 43
        }
      },
      "7": {
        "start": {
          "line": 13,
          "column": 6
        },
        "end": {
          "line": 13,
          "column": 55
        }
      },
      "8": {
        "start": {
          "line": 17,
          "column": 6
        },
        "end": {
          "line": 17,
          "column": 41
        }
      },
      "9": {
        "start": {
          "line": 19,
          "column": 6
        },
        "end": {
          "line": 19,
          "column": 54
        }
      },
      "10": {
        "start": {
          "line": 23,
          "column": 6
        },
        "end": {
          "line": 23,
          "column": 42
        }
      },
      "11": {
        "start": {
          "line": 24,
          "column": 6
        },
        "end": {
          "line": 24,
          "column": 54
        }
      }
    },
    "fnMap": {
      "0": {
        "name": "(anonymous_0)",
        "decl": {
          "start": {
            "line": 9,
            "column": 44
          },
          "end": {
            "line": 9,
            "column": 45
          }
        },
        "loc": {
          "start": {
            "line": 9,
            "column": 57
          },
          "end": {
            "line": 28,
            "column": 1
          }
        },
        "line": 9
      },
      "1": {
        "name": "(anonymous_1)",
        "decl": {
          "start": {
            "line": 11,
            "column": 28
          },
          "end": {
            "line": 11,
            "column": 29
          }
        },
        "loc": {
          "start": {
            "line": 11,
            "column": 47
          },
          "end": {
            "line": 15,
            "column": 5
          }
        },
        "line": 11
      },
      "2": {
        "name": "(anonymous_2)",
        "decl": {
          "start": {
            "line": 16,
            "column": 27
          },
          "end": {
            "line": 16,
            "column": 28
          }
        },
        "loc": {
          "start": {
            "line": 16,
            "column": 46
          },
          "end": {
            "line": 21,
            "column": 5
          }
        },
        "line": 16
      },
      "3": {
        "name": "(anonymous_3)",
        "decl": {
          "start": {
            "line": 22,
            "column": 27
          },
          "end": {
            "line": 22,
            "column": 28
          }
        },
        "loc": {
          "start": {
            "line": 22,
            "column": 46
          },
          "end": {
            "line": 26,
            "column": 5
          }
        },
        "line": 22
      }
    },
    "branchMap": {},
    "s": {
      "0": 61,
      "1": 61,
      "2": 61,
      "3": 61,
      "4": 61,
      "5": 61,
      "6": 4,
      "7": 4,
      "8": 0,
      "9": 0,
      "10": 0,
      "11": 0
    },
    "f": {
      "0": 61,
      "1": 4,
      "2": 0,
      "3": 0
    },
    "b": {},
    "_coverageSchema": "1a1c01bbd47fc00a2c39e90264f33305004495a9",
    "hash": "cf85d142eafc2beda88ce576e6dbac2b2734816f"
  },
  "/Users/Adrienne/Desktop/MERN/mern-client/src/reducers/errors/index.js": {
    "path": "/Users/Adrienne/Desktop/MERN/mern-client/src/reducers/errors/index.js",
    "statementMap": {
      "0": {
        "start": {
          "line": 3,
          "column": 14
        },
        "end": {
          "line": 3,
          "column": 35
        }
      },
      "1": {
        "start": {
          "line": 5,
          "column": 21
        },
        "end": {
          "line": 5,
          "column": 35
        }
      },
      "2": {
        "start": {
          "line": 7,
          "column": 23
        },
        "end": {
          "line": 14,
          "column": 2
        }
      },
      "3": {
        "start": {
          "line": 8,
          "column": 2
        },
        "end": {
          "line": 13,
          "column": 6
        }
      },
      "4": {
        "start": {
          "line": 10,
          "column": 6
        },
        "end": {
          "line": 10,
          "column": 35
        }
      },
      "5": {
        "start": {
          "line": 11,
          "column": 6
        },
        "end": {
          "line": 11,
          "column": 46
        }
      },
      "6": {
        "start": {
          "line": 12,
          "column": 6
        },
        "end": {
          "line": 12,
          "column": 33
        }
      }
    },
    "fnMap": {
      "0": {
        "name": "(anonymous_0)",
        "decl": {
          "start": {
            "line": 7,
            "column": 51
          },
          "end": {
            "line": 7,
            "column": 52
          }
        },
        "loc": {
          "start": {
            "line": 7,
            "column": 64
          },
          "end": {
            "line": 14,
            "column": 1
          }
        },
        "line": 7
      },
      "1": {
        "name": "(anonymous_1)",
        "decl": {
          "start": {
            "line": 9,
            "column": 20
          },
          "end": {
            "line": 9,
            "column": 21
          }
        },
        "loc": {
          "start": {
            "line": 9,
            "column": 39
          },
          "end": {
            "line": 13,
            "column": 5
          }
        },
        "line": 9
      }
    },
    "branchMap": {},
    "s": {
      "0": 61,
      "1": 61,
      "2": 61,
      "3": 61,
      "4": 0,
      "5": 0,
      "6": 0
    },
    "f": {
      "0": 61,
      "1": 0
    },
    "b": {},
    "_coverageSchema": "1a1c01bbd47fc00a2c39e90264f33305004495a9",
    "hash": "cd734da2213bcc4ba3a2974c0bdaf660706847e2"
  },
  "/Users/Adrienne/Desktop/MERN/mern-client/src/reducers.js": {
    "path": "/Users/Adrienne/Desktop/MERN/mern-client/src/reducers.js",
    "statementMap": {},
    "fnMap": {},
    "branchMap": {},
    "s": {},
    "f": {},
    "b": {},
    "_coverageSchema": "1a1c01bbd47fc00a2c39e90264f33305004495a9",
    "hash": "8102cc201e9d4141264866c1e2d95d27c8aa88ef"
  },
  "/Users/Adrienne/Desktop/MERN/mern-client/src/index.js": {
    "path": "/Users/Adrienne/Desktop/MERN/mern-client/src/index.js",
    "statementMap": {
      "0": {
        "start": {
          "line": 9,
          "column": 14
        },
        "end": {
          "line": 12,
          "column": 1
        }
      },
      "1": {
        "start": {
          "line": 16,
          "column": 0
        },
        "end": {
          "line": 23,
          "column": 2
        }
      },
      "2": {
        "start": {
          "line": 26,
          "column": 0
        },
        "end": {
          "line": 28,
          "column": 1
        }
      },
      "3": {
        "start": {
          "line": 27,
          "column": 2
        },
        "end": {
          "line": 27,
          "column": 23
        }
      },
      "4": {
        "start": {
          "line": 33,
          "column": 0
        },
        "end": {
          "line": 33,
          "column": 18
        }
      },
      "5": {
        "start": {
          "line": 35,
          "column": 0
        },
        "end": {
          "line": 35,
          "column": 48
        }
      }
    },
    "fnMap": {},
    "branchMap": {
      "0": {
        "loc": {
          "start": {
            "line": 11,
            "column": 2
          },
          "end": {
            "line": 11,
            "column": 78
          }
        },
        "type": "binary-expr",
        "locations": [
          {
            "start": {
              "line": 11,
              "column": 2
            },
            "end": {
              "line": 11,
              "column": 37
            }
          },
          {
            "start": {
              "line": 11,
              "column": 41
            },
            "end": {
              "line": 11,
              "column": 78
            }
          }
        ],
        "line": 11
      },
      "1": {
        "loc": {
          "start": {
            "line": 26,
            "column": 0
          },
          "end": {
            "line": 28,
            "column": 1
          }
        },
        "type": "if",
        "locations": [
          {
            "start": {
              "line": 26,
              "column": 0
            },
            "end": {
              "line": 28,
              "column": 1
            }
          },
          {
            "start": {
              "line": 26,
              "column": 0
            },
            "end": {
              "line": 28,
              "column": 1
            }
          }
        ],
        "line": 26
      }
    },
    "s": {
      "0": 61,
      "1": 61,
      "2": 61,
      "3": 61,
      "4": 61,
      "5": 61
    },
    "f": {},
    "b": {
      "0": [
        61,
        0
      ],
      "1": [
        61,
        0
      ]
    },
    "_coverageSchema": "1a1c01bbd47fc00a2c39e90264f33305004495a9",
    "hash": "2f6ab9b5dd3de626894cbf7fb5c879fe3c0815aa"
  }
}